 
****************************************
Report : area
Design : TPA
Version: S-2021.06-SP2
Date   : Fri Feb 13 18:17:51 2026
****************************************

Library(s) Used:

    slow (File: /mnt2/CBDK_TSMC_130nm_Arm_v2.5/SynopsysDC/db/slow.db)

Number of ports:                           47
Number of nets:                         12532
Number of cells:                        12490
Number of combinational cells:           8311
Number of sequential cells:              4178
Number of macros/black boxes:               0
Number of buf/inv:                       1039
Number of references:                      51

Combinational area:              75289.873527
Buf/Inv area:                     6395.803071
Noncombinational area:          106983.729029
Macro/Black Box area:                0.000000
Net Interconnect area:         1779875.782593

Total cell area:                182273.602556
Total area:                    1962149.385149
1
