 
****************************************
Report : area
Design : SME
Version: S-2021.06-SP2
Date   : Thu Feb  5 13:58:05 2026
****************************************

Library(s) Used:

    slow (File: /mnt2/CBDK_TSMC_130nm_Arm_v2.5/SynopsysDC/db/slow.db)

Number of ports:                           19
Number of nets:                          2001
Number of cells:                         1797
Number of combinational cells:           1438
Number of sequential cells:               359
Number of macros/black boxes:               0
Number of buf/inv:                        247
Number of references:                      65

Combinational area:              11995.525841
Buf/Inv area:                     1366.406984
Noncombinational area:           11654.348019
Macro/Black Box area:                0.000000
Net Interconnect area:          265348.017395

Total cell area:                 23649.873859
Total area:                     288997.891254

Hierarchical area distribution
------------------------------

                                  Global cell area            Local cell area
                                  -------------------  ------------------------------ 
Hierarchical cell                 Absolute    Percent  Combi-      Noncombi-   Black-
                                  Total       Total    national    national    boxes   Design
--------------------------------  ----------  -------  ----------  ----------  ------  ---------
SME                               23649.8739    100.0  11995.5258  11654.3480  0.0000  SME
--------------------------------  ----------  -------  ----------  ----------  ------  ---------
Total                                                  11995.5258  11654.3480  0.0000

1
