 
****************************************
Report : timing
        -path full
        -delay max
        -max_paths 1
Design : huffman
Version: S-2021.06-SP2
Date   : Thu Oct 30 17:31:05 2025
****************************************

Operating Conditions: WCCOM   Library: fsa0m_a_generic_core_ss1p62v125c
Wire Load Model Mode: enclosed

  Startpoint: gray_valid (input port clocked by clk)
  Endpoint: group_devider/code_reg[1][2]
            (rising edge-triggered flip-flop clocked by clk)
  Path Group: clk
  Path Type: max

  Des/Clust/Port     Wire Load Model       Library
  ------------------------------------------------
  huffman            enG50K                fsa0m_a_generic_core_ss1p62v125c
  FSM_control_test_1 enG5K                 fsa0m_a_generic_core_ss1p62v125c
  group_devide_test_1
                     enG5K                 fsa0m_a_generic_core_ss1p62v125c

  Point                                                   Incr       Path
  --------------------------------------------------------------------------
  clock clk (rise edge)                                 0.0000     0.0000
  clock network delay (ideal)                           0.5000     0.5000
  input external delay                                  5.0000     5.5000 r
  gray_valid (in)                                       0.0110     5.5110 r
  ipad_GRAY_VALID/O (XMD)                               0.7985     6.3095 r
  FSM1/gray_valid (FSM_control_test_1)                  0.0000     6.3095 r
  FSM1/U15/O (NR2)                                      0.0741     6.3835 f
  FSM1/U4/O (MUX3S)                                     0.4701     6.8537 f
  FSM1/U3/O (ND2S)                                      0.5777     7.4314 r
  FSM1/next_state[0] (FSM_control_test_1)               0.0000     7.4314 r
  group_devider/next_state[0] (group_devide_test_1)     0.0000     7.4314 r
  group_devider/U12/O (NR2)                             0.1423     7.5737 f
  group_devider/U6/O (ND3S)                             0.1964     7.7701 r
  group_devider/U237/O (NR2)                            0.1316     7.9017 f
  group_devider/U5/O (NR2P)                             0.8433     8.7450 r
  group_devider/U7/O (AO12S)                            0.4011     9.1461 r
  group_devider/U511/O (NR2)                            0.0897     9.2358 f
  group_devider/U512/O (MOAI1S)                         0.3876     9.6234 f
  group_devider/U513/O (ND2S)                           0.2340     9.8574 r
  group_devider/U514/O (MOAI1S)                         0.2794    10.1369 r
  group_devider/code_reg[1][2]/D (QDFZRBS)              0.0000    10.1369 r
  data arrival time                                               10.1369

  clock clk (rise edge)                                20.0000    20.0000
  clock network delay (ideal)                           0.5000    20.5000
  clock uncertainty                                    -0.1000    20.4000
  group_devider/code_reg[1][2]/CK (QDFZRBS)             0.0000    20.4000 r
  library setup time                                   -0.2666    20.1334
  data required time                                              20.1334
  --------------------------------------------------------------------------
  data required time                                              20.1334
  data arrival time                                              -10.1369
  --------------------------------------------------------------------------
  slack (MET)                                                      9.9966


1
