 
****************************************
Report : Scan path
Design : huffman
Version: S-2021.06-SP2
Date   : Thu Oct 30 17:31:09 2025
****************************************

========================================
TEST MODE: Internal_scan
VIEW     : Existing DFT
========================================

========================================
AS SPECIFIED BY USER
========================================


========================================
AS BUILT BY insert_dft
========================================

Scan_path    Len   ScanDataIn  ScanDataOut ScanEnable  MasterClock SlaveClock
-----------  ----- ----------- ----------- ----------- ----------- -----------
I 1          213   test_si     test_so     test_se     clk         -

1
