 
****************************************
Report : Scan path
Design : huffman
Version: S-2021.06-SP2
Date   : Thu Oct 30 17:31:09 2025
****************************************

========================================
TEST MODE: Internal_scan
VIEW     : Existing DFT
========================================

========================================
AS SPECIFIED BY USER
========================================


========================================
AS BUILT BY insert_dft
========================================

Scan_path     Cell_#    Instance_name            Clocks
---------     ------    -------------            ------
I 1           0         FSM1/cur_state_reg[0]    clk 
              1         FSM1/cur_state_reg[1]
              2         FSM1/cur_state_reg[2]
              3         FSM1/cur_state_reg[3]
              4         FSM1/stage_counter_reg[0]
              5         FSM1/stage_counter_reg[1]
              6         FSM1/stage_counter_reg[2]
              7         cnt/C1_reg[0]
              8         cnt/C1_reg[1]
              9         cnt/C1_reg[2]
              10        cnt/C1_reg[3]
              11        cnt/C1_reg[4]
              12        cnt/C1_reg[5]
              13        cnt/C1_reg[6]
              14        cnt/C2_reg[0]
              15        cnt/C2_reg[1]
              16        cnt/C2_reg[2]
              17        cnt/C2_reg[3]
              18        cnt/C2_reg[4]
              19        cnt/C2_reg[5]
              20        cnt/C2_reg[6]
              21        cnt/C3_reg[0]
              22        cnt/C3_reg[1]
              23        cnt/C3_reg[2]
              24        cnt/C3_reg[3]
              25        cnt/C3_reg[4]
              26        cnt/C3_reg[5]
              27        cnt/C3_reg[6]
              28        cnt/C4_reg[0]
              29        cnt/C4_reg[1]
              30        cnt/C4_reg[2]
              31        cnt/C4_reg[3]
              32        cnt/C4_reg[4]
              33        cnt/C4_reg[5]
              34        cnt/C4_reg[6]
              35        cnt/C5_reg[0]
              36        cnt/C5_reg[1]
              37        cnt/C5_reg[2]
              38        cnt/C5_reg[3]
              39        cnt/C5_reg[4]
              40        cnt/C5_reg[5]
              41        cnt/C5_reg[6]
              42        cnt/C6_reg[0]
              43        cnt/C6_reg[1]
              44        cnt/C6_reg[2]
              45        cnt/C6_reg[3]
              46        cnt/C6_reg[4]
              47        cnt/C6_reg[5]
              48        cnt/C6_reg[6]
              49        group_devider/code_len_reg[1][0]
              50        group_devider/code_len_reg[1][1]
              51        group_devider/code_len_reg[1][2]
              52        group_devider/code_len_reg[2][0]
              53        group_devider/code_len_reg[2][1]
              54        group_devider/code_len_reg[2][2]
              55        group_devider/code_len_reg[3][0]
              56        group_devider/code_len_reg[3][1]
              57        group_devider/code_len_reg[3][2]
              58        group_devider/code_len_reg[4][0]
              59        group_devider/code_len_reg[4][1]
              60        group_devider/code_len_reg[4][2]
              61        group_devider/code_len_reg[5][0]
              62        group_devider/code_len_reg[5][1]
              63        group_devider/code_len_reg[5][2]
              64        group_devider/code_len_reg[6][0]
              65        group_devider/code_len_reg[6][1]
              66        group_devider/code_len_reg[6][2]
              67        group_devider/code_reg[1][1]
              68        group_devider/code_reg[1][2]
              69        group_devider/code_reg[1][3]
              70        group_devider/code_reg[1][4]
              71        group_devider/code_reg[1][5]
              72        group_devider/code_reg[2][1]
              73        group_devider/code_reg[2][2]
              74        group_devider/code_reg[2][3]
              75        group_devider/code_reg[2][4]
              76        group_devider/code_reg[2][5]
              77        group_devider/code_reg[3][1]
              78        group_devider/code_reg[3][2]
              79        group_devider/code_reg[3][3]
              80        group_devider/code_reg[3][4]
              81        group_devider/code_reg[3][5]
              82        group_devider/code_reg[4][1]
              83        group_devider/code_reg[4][2]
              84        group_devider/code_reg[4][3]
              85        group_devider/code_reg[4][4]
              86        group_devider/code_reg[4][5]
              87        group_devider/code_reg[5][1]
              88        group_devider/code_reg[5][2]
              89        group_devider/code_reg[5][3]
              90        group_devider/code_reg[5][4]
              91        group_devider/code_reg[5][5]
              92        group_devider/code_reg[6][1]
              93        group_devider/code_reg[6][2]
              94        group_devider/code_reg[6][3]
              95        group_devider/code_reg[6][4]
              96        group_devider/code_reg[6][5]
              97        group_devider/group_id_reg[1][0]
              98        group_devider/group_id_reg[1][1]
              99        group_devider/group_id_reg[1][2]
              100       group_devider/group_id_reg[2][0]
              101       group_devider/group_id_reg[2][1]
              102       group_devider/group_id_reg[2][2]
              103       group_devider/group_id_reg[3][0]
              104       group_devider/group_id_reg[3][1]
              105       group_devider/group_id_reg[3][2]
              106       group_devider/group_id_reg[4][0]
              107       group_devider/group_id_reg[4][1]
              108       group_devider/group_id_reg[4][2]
              109       group_devider/group_id_reg[5][0]
              110       group_devider/group_id_reg[5][1]
              111       group_devider/group_id_reg[5][2]
              112       group_devider/group_id_reg[6][0]
              113       group_devider/group_id_reg[6][1]
              114       group_devider/group_id_reg[6][2]
              115       group_devider/mask_1_reg[0]
              116       group_devider/mask_1_reg[1]
              117       group_devider/mask_1_reg[2]
              118       group_devider/mask_1_reg[3]
              119       group_devider/mask_1_reg[4]
              120       group_devider/mask_2_reg[0]
              121       group_devider/mask_2_reg[1]
              122       group_devider/mask_2_reg[2]
              123       group_devider/mask_2_reg[3]
              124       group_devider/mask_2_reg[4]
              125       group_devider/mask_3_reg[0]
              126       group_devider/mask_3_reg[1]
              127       group_devider/mask_3_reg[2]
              128       group_devider/mask_3_reg[3]
              129       group_devider/mask_3_reg[4]
              130       group_devider/mask_4_reg[0]
              131       group_devider/mask_4_reg[1]
              132       group_devider/mask_4_reg[2]
              133       group_devider/mask_4_reg[3]
              134       group_devider/mask_4_reg[4]
              135       group_devider/mask_5_reg[0]
              136       group_devider/mask_5_reg[1]
              137       group_devider/mask_5_reg[2]
              138       group_devider/mask_5_reg[3]
              139       group_devider/mask_5_reg[4]
              140       group_devider/mask_6_reg[0]
              141       group_devider/mask_6_reg[1]
              142       group_devider/mask_6_reg[2]
              143       group_devider/mask_6_reg[3]
              144       group_devider/mask_6_reg[4]
              145       pointer/sum_pointer_reg[0]
              146       pointer/sum_pointer_reg[1]
              147       serial_counter/serial_count_reg[0]
              148       serial_counter/serial_count_reg[1]
              149       serial_counter/serial_count_reg[2]
              150       sort_counter/sort_count_reg[0]
              151       sort_counter/sort_count_reg[1]
              152       sort_counter/sort_count_reg[2]
              153       sorter/sorted_data_reg[0][0]
              154       sorter/sorted_data_reg[0][1]
              155       sorter/sorted_data_reg[0][2]
              156       sorter/sorted_data_reg[0][3]
              157       sorter/sorted_data_reg[0][4]
              158       sorter/sorted_data_reg[0][5]
              159       sorter/sorted_data_reg[0][6]
              160       sorter/sorted_data_reg[1][0]
              161       sorter/sorted_data_reg[1][1]
              162       sorter/sorted_data_reg[1][2]
              163       sorter/sorted_data_reg[1][3]
              164       sorter/sorted_data_reg[1][4]
              165       sorter/sorted_data_reg[1][5]
              166       sorter/sorted_data_reg[1][6]
              167       sorter/sorted_data_reg[2][0]
              168       sorter/sorted_data_reg[2][1]
              169       sorter/sorted_data_reg[2][2]
              170       sorter/sorted_data_reg[2][3]
              171       sorter/sorted_data_reg[2][4]
              172       sorter/sorted_data_reg[2][5]
              173       sorter/sorted_data_reg[2][6]
              174       sorter/sorted_data_reg[3][0]
              175       sorter/sorted_data_reg[3][1]
              176       sorter/sorted_data_reg[3][2]
              177       sorter/sorted_data_reg[3][3]
              178       sorter/sorted_data_reg[3][4]
              179       sorter/sorted_data_reg[3][5]
              180       sorter/sorted_data_reg[3][6]
              181       sorter/sorted_data_reg[4][0]
              182       sorter/sorted_data_reg[4][1]
              183       sorter/sorted_data_reg[4][2]
              184       sorter/sorted_data_reg[4][3]
              185       sorter/sorted_data_reg[4][4]
              186       sorter/sorted_data_reg[4][5]
              187       sorter/sorted_data_reg[4][6]
              188       sorter/sorted_data_reg[5][0]
              189       sorter/sorted_data_reg[5][1]
              190       sorter/sorted_data_reg[5][2]
              191       sorter/sorted_data_reg[5][3]
              192       sorter/sorted_data_reg[5][4]
              193       sorter/sorted_data_reg[5][5]
              194       sorter/sorted_data_reg[5][6]
              195       sorter/sorted_index_reg[0][0]
              196       sorter/sorted_index_reg[0][1]
              197       sorter/sorted_index_reg[0][2]
              198       sorter/sorted_index_reg[1][0]
              199       sorter/sorted_index_reg[1][1]
              200       sorter/sorted_index_reg[1][2]
              201       sorter/sorted_index_reg[2][0]
              202       sorter/sorted_index_reg[2][1]
              203       sorter/sorted_index_reg[2][2]
              204       sorter/sorted_index_reg[3][0]
              205       sorter/sorted_index_reg[3][1]
              206       sorter/sorted_index_reg[3][2]
              207       sorter/sorted_index_reg[4][0]
              208       sorter/sorted_index_reg[4][1]
              209       sorter/sorted_index_reg[4][2]
              210       sorter/sorted_index_reg[5][0]
              211       sorter/sorted_index_reg[5][1]
              212       sorter/sorted_index_reg[5][2]

1
