In mode: Internal_scan...
  Design has scan chains in this mode
  Design is scan routed
  Post-DFT DRC enabled

Information: Starting test design rule checking. (TEST-222)
  Loading test protocol
  ...basic checks...
  ...basic sequential cell checks...
  ...checking vector rules...
  ...checking clock rules...
  ...checking scan chain rules...
  ...checking scan compression rules...
  ...checking X-state rules...
  ...checking tristate rules...
  ...extracting scan details...

-----------------------------------------------------------------
  DRC Report

  Total violations: 0

-----------------------------------------------------------------


Test Design rule checking did not find violations

-----------------------------------------------------------------
  Sequential Cell Report

  0 out of 1377 sequential cells have violations

-----------------------------------------------------------------

SEQUENTIAL CELLS WITHOUT VIOLATIONS
      * 881 cells are valid scan cells
         busy_controlor/busy_reg
         valid_controlor/out_valid_reg
         counter_tester/count_reg_0_
         counter_tester/count_reg_2_
         counter_tester/count_reg_3_
         counter_tester/count_reg_1_
         complementer/ab_com_rssiC_reg_19_
         complementer/ab_com_rssiC_reg_18_
         complementer/ab_com_rssiC_reg_17_
         complementer/ab_com_rssiC_reg_16_
         complementer/ab_com_rssiC_reg_15_
         complementer/ab_com_rssiC_reg_14_
         complementer/ab_com_rssiC_reg_13_
         complementer/ab_com_rssiC_reg_12_
         complementer/ab_com_rssiC_reg_11_
         complementer/ab_com_rssiC_reg_10_
         complementer/ab_com_rssiC_reg_9_
         complementer/ab_com_rssiC_reg_8_
         complementer/ab_com_rssiC_reg_7_
         complementer/ab_com_rssiC_reg_6_
         complementer/ab_com_rssiC_reg_5_
         complementer/ab_com_rssiC_reg_4_
         complementer/ab_com_rssiC_reg_3_
         complementer/ab_com_rssiC_reg_2_
         complementer/ab_com_rssiC_reg_1_
         complementer/ab_com_rssiC_reg_0_
         complementer/ab_com_rssiB_reg_19_
         complementer/ab_com_rssiB_reg_18_
         complementer/ab_com_rssiB_reg_17_
         complementer/ab_com_rssiB_reg_16_
         complementer/ab_com_rssiB_reg_15_
         complementer/ab_com_rssiB_reg_14_
         complementer/ab_com_rssiB_reg_13_
         complementer/ab_com_rssiB_reg_12_
         complementer/ab_com_rssiB_reg_11_
         complementer/ab_com_rssiB_reg_10_
         complementer/ab_com_rssiB_reg_9_
         complementer/ab_com_rssiB_reg_8_
         complementer/ab_com_rssiB_reg_7_
         complementer/ab_com_rssiB_reg_6_
         complementer/ab_com_rssiB_reg_5_
         complementer/ab_com_rssiB_reg_4_
         complementer/ab_com_rssiB_reg_3_
         complementer/ab_com_rssiB_reg_2_
         complementer/ab_com_rssiB_reg_1_
         complementer/ab_com_rssiB_reg_0_
         complementer/ab_com_rssiA_reg_19_
         complementer/ab_com_rssiA_reg_18_
         complementer/ab_com_rssiA_reg_17_
         complementer/ab_com_rssiA_reg_16_
         complementer/ab_com_rssiA_reg_15_
         complementer/ab_com_rssiA_reg_14_
         complementer/ab_com_rssiA_reg_13_
         complementer/ab_com_rssiA_reg_12_
         complementer/ab_com_rssiA_reg_11_
         complementer/ab_com_rssiA_reg_10_
         complementer/ab_com_rssiA_reg_9_
         complementer/ab_com_rssiA_reg_8_
         complementer/ab_com_rssiA_reg_7_
         complementer/ab_com_rssiA_reg_6_
         complementer/ab_com_rssiA_reg_5_
         complementer/ab_com_rssiA_reg_4_
         complementer/ab_com_rssiA_reg_3_
         complementer/ab_com_rssiA_reg_2_
         complementer/ab_com_rssiA_reg_1_
         complementer/ab_com_rssiA_reg_0_
         caler_exp/exp_float_B_reg_11_
         caler_exp/exp_float_B_reg_10_
         caler_exp/exp_float_B_reg_9_
         caler_exp/exp_float_B_reg_8_
         caler_exp/exp_float_B_reg_7_
         caler_exp/exp_float_B_reg_6_
         caler_exp/exp_float_B_reg_5_
         caler_exp/exp_float_B_reg_4_
         caler_exp/exp_float_B_reg_3_
         caler_exp/exp_float_B_reg_2_
         caler_exp/exp_float_B_reg_1_
         caler_exp/exp_float_C_reg_11_
         caler_exp/exp_float_C_reg_10_
         caler_exp/exp_float_C_reg_9_
         caler_exp/exp_float_C_reg_8_
         caler_exp/exp_float_C_reg_7_
         caler_exp/exp_float_C_reg_6_
         caler_exp/exp_float_C_reg_5_
         caler_exp/exp_float_C_reg_4_
         caler_exp/exp_float_C_reg_3_
         caler_exp/exp_float_C_reg_1_
         caler_exp/exp_float_A_reg_11_
         caler_exp/exp_float_A_reg_10_
         caler_exp/exp_float_A_reg_9_
         caler_exp/exp_float_A_reg_8_
         caler_exp/exp_float_A_reg_7_
         caler_exp/exp_float_A_reg_6_
         caler_exp/exp_float_A_reg_5_
         caler_exp/exp_float_A_reg_4_
         caler_exp/exp_float_A_reg_3_
         caler_exp/exp_float_A_reg_2_
         caler_exp/exp_float_A_reg_1_
         caler_exp/exp_int_B_reg_0_
         caler_exp/exp_int_A_reg_0_
         caler_exp/exp_int_C_reg_0_
         caler_exp/exp_int_B_reg_1_
         caler_exp/exp_int_A_reg_1_
         caler_exp/exp_int_C_reg_1_
         caler_exp/exp_float_C_reg_0_
         caler_exp/exp_float_B_reg_0_
         caler_exp/exp_float_A_reg_0_
         caler_exp/exp_float_C_reg_2_
         cal_distancer/distance_square_B_reg_25_
         cal_distancer/distance_square_B_reg_24_
         cal_distancer/distance_square_B_reg_23_
         cal_distancer/distance_square_B_reg_22_
         cal_distancer/distance_square_B_reg_21_
         cal_distancer/distance_square_B_reg_20_
         cal_distancer/distance_square_B_reg_19_
         cal_distancer/distance_square_B_reg_18_
         cal_distancer/distance_square_B_reg_16_
         cal_distancer/distance_square_B_reg_15_
         cal_distancer/distance_square_B_reg_14_
         cal_distancer/distance_square_B_reg_12_
         cal_distancer/distance_square_B_reg_11_
         cal_distancer/distance_square_B_reg_10_
         cal_distancer/distance_square_B_reg_9_
         cal_distancer/distance_square_B_reg_8_
         cal_distancer/distance_square_B_reg_7_
         cal_distancer/distance_square_B_reg_6_
         cal_distancer/distance_square_B_reg_5_
         cal_distancer/distance_square_B_reg_4_
         cal_distancer/distance_square_B_reg_3_
         cal_distancer/distance_square_B_reg_2_
         cal_distancer/distance_square_B_reg_1_
         cal_distancer/distance_square_B_reg_0_
         cal_distancer/distance_square_C_reg_25_
         cal_distancer/distance_square_C_reg_24_
         cal_distancer/distance_square_C_reg_23_
         cal_distancer/distance_square_C_reg_22_
         cal_distancer/distance_square_C_reg_21_
         cal_distancer/distance_square_C_reg_20_
         cal_distancer/distance_square_C_reg_19_
         cal_distancer/distance_square_C_reg_18_
         cal_distancer/distance_square_C_reg_17_
         cal_distancer/distance_square_C_reg_16_
         cal_distancer/distance_square_C_reg_15_
         cal_distancer/distance_square_C_reg_14_
         cal_distancer/distance_square_C_reg_12_
         cal_distancer/distance_square_C_reg_11_
         cal_distancer/distance_square_C_reg_10_
         cal_distancer/distance_square_C_reg_9_
         cal_distancer/distance_square_C_reg_8_
         cal_distancer/distance_square_C_reg_7_
         cal_distancer/distance_square_C_reg_6_
         cal_distancer/distance_square_C_reg_5_
         cal_distancer/distance_square_C_reg_4_
         cal_distancer/distance_square_C_reg_3_
         cal_distancer/distance_square_C_reg_2_
         cal_distancer/distance_square_C_reg_1_
         cal_distancer/distance_square_C_reg_0_
         cal_distancer/distance_square_A_reg_25_
         cal_distancer/distance_square_A_reg_24_
         cal_distancer/distance_square_A_reg_23_
         cal_distancer/distance_square_A_reg_22_
         cal_distancer/distance_square_A_reg_21_
         cal_distancer/distance_square_A_reg_19_
         cal_distancer/distance_square_A_reg_17_
         cal_distancer/distance_square_A_reg_14_
         cal_distancer/distance_square_A_reg_12_
         cal_distancer/distance_square_A_reg_11_
         cal_distancer/distance_square_A_reg_10_
         cal_distancer/distance_square_A_reg_9_
         cal_distancer/distance_square_A_reg_8_
         cal_distancer/distance_square_A_reg_7_
         cal_distancer/distance_square_A_reg_6_
         cal_distancer/distance_square_A_reg_5_
         cal_distancer/distance_square_A_reg_4_
         cal_distancer/distance_square_A_reg_3_
         cal_distancer/distance_square_A_reg_2_
         cal_distancer/distance_square_A_reg_1_
         cal_distancer/distance_square_A_reg_0_
         cal_distancer/distance_square_A_reg_13_
         cal_distancer/distance_square_A_reg_16_
         cal_distancer/distance_square_A_reg_18_
         cal_distancer/distance_square_B_reg_17_
         cal_distancer/distance_square_A_reg_15_
         cal_distancer/distance_square_B_reg_13_
         cal_distancer/distance_square_C_reg_13_
         cal_distancer/distance_square_A_reg_20_
         locationor/xt_reg_0_
         locationor/xt_reg_7_
         locationor/xt_reg_5_
         locationor/xt_reg_4_
         locationor/yt_reg_6_
         locationor/yt_reg_5_
         locationor/yt_reg_3_
         locationor/yt_reg_4_
         locationor/xt_reg_1_
         locationor/xt_reg_2_
         locationor/yt_reg_2_
         locationor/xt_reg_6_
         locationor/xt_reg_3_
         locationor/yt_reg_1_
         locationor/yt_reg_7_
         locationor/yt_reg_0_
         constant_calculater/square_sensor_A_X_reg_13_
         constant_calculater/square_sensor_A_X_reg_12_
         constant_calculater/square_sensor_A_X_reg_11_
         constant_calculater/square_sensor_A_X_reg_10_
         constant_calculater/square_sensor_A_X_reg_9_
         constant_calculater/square_sensor_A_X_reg_8_
         constant_calculater/square_sensor_A_X_reg_7_
         constant_calculater/square_sensor_A_X_reg_3_
         constant_calculater/square_sensor_B_X_reg_13_
         constant_calculater/square_sensor_B_X_reg_12_
         constant_calculater/square_sensor_B_X_reg_11_
         constant_calculater/square_sensor_B_X_reg_10_
         constant_calculater/square_sensor_B_X_reg_9_
         constant_calculater/square_sensor_B_X_reg_8_
         constant_calculater/square_sensor_B_X_reg_7_
         constant_calculater/square_sensor_B_X_reg_6_
         constant_calculater/square_sensor_B_X_reg_4_
         constant_calculater/square_sensor_C_X_reg_13_
         constant_calculater/square_sensor_C_X_reg_12_
         constant_calculater/square_sensor_C_X_reg_11_
         constant_calculater/square_sensor_C_X_reg_10_
         constant_calculater/square_sensor_C_X_reg_9_
         constant_calculater/square_sensor_C_X_reg_8_
         constant_calculater/square_sensor_C_X_reg_7_
         constant_calculater/square_sensor_C_X_reg_6_
         constant_calculater/square_sensor_C_X_reg_5_
         constant_calculater/square_sensor_C_X_reg_4_
         constant_calculater/square_sensor_C_X_reg_3_
         constant_calculater/square_sensor_B_Y_reg_14_
         constant_calculater/square_sensor_B_Y_reg_3_
         constant_calculater/square_sensor_B_Y_reg_0_
         constant_calculater/square_sensor_A_Y_reg_10_
         constant_calculater/square_sensor_A_Y_reg_9_
         constant_calculater/square_sensor_A_Y_reg_7_
         constant_calculater/square_sensor_A_Y_reg_6_
         constant_calculater/square_sensor_A_Y_reg_5_
         constant_calculater/square_sensor_A_Y_reg_4_
         constant_calculater/square_sensor_A_Y_reg_3_
         constant_calculater/square_sensor_A_Y_reg_2_
         constant_calculater/square_sensor_A_Y_reg_0_
         constant_calculater/square_sensor_C_Y_reg_14_
         constant_calculater/square_sensor_C_Y_reg_3_
         constant_calculater/square_sensor_C_Y_reg_2_
         constant_calculater/square_sensor_C_Y_reg_0_
         constant_calculater/square_sensor_A_X_reg_15_
         constant_calculater/square_sensor_A_X_reg_14_
         constant_calculater/square_sensor_B_X_reg_15_
         constant_calculater/square_sensor_C_X_reg_15_
         constant_calculater/square_sensor_C_X_reg_14_
         constant_calculater/square_sensor_B_Y_reg_15_
         constant_calculater/square_sensor_B_Y_reg_13_
         constant_calculater/square_sensor_B_Y_reg_12_
         constant_calculater/square_sensor_B_Y_reg_11_
         constant_calculater/square_sensor_B_Y_reg_10_
         constant_calculater/square_sensor_B_Y_reg_7_
         constant_calculater/square_sensor_B_Y_reg_5_
         constant_calculater/square_sensor_A_Y_reg_15_
         constant_calculater/square_sensor_C_Y_reg_15_
         constant_calculater/square_sensor_C_Y_reg_13_
         constant_calculater/square_sensor_C_Y_reg_12_
         constant_calculater/square_sensor_C_Y_reg_11_
         constant_calculater/square_sensor_C_Y_reg_7_
         constant_calculater/square_sensor_C_Y_reg_5_
         constant_calculater/x_delta_ca_reg_6_
         constant_calculater/x_delta_ca_reg_5_
         constant_calculater/x_delta_ca_reg_4_
         constant_calculater/x_delta_ca_reg_3_
         constant_calculater/x_delta_ca_reg_2_
         constant_calculater/y_delta_ca_reg_7_
         constant_calculater/y_delta_ca_reg_6_
         constant_calculater/y_delta_ca_reg_4_
         constant_calculater/y_delta_ca_reg_0_
         constant_calculater/x_delta_ba_reg_7_
         constant_calculater/x_delta_ba_reg_6_
         constant_calculater/x_delta_ba_reg_4_
         constant_calculater/x_delta_ba_reg_3_
         constant_calculater/x_delta_ba_reg_2_
         constant_calculater/x_delta_ba_reg_0_
         constant_calculater/y_delta_ba_reg_6_
         constant_calculater/y_delta_ba_reg_4_
         constant_calculater/half_delta2_reg_6_
         constant_calculater/half_delta2_reg_5_
         constant_calculater/half_delta2_reg_4_
         constant_calculater/half_delta2_reg_3_
         constant_calculater/half_delta2_reg_2_
         constant_calculater/half_delta1_reg_15_
         constant_calculater/half_delta1_reg_14_
         constant_calculater/half_delta1_reg_10_
         constant_calculater/half_delta1_reg_9_
         constant_calculater/half_delta1_reg_8_
         constant_calculater/half_delta1_reg_7_
         constant_calculater/half_delta1_reg_6_
         constant_calculater/half_delta1_reg_5_
         constant_calculater/half_delta1_reg_4_
         constant_calculater/half_delta1_reg_3_
         constant_calculater/half_delta1_reg_2_
         constant_calculater/half_delta1_reg_0_
         constant_calculater/half_delta1_reg_11_
         constant_calculater/half_delta1_reg_12_
         constant_calculater/half_delta1_reg_13_
         constant_calculater/half_delta2_reg_13_
         constant_calculater/half_delta2_reg_14_
         constant_calculater/half_delta2_reg_9_
         constant_calculater/half_delta2_reg_10_
         constant_calculater/half_delta2_reg_11_
         constant_calculater/x_delta_ca_reg_1_
         constant_calculater/half_delta2_reg_12_
         constant_calculater/half_delta2_reg_8_
         constant_calculater/half_delta2_reg_1_
         constant_calculater/half_delta2_reg_0_
         constant_calculater/square_sensor_B_Y_reg_2_
         constant_calculater/square_sensor_C_X_reg_0_
         constant_calculater/square_sensor_C_Y_reg_6_
         constant_calculater/square_sensor_A_Y_reg_13_
         constant_calculater/square_sensor_A_Y_reg_12_
         constant_calculater/square_sensor_C_Y_reg_9_
         constant_calculater/square_sensor_B_Y_reg_9_
         constant_calculater/square_sensor_C_Y_reg_8_
         constant_calculater/square_sensor_A_Y_reg_8_
         constant_calculater/square_sensor_B_Y_reg_8_
         constant_calculater/square_sensor_C_Y_reg_4_
         constant_calculater/square_sensor_B_Y_reg_4_
         constant_calculater/square_sensor_C_X_reg_2_
         constant_calculater/square_sensor_A_X_reg_0_
         constant_calculater/half_delta1_reg_1_
         constant_calculater/square_sensor_A_X_reg_5_
         constant_calculater/y_delta_ba_reg_3_
         constant_calculater/y_delta_ca_reg_5_
         constant_calculater/square_sensor_B_X_reg_2_
         constant_calculater/square_sensor_B_Y_reg_6_
         constant_calculater/y_delta_ba_reg_7_
         constant_calculater/y_delta_ca_reg_3_
         constant_calculater/y_delta_ba_reg_5_
         constant_calculater/x_delta_ca_reg_7_
         constant_calculater/y_delta_ca_reg_2_
         constant_calculater/y_delta_ba_reg_2_
         constant_calculater/square_sensor_A_X_reg_2_
         constant_calculater/square_sensor_A_Y_reg_11_
         constant_calculater/y_delta_ba_reg_0_
         constant_calculater/half_delta2_reg_7_
         constant_calculater/x_delta_ba_reg_5_
         constant_calculater/square_sensor_B_X_reg_3_
         constant_calculater/square_sensor_B_X_reg_0_
         constant_calculater/square_sensor_B_X_reg_14_
         constant_calculater/square_sensor_B_X_reg_5_
         constant_calculater/y_delta_ca_reg_1_
         constant_calculater/x_delta_ca_reg_0_
         constant_calculater/half_delta2_reg_15_
         constant_calculater/square_sensor_A_Y_reg_14_
         constant_calculater/square_sensor_A_X_reg_4_
         constant_calculater/square_sensor_C_Y_reg_10_
         constant_calculater/y_delta_ba_reg_1_
         constant_calculater/square_sensor_A_X_reg_6_
         constant_calculater/x_delta_ba_reg_1_
         locationor/u_div_yt/clk_r_REG93_S1
         locationor/u_div_yt/clk_r_REG94_S1
         locationor/u_div_yt/clk_r_REG104_S1
         locationor/u_div_yt/clk_r_REG105_S1
         locationor/u_div_yt/clk_r_REG88_S1
         locationor/u_div_yt/clk_r_REG96_S1
         locationor/u_div_yt/clk_r_REG97_S1
         locationor/u_div_yt/clk_r_REG98_S1
         locationor/u_div_yt/clk_r_REG100_S1
         locationor/u_div_yt/clk_r_REG101_S1
         locationor/u_div_yt/clk_r_REG103_S1
         locationor/u_div_yt/clk_r_REG506_S1
         locationor/u_div_yt/clk_r_REG92_S1
         locationor/u_div_yt/U_DIV_clk_r_REG14_S4
         locationor/u_div_yt/U_DIV_clk_r_REG12_S4
         locationor/u_div_yt/U_DIV_clk_r_REG18_S4
         locationor/u_div_yt/U_DIV_clk_r_REG43_S2
         locationor/u_div_yt/U_DIV_clk_r_REG21_S4
         locationor/u_div_yt/U_DIV_clk_r_REG9_S4
         locationor/u_div_yt/U_DIV_clk_r_REG33_S3
         locationor/u_div_yt/U_DIV_clk_r_REG23_S4
         locationor/u_div_yt/U_DIV_clk_r_REG22_S4
         locationor/u_div_yt/U_DIV_clk_r_REG469_S2
         locationor/u_div_yt/U_DIV_clk_r_REG31_S3
         locationor/u_div_yt/U_DIV_clk_r_REG26_S3
         locationor/u_div_yt/U_DIV_clk_r_REG37_S3
         locationor/u_div_yt/U_DIV_clk_r_REG27_S3
         locationor/u_div_yt/U_DIV_clk_r_REG357_S2
         locationor/u_div_yt/U_DIV_clk_r_REG401_S4
         locationor/u_div_yt/U_DIV_clk_r_REG481_S4
         locationor/u_div_yt/U_DIV_clk_r_REG470_S3
         locationor/u_div_yt/U_DIV_clk_r_REG126_S3
         locationor/u_div_yt/U_DIV_clk_r_REG216_S2
         locationor/u_div_yt/U_DIV_clk_r_REG243_S2
         locationor/u_div_yt/U_DIV_clk_r_REG189_S2
         locationor/u_div_yt/U_DIV_clk_r_REG426_S3
         locationor/u_div_yt/U_DIV_clk_r_REG460_S2
         locationor/u_div_yt/U_DIV_clk_r_REG129_S4
         locationor/u_div_yt/U_DIV_clk_r_REG135_S2
         locationor/u_div_yt/U_DIV_clk_r_REG117_S2
         locationor/u_div_yt/U_DIV_clk_r_REG385_S2
         locationor/u_div_yt/U_DIV_clk_r_REG13_S4
         locationor/u_div_yt/U_DIV_clk_r_REG20_S4
         locationor/u_div_yt/U_DIV_clk_r_REG1_S2
         locationor/u_div_yt/U_DIV_clk_r_REG64_S3
         locationor/u_div_yt/U_DIV_clk_r_REG73_S2
         locationor/u_div_yt/U_DIV_clk_r_REG52_S2
         locationor/u_div_yt/U_DIV_clk_r_REG48_S2
         locationor/u_div_yt/U_DIV_clk_r_REG61_S2
         locationor/u_div_yt/U_DIV_clk_r_REG77_S2
         locationor/u_div_yt/U_DIV_clk_r_REG59_S2
         locationor/u_div_yt/U_DIV_clk_r_REG57_S2
         locationor/u_div_yt/U_DIV_clk_r_REG69_S2
         locationor/u_div_yt/U_DIV_clk_r_REG4_S2
         locationor/u_div_yt/U_DIV_clk_r_REG46_S2
         locationor/u_div_yt/U_DIV_clk_r_REG72_S2
         locationor/u_div_yt/U_DIV_clk_r_REG80_S2
         locationor/u_div_yt/U_DIV_clk_r_REG71_S2
         locationor/u_div_yt/U_DIV_clk_r_REG6_S4
         locationor/u_div_yt/U_DIV_clk_r_REG11_S4
         locationor/u_div_yt/U_DIV_clk_r_REG81_S2
         locationor/u_div_yt/U_DIV_clk_r_REG38_S3
         locationor/u_div_yt/U_DIV_clk_r_REG41_S2
         locationor/u_div_yt/U_DIV_clk_r_REG44_S2
         locationor/u_div_yt/U_DIV_clk_r_REG19_S4
         locationor/u_div_yt/U_DIV_clk_r_REG35_S3
         locationor/u_div_yt/U_DIV_clk_r_REG124_S2
         locationor/u_div_yt/U_DIV_clk_r_REG276_S2
         locationor/u_div_yt/U_DIV_clk_r_REG36_S3
         locationor/u_div_yt/U_DIV_clk_r_REG32_S3
         locationor/u_div_yt/U_DIV_clk_r_REG34_S3
         locationor/u_div_yt/U_DIV_clk_r_REG345_S2
         locationor/u_div_yt/U_DIV_clk_r_REG273_S2
         locationor/u_div_yt/U_DIV_clk_r_REG294_S2
         locationor/u_div_yt/U_DIV_clk_r_REG225_S2
         locationor/u_div_yt/U_DIV_clk_r_REG204_S2
         locationor/u_div_yt/U_DIV_clk_r_REG285_S2
         locationor/u_div_yt/U_DIV_clk_r_REG279_S2
         locationor/u_div_yt/U_DIV_clk_r_REG122_S3
         locationor/u_div_yt/U_DIV_clk_r_REG137_S2
         locationor/u_div_yt/U_DIV_clk_r_REG423_S2
         locationor/u_div_yt/U_DIV_clk_r_REG408_S2
         locationor/u_div_yt/U_DIV_clk_r_REG447_S2
         locationor/u_div_yt/U_DIV_clk_r_REG378_S2
         locationor/u_div_yt/U_DIV_clk_r_REG51_S2
         locationor/u_div_yt/U_DIV_clk_r_REG68_S2
         locationor/u_div_yt/U_DIV_clk_r_REG76_S2
         locationor/u_div_yt/U_DIV_u_add_PartRem_5_3_clk_r_REG116_S2
         locationor/u_div_yt/U_DIV_u_add_PartRem_5_4_clk_r_REG377_S2
         locationor/u_div_yt/U_DIV_u_add_PartRem_3_1_clk_r_REG403_S3
         locationor/u_div_yt/U_DIV_u_add_PartRem_3_3_clk_r_REG112_S3
         locationor/u_div_yt/U_DIV_u_add_PartRem_1_1_clk_r_REG482_S4
         locationor/u_div_yt/U_DIV_u_add_PartRem_1_2_clk_r_REG66_S3
         locationor/u_div_yt/U_DIV_u_add_PartRem_1_3_clk_r_REG121_S4
         locationor/u_div_yt/U_DIV_u_add_PartRem_1_4_clk_r_REG134_S4
         locationor/u_div_yt/U_DIV_u_add_PartRem_0_1_clk_r_REG432_S3
         locationor/u_div_yt/U_DIV_u_add_PartRem_0_2_clk_r_REG471_S4
         locationor/u_div_yt/U_DIV_u_add_PartRem_0_2_clk_r_REG419_S4
         locationor/u_div_yt/U_DIV_u_add_PartRem_0_6_clk_r_REG56_S4
         locationor/u_div_yt/clk_r_REG91_S1
         locationor/u_div_yt/clk_r_REG86_S1
         locationor/u_div_yt/clk_r_REG84_S1
         locationor/u_div_yt/U_DIV_clk_r_REG17_S4
         locationor/u_div_yt/U_DIV_clk_r_REG474_S3
         locationor/u_div_yt/U_DIV_clk_r_REG7_S4
         locationor/u_div_yt/U_DIV_clk_r_REG373_S2
         locationor/u_div_yt/U_DIV_u_add_PartRem_3_2_clk_r_REG136_S3
         locationor/u_div_yt/U_DIV_clk_r_REG392_S3
         locationor/u_div_yt/U_DIV_clk_r_REG388_S2
         locationor/u_div_yt/U_DIV_clk_r_REG444_S2
         locationor/u_div_yt/U_DIV_clk_r_REG174_S2
         locationor/u_div_yt/U_DIV_clk_r_REG336_S2
         locationor/u_div_yt/U_DIV_clk_r_REG330_S2
         locationor/u_div_yt/U_DIV_clk_r_REG315_S2
         locationor/u_div_yt/U_DIV_clk_r_REG24_S4
         locationor/u_div_yt/U_DIV_clk_r_REG222_S2
         locationor/u_div_yt/U_DIV_clk_r_REG183_S2
         locationor/u_div_yt/U_DIV_clk_r_REG207_S2
         locationor/u_div_yt/U_DIV_clk_r_REG339_S2
         locationor/u_div_yt/U_DIV_clk_r_REG210_S2
         locationor/u_div_yt/U_DIV_clk_r_REG177_S2
         locationor/u_div_yt/U_DIV_clk_r_REG144_S2
         locationor/u_div_yt/U_DIV_clk_r_REG195_S2
         locationor/u_div_yt/U_DIV_clk_r_REG147_S2
         locationor/u_div_yt/U_DIV_clk_r_REG150_S2
         locationor/u_div_yt/U_DIV_clk_r_REG418_S3
         locationor/u_div_yt/U_DIV_clk_r_REG297_S2
         locationor/u_div_yt/U_DIV_clk_r_REG483_S2
         locationor/u_div_yt/U_DIV_clk_r_REG366_S2
         locationor/u_div_yt/U_DIV_clk_r_REG246_S2
         locationor/u_div_yt/U_DIV_clk_r_REG255_S2
         locationor/u_div_yt/U_DIV_clk_r_REG111_S2
         locationor/u_div_yt/U_DIV_clk_r_REG400_S4
         locationor/u_div_yt/U_DIV_clk_r_REG397_S2
         locationor/u_div_yt/U_DIV_u_add_PartRem_2_4_clk_r_REG439_S2
         locationor/u_div_yt/clk_r_REG508_S1
         locationor/u_div_yt/clk_r_REG507_S1
         locationor/u_div_yt/clk_r_REG510_S1
         locationor/u_div_yt/clk_r_REG509_S1
         locationor/u_div_yt/clk_r_REG512_S1
         locationor/u_div_yt/clk_r_REG511_S1
         locationor/u_div_yt/clk_r_REG514_S1
         locationor/u_div_yt/clk_r_REG513_S1
         locationor/u_div_yt/clk_r_REG515_S1
         locationor/u_div_yt/clk_r_REG516_S1
         locationor/u_div_yt/clk_r_REG517_S1
         locationor/u_div_yt/clk_r_REG518_S1
         locationor/u_div_yt/clk_r_REG519_S1
         locationor/u_div_yt/U_DIV_clk_r_REG351_S2
         locationor/u_div_yt/U_DIV_clk_r_REG493_S2
         locationor/u_div_yt/U_DIV_clk_r_REG171_S2
         locationor/u_div_yt/U_DIV_clk_r_REG300_S2
         locationor/u_div_yt/U_DIV_clk_r_REG219_S2
         locationor/u_div_yt/U_DIV_clk_r_REG430_S2
         locationor/u_div_yt/U_DIV_clk_r_REG431_S2
         locationor/u_div_yt/U_DIV_clk_r_REG30_S3
         locationor/u_div_yt/U_DIV_clk_r_REG501_S2
         locationor/u_div_yt/U_DIV_clk_r_REG16_S4
         locationor/u_div_yt/U_DIV_clk_r_REG402_S2
         locationor/u_div_yt/U_DIV_clk_r_REG10_S4
         locationor/u_div_yt/U_DIV_clk_r_REG15_S4
         locationor/u_div_yt/U_DIV_clk_r_REG428_S3
         locationor/u_div_yt/U_DIV_clk_r_REG29_S3
         locationor/u_div_yt/U_DIV_clk_r_REG40_S3
         locationor/u_div_yt/U_DIV_clk_r_REG228_S2
         locationor/u_div_yt/U_DIV_clk_r_REG45_S2
         locationor/u_div_yt/U_DIV_clk_r_REG42_S2
         locationor/u_div_yt/U_DIV_clk_r_REG28_S3
         locationor/u_div_yt/clk_r_REG109_S1
         locationor/u_div_yt/clk_r_REG102_S1
         locationor/u_div_yt/U_DIV_clk_r_REG180_S2
         locationor/u_div_yt/U_DIV_clk_r_REG138_S2
         locationor/u_div_yt/U_DIV_clk_r_REG192_S2
         locationor/u_div_yt/U_DIV_clk_r_REG240_S2
         locationor/u_div_yt/U_DIV_clk_r_REG466_S2
         locationor/u_div_yt/U_DIV_clk_r_REG463_S2
         locationor/u_div_yt/U_DIV_clk_r_REG484_S2
         locationor/u_div_yt/U_DIV_clk_r_REG414_S2
         locationor/u_div_yt/U_DIV_clk_r_REG306_S2
         locationor/u_div_yt/U_DIV_clk_r_REG261_S2
         locationor/u_div_yt/U_DIV_clk_r_REG472_S3
         locationor/u_div_yt/U_DIV_clk_r_REG237_S2
         locationor/u_div_yt/U_DIV_clk_r_REG360_S2
         locationor/u_div_yt/U_DIV_clk_r_REG348_S2
         locationor/u_div_yt/U_DIV_clk_r_REG333_S2
         locationor/u_div_yt/U_DIV_clk_r_REG327_S2
         locationor/u_div_yt/U_DIV_clk_r_REG324_S2
         locationor/u_div_yt/U_DIV_clk_r_REG303_S2
         locationor/u_div_yt/U_DIV_clk_r_REG141_S2
         locationor/u_div_yt/U_DIV_clk_r_REG213_S2
         locationor/u_div_yt/U_DIV_clk_r_REG267_S2
         locationor/u_div_yt/U_DIV_clk_r_REG153_S2
         locationor/u_div_yt/U_DIV_clk_r_REG258_S2
         locationor/u_div_yt/U_DIV_clk_r_REG249_S2
         locationor/u_div_yt/U_DIV_clk_r_REG186_S2
         locationor/u_div_yt/U_DIV_clk_r_REG168_S2
         locationor/u_div_yt/U_DIV_clk_r_REG165_S2
         locationor/u_div_yt/U_DIV_clk_r_REG162_S2
         locationor/u_div_yt/U_DIV_clk_r_REG159_S2
         locationor/u_div_yt/U_DIV_clk_r_REG156_S2
         locationor/u_div_yt/U_DIV_clk_r_REG309_S2
         locationor/u_div_yt/U_DIV_clk_r_REG312_S2
         locationor/u_div_yt/U_DIV_clk_r_REG198_S2
         locationor/u_div_yt/U_DIV_clk_r_REG201_S2
         locationor/u_div_yt/U_DIV_clk_r_REG318_S2
         locationor/u_div_yt/U_DIV_clk_r_REG321_S2
         locationor/u_div_yt/U_DIV_clk_r_REG231_S2
         locationor/u_div_yt/U_DIV_clk_r_REG234_S2
         locationor/u_div_yt/U_DIV_clk_r_REG291_S2
         locationor/u_div_yt/U_DIV_clk_r_REG113_S2
         locationor/u_div_yt/U_DIV_clk_r_REG120_S3
         locationor/u_div_yt/U_DIV_clk_r_REG118_S2
         locationor/u_div_yt/U_DIV_clk_r_REG128_S4
         locationor/u_div_yt/U_DIV_clk_r_REG130_S2
         locationor/u_div_yt/U_DIV_clk_r_REG132_S2
         locationor/u_div_yt/U_DIV_clk_r_REG422_S2
         locationor/u_div_yt/U_DIV_clk_r_REG396_S2
         locationor/u_div_yt/U_DIV_clk_r_REG500_S2
         locationor/u_div_yt/U_DIV_clk_r_REG459_S2
         locationor/u_div_yt/U_DIV_clk_r_REG384_S2
         locationor/u_div_yt/U_DIV_u_add_PartRem_1_7_clk_r_REG123_S4
         locationor/u_div_yt/U_DIV_u_add_PartRem_0_1_clk_r_REG55_S4
         locationor/u_div_yt/U_DIV_clk_r_REG39_S3
         locationor/u_div_yt/U_DIV_u_add_PartRem_5_4_clk_r_REG404_S2
         locationor/u_div_yt/clk_r_REG520_S1
         locationor/u_div_yt/U_DIV_clk_r_REG282_S2
         locationor/u_div_yt/U_DIV_R_0_clk_r_REG505_S4
         locationor/u_div_yt/U_DIV_clk_r_REG499_S3
         locationor/u_div_yt/U_DIV_clk_r_REG288_S2
         locationor/u_div_yt/U_DIV_clk_r_REG494_S2
         locationor/u_div_yt/clk_r_REG99_S1
         locationor/u_div_yt/U_DIV_clk_r_REG8_S4
         locationor/u_div_yt/U_DIV_u_add_PartRem_1_1_clk_r_REG394_S3
         locationor/u_div_yt/U_DIV_clk_r_REG497_S3
         locationor/u_div_yt/U_DIV_clk_r_REG420_S3
         locationor/u_div_yt/U_DIV_clk_r_REG490_S2
         locationor/u_div_yt/U_DIV_clk_r_REG487_S2
         locationor/u_div_yt/U_DIV_clk_r_REG415_S2
         locationor/u_div_yt/U_DIV_clk_r_REG441_S2
         locationor/u_div_yt/U_DIV_clk_r_REG411_S2
         locationor/u_div_yt/U_DIV_clk_r_REG405_S2
         locationor/u_div_yt/U_DIV_clk_r_REG456_S2
         locationor/u_div_yt/U_DIV_clk_r_REG453_S2
         locationor/u_div_yt/U_DIV_clk_r_REG450_S2
         locationor/u_div_yt/U_DIV_clk_r_REG389_S2
         locationor/u_div_yt/U_DIV_clk_r_REG381_S2
         locationor/u_div_yt/U_DIV_clk_r_REG374_S2
         locationor/u_div_yt/U_DIV_clk_r_REG436_S2
         locationor/u_div_yt/U_DIV_clk_r_REG433_S2
         locationor/u_div_yt/U_DIV_clk_r_REG370_S2
         locationor/u_div_yt/U_DIV_clk_r_REG367_S2
         locationor/u_div_yt/U_DIV_clk_r_REG477_S2
         locationor/u_div_yt/U_DIV_clk_r_REG476_S2
         locationor/u_div_yt/U_DIV_clk_r_REG270_S2
         locationor/u_div_yt/U_DIV_clk_r_REG354_S2
         locationor/u_div_yt/U_DIV_clk_r_REG252_S2
         locationor/u_div_yt/U_DIV_clk_r_REG363_S2
         locationor/u_div_yt/U_DIV_clk_r_REG264_S2
         locationor/u_div_yt/clk_r_REG87_S1
         locationor/u_div_yt/clk_r_REG85_S1
         locationor/u_div_yt/clk_r_REG83_S1
         locationor/u_div_yt/U_DIV_clk_r_REG25_S2
         locationor/u_div_yt/clk_r_REG0_S1
         locationor/u_div_yt/clk_r_REG90_S1
         locationor/u_div_yt/clk_r_REG89_S1
         locationor/u_div_yt/U_DIV_clk_r_REG342_S2
         locationor/u_div_yt/clk_r_REG95_S1
         locationor/u_div_xt/clk_r_REG89_S1
         locationor/u_div_xt/clk_r_REG90_S1
         locationor/u_div_xt/clk_r_REG93_S1
         locationor/u_div_xt/clk_r_REG95_S1
         locationor/u_div_xt/clk_r_REG100_S1
         locationor/u_div_xt/clk_r_REG101_S1
         locationor/u_div_xt/clk_r_REG105_S1
         locationor/u_div_xt/clk_r_REG91_S1
         locationor/u_div_xt/clk_r_REG92_S1
         locationor/u_div_xt/clk_r_REG96_S1
         locationor/u_div_xt/clk_r_REG97_S1
         locationor/u_div_xt/clk_r_REG98_S1
         locationor/u_div_xt/clk_r_REG99_S1
         locationor/u_div_xt/clk_r_REG487_S1
         locationor/u_div_xt/clk_r_REG88_S1
         locationor/u_div_xt/U_DIV_clk_r_REG36_S3
         locationor/u_div_xt/U_DIV_clk_r_REG26_S3
         locationor/u_div_xt/U_DIV_clk_r_REG41_S2
         locationor/u_div_xt/U_DIV_clk_r_REG32_S3
         locationor/u_div_xt/U_DIV_clk_r_REG24_S4
         locationor/u_div_xt/U_DIV_clk_r_REG378_S2
         locationor/u_div_xt/U_DIV_clk_r_REG449_S2
         locationor/u_div_xt/U_DIV_clk_r_REG210_S2
         locationor/u_div_xt/U_DIV_clk_r_REG452_S3
         locationor/u_div_xt/U_DIV_clk_r_REG454_S3
         locationor/u_div_xt/U_DIV_clk_r_REG383_S3
         locationor/u_div_xt/U_DIV_clk_r_REG249_S2
         locationor/u_div_xt/U_DIV_clk_r_REG120_S4
         locationor/u_div_xt/U_DIV_clk_r_REG414_S3
         locationor/u_div_xt/U_DIV_clk_r_REG381_S3
         locationor/u_div_xt/U_DIV_clk_r_REG121_S4
         locationor/u_div_xt/U_DIV_clk_r_REG110_S2
         locationor/u_div_xt/U_DIV_clk_r_REG13_S4
         locationor/u_div_xt/U_DIV_clk_r_REG35_S3
         locationor/u_div_xt/U_DIV_clk_r_REG374_S2
         locationor/u_div_xt/U_DIV_clk_r_REG21_S4
         locationor/u_div_xt/U_DIV_clk_r_REG19_S4
         locationor/u_div_xt/U_DIV_clk_r_REG14_S4
         locationor/u_div_xt/U_DIV_clk_r_REG15_S4
         locationor/u_div_xt/U_DIV_clk_r_REG6_S4
         locationor/u_div_xt/U_DIV_clk_r_REG20_S4
         locationor/u_div_xt/U_DIV_clk_r_REG30_S3
         locationor/u_div_xt/U_DIV_clk_r_REG1_S2
         locationor/u_div_xt/U_DIV_clk_r_REG70_S2
         locationor/u_div_xt/U_DIV_clk_r_REG49_S2
         locationor/u_div_xt/U_DIV_clk_r_REG56_S2
         locationor/u_div_xt/U_DIV_clk_r_REG61_S2
         locationor/u_div_xt/U_DIV_clk_r_REG73_S2
         locationor/u_div_xt/U_DIV_clk_r_REG64_S2
         locationor/u_div_xt/U_DIV_clk_r_REG54_S2
         locationor/u_div_xt/U_DIV_clk_r_REG66_S2
         locationor/u_div_xt/U_DIV_clk_r_REG77_S2
         locationor/u_div_xt/U_DIV_clk_r_REG44_S2
         locationor/u_div_xt/U_DIV_clk_r_REG46_S2
         locationor/u_div_xt/U_DIV_clk_r_REG59_S2
         locationor/u_div_xt/U_DIV_clk_r_REG68_S2
         locationor/u_div_xt/U_DIV_clk_r_REG69_S2
         locationor/u_div_xt/U_DIV_clk_r_REG34_S3
         locationor/u_div_xt/U_DIV_clk_r_REG264_S2
         locationor/u_div_xt/U_DIV_clk_r_REG39_S2
         locationor/u_div_xt/U_DIV_clk_r_REG40_S2
         locationor/u_div_xt/U_DIV_clk_r_REG118_S3
         locationor/u_div_xt/U_DIV_clk_r_REG25_S3
         locationor/u_div_xt/U_DIV_clk_r_REG10_S4
         locationor/u_div_xt/U_DIV_clk_r_REG11_S4
         locationor/u_div_xt/U_DIV_clk_r_REG43_S2
         locationor/u_div_xt/U_DIV_clk_r_REG42_S2
         locationor/u_div_xt/U_DIV_clk_r_REG8_S4
         locationor/u_div_xt/U_DIV_clk_r_REG12_S4
         locationor/u_div_xt/U_DIV_clk_r_REG18_S4
         locationor/u_div_xt/U_DIV_clk_r_REG4_S2
         locationor/u_div_xt/U_DIV_clk_r_REG327_S2
         locationor/u_div_xt/U_DIV_clk_r_REG198_S2
         locationor/u_div_xt/U_DIV_clk_r_REG216_S2
         locationor/u_div_xt/U_DIV_clk_r_REG252_S2
         locationor/u_div_xt/U_DIV_clk_r_REG427_S2
         locationor/u_div_xt/U_DIV_clk_r_REG48_S2
         locationor/u_div_xt/U_DIV_clk_r_REG60_S2
         locationor/u_div_xt/U_DIV_clk_r_REG76_S2
         locationor/u_div_xt/U_DIV_u_add_PartRem_5_3_clk_r_REG107_S2
         locationor/u_div_xt/U_DIV_u_add_PartRem_3_1_clk_r_REG392_S3
         locationor/u_div_xt/U_DIV_u_add_PartRem_3_4_clk_r_REG377_S3
         locationor/u_div_xt/U_DIV_u_add_PartRem_2_4_clk_r_REG355_S3
         locationor/u_div_xt/U_DIV_u_add_PartRem_1_1_clk_r_REG462_S4
         locationor/u_div_xt/U_DIV_u_add_PartRem_1_2_clk_r_REG455_S4
         locationor/u_div_xt/U_DIV_u_add_PartRem_0_1_clk_r_REG52_S4
         locationor/u_div_xt/U_DIV_u_add_PartRem_0_1_clk_r_REG418_S3
         locationor/u_div_xt/U_DIV_u_add_PartRem_0_2_clk_r_REG380_S4
         locationor/u_div_xt/U_DIV_u_add_PartRem_0_6_clk_r_REG53_S4
         locationor/u_div_xt/clk_r_REG87_S1
         locationor/u_div_xt/clk_r_REG85_S1
         locationor/u_div_xt/U_DIV_clk_r_REG450_S3
         locationor/u_div_xt/U_DIV_clk_r_REG359_S2
         locationor/u_div_xt/U_DIV_clk_r_REG17_S4
         locationor/u_div_xt/U_DIV_clk_r_REG417_S2
         locationor/u_div_xt/U_DIV_clk_r_REG482_S2
         locationor/u_div_xt/U_DIV_clk_r_REG27_S3
         locationor/u_div_xt/U_DIV_clk_r_REG441_S2
         locationor/u_div_xt/U_DIV_clk_r_REG416_S2
         locationor/u_div_xt/U_DIV_clk_r_REG16_S4
         locationor/u_div_xt/U_DIV_clk_r_REG463_S2
         locationor/u_div_xt/U_DIV_clk_r_REG312_S2
         locationor/u_div_xt/U_DIV_clk_r_REG297_S2
         locationor/u_div_xt/U_DIV_clk_r_REG130_S2
         locationor/u_div_xt/U_DIV_clk_r_REG255_S2
         locationor/u_div_xt/U_DIV_clk_r_REG204_S2
         locationor/u_div_xt/U_DIV_clk_r_REG136_S2
         locationor/u_div_xt/U_DIV_clk_r_REG354_S2
         locationor/u_div_xt/U_DIV_clk_r_REG231_S2
         locationor/u_div_xt/U_DIV_clk_r_REG336_S2
         locationor/u_div_xt/U_DIV_clk_r_REG201_S2
         locationor/u_div_xt/U_DIV_clk_r_REG234_S2
         locationor/u_div_xt/U_DIV_clk_r_REG276_S2
         locationor/u_div_xt/U_DIV_clk_r_REG473_S2
         locationor/u_div_xt/U_DIV_clk_r_REG400_S2
         locationor/u_div_xt/clk_r_REG489_S1
         locationor/u_div_xt/clk_r_REG491_S1
         locationor/u_div_xt/clk_r_REG490_S1
         locationor/u_div_xt/clk_r_REG493_S1
         locationor/u_div_xt/clk_r_REG492_S1
         locationor/u_div_xt/clk_r_REG495_S1
         locationor/u_div_xt/clk_r_REG494_S1
         locationor/u_div_xt/U_DIV_clk_r_REG115_S3
         locationor/u_div_xt/clk_r_REG498_S1
         locationor/u_div_xt/clk_r_REG500_S1
         locationor/u_div_xt/U_DIV_clk_r_REG127_S2
         locationor/u_div_xt/U_DIV_clk_r_REG174_S2
         locationor/u_div_xt/U_DIV_clk_r_REG124_S2
         locationor/u_div_xt/U_DIV_clk_r_REG108_S2
         locationor/u_div_xt/U_DIV_clk_r_REG228_S2
         locationor/u_div_xt/U_DIV_clk_r_REG33_S3
         locationor/u_div_xt/U_DIV_clk_r_REG456_S2
         locationor/u_div_xt/U_DIV_clk_r_REG406_S3
         locationor/u_div_xt/U_DIV_clk_r_REG31_S3
         locationor/u_div_xt/U_DIV_clk_r_REG404_S3
         locationor/u_div_xt/U_DIV_clk_r_REG379_S3
         locationor/u_div_xt/U_DIV_clk_r_REG28_S3
         locationor/u_div_xt/U_DIV_clk_r_REG29_S3
         locationor/u_div_xt/U_DIV_clk_r_REG445_S3
         locationor/u_div_xt/U_DIV_clk_r_REG291_S2
         locationor/u_div_xt/U_DIV_clk_r_REG192_S2
         locationor/u_div_xt/U_DIV_clk_r_REG222_S2
         locationor/u_div_xt/U_DIV_clk_r_REG389_S4
         locationor/u_div_xt/U_DIV_clk_r_REG391_S2
         locationor/u_div_xt/U_DIV_clk_r_REG356_S2
         locationor/u_div_xt/U_DIV_clk_r_REG133_S2
         locationor/u_div_xt/U_DIV_clk_r_REG390_S4
         locationor/u_div_xt/U_DIV_clk_r_REG7_S4
         locationor/u_div_xt/U_DIV_clk_r_REG37_S3
         locationor/u_div_xt/clk_r_REG497_S1
         locationor/u_div_xt/U_DIV_clk_r_REG461_S4
         locationor/u_div_xt/U_DIV_clk_r_REG330_S2
         locationor/u_div_xt/U_DIV_clk_r_REG225_S2
         locationor/u_div_xt/U_DIV_clk_r_REG270_S2
         locationor/u_div_xt/U_DIV_clk_r_REG207_S2
         locationor/u_div_xt/U_DIV_clk_r_REG213_S2
         locationor/u_div_xt/U_DIV_clk_r_REG333_S2
         locationor/u_div_xt/U_DIV_clk_r_REG397_S4
         locationor/u_div_xt/U_DIV_clk_r_REG412_S3
         locationor/u_div_xt/U_DIV_clk_r_REG111_S2
         locationor/u_div_xt/U_DIV_clk_r_REG324_S2
         locationor/u_div_xt/U_DIV_clk_r_REG139_S2
         locationor/u_div_xt/U_DIV_clk_r_REG398_S4
         locationor/u_div_xt/U_DIV_clk_r_REG399_S2
         locationor/u_div_xt/U_DIV_clk_r_REG401_S2
         locationor/u_div_xt/U_DIV_clk_r_REG351_S2
         locationor/u_div_xt/U_DIV_clk_r_REG339_S2
         locationor/u_div_xt/U_DIV_clk_r_REG321_S2
         locationor/u_div_xt/U_DIV_clk_r_REG318_S2
         locationor/u_div_xt/U_DIV_clk_r_REG315_S2
         locationor/u_div_xt/U_DIV_clk_r_REG303_S2
         locationor/u_div_xt/U_DIV_clk_r_REG300_S2
         locationor/u_div_xt/U_DIV_clk_r_REG294_S2
         locationor/u_div_xt/U_DIV_clk_r_REG288_S2
         locationor/u_div_xt/U_DIV_clk_r_REG273_S2
         locationor/u_div_xt/U_DIV_clk_r_REG258_S2
         locationor/u_div_xt/U_DIV_clk_r_REG183_S2
         locationor/u_div_xt/U_DIV_clk_r_REG237_S2
         locationor/u_div_xt/U_DIV_clk_r_REG180_S2
         locationor/u_div_xt/U_DIV_clk_r_REG177_S2
         locationor/u_div_xt/U_DIV_clk_r_REG171_S2
         locationor/u_div_xt/U_DIV_clk_r_REG166_S2
         locationor/u_div_xt/U_DIV_clk_r_REG163_S2
         locationor/u_div_xt/U_DIV_clk_r_REG160_S2
         locationor/u_div_xt/U_DIV_clk_r_REG157_S2
         locationor/u_div_xt/U_DIV_clk_r_REG154_S2
         locationor/u_div_xt/U_DIV_clk_r_REG151_S2
         locationor/u_div_xt/U_DIV_clk_r_REG148_S2
         locationor/u_div_xt/U_DIV_clk_r_REG345_S2
         locationor/u_div_xt/U_DIV_clk_r_REG348_S2
         locationor/u_div_xt/U_DIV_clk_r_REG306_S2
         locationor/u_div_xt/U_DIV_clk_r_REG309_S2
         locationor/u_div_xt/U_DIV_clk_r_REG279_S2
         locationor/u_div_xt/U_DIV_clk_r_REG122_S2
         locationor/u_div_xt/U_DIV_clk_r_REG129_S2
         locationor/u_div_xt/U_DIV_clk_r_REG419_S2
         locationor/u_div_xt/U_DIV_clk_r_REG422_S2
         locationor/u_div_xt/U_DIV_clk_r_REG457_S2
         locationor/u_div_xt/U_DIV_clk_r_REG409_S2
         locationor/u_div_xt/U_DIV_clk_r_REG394_S2
         locationor/u_div_xt/U_DIV_clk_r_REG475_S2
         locationor/u_div_xt/U_DIV_clk_r_REG434_S2
         locationor/u_div_xt/U_DIV_clk_r_REG467_S2
         locationor/u_div_xt/U_DIV_clk_r_REG470_S2
         locationor/u_div_xt/U_DIV_clk_r_REG364_S2
         locationor/u_div_xt/U_DIV_clk_r_REG116_S2
         locationor/u_div_xt/U_DIV_clk_r_REG362_S2
         locationor/u_div_xt/U_DIV_clk_r_REG408_S2
         locationor/u_div_xt/U_DIV_clk_r_REG385_S2
         locationor/u_div_xt/U_DIV_clk_r_REG393_S2
         locationor/u_div_xt/U_DIV_clk_r_REG373_S2
         locationor/u_div_xt/U_DIV_u_add_PartRem_4_4_clk_r_REG481_S2
         locationor/u_div_xt/U_DIV_u_add_PartRem_4_4_clk_r_REG440_S2
         locationor/u_div_xt/U_DIV_u_add_PartRem_2_4_clk_r_REG425_S2
         locationor/u_div_xt/U_DIV_u_add_PartRem_1_5_clk_r_REG113_S3
         locationor/u_div_xt/clk_r_REG488_S1
         locationor/u_div_xt/clk_r_REG496_S1
         locationor/u_div_xt/clk_r_REG499_S1
         locationor/u_div_xt/clk_r_REG501_S1
         locationor/u_div_xt/U_DIV_R_1_clk_r_REG486_S4
         locationor/u_div_xt/U_DIV_clk_r_REG9_S4
         locationor/u_div_xt/U_DIV_clk_r_REG342_S2
         locationor/u_div_xt/U_DIV_clk_r_REG219_S2
         locationor/u_div_xt/U_DIV_clk_r_REG437_S2
         locationor/u_div_xt/U_DIV_clk_r_REG285_S2
         locationor/u_div_xt/U_DIV_clk_r_REG442_S2
         locationor/u_div_xt/U_DIV_clk_r_REG38_S3
         locationor/u_div_xt/U_DIV_clk_r_REG142_S2
         locationor/u_div_xt/U_DIV_clk_r_REG447_S3
         locationor/u_div_xt/U_DIV_clk_r_REG386_S2
         locationor/u_div_xt/U_DIV_clk_r_REG431_S2
         locationor/u_div_xt/U_DIV_clk_r_REG370_S2
         locationor/u_div_xt/U_DIV_clk_r_REG367_S2
         locationor/u_div_xt/U_DIV_clk_r_REG428_S2
         locationor/u_div_xt/U_DIV_clk_r_REG478_S2
         locationor/u_div_xt/U_DIV_clk_r_REG464_S2
         locationor/u_div_xt/U_DIV_clk_r_REG261_S2
         locationor/u_div_xt/U_DIV_clk_r_REG145_S2
         locationor/u_div_xt/U_DIV_clk_r_REG282_S2
         locationor/u_div_xt/U_DIV_clk_r_REG240_S2
         locationor/u_div_xt/U_DIV_clk_r_REG246_S2
         locationor/u_div_xt/U_DIV_clk_r_REG243_S2
         locationor/u_div_xt/U_DIV_clk_r_REG189_S2
         locationor/u_div_xt/clk_r_REG83_S1
         locationor/u_div_xt/clk_r_REG80_S1
         locationor/u_div_xt/clk_r_REG79_S1
         locationor/u_div_xt/clk_r_REG81_S1
         locationor/u_div_xt/clk_r_REG0_S1
         locationor/u_div_xt/clk_r_REG86_S1
         locationor/u_div_xt/U_DIV_clk_r_REG5_S3
         locationor/u_div_xt/clk_r_REG82_S1
         locationor/u_div_xt/U_DIV_clk_r_REG23_S4
         locationor/u_div_xt/clk_r_REG84_S1
         locationor/u_div_xt/U_DIV_clk_r_REG186_S2
         locationor/u_div_xt/U_DIV_clk_r_REG22_S4
         locationor/u_div_xt/U_DIV_clk_r_REG267_S2
         locationor/u_div_xt/U_DIV_clk_r_REG195_S2
         locationor/u_div_xt/clk_r_REG94_S1
      * 496 cells are non-scan shift-register cells
         locationor/u_div_yt/U_DIV_clk_r_REG205_S3
         locationor/u_div_yt/U_DIV_clk_r_REG359_S4
         locationor/u_div_yt/U_DIV_clk_r_REG70_S3
         locationor/u_div_yt/U_DIV_clk_r_REG158_S4
         locationor/u_div_yt/U_DIV_clk_r_REG302_S4
         locationor/u_div_yt/U_DIV_clk_r_REG281_S4
         locationor/u_div_yt/U_DIV_clk_r_REG206_S4
         locationor/u_div_yt/U_DIV_clk_r_REG245_S4
         locationor/u_div_yt/U_DIV_clk_r_REG235_S3
         locationor/u_div_yt/U_DIV_clk_r_REG263_S4
         locationor/u_div_yt/U_DIV_clk_r_REG194_S4
         locationor/u_div_yt/U_DIV_clk_r_REG188_S4
         locationor/u_div_yt/U_DIV_clk_r_REG224_S4
         locationor/u_div_yt/U_DIV_clk_r_REG211_S3
         locationor/u_div_yt/U_DIV_clk_r_REG417_S4
         locationor/u_div_yt/U_DIV_clk_r_REG146_S4
         locationor/u_div_yt/U_DIV_clk_r_REG209_S4
         locationor/u_div_yt/U_DIV_clk_r_REG218_S4
         locationor/u_div_yt/U_DIV_clk_r_REG140_S4
         locationor/u_div_yt/U_DIV_clk_r_REG143_S4
         locationor/u_div_yt/U_DIV_clk_r_REG446_S4
         locationor/u_div_yt/U_DIV_clk_r_REG399_S3
         locationor/u_div_yt/U_DIV_clk_r_REG475_S4
         locationor/u_div_yt/U_DIV_clk_r_REG421_S4
         locationor/u_div_yt/U_DIV_clk_r_REG82_S3
         locationor/u_div_yt/U_DIV_clk_r_REG47_S3
         locationor/u_div_yt/U_DIV_clk_r_REG480_S3
         locationor/u_div_yt/U_DIV_clk_r_REG5_S3
         locationor/u_div_yt/U_DIV_clk_r_REG277_S3
         locationor/u_div_yt/U_DIV_clk_r_REG50_S4
         locationor/u_div_yt/U_DIV_clk_r_REG79_S4
         locationor/u_div_yt/U_DIV_clk_r_REG58_S3
         locationor/u_div_yt/U_DIV_clk_r_REG60_S3
         locationor/u_div_yt/U_DIV_clk_r_REG78_S3
         locationor/u_div_yt/U_DIV_clk_r_REG62_S3
         locationor/u_div_yt/U_DIV_clk_r_REG49_S3
         locationor/u_div_yt/U_DIV_clk_r_REG54_S4
         locationor/u_div_yt/U_DIV_clk_r_REG53_S3
         locationor/u_div_yt/U_DIV_clk_r_REG75_S4
         locationor/u_div_yt/U_DIV_clk_r_REG74_S3
         locationor/u_div_yt/U_DIV_clk_r_REG108_S4
         locationor/u_div_yt/U_DIV_clk_r_REG107_S3
         locationor/u_div_yt/U_DIV_clk_r_REG106_S2
         locationor/u_div_yt/U_DIV_clk_r_REG65_S4
         locationor/u_div_yt/U_DIV_clk_r_REG504_S3
         locationor/u_div_yt/U_DIV_clk_r_REG110_S2
         locationor/u_div_yt/U_DIV_clk_r_REG489_S4
         locationor/u_div_yt/U_DIV_clk_r_REG2_S3
         locationor/u_div_yt/U_DIV_clk_r_REG160_S3
         locationor/u_div_yt/U_DIV_clk_r_REG185_S4
         locationor/u_div_yt/U_DIV_clk_r_REG251_S4
         locationor/u_div_yt/U_DIV_clk_r_REG265_S3
         locationor/u_div_yt/U_DIV_clk_r_REG295_S3
         locationor/u_div_yt/U_DIV_clk_r_REG274_S3
         locationor/u_div_yt/U_DIV_clk_r_REG308_S4
         locationor/u_div_yt/U_DIV_clk_r_REG326_S4
         locationor/u_div_yt/U_DIV_clk_r_REG329_S4
         locationor/u_div_yt/U_DIV_clk_r_REG338_S4
         locationor/u_div_yt/U_DIV_clk_r_REG353_S4
         locationor/u_div_yt/U_DIV_clk_r_REG356_S4
         locationor/u_div_yt/U_DIV_clk_r_REG387_S4
         locationor/u_div_yt/U_DIV_clk_r_REG386_S3
         locationor/u_div_yt/U_DIV_clk_r_REG322_S3
         locationor/u_div_yt/U_DIV_u_add_PartRem_2_4_clk_r_REG440_S3
         locationor/u_div_yt/U_DIV_u_add_PartRem_1_1_clk_r_REG462_S4
         locationor/u_div_yt/U_DIV_u_add_PartRem_1_1_clk_r_REG407_S4
         locationor/u_div_yt/U_DIV_u_add_PartRem_1_2_clk_r_REG67_S4
         locationor/u_div_yt/U_DIV_u_add_PartRem_1_4_clk_r_REG376_S4
         locationor/u_div_yt/U_DIV_u_add_PartRem_1_5_clk_r_REG236_S4
         locationor/u_div_yt/U_DIV_u_add_PartRem_1_7_clk_r_REG323_S4
         locationor/u_div_yt/U_DIV_u_add_PartRem_1_7_clk_r_REG314_S4
         locationor/u_div_yt/U_DIV_u_add_PartRem_0_7_clk_r_REG320_S4
         locationor/u_div_yt/U_DIV_clk_r_REG148_S3
         locationor/u_div_yt/U_DIV_clk_r_REG478_S3
         locationor/u_div_yt/U_DIV_clk_r_REG304_S3
         locationor/u_div_yt/U_DIV_clk_r_REG145_S3
         locationor/u_div_yt/U_DIV_clk_r_REG139_S3
         locationor/u_div_yt/U_DIV_clk_r_REG479_S4
         locationor/u_div_yt/U_DIV_clk_r_REG229_S3
         locationor/u_div_yt/U_DIV_clk_r_REG368_S3
         locationor/u_div_yt/U_DIV_clk_r_REG196_S3
         locationor/u_div_yt/U_DIV_clk_r_REG352_S3
         locationor/u_div_yt/U_DIV_clk_r_REG467_S3
         locationor/u_div_yt/U_DIV_clk_r_REG63_S4
         locationor/u_div_yt/U_DIV_clk_r_REG191_S4
         locationor/u_div_yt/U_DIV_clk_r_REG184_S3
         locationor/u_div_yt/U_DIV_clk_r_REG152_S4
         locationor/u_div_yt/U_DIV_clk_r_REG151_S3
         locationor/u_div_yt/U_DIV_clk_r_REG437_S3
         locationor/u_div_yt/U_DIV_clk_r_REG305_S4
         locationor/u_div_yt/U_DIV_clk_r_REG178_S3
         locationor/u_div_yt/U_DIV_clk_r_REG335_S4
         locationor/u_div_yt/U_DIV_clk_r_REG355_S3
         locationor/u_div_yt/U_DIV_clk_r_REG256_S3
         locationor/u_div_yt/U_DIV_u_add_PartRem_0_5_clk_r_REG233_S4
         locationor/u_div_yt/U_DIV_clk_r_REG262_S3
         locationor/u_div_yt/U_DIV_clk_r_REG241_S3
         locationor/u_div_yt/U_DIV_clk_r_REG346_S3
         locationor/u_div_yt/U_DIV_clk_r_REG485_S3
         locationor/u_div_yt/U_DIV_clk_r_REG214_S3
         locationor/u_div_yt/U_DIV_clk_r_REG442_S3
         locationor/u_div_yt/U_DIV_clk_r_REG454_S3
         locationor/u_div_yt/U_DIV_clk_r_REG131_S3
         locationor/u_div_yt/U_DIV_clk_r_REG457_S3
         locationor/u_div_yt/U_DIV_clk_r_REG488_S3
         locationor/u_div_yt/U_DIV_clk_r_REG491_S3
         locationor/u_div_yt/U_DIV_clk_r_REG114_S3
         locationor/u_div_yt/U_DIV_clk_r_REG248_S4
         locationor/u_div_yt/U_DIV_clk_r_REG301_S3
         locationor/u_div_yt/U_DIV_clk_r_REG244_S3
         locationor/u_div_yt/U_DIV_clk_r_REG398_S3
         locationor/u_div_yt/U_DIV_clk_r_REG298_S3
         locationor/u_div_yt/U_DIV_clk_r_REG286_S3
         locationor/u_div_yt/U_DIV_clk_r_REG182_S4
         locationor/u_div_yt/U_DIV_clk_r_REG223_S3
         locationor/u_div_yt/U_DIV_clk_r_REG142_S3
         locationor/u_div_yt/U_DIV_clk_r_REG502_S3
         locationor/u_div_yt/U_DIV_clk_r_REG190_S3
         locationor/u_div_yt/U_DIV_clk_r_REG434_S3
         locationor/u_div_yt/U_DIV_clk_r_REG181_S3
         locationor/u_div_yt/U_DIV_clk_r_REG435_S4
         locationor/u_div_yt/U_DIV_clk_r_REG280_S3
         locationor/u_div_yt/U_DIV_clk_r_REG495_S3
         locationor/u_div_yt/U_DIV_clk_r_REG268_S3
         locationor/u_div_yt/U_DIV_clk_r_REG197_S4
         locationor/u_div_yt/U_DIV_clk_r_REG238_S3
         locationor/u_div_yt/U_DIV_clk_r_REG390_S3
         locationor/u_div_yt/U_DIV_clk_r_REG372_S4
         locationor/u_div_yt/U_DIV_clk_r_REG369_S4
         locationor/u_div_yt/U_DIV_clk_r_REG269_S4
         locationor/u_div_yt/U_DIV_clk_r_REG125_S3
         locationor/u_div_yt/U_DIV_clk_r_REG409_S3
         locationor/u_div_yt/U_DIV_clk_r_REG259_S3
         locationor/u_div_yt/U_DIV_clk_r_REG410_S4
         locationor/u_div_yt/U_DIV_clk_r_REG250_S3
         locationor/u_div_yt/U_DIV_clk_r_REG239_S4
         locationor/u_div_yt/U_DIV_clk_r_REG272_S4
         locationor/u_div_yt/U_DIV_clk_r_REG169_S3
         locationor/u_div_yt/U_DIV_clk_r_REG448_S3
         locationor/u_div_yt/U_DIV_clk_r_REG157_S3
         locationor/u_div_yt/U_DIV_clk_r_REG325_S3
         locationor/u_div_yt/U_DIV_clk_r_REG412_S3
         locationor/u_div_yt/U_DIV_clk_r_REG253_S3
         locationor/u_div_yt/U_DIV_clk_r_REG316_S3
         locationor/u_div_yt/U_DIV_clk_r_REG284_S4
         locationor/u_div_yt/U_DIV_clk_r_REG468_S4
         locationor/u_div_yt/U_DIV_clk_r_REG416_S3
         locationor/u_div_yt/U_DIV_clk_r_REG379_S3
         locationor/u_div_yt/U_DIV_clk_r_REG391_S4
         locationor/u_div_yt/U_DIV_clk_r_REG383_S4
         locationor/u_div_yt/U_DIV_clk_r_REG166_S3
         locationor/u_div_yt/U_DIV_clk_r_REG341_S4
         locationor/u_div_yt/U_DIV_clk_r_REG307_S3
         locationor/u_div_yt/U_DIV_clk_r_REG465_S4
         locationor/u_div_yt/U_DIV_clk_r_REG452_S4
         locationor/u_div_yt/U_DIV_clk_r_REG458_S4
         locationor/u_div_yt/U_DIV_clk_r_REG498_S4
         locationor/u_div_yt/U_DIV_clk_r_REG382_S3
         locationor/u_div_yt/U_DIV_clk_r_REG443_S4
         locationor/u_div_yt/U_DIV_clk_r_REG492_S4
         locationor/u_div_yt/U_DIV_clk_r_REG451_S3
         locationor/u_div_yt/U_DIV_clk_r_REG133_S3
         locationor/u_div_yt/U_DIV_clk_r_REG127_S4
         locationor/u_div_yt/U_DIV_clk_r_REG119_S3
         locationor/u_div_yt/U_DIV_clk_r_REG173_S4
         locationor/u_div_yt/U_DIV_clk_r_REG172_S3
         locationor/u_div_yt/U_DIV_clk_r_REG176_S4
         locationor/u_div_yt/U_DIV_clk_r_REG175_S3
         locationor/u_div_yt/U_DIV_clk_r_REG179_S4
         locationor/u_div_yt/U_DIV_clk_r_REG242_S4
         locationor/u_div_yt/U_DIV_clk_r_REG266_S4
         locationor/u_div_yt/U_DIV_clk_r_REG154_S3
         locationor/u_div_yt/U_DIV_clk_r_REG215_S4
         locationor/u_div_yt/U_DIV_clk_r_REG227_S4
         locationor/u_div_yt/U_DIV_clk_r_REG296_S4
         locationor/u_div_yt/U_DIV_clk_r_REG275_S4
         locationor/u_div_yt/U_DIV_clk_r_REG328_S3
         locationor/u_div_yt/U_DIV_clk_r_REG331_S3
         locationor/u_div_yt/U_DIV_clk_r_REG334_S3
         locationor/u_div_yt/U_DIV_clk_r_REG337_S3
         locationor/u_div_yt/U_DIV_clk_r_REG347_S4
         locationor/u_div_yt/U_DIV_clk_r_REG350_S4
         locationor/u_div_yt/U_DIV_clk_r_REG365_S4
         locationor/u_div_yt/U_DIV_clk_r_REG362_S4
         locationor/u_div_yt/U_DIV_clk_r_REG424_S3
         locationor/u_div_yt/U_DIV_clk_r_REG375_S3
         locationor/u_div_yt/U_DIV_clk_r_REG202_S3
         locationor/u_div_yt/U_DIV_clk_r_REG292_S3
         locationor/u_div_yt/U_DIV_clk_r_REG232_S3
         locationor/u_div_yt/U_DIV_clk_r_REG319_S3
         locationor/u_div_yt/U_DIV_clk_r_REG310_S3
         locationor/u_div_yt/U_DIV_u_add_PartRem_1_1_clk_r_REG395_S4
         locationor/u_div_yt/U_DIV_u_add_PartRem_1_2_clk_r_REG438_S4
         locationor/u_div_yt/U_DIV_u_add_PartRem_1_5_clk_r_REG115_S4
         locationor/u_div_yt/U_DIV_u_add_PartRem_1_5_clk_r_REG203_S4
         locationor/u_div_yt/U_DIV_u_add_PartRem_0_5_clk_r_REG200_S4
         locationor/u_div_yt/U_DIV_u_add_PartRem_0_5_clk_r_REG199_S3
         locationor/u_div_yt/U_DIV_clk_r_REG287_S4
         locationor/u_div_yt/U_DIV_u_add_PartRem_1_6_clk_r_REG503_S4
         locationor/u_div_yt/U_DIV_clk_r_REG163_S3
         locationor/u_div_yt/U_DIV_clk_r_REG393_S4
         locationor/u_div_yt/U_DIV_clk_r_REG445_S3
         locationor/u_div_yt/U_DIV_clk_r_REG313_S3
         locationor/u_div_yt/U_DIV_clk_r_REG283_S3
         locationor/u_div_yt/U_DIV_clk_r_REG406_S3
         locationor/u_div_yt/U_DIV_clk_r_REG217_S3
         locationor/u_div_yt/U_DIV_u_add_PartRem_1_1_clk_r_REG425_S4
         locationor/u_div_yt/U_DIV_clk_r_REG230_S4
         locationor/u_div_yt/U_DIV_clk_r_REG427_S4
         locationor/u_div_yt/U_DIV_clk_r_REG212_S4
         locationor/u_div_yt/U_DIV_u_add_PartRem_1_6_clk_r_REG293_S4
         locationor/u_div_yt/U_DIV_u_add_PartRem_0_7_clk_r_REG311_S4
         locationor/u_div_yt/U_DIV_clk_r_REG226_S3
         locationor/u_div_yt/U_DIV_clk_r_REG473_S4
         locationor/u_div_yt/U_DIV_clk_r_REG358_S3
         locationor/u_div_yt/U_DIV_clk_r_REG332_S4
         locationor/u_div_yt/U_DIV_clk_r_REG260_S4
         locationor/u_div_yt/U_DIV_clk_r_REG289_S3
         locationor/u_div_yt/U_DIV_u_add_PartRem_0_6_clk_r_REG290_S4
         locationor/u_div_yt/U_DIV_u_add_PartRem_0_1_clk_r_REG455_S4
         locationor/u_div_yt/U_DIV_clk_r_REG380_S4
         locationor/u_div_yt/U_DIV_clk_r_REG429_S4
         locationor/u_div_yt/U_DIV_clk_r_REG155_S4
         locationor/u_div_yt/U_DIV_clk_r_REG449_S4
         locationor/u_div_yt/U_DIV_clk_r_REG317_S4
         locationor/u_div_yt/U_DIV_clk_r_REG170_S4
         locationor/u_div_yt/U_DIV_clk_r_REG167_S4
         locationor/u_div_yt/U_DIV_clk_r_REG164_S4
         locationor/u_div_yt/U_DIV_clk_r_REG271_S3
         locationor/u_div_yt/U_DIV_clk_r_REG364_S3
         locationor/u_div_yt/U_DIV_clk_r_REG496_S4
         locationor/u_div_yt/U_DIV_clk_r_REG257_S4
         locationor/u_div_yt/U_DIV_clk_r_REG161_S4
         locationor/u_div_yt/U_DIV_clk_r_REG461_S3
         locationor/u_div_yt/U_DIV_clk_r_REG187_S3
         locationor/u_div_yt/U_DIV_clk_r_REG208_S3
         locationor/u_div_yt/U_DIV_clk_r_REG464_S3
         locationor/u_div_yt/U_DIV_clk_r_REG254_S4
         locationor/u_div_yt/U_DIV_clk_r_REG486_S4
         locationor/u_div_yt/U_DIV_clk_r_REG221_S4
         locationor/u_div_yt/U_DIV_u_add_PartRem_1_6_clk_r_REG278_S4
         locationor/u_div_yt/U_DIV_clk_r_REG247_S3
         locationor/u_div_yt/U_DIV_clk_r_REG344_S4
         locationor/u_div_yt/U_DIV_clk_r_REG413_S4
         locationor/u_div_yt/U_DIV_clk_r_REG149_S4
         locationor/u_div_yt/U_DIV_u_add_PartRem_1_6_clk_r_REG299_S4
         locationor/u_div_yt/U_DIV_clk_r_REG193_S3
         locationor/u_div_yt/U_DIV_clk_r_REG349_S3
         locationor/u_div_yt/U_DIV_clk_r_REG220_S3
         locationor/u_div_yt/U_DIV_clk_r_REG340_S3
         locationor/u_div_yt/U_DIV_clk_r_REG361_S3
         locationor/u_div_yt/U_DIV_clk_r_REG343_S3
         locationor/u_div_yt/U_DIV_clk_r_REG371_S3
         locationor/u_div_xt/U_DIV_clk_r_REG257_S4
         locationor/u_div_xt/U_DIV_clk_r_REG335_S4
         locationor/u_div_xt/U_DIV_clk_r_REG329_S4
         locationor/u_div_xt/U_DIV_clk_r_REG247_S3
         locationor/u_div_xt/U_DIV_clk_r_REG326_S4
         locationor/u_div_xt/U_DIV_clk_r_REG453_S4
         locationor/u_div_xt/U_DIV_clk_r_REG123_S3
         locationor/u_div_xt/U_DIV_clk_r_REG173_S4
         locationor/u_div_xt/U_DIV_clk_r_REG138_S4
         locationor/u_div_xt/U_DIV_clk_r_REG176_S4
         locationor/u_div_xt/U_DIV_clk_r_REG109_S3
         locationor/u_div_xt/U_DIV_clk_r_REG223_S3
         locationor/u_div_xt/U_DIV_clk_r_REG272_S4
         locationor/u_div_xt/U_DIV_clk_r_REG126_S4
         locationor/u_div_xt/U_DIV_clk_r_REG298_S3
         locationor/u_div_xt/U_DIV_clk_r_REG344_S4
         locationor/u_div_xt/U_DIV_clk_r_REG211_S3
         locationor/u_div_xt/U_DIV_clk_r_REG244_S3
         locationor/u_div_xt/U_DIV_clk_r_REG384_S4
         locationor/u_div_xt/U_DIV_clk_r_REG200_S4
         locationor/u_div_xt/U_DIV_clk_r_REG459_S4
         locationor/u_div_xt/U_DIV_clk_r_REG158_S3
         locationor/u_div_xt/U_DIV_clk_r_REG227_S4
         locationor/u_div_xt/U_DIV_clk_r_REG363_S3
         locationor/u_div_xt/U_DIV_clk_r_REG353_S4
         locationor/u_div_xt/U_DIV_clk_r_REG143_S3
         locationor/u_div_xt/U_DIV_clk_r_REG232_S3
         locationor/u_div_xt/U_DIV_clk_r_REG212_S4
         locationor/u_div_xt/U_DIV_clk_r_REG141_S4
         locationor/u_div_xt/U_DIV_clk_r_REG446_S4
         locationor/u_div_xt/U_DIV_clk_r_REG436_S4
         locationor/u_div_xt/U_DIV_clk_r_REG203_S4
         locationor/u_div_xt/U_DIV_clk_r_REG250_S3
         locationor/u_div_xt/U_DIV_clk_r_REG251_S4
         locationor/u_div_xt/U_DIV_clk_r_REG444_S4
         locationor/u_div_xt/U_DIV_clk_r_REG140_S3
         locationor/u_div_xt/U_DIV_clk_r_REG466_S4
         locationor/u_div_xt/U_DIV_clk_r_REG233_S4
         locationor/u_div_xt/U_DIV_clk_r_REG338_S4
         locationor/u_div_xt/U_DIV_clk_r_REG421_S4
         locationor/u_div_xt/U_DIV_clk_r_REG172_S3
         locationor/u_div_xt/U_DIV_clk_r_REG206_S4
         locationor/u_div_xt/U_DIV_clk_r_REG430_S4
         locationor/u_div_xt/U_DIV_clk_r_REG184_S3
         locationor/u_div_xt/U_DIV_clk_r_REG405_S4
         locationor/u_div_xt/U_DIV_clk_r_REG78_S3
         locationor/u_div_xt/U_DIV_clk_r_REG112_S3
         locationor/u_div_xt/U_DIV_clk_r_REG58_S4
         locationor/u_div_xt/U_DIV_clk_r_REG45_S3
         locationor/u_div_xt/U_DIV_clk_r_REG47_S3
         locationor/u_div_xt/U_DIV_clk_r_REG63_S4
         locationor/u_div_xt/U_DIV_clk_r_REG361_S4
         locationor/u_div_xt/U_DIV_clk_r_REG358_S4
         locationor/u_div_xt/U_DIV_clk_r_REG75_S4
         locationor/u_div_xt/U_DIV_clk_r_REG67_S3
         locationor/u_div_xt/U_DIV_clk_r_REG55_S3
         locationor/u_div_xt/U_DIV_clk_r_REG65_S3
         locationor/u_div_xt/U_DIV_clk_r_REG74_S3
         locationor/u_div_xt/U_DIV_clk_r_REG62_S3
         locationor/u_div_xt/U_DIV_clk_r_REG57_S3
         locationor/u_div_xt/U_DIV_clk_r_REG51_S4
         locationor/u_div_xt/U_DIV_clk_r_REG50_S3
         locationor/u_div_xt/U_DIV_clk_r_REG72_S4
         locationor/u_div_xt/U_DIV_clk_r_REG71_S3
         locationor/u_div_xt/U_DIV_clk_r_REG104_S4
         locationor/u_div_xt/U_DIV_clk_r_REG103_S3
         locationor/u_div_xt/U_DIV_clk_r_REG102_S2
         locationor/u_div_xt/U_DIV_clk_r_REG485_S3
         locationor/u_div_xt/U_DIV_clk_r_REG106_S2
         locationor/u_div_xt/U_DIV_clk_r_REG396_S3
         locationor/u_div_xt/U_DIV_clk_r_REG368_S3
         locationor/u_div_xt/U_DIV_clk_r_REG469_S4
         locationor/u_div_xt/U_DIV_clk_r_REG451_S4
         locationor/u_div_xt/U_DIV_clk_r_REG413_S4
         locationor/u_div_xt/U_DIV_clk_r_REG415_S4
         locationor/u_div_xt/U_DIV_clk_r_REG2_S3
         locationor/u_div_xt/U_DIV_clk_r_REG161_S3
         locationor/u_div_xt/U_DIV_clk_r_REG164_S3
         locationor/u_div_xt/U_DIV_clk_r_REG167_S3
         locationor/u_div_xt/U_DIV_clk_r_REG236_S4
         locationor/u_div_xt/U_DIV_clk_r_REG235_S3
         locationor/u_div_xt/U_DIV_clk_r_REG185_S4
         locationor/u_div_xt/U_DIV_clk_r_REG190_S3
         locationor/u_div_xt/U_DIV_clk_r_REG253_S3
         locationor/u_div_xt/U_DIV_clk_r_REG196_S3
         locationor/u_div_xt/U_DIV_clk_r_REG146_S3
         locationor/u_div_xt/U_DIV_clk_r_REG209_S4
         locationor/u_div_xt/U_DIV_clk_r_REG269_S4
         locationor/u_div_xt/U_DIV_clk_r_REG215_S4
         locationor/u_div_xt/U_DIV_clk_r_REG220_S3
         locationor/u_div_xt/U_DIV_clk_r_REG283_S3
         locationor/u_div_xt/U_DIV_clk_r_REG262_S3
         locationor/u_div_xt/U_DIV_clk_r_REG293_S4
         locationor/u_div_xt/U_DIV_clk_r_REG313_S3
         locationor/u_div_xt/U_DIV_clk_r_REG316_S3
         locationor/u_div_xt/U_DIV_clk_r_REG319_S3
         locationor/u_div_xt/U_DIV_clk_r_REG376_S4
         locationor/u_div_xt/U_DIV_clk_r_REG375_S3
         locationor/u_div_xt/U_DIV_clk_r_REG280_S3
         locationor/u_div_xt/U_DIV_clk_r_REG310_S3
         locationor/u_div_xt/U_DIV_clk_r_REG349_S3
         locationor/u_div_xt/U_DIV_clk_r_REG365_S3
         locationor/u_div_xt/U_DIV_clk_r_REG277_S3
         locationor/u_div_xt/U_DIV_clk_r_REG307_S3
         locationor/u_div_xt/U_DIV_u_add_PartRem_1_2_clk_r_REG424_S4
         locationor/u_div_xt/U_DIV_u_add_PartRem_1_4_clk_r_REG170_S4
         locationor/u_div_xt/U_DIV_u_add_PartRem_1_6_clk_r_REG287_S4
         locationor/u_div_xt/U_DIV_u_add_PartRem_1_7_clk_r_REG311_S4
         locationor/u_div_xt/U_DIV_u_add_PartRem_0_7_clk_r_REG308_S4
         locationor/u_div_xt/U_DIV_u_add_PartRem_0_7_clk_r_REG347_S4
         locationor/u_div_xt/U_DIV_clk_r_REG483_S3
         locationor/u_div_xt/U_DIV_clk_r_REG289_S3
         locationor/u_div_xt/U_DIV_clk_r_REG265_S3
         locationor/u_div_xt/U_DIV_clk_r_REG286_S3
         locationor/u_div_xt/U_DIV_clk_r_REG268_S3
         locationor/u_div_xt/U_DIV_clk_r_REG292_S3
         locationor/u_div_xt/U_DIV_clk_r_REG433_S4
         locationor/u_div_xt/U_DIV_clk_r_REG301_S3
         locationor/u_div_xt/U_DIV_clk_r_REG178_S3
         locationor/u_div_xt/U_DIV_clk_r_REG388_S3
         locationor/u_div_xt/U_DIV_clk_r_REG221_S4
         locationor/u_div_xt/U_DIV_clk_r_REG323_S4
         locationor/u_div_xt/U_DIV_u_add_PartRem_2_4_clk_r_REG426_S3
         locationor/u_div_xt/U_DIV_u_add_PartRem_1_6_clk_r_REG281_S4
         locationor/u_div_xt/U_DIV_u_add_PartRem_1_5_clk_r_REG114_S4
         locationor/u_div_xt/U_DIV_clk_r_REG128_S3
         locationor/u_div_xt/U_DIV_clk_r_REG448_S4
         locationor/u_div_xt/U_DIV_clk_r_REG208_S3
         locationor/u_div_xt/U_DIV_clk_r_REG125_S3
         locationor/u_div_xt/U_DIV_clk_r_REG438_S3
         locationor/u_div_xt/U_DIV_clk_r_REG432_S3
         locationor/u_div_xt/U_DIV_clk_r_REG471_S3
         locationor/u_div_xt/U_DIV_clk_r_REG465_S3
         locationor/u_div_xt/U_DIV_clk_r_REG460_S3
         locationor/u_div_xt/U_DIV_clk_r_REG395_S3
         locationor/u_div_xt/U_DIV_clk_r_REG205_S3
         locationor/u_div_xt/U_DIV_u_add_PartRem_1_6_clk_r_REG484_S4
         locationor/u_div_xt/U_DIV_clk_r_REG423_S3
         locationor/u_div_xt/U_DIV_clk_r_REG137_S3
         locationor/u_div_xt/U_DIV_clk_r_REG217_S3
         locationor/u_div_xt/U_DIV_clk_r_REG458_S3
         locationor/u_div_xt/U_DIV_clk_r_REG256_S3
         locationor/u_div_xt/U_DIV_clk_r_REG420_S3
         locationor/u_div_xt/U_DIV_clk_r_REG357_S3
         locationor/u_div_xt/U_DIV_clk_r_REG443_S3
         locationor/u_div_xt/U_DIV_clk_r_REG382_S4
         locationor/u_div_xt/U_DIV_clk_r_REG387_S3
         locationor/u_div_xt/U_DIV_clk_r_REG239_S4
         locationor/u_div_xt/U_DIV_clk_r_REG337_S3
         locationor/u_div_xt/U_DIV_clk_r_REG175_S3
         locationor/u_div_xt/U_DIV_clk_r_REG479_S3
         locationor/u_div_xt/U_DIV_clk_r_REG134_S3
         locationor/u_div_xt/U_DIV_clk_r_REG214_S3
         locationor/u_div_xt/U_DIV_clk_r_REG332_S4
         locationor/u_div_xt/U_DIV_clk_r_REG290_S4
         locationor/u_div_xt/U_DIV_clk_r_REG296_S4
         locationor/u_div_xt/U_DIV_clk_r_REG155_S3
         locationor/u_div_xt/U_DIV_clk_r_REG241_S3
         locationor/u_div_xt/U_DIV_clk_r_REG242_S4
         locationor/u_div_xt/U_DIV_clk_r_REG152_S3
         locationor/u_div_xt/U_DIV_clk_r_REG372_S4
         locationor/u_div_xt/U_DIV_clk_r_REG199_S3
         locationor/u_div_xt/U_DIV_clk_r_REG328_S3
         locationor/u_div_xt/U_DIV_clk_r_REG181_S3
         locationor/u_div_xt/U_DIV_clk_r_REG182_S4
         locationor/u_div_xt/U_DIV_clk_r_REG340_S3
         locationor/u_div_xt/U_DIV_clk_r_REG341_S4
         locationor/u_div_xt/U_DIV_clk_r_REG179_S4
         locationor/u_div_xt/U_DIV_clk_r_REG259_S3
         locationor/u_div_xt/U_DIV_clk_r_REG304_S3
         locationor/u_div_xt/U_DIV_clk_r_REG334_S3
         locationor/u_div_xt/U_DIV_clk_r_REG435_S3
         locationor/u_div_xt/U_DIV_clk_r_REG119_S4
         locationor/u_div_xt/U_DIV_clk_r_REG325_S3
         locationor/u_div_xt/U_DIV_clk_r_REG202_S3
         locationor/u_div_xt/U_DIV_clk_r_REG343_S3
         locationor/u_div_xt/U_DIV_clk_r_REG468_S3
         locationor/u_div_xt/U_DIV_clk_r_REG331_S3
         locationor/u_div_xt/U_DIV_clk_r_REG229_S3
         locationor/u_div_xt/U_DIV_clk_r_REG474_S3
         locationor/u_div_xt/U_DIV_clk_r_REG302_S4
         locationor/u_div_xt/U_DIV_clk_r_REG295_S3
         locationor/u_div_xt/U_DIV_clk_r_REG271_S3
         locationor/u_div_xt/U_DIV_clk_r_REG352_S3
         locationor/u_div_xt/U_DIV_clk_r_REG156_S4
         locationor/u_div_xt/U_DIV_clk_r_REG187_S3
         locationor/u_div_xt/U_DIV_clk_r_REG218_S4
         locationor/u_div_xt/U_DIV_clk_r_REG230_S4
         locationor/u_div_xt/U_DIV_clk_r_REG260_S4
         locationor/u_div_xt/U_DIV_clk_r_REG322_S3
         locationor/u_div_xt/U_DIV_u_add_PartRem_1_2_clk_r_REG403_S4
         locationor/u_div_xt/U_DIV_u_add_PartRem_0_6_clk_r_REG278_S4
         locationor/u_div_xt/U_DIV_clk_r_REG132_S4
         locationor/u_div_xt/U_DIV_clk_r_REG117_S3
         locationor/u_div_xt/U_DIV_u_add_PartRem_1_1_clk_r_REG411_S4
         locationor/u_div_xt/U_DIV_clk_r_REG226_S3
         locationor/u_div_xt/U_DIV_clk_r_REG480_S4
         locationor/u_div_xt/U_DIV_clk_r_REG135_S4
         locationor/u_div_xt/U_DIV_clk_r_REG224_S4
         locationor/u_div_xt/U_DIV_clk_r_REG472_S4
         locationor/u_div_xt/U_DIV_u_add_PartRem_1_4_clk_r_REG169_S3
         locationor/u_div_xt/U_DIV_clk_r_REG131_S3
         locationor/u_div_xt/U_DIV_clk_r_REG360_S3
         locationor/u_div_xt/U_DIV_clk_r_REG346_S3
         locationor/u_div_xt/U_DIV_clk_r_REG188_S4
         locationor/u_div_xt/U_DIV_clk_r_REG153_S4
         locationor/u_div_xt/U_DIV_clk_r_REG369_S4
         locationor/u_div_xt/U_DIV_clk_r_REG439_S4
         locationor/u_div_xt/U_DIV_clk_r_REG168_S4
         locationor/u_div_xt/U_DIV_clk_r_REG149_S3
         locationor/u_div_xt/U_DIV_clk_r_REG305_S4
         locationor/u_div_xt/U_DIV_clk_r_REG165_S4
         locationor/u_div_xt/U_DIV_clk_r_REG314_S4
         locationor/u_div_xt/U_DIV_clk_r_REG254_S4
         locationor/u_div_xt/U_DIV_clk_r_REG238_S3
         locationor/u_div_xt/U_DIV_clk_r_REG197_S4
         locationor/u_div_xt/U_DIV_clk_r_REG263_S4
         locationor/u_div_xt/U_DIV_clk_r_REG407_S4
         locationor/u_div_xt/U_DIV_clk_r_REG317_S4
         locationor/u_div_xt/U_DIV_clk_r_REG320_S4
         locationor/u_div_xt/U_DIV_clk_r_REG248_S4
         locationor/u_div_xt/U_DIV_clk_r_REG191_S4
         locationor/u_div_xt/U_DIV_clk_r_REG162_S4
         locationor/u_div_xt/U_DIV_clk_r_REG159_S4
         locationor/u_div_xt/U_DIV_clk_r_REG147_S4
         locationor/u_div_xt/U_DIV_clk_r_REG284_S4
         locationor/u_div_xt/U_DIV_clk_r_REG299_S4
         locationor/u_div_xt/U_DIV_clk_r_REG245_S4
         locationor/u_div_xt/U_DIV_u_add_PartRem_0_1_clk_r_REG366_S4
         locationor/u_div_xt/U_DIV_u_add_PartRem_1_2_clk_r_REG402_S3
         locationor/u_div_xt/U_DIV_clk_r_REG150_S4
         locationor/u_div_xt/U_DIV_clk_r_REG144_S4
         locationor/u_div_xt/U_DIV_clk_r_REG477_S4
         locationor/u_div_xt/U_DIV_clk_r_REG371_S3
         locationor/u_div_xt/U_DIV_clk_r_REG410_S3
         locationor/u_div_xt/U_DIV_u_add_PartRem_1_7_clk_r_REG350_S4
         locationor/u_div_xt/U_DIV_clk_r_REG429_S3
         locationor/u_div_xt/U_DIV_clk_r_REG275_S4
         locationor/u_div_xt/U_DIV_clk_r_REG274_S3
         locationor/u_div_xt/U_DIV_u_add_PartRem_1_6_clk_r_REG266_S4
         locationor/u_div_xt/U_DIV_clk_r_REG194_S4
         locationor/u_div_xt/U_DIV_clk_r_REG476_S3
         locationor/u_div_xt/U_DIV_clk_r_REG193_S3

....Inferring feed-through connections....
Information: Test design rule checking completed. (TEST-123)
1
