 
****************************************
Report : Scan path
Design : RFILE
Version: Q-2019.12
Date   : Sun Dec 21 21:54:59 2025
****************************************

========================================
TEST MODE: Internal_scan
VIEW     : Existing DFT
========================================

========================================
AS SPECIFIED BY USER
========================================


========================================
AS BUILT BY insert_dft
========================================

Scan_path     Cell_#    Instance_name            Clocks
---------     ------    -------------            ------
I 1           0         busy_controlor/busy_reg  clk 
              1         cal_distancer/distance_square_A_reg_0_
              2         cal_distancer/distance_square_A_reg_1_
              3         cal_distancer/distance_square_A_reg_2_
              4         cal_distancer/distance_square_A_reg_3_
              5         cal_distancer/distance_square_A_reg_4_
              6         cal_distancer/distance_square_A_reg_5_
              7         cal_distancer/distance_square_A_reg_6_
              8         cal_distancer/distance_square_A_reg_7_
              9         cal_distancer/distance_square_A_reg_8_
              10        cal_distancer/distance_square_A_reg_9_
              11        cal_distancer/distance_square_A_reg_10_
              12        cal_distancer/distance_square_A_reg_11_
              13        cal_distancer/distance_square_A_reg_12_
              14        cal_distancer/distance_square_A_reg_13_
              15        cal_distancer/distance_square_A_reg_14_
              16        cal_distancer/distance_square_A_reg_15_
              17        cal_distancer/distance_square_A_reg_16_
              18        cal_distancer/distance_square_A_reg_17_
              19        cal_distancer/distance_square_A_reg_18_
              20        cal_distancer/distance_square_A_reg_19_
              21        cal_distancer/distance_square_A_reg_20_
              22        cal_distancer/distance_square_A_reg_21_
              23        cal_distancer/distance_square_A_reg_22_
              24        cal_distancer/distance_square_A_reg_23_
              25        cal_distancer/distance_square_A_reg_24_
              26        cal_distancer/distance_square_A_reg_25_
              27        cal_distancer/distance_square_B_reg_0_
              28        cal_distancer/distance_square_B_reg_1_
              29        cal_distancer/distance_square_B_reg_2_
              30        cal_distancer/distance_square_B_reg_3_
              31        cal_distancer/distance_square_B_reg_4_
              32        cal_distancer/distance_square_B_reg_5_
              33        cal_distancer/distance_square_B_reg_6_
              34        cal_distancer/distance_square_B_reg_7_
              35        cal_distancer/distance_square_B_reg_8_
              36        cal_distancer/distance_square_B_reg_9_
              37        cal_distancer/distance_square_B_reg_10_
              38        cal_distancer/distance_square_B_reg_11_
              39        cal_distancer/distance_square_B_reg_12_
              40        cal_distancer/distance_square_B_reg_13_
              41        cal_distancer/distance_square_B_reg_14_
              42        cal_distancer/distance_square_B_reg_15_
              43        cal_distancer/distance_square_B_reg_16_
              44        cal_distancer/distance_square_B_reg_17_
              45        cal_distancer/distance_square_B_reg_18_
              46        cal_distancer/distance_square_B_reg_19_
              47        cal_distancer/distance_square_B_reg_20_
              48        cal_distancer/distance_square_B_reg_21_
              49        cal_distancer/distance_square_B_reg_22_
              50        cal_distancer/distance_square_B_reg_23_
              51        cal_distancer/distance_square_B_reg_24_
              52        cal_distancer/distance_square_B_reg_25_
              53        cal_distancer/distance_square_C_reg_0_
              54        cal_distancer/distance_square_C_reg_1_
              55        cal_distancer/distance_square_C_reg_2_
              56        cal_distancer/distance_square_C_reg_3_
              57        cal_distancer/distance_square_C_reg_4_
              58        cal_distancer/distance_square_C_reg_5_
              59        cal_distancer/distance_square_C_reg_6_
              60        cal_distancer/distance_square_C_reg_7_
              61        cal_distancer/distance_square_C_reg_8_
              62        cal_distancer/distance_square_C_reg_9_
              63        cal_distancer/distance_square_C_reg_10_
              64        cal_distancer/distance_square_C_reg_11_
              65        cal_distancer/distance_square_C_reg_12_
              66        cal_distancer/distance_square_C_reg_13_
              67        cal_distancer/distance_square_C_reg_14_
              68        cal_distancer/distance_square_C_reg_15_
              69        cal_distancer/distance_square_C_reg_16_
              70        cal_distancer/distance_square_C_reg_17_
              71        cal_distancer/distance_square_C_reg_18_
              72        cal_distancer/distance_square_C_reg_19_
              73        cal_distancer/distance_square_C_reg_20_
              74        cal_distancer/distance_square_C_reg_21_
              75        cal_distancer/distance_square_C_reg_22_
              76        cal_distancer/distance_square_C_reg_23_
              77        cal_distancer/distance_square_C_reg_24_
              78        cal_distancer/distance_square_C_reg_25_
              79        caler_exp/exp_float_A_reg_0_
              80        caler_exp/exp_float_A_reg_1_
              81        caler_exp/exp_float_A_reg_2_
              82        caler_exp/exp_float_A_reg_3_
              83        caler_exp/exp_float_A_reg_4_
              84        caler_exp/exp_float_A_reg_5_
              85        caler_exp/exp_float_A_reg_6_
              86        caler_exp/exp_float_A_reg_7_
              87        caler_exp/exp_float_A_reg_8_
              88        caler_exp/exp_float_A_reg_9_
              89        caler_exp/exp_float_A_reg_10_
              90        caler_exp/exp_float_A_reg_11_
              91        caler_exp/exp_float_B_reg_0_
              92        caler_exp/exp_float_B_reg_1_
              93        caler_exp/exp_float_B_reg_2_
              94        caler_exp/exp_float_B_reg_3_
              95        caler_exp/exp_float_B_reg_4_
              96        caler_exp/exp_float_B_reg_5_
              97        caler_exp/exp_float_B_reg_6_
              98        caler_exp/exp_float_B_reg_7_
              99        caler_exp/exp_float_B_reg_8_
              100       caler_exp/exp_float_B_reg_9_
              101       caler_exp/exp_float_B_reg_10_
              102       caler_exp/exp_float_B_reg_11_
              103       caler_exp/exp_float_C_reg_0_
              104       caler_exp/exp_float_C_reg_1_
              105       caler_exp/exp_float_C_reg_2_
              106       caler_exp/exp_float_C_reg_3_
              107       caler_exp/exp_float_C_reg_4_
              108       caler_exp/exp_float_C_reg_5_
              109       caler_exp/exp_float_C_reg_6_
              110       caler_exp/exp_float_C_reg_7_
              111       caler_exp/exp_float_C_reg_8_
              112       caler_exp/exp_float_C_reg_9_
              113       caler_exp/exp_float_C_reg_10_
              114       caler_exp/exp_float_C_reg_11_
              115       caler_exp/exp_int_A_reg_0_
              116       caler_exp/exp_int_A_reg_1_
              117       caler_exp/exp_int_B_reg_0_
              118       caler_exp/exp_int_B_reg_1_
              119       caler_exp/exp_int_C_reg_0_
              120       caler_exp/exp_int_C_reg_1_
              121       complementer/ab_com_rssiA_reg_0_
              122       complementer/ab_com_rssiA_reg_1_
              123       complementer/ab_com_rssiA_reg_2_
              124       complementer/ab_com_rssiA_reg_3_
              125       complementer/ab_com_rssiA_reg_4_
              126       complementer/ab_com_rssiA_reg_5_
              127       complementer/ab_com_rssiA_reg_6_
              128       complementer/ab_com_rssiA_reg_7_
              129       complementer/ab_com_rssiA_reg_8_
              130       complementer/ab_com_rssiA_reg_9_
              131       complementer/ab_com_rssiA_reg_10_
              132       complementer/ab_com_rssiA_reg_11_
              133       complementer/ab_com_rssiA_reg_12_
              134       complementer/ab_com_rssiA_reg_13_
              135       complementer/ab_com_rssiA_reg_14_
              136       complementer/ab_com_rssiA_reg_15_
              137       complementer/ab_com_rssiA_reg_16_
              138       complementer/ab_com_rssiA_reg_17_
              139       complementer/ab_com_rssiA_reg_18_
              140       complementer/ab_com_rssiA_reg_19_
              141       complementer/ab_com_rssiB_reg_0_
              142       complementer/ab_com_rssiB_reg_1_
              143       complementer/ab_com_rssiB_reg_2_
              144       complementer/ab_com_rssiB_reg_3_
              145       complementer/ab_com_rssiB_reg_4_
              146       complementer/ab_com_rssiB_reg_5_
              147       complementer/ab_com_rssiB_reg_6_
              148       complementer/ab_com_rssiB_reg_7_
              149       complementer/ab_com_rssiB_reg_8_
              150       complementer/ab_com_rssiB_reg_9_
              151       complementer/ab_com_rssiB_reg_10_
              152       complementer/ab_com_rssiB_reg_11_
              153       complementer/ab_com_rssiB_reg_12_
              154       complementer/ab_com_rssiB_reg_13_
              155       complementer/ab_com_rssiB_reg_14_
              156       complementer/ab_com_rssiB_reg_15_
              157       complementer/ab_com_rssiB_reg_16_
              158       complementer/ab_com_rssiB_reg_17_
              159       complementer/ab_com_rssiB_reg_18_
              160       complementer/ab_com_rssiB_reg_19_
              161       complementer/ab_com_rssiC_reg_0_
              162       complementer/ab_com_rssiC_reg_1_
              163       complementer/ab_com_rssiC_reg_2_
              164       complementer/ab_com_rssiC_reg_3_
              165       complementer/ab_com_rssiC_reg_4_
              166       complementer/ab_com_rssiC_reg_5_
              167       complementer/ab_com_rssiC_reg_6_
              168       complementer/ab_com_rssiC_reg_7_
              169       complementer/ab_com_rssiC_reg_8_
              170       complementer/ab_com_rssiC_reg_9_
              171       complementer/ab_com_rssiC_reg_10_
              172       complementer/ab_com_rssiC_reg_11_
              173       complementer/ab_com_rssiC_reg_12_
              174       complementer/ab_com_rssiC_reg_13_
              175       complementer/ab_com_rssiC_reg_14_
              176       complementer/ab_com_rssiC_reg_15_
              177       complementer/ab_com_rssiC_reg_16_
              178       complementer/ab_com_rssiC_reg_17_
              179       complementer/ab_com_rssiC_reg_18_
              180       complementer/ab_com_rssiC_reg_19_
              181       constant_calculater/half_delta1_reg_0_
              182       constant_calculater/half_delta1_reg_1_
              183       constant_calculater/half_delta1_reg_2_
              184       constant_calculater/half_delta1_reg_3_
              185       constant_calculater/half_delta1_reg_4_
              186       constant_calculater/half_delta1_reg_5_
              187       constant_calculater/half_delta1_reg_6_
              188       constant_calculater/half_delta1_reg_7_
              189       constant_calculater/half_delta1_reg_8_
              190       constant_calculater/half_delta1_reg_9_
              191       constant_calculater/half_delta1_reg_10_
              192       constant_calculater/half_delta1_reg_11_
              193       constant_calculater/half_delta1_reg_12_
              194       constant_calculater/half_delta1_reg_13_
              195       constant_calculater/half_delta1_reg_14_
              196       constant_calculater/half_delta1_reg_15_
              197       constant_calculater/half_delta2_reg_0_
              198       constant_calculater/half_delta2_reg_1_
              199       constant_calculater/half_delta2_reg_2_
              200       constant_calculater/half_delta2_reg_3_
              201       constant_calculater/half_delta2_reg_4_
              202       constant_calculater/half_delta2_reg_5_
              203       constant_calculater/half_delta2_reg_6_
              204       constant_calculater/half_delta2_reg_7_
              205       constant_calculater/half_delta2_reg_8_
              206       constant_calculater/half_delta2_reg_9_
              207       constant_calculater/half_delta2_reg_10_
              208       constant_calculater/half_delta2_reg_11_
              209       constant_calculater/half_delta2_reg_12_
              210       constant_calculater/half_delta2_reg_13_
              211       constant_calculater/half_delta2_reg_14_
              212       constant_calculater/half_delta2_reg_15_
              213       constant_calculater/square_sensor_A_X_reg_0_
              214       constant_calculater/square_sensor_A_X_reg_2_
              215       constant_calculater/square_sensor_A_X_reg_3_
              216       constant_calculater/square_sensor_A_X_reg_4_
              217       constant_calculater/square_sensor_A_X_reg_5_
              218       constant_calculater/square_sensor_A_X_reg_6_
              219       constant_calculater/square_sensor_A_X_reg_7_
              220       constant_calculater/square_sensor_A_X_reg_8_
              221       constant_calculater/square_sensor_A_X_reg_9_
              222       constant_calculater/square_sensor_A_X_reg_10_
              223       constant_calculater/square_sensor_A_X_reg_11_
              224       constant_calculater/square_sensor_A_X_reg_12_
              225       constant_calculater/square_sensor_A_X_reg_13_
              226       constant_calculater/square_sensor_A_X_reg_14_
              227       constant_calculater/square_sensor_A_X_reg_15_
              228       constant_calculater/square_sensor_A_Y_reg_0_
              229       constant_calculater/square_sensor_A_Y_reg_2_
              230       constant_calculater/square_sensor_A_Y_reg_3_
              231       constant_calculater/square_sensor_A_Y_reg_4_
              232       constant_calculater/square_sensor_A_Y_reg_5_
              233       constant_calculater/square_sensor_A_Y_reg_6_
              234       constant_calculater/square_sensor_A_Y_reg_7_
              235       constant_calculater/square_sensor_A_Y_reg_8_
              236       constant_calculater/square_sensor_A_Y_reg_9_
              237       constant_calculater/square_sensor_A_Y_reg_10_
              238       constant_calculater/square_sensor_A_Y_reg_11_
              239       constant_calculater/square_sensor_A_Y_reg_12_
              240       constant_calculater/square_sensor_A_Y_reg_13_
              241       constant_calculater/square_sensor_A_Y_reg_14_
              242       constant_calculater/square_sensor_A_Y_reg_15_
              243       constant_calculater/square_sensor_B_X_reg_0_
              244       constant_calculater/square_sensor_B_X_reg_2_
              245       constant_calculater/square_sensor_B_X_reg_3_
              246       constant_calculater/square_sensor_B_X_reg_4_
              247       constant_calculater/square_sensor_B_X_reg_5_
              248       constant_calculater/square_sensor_B_X_reg_6_
              249       constant_calculater/square_sensor_B_X_reg_7_
              250       constant_calculater/square_sensor_B_X_reg_8_
              251       constant_calculater/square_sensor_B_X_reg_9_
              252       constant_calculater/square_sensor_B_X_reg_10_
              253       constant_calculater/square_sensor_B_X_reg_11_
              254       constant_calculater/square_sensor_B_X_reg_12_
              255       constant_calculater/square_sensor_B_X_reg_13_
              256       constant_calculater/square_sensor_B_X_reg_14_
              257       constant_calculater/square_sensor_B_X_reg_15_
              258       constant_calculater/square_sensor_B_Y_reg_0_
              259       constant_calculater/square_sensor_B_Y_reg_2_
              260       constant_calculater/square_sensor_B_Y_reg_3_
              261       constant_calculater/square_sensor_B_Y_reg_4_
              262       constant_calculater/square_sensor_B_Y_reg_5_
              263       constant_calculater/square_sensor_B_Y_reg_6_
              264       constant_calculater/square_sensor_B_Y_reg_7_
              265       constant_calculater/square_sensor_B_Y_reg_8_
              266       constant_calculater/square_sensor_B_Y_reg_9_
              267       constant_calculater/square_sensor_B_Y_reg_10_
              268       constant_calculater/square_sensor_B_Y_reg_11_
              269       constant_calculater/square_sensor_B_Y_reg_12_
              270       constant_calculater/square_sensor_B_Y_reg_13_
              271       constant_calculater/square_sensor_B_Y_reg_14_
              272       constant_calculater/square_sensor_B_Y_reg_15_
              273       constant_calculater/square_sensor_C_X_reg_0_
              274       constant_calculater/square_sensor_C_X_reg_2_
              275       constant_calculater/square_sensor_C_X_reg_3_
              276       constant_calculater/square_sensor_C_X_reg_4_
              277       constant_calculater/square_sensor_C_X_reg_5_
              278       constant_calculater/square_sensor_C_X_reg_6_
              279       constant_calculater/square_sensor_C_X_reg_7_
              280       constant_calculater/square_sensor_C_X_reg_8_
              281       constant_calculater/square_sensor_C_X_reg_9_
              282       constant_calculater/square_sensor_C_X_reg_10_
              283       constant_calculater/square_sensor_C_X_reg_11_
              284       constant_calculater/square_sensor_C_X_reg_12_
              285       constant_calculater/square_sensor_C_X_reg_13_
              286       constant_calculater/square_sensor_C_X_reg_14_
              287       constant_calculater/square_sensor_C_X_reg_15_
              288       constant_calculater/square_sensor_C_Y_reg_0_
              289       constant_calculater/square_sensor_C_Y_reg_2_
              290       constant_calculater/square_sensor_C_Y_reg_3_
              291       constant_calculater/square_sensor_C_Y_reg_4_
              292       constant_calculater/square_sensor_C_Y_reg_5_
              293       constant_calculater/square_sensor_C_Y_reg_6_
              294       constant_calculater/square_sensor_C_Y_reg_7_
              295       constant_calculater/square_sensor_C_Y_reg_8_
              296       constant_calculater/square_sensor_C_Y_reg_9_
              297       constant_calculater/square_sensor_C_Y_reg_10_
              298       constant_calculater/square_sensor_C_Y_reg_11_
              299       constant_calculater/square_sensor_C_Y_reg_12_
              300       constant_calculater/square_sensor_C_Y_reg_13_
              301       constant_calculater/square_sensor_C_Y_reg_14_
              302       constant_calculater/square_sensor_C_Y_reg_15_
              303       constant_calculater/x_delta_ba_reg_0_
              304       constant_calculater/x_delta_ba_reg_1_
              305       constant_calculater/x_delta_ba_reg_2_
              306       constant_calculater/x_delta_ba_reg_3_
              307       constant_calculater/x_delta_ba_reg_4_
              308       constant_calculater/x_delta_ba_reg_5_
              309       constant_calculater/x_delta_ba_reg_6_
              310       constant_calculater/x_delta_ba_reg_7_
              311       constant_calculater/x_delta_ca_reg_0_
              312       constant_calculater/x_delta_ca_reg_1_
              313       constant_calculater/x_delta_ca_reg_2_
              314       constant_calculater/x_delta_ca_reg_3_
              315       constant_calculater/x_delta_ca_reg_4_
              316       constant_calculater/x_delta_ca_reg_5_
              317       constant_calculater/x_delta_ca_reg_6_
              318       constant_calculater/x_delta_ca_reg_7_
              319       constant_calculater/y_delta_ba_reg_0_
              320       constant_calculater/y_delta_ba_reg_1_
              321       constant_calculater/y_delta_ba_reg_2_
              322       constant_calculater/y_delta_ba_reg_3_
              323       constant_calculater/y_delta_ba_reg_4_
              324       constant_calculater/y_delta_ba_reg_5_
              325       constant_calculater/y_delta_ba_reg_6_
              326       constant_calculater/y_delta_ba_reg_7_
              327       constant_calculater/y_delta_ca_reg_0_
              328       constant_calculater/y_delta_ca_reg_1_
              329       constant_calculater/y_delta_ca_reg_2_
              330       constant_calculater/y_delta_ca_reg_3_
              331       constant_calculater/y_delta_ca_reg_4_
              332       constant_calculater/y_delta_ca_reg_5_
              333       constant_calculater/y_delta_ca_reg_6_
              334       constant_calculater/y_delta_ca_reg_7_
              335       counter_tester/count_reg_0_
              336       counter_tester/count_reg_1_
              337       counter_tester/count_reg_2_
              338       counter_tester/count_reg_3_
              339       locationor/u_div_xt/U_DIV_R_1_clk_r_REG486_S4
              340       locationor/u_div_xt/U_DIV_clk_r_REG4_S2
              341       locationor/u_div_xt/U_DIV_clk_r_REG5_S3
              342       locationor/u_div_xt/U_DIV_clk_r_REG6_S4
              343       locationor/u_div_xt/U_DIV_clk_r_REG7_S4
              344       locationor/u_div_xt/U_DIV_clk_r_REG8_S4
              345       locationor/u_div_xt/U_DIV_clk_r_REG9_S4
              346       locationor/u_div_xt/U_DIV_clk_r_REG10_S4
              347       locationor/u_div_xt/U_DIV_clk_r_REG11_S4
              348       locationor/u_div_xt/U_DIV_clk_r_REG12_S4
              349       locationor/u_div_xt/U_DIV_clk_r_REG13_S4
              350       locationor/u_div_xt/U_DIV_clk_r_REG14_S4
              351       locationor/u_div_xt/U_DIV_clk_r_REG15_S4
              352       locationor/u_div_xt/U_DIV_clk_r_REG16_S4
              353       locationor/u_div_xt/U_DIV_clk_r_REG17_S4
              354       locationor/u_div_xt/U_DIV_clk_r_REG18_S4
              355       locationor/u_div_xt/U_DIV_clk_r_REG19_S4
              356       locationor/u_div_xt/U_DIV_clk_r_REG20_S4
              357       locationor/u_div_xt/U_DIV_clk_r_REG21_S4
              358       locationor/u_div_xt/U_DIV_clk_r_REG22_S4
              359       locationor/u_div_xt/U_DIV_clk_r_REG23_S4
              360       locationor/u_div_xt/U_DIV_clk_r_REG24_S4
              361       locationor/u_div_xt/U_DIV_clk_r_REG25_S3
              362       locationor/u_div_xt/U_DIV_clk_r_REG26_S3
              363       locationor/u_div_xt/U_DIV_clk_r_REG27_S3
              364       locationor/u_div_xt/U_DIV_clk_r_REG28_S3
              365       locationor/u_div_xt/U_DIV_clk_r_REG29_S3
              366       locationor/u_div_xt/U_DIV_clk_r_REG30_S3
              367       locationor/u_div_xt/U_DIV_clk_r_REG31_S3
              368       locationor/u_div_xt/U_DIV_clk_r_REG32_S3
              369       locationor/u_div_xt/U_DIV_clk_r_REG33_S3
              370       locationor/u_div_xt/U_DIV_clk_r_REG34_S3
              371       locationor/u_div_xt/U_DIV_clk_r_REG35_S3
              372       locationor/u_div_xt/U_DIV_clk_r_REG36_S3
              373       locationor/u_div_xt/U_DIV_clk_r_REG37_S3
              374       locationor/u_div_xt/U_DIV_clk_r_REG38_S3
              375       locationor/u_div_xt/U_DIV_clk_r_REG39_S2
              376       locationor/u_div_xt/U_DIV_clk_r_REG40_S2
              377       locationor/u_div_xt/U_DIV_clk_r_REG41_S2
              378       locationor/u_div_xt/U_DIV_clk_r_REG42_S2
              379       locationor/u_div_xt/U_DIV_clk_r_REG43_S2
              380       locationor/u_div_xt/U_DIV_clk_r_REG48_S2
              381       locationor/u_div_xt/U_DIV_clk_r_REG59_S2
              382       locationor/u_div_xt/U_DIV_clk_r_REG60_S2
              383       locationor/u_div_xt/U_DIV_clk_r_REG68_S2
              384       locationor/u_div_xt/U_DIV_clk_r_REG69_S2
              385       locationor/u_div_xt/U_DIV_clk_r_REG76_S2
              386       locationor/u_div_xt/U_DIV_clk_r_REG110_S2
              387       locationor/u_div_xt/U_DIV_clk_r_REG115_S3
              388       locationor/u_div_xt/U_DIV_clk_r_REG120_S4
              389       locationor/u_div_xt/U_DIV_clk_r_REG121_S4
              390       locationor/u_div_xt/U_DIV_clk_r_REG354_S2
              391       locationor/u_div_xt/U_DIV_clk_r_REG373_S2
              392       locationor/u_div_xt/U_DIV_clk_r_REG378_S2
              393       locationor/u_div_xt/U_DIV_clk_r_REG379_S3
              394       locationor/u_div_xt/U_DIV_clk_r_REG389_S4
              395       locationor/u_div_xt/U_DIV_clk_r_REG390_S4
              396       locationor/u_div_xt/U_DIV_clk_r_REG391_S2
              397       locationor/u_div_xt/U_DIV_clk_r_REG397_S4
              398       locationor/u_div_xt/U_DIV_clk_r_REG398_S4
              399       locationor/u_div_xt/U_DIV_clk_r_REG399_S2
              400       locationor/u_div_xt/U_DIV_clk_r_REG400_S2
              401       locationor/u_div_xt/U_DIV_clk_r_REG408_S2
              402       locationor/u_div_xt/U_DIV_clk_r_REG416_S2
              403       locationor/u_div_xt/U_DIV_clk_r_REG417_S2
              404       locationor/u_div_xt/U_DIV_clk_r_REG427_S2
              405       locationor/u_div_xt/U_DIV_clk_r_REG441_S2
              406       locationor/u_div_xt/U_DIV_clk_r_REG449_S2
              407       locationor/u_div_xt/U_DIV_clk_r_REG454_S3
              408       locationor/u_div_xt/U_DIV_clk_r_REG461_S4
              409       locationor/u_div_xt/U_DIV_clk_r_REG463_S2
              410       locationor/u_div_xt/U_DIV_u_add_PartRem_0_1_clk_r_REG52_S4
              411       locationor/u_div_xt/U_DIV_u_add_PartRem_0_1_clk_r_REG418_S3
              412       locationor/u_div_xt/U_DIV_u_add_PartRem_0_2_clk_r_REG380_S4
              413       locationor/u_div_xt/U_DIV_u_add_PartRem_0_6_clk_r_REG53_S4
              414       locationor/u_div_xt/U_DIV_u_add_PartRem_1_1_clk_r_REG462_S4
              415       locationor/u_div_xt/U_DIV_u_add_PartRem_1_2_clk_r_REG455_S4
              416       locationor/u_div_xt/U_DIV_u_add_PartRem_2_4_clk_r_REG355_S3
              417       locationor/u_div_xt/U_DIV_u_add_PartRem_3_1_clk_r_REG392_S3
              418       locationor/u_div_xt/U_DIV_u_add_PartRem_3_4_clk_r_REG377_S3
              419       locationor/u_div_xt/U_DIV_u_add_PartRem_4_4_clk_r_REG440_S2
              420       locationor/u_div_xt/U_DIV_u_add_PartRem_4_4_clk_r_REG481_S2
              421       locationor/u_div_xt/U_DIV_u_add_PartRem_5_3_clk_r_REG107_S2
              422       locationor/u_div_xt/clk_r_REG0_S1
              423       locationor/u_div_xt/clk_r_REG79_S1
              424       locationor/u_div_xt/clk_r_REG80_S1
              425       locationor/u_div_xt/clk_r_REG81_S1
              426       locationor/u_div_xt/clk_r_REG82_S1
              427       locationor/u_div_xt/clk_r_REG83_S1
              428       locationor/u_div_xt/clk_r_REG84_S1
              429       locationor/u_div_xt/clk_r_REG85_S1
              430       locationor/u_div_xt/clk_r_REG86_S1
              431       locationor/u_div_xt/clk_r_REG87_S1
              432       locationor/u_div_xt/clk_r_REG88_S1
              433       locationor/u_div_xt/clk_r_REG89_S1
              434       locationor/u_div_xt/clk_r_REG90_S1
              435       locationor/u_div_xt/clk_r_REG91_S1
              436       locationor/u_div_xt/clk_r_REG92_S1
              437       locationor/u_div_xt/clk_r_REG93_S1
              438       locationor/u_div_xt/clk_r_REG94_S1
              439       locationor/u_div_xt/clk_r_REG95_S1
              440       locationor/u_div_xt/clk_r_REG96_S1
              441       locationor/u_div_xt/clk_r_REG97_S1
              442       locationor/u_div_xt/clk_r_REG98_S1
              443       locationor/u_div_xt/clk_r_REG99_S1
              444       locationor/u_div_xt/clk_r_REG100_S1
              445       locationor/u_div_xt/clk_r_REG487_S1
              446       locationor/u_div_xt/clk_r_REG488_S1
              447       locationor/u_div_xt/clk_r_REG489_S1
              448       locationor/u_div_xt/clk_r_REG490_S1
              449       locationor/u_div_xt/clk_r_REG491_S1
              450       locationor/u_div_xt/clk_r_REG492_S1
              451       locationor/u_div_xt/clk_r_REG493_S1
              452       locationor/u_div_xt/clk_r_REG494_S1
              453       locationor/u_div_xt/clk_r_REG495_S1
              454       locationor/u_div_xt/clk_r_REG496_S1
              455       locationor/u_div_xt/clk_r_REG497_S1
              456       locationor/u_div_xt/clk_r_REG498_S1
              457       locationor/u_div_xt/clk_r_REG499_S1
              458       locationor/u_div_xt/clk_r_REG500_S1
              459       locationor/u_div_xt/clk_r_REG501_S1
              460       locationor/u_div_yt/U_DIV_R_0_clk_r_REG505_S4
              461       locationor/u_div_yt/U_DIV_clk_r_REG6_S4
              462       locationor/u_div_yt/U_DIV_clk_r_REG7_S4
              463       locationor/u_div_yt/U_DIV_clk_r_REG8_S4
              464       locationor/u_div_yt/U_DIV_clk_r_REG9_S4
              465       locationor/u_div_yt/U_DIV_clk_r_REG10_S4
              466       locationor/u_div_yt/U_DIV_clk_r_REG11_S4
              467       locationor/u_div_yt/U_DIV_clk_r_REG12_S4
              468       locationor/u_div_yt/U_DIV_clk_r_REG13_S4
              469       locationor/u_div_yt/U_DIV_clk_r_REG14_S4
              470       locationor/u_div_yt/U_DIV_clk_r_REG15_S4
              471       locationor/u_div_yt/U_DIV_clk_r_REG16_S4
              472       locationor/u_div_yt/U_DIV_clk_r_REG17_S4
              473       locationor/u_div_yt/U_DIV_clk_r_REG18_S4
              474       locationor/u_div_yt/U_DIV_clk_r_REG19_S4
              475       locationor/u_div_yt/U_DIV_clk_r_REG20_S4
              476       locationor/u_div_yt/U_DIV_clk_r_REG21_S4
              477       locationor/u_div_yt/U_DIV_clk_r_REG22_S4
              478       locationor/u_div_yt/U_DIV_clk_r_REG23_S4
              479       locationor/u_div_yt/U_DIV_clk_r_REG24_S4
              480       locationor/u_div_yt/U_DIV_clk_r_REG25_S2
              481       locationor/u_div_yt/U_DIV_clk_r_REG26_S3
              482       locationor/u_div_yt/U_DIV_clk_r_REG27_S3
              483       locationor/u_div_yt/U_DIV_clk_r_REG28_S3
              484       locationor/u_div_yt/U_DIV_clk_r_REG29_S3
              485       locationor/u_div_yt/U_DIV_clk_r_REG30_S3
              486       locationor/u_div_yt/U_DIV_clk_r_REG31_S3
              487       locationor/u_div_yt/U_DIV_clk_r_REG32_S3
              488       locationor/u_div_yt/U_DIV_clk_r_REG33_S3
              489       locationor/u_div_yt/U_DIV_clk_r_REG34_S3
              490       locationor/u_div_yt/U_DIV_clk_r_REG35_S3
              491       locationor/u_div_yt/U_DIV_clk_r_REG36_S3
              492       locationor/u_div_yt/U_DIV_clk_r_REG37_S3
              493       locationor/u_div_yt/U_DIV_clk_r_REG38_S3
              494       locationor/u_div_yt/U_DIV_clk_r_REG39_S3
              495       locationor/u_div_yt/U_DIV_clk_r_REG40_S3
              496       locationor/u_div_yt/U_DIV_clk_r_REG41_S2
              497       locationor/u_div_yt/U_DIV_clk_r_REG42_S2
              498       locationor/u_div_yt/U_DIV_clk_r_REG43_S2
              499       locationor/u_div_yt/U_DIV_clk_r_REG44_S2
              500       locationor/u_div_yt/U_DIV_clk_r_REG45_S2
              501       locationor/u_div_yt/U_DIV_clk_r_REG51_S2
              502       locationor/u_div_yt/U_DIV_clk_r_REG68_S2
              503       locationor/u_div_yt/U_DIV_clk_r_REG71_S2
              504       locationor/u_div_yt/U_DIV_clk_r_REG72_S2
              505       locationor/u_div_yt/U_DIV_clk_r_REG76_S2
              506       locationor/u_div_yt/U_DIV_clk_r_REG80_S2
              507       locationor/u_div_yt/U_DIV_clk_r_REG111_S2
              508       locationor/u_div_yt/U_DIV_clk_r_REG117_S2
              509       locationor/u_div_yt/U_DIV_clk_r_REG120_S3
              510       locationor/u_div_yt/U_DIV_clk_r_REG122_S3
              511       locationor/u_div_yt/U_DIV_clk_r_REG128_S4
              512       locationor/u_div_yt/U_DIV_clk_r_REG129_S4
              513       locationor/u_div_yt/U_DIV_clk_r_REG135_S2
              514       locationor/u_div_yt/U_DIV_clk_r_REG137_S2
              515       locationor/u_div_yt/U_DIV_clk_r_REG366_S2
              516       locationor/u_div_yt/U_DIV_clk_r_REG373_S2
              517       locationor/u_div_yt/U_DIV_clk_r_REG384_S2
              518       locationor/u_div_yt/U_DIV_clk_r_REG388_S2
              519       locationor/u_div_yt/U_DIV_clk_r_REG400_S4
              520       locationor/u_div_yt/U_DIV_clk_r_REG401_S4
              521       locationor/u_div_yt/U_DIV_clk_r_REG402_S2
              522       locationor/u_div_yt/U_DIV_clk_r_REG414_S2
              523       locationor/u_div_yt/U_DIV_clk_r_REG418_S3
              524       locationor/u_div_yt/U_DIV_clk_r_REG422_S2
              525       locationor/u_div_yt/U_DIV_clk_r_REG430_S2
              526       locationor/u_div_yt/U_DIV_clk_r_REG431_S2
              527       locationor/u_div_yt/U_DIV_clk_r_REG459_S2
              528       locationor/u_div_yt/U_DIV_clk_r_REG469_S2
              529       locationor/u_div_yt/U_DIV_clk_r_REG470_S3
              530       locationor/u_div_yt/U_DIV_clk_r_REG481_S4
              531       locationor/u_div_yt/U_DIV_clk_r_REG483_S2
              532       locationor/u_div_yt/U_DIV_clk_r_REG493_S2
              533       locationor/u_div_yt/U_DIV_clk_r_REG499_S3
              534       locationor/u_div_yt/U_DIV_clk_r_REG500_S2
              535       locationor/u_div_yt/U_DIV_u_add_PartRem_0_1_clk_r_REG55_S4
              536       locationor/u_div_yt/U_DIV_u_add_PartRem_0_1_clk_r_REG432_S3
              537       locationor/u_div_yt/U_DIV_u_add_PartRem_0_2_clk_r_REG419_S4
              538       locationor/u_div_yt/U_DIV_u_add_PartRem_0_2_clk_r_REG471_S4
              539       locationor/u_div_yt/U_DIV_u_add_PartRem_0_6_clk_r_REG56_S4
              540       locationor/u_div_yt/U_DIV_u_add_PartRem_1_1_clk_r_REG482_S4
              541       locationor/u_div_yt/U_DIV_u_add_PartRem_1_3_clk_r_REG121_S4
              542       locationor/u_div_yt/U_DIV_u_add_PartRem_1_4_clk_r_REG134_S4
              543       locationor/u_div_yt/U_DIV_u_add_PartRem_1_7_clk_r_REG123_S4
              544       locationor/u_div_yt/U_DIV_u_add_PartRem_3_1_clk_r_REG403_S3
              545       locationor/u_div_yt/U_DIV_u_add_PartRem_3_2_clk_r_REG136_S3
              546       locationor/u_div_yt/U_DIV_u_add_PartRem_3_3_clk_r_REG112_S3
              547       locationor/u_div_yt/U_DIV_u_add_PartRem_5_3_clk_r_REG116_S2
              548       locationor/u_div_yt/U_DIV_u_add_PartRem_5_4_clk_r_REG377_S2
              549       locationor/u_div_yt/U_DIV_u_add_PartRem_5_4_clk_r_REG404_S2
              550       locationor/u_div_yt/clk_r_REG0_S1
              551       locationor/u_div_yt/clk_r_REG83_S1
              552       locationor/u_div_yt/clk_r_REG84_S1
              553       locationor/u_div_yt/clk_r_REG85_S1
              554       locationor/u_div_yt/clk_r_REG86_S1
              555       locationor/u_div_yt/clk_r_REG87_S1
              556       locationor/u_div_yt/clk_r_REG88_S1
              557       locationor/u_div_yt/clk_r_REG89_S1
              558       locationor/u_div_yt/clk_r_REG90_S1
              559       locationor/u_div_yt/clk_r_REG91_S1
              560       locationor/u_div_yt/clk_r_REG92_S1
              561       locationor/u_div_yt/clk_r_REG93_S1
              562       locationor/u_div_yt/clk_r_REG94_S1
              563       locationor/u_div_yt/clk_r_REG95_S1
              564       locationor/u_div_yt/clk_r_REG96_S1
              565       locationor/u_div_yt/clk_r_REG97_S1
              566       locationor/u_div_yt/clk_r_REG98_S1
              567       locationor/u_div_yt/clk_r_REG99_S1
              568       locationor/u_div_yt/clk_r_REG100_S1
              569       locationor/u_div_yt/clk_r_REG101_S1
              570       locationor/u_div_yt/clk_r_REG102_S1
              571       locationor/u_div_yt/clk_r_REG103_S1
              572       locationor/u_div_yt/clk_r_REG104_S1
              573       locationor/u_div_yt/clk_r_REG506_S1
              574       locationor/u_div_yt/clk_r_REG507_S1
              575       locationor/u_div_yt/clk_r_REG508_S1
              576       locationor/u_div_yt/clk_r_REG509_S1
              577       locationor/u_div_yt/clk_r_REG510_S1
              578       locationor/u_div_yt/clk_r_REG511_S1
              579       locationor/u_div_yt/clk_r_REG512_S1
              580       locationor/u_div_yt/clk_r_REG513_S1
              581       locationor/u_div_yt/clk_r_REG514_S1
              582       locationor/u_div_yt/clk_r_REG515_S1
              583       locationor/u_div_yt/clk_r_REG516_S1
              584       locationor/u_div_yt/clk_r_REG517_S1
              585       locationor/u_div_yt/clk_r_REG518_S1
              586       locationor/u_div_yt/clk_r_REG519_S1
              587       locationor/u_div_yt/clk_r_REG520_S1
              588       locationor/xt_reg_0_
              589       locationor/xt_reg_1_
              590       locationor/xt_reg_2_
              591       locationor/xt_reg_3_
              592       locationor/xt_reg_4_
              593       locationor/xt_reg_5_
              594       locationor/xt_reg_6_
              595       locationor/xt_reg_7_
              596       locationor/yt_reg_0_
              597       locationor/yt_reg_1_
              598       locationor/yt_reg_2_
              599       locationor/yt_reg_3_
              600       locationor/yt_reg_4_
              601       locationor/yt_reg_5_
              602       locationor/yt_reg_6_
              603       locationor/yt_reg_7_
              604       locationor/u_div_xt/U_DIV_clk_r_REG1_S2
              605       locationor/u_div_xt/U_DIV_clk_r_REG2_S3
              606       locationor/u_div_xt/U_DIV_clk_r_REG44_S2
              607       locationor/u_div_xt/U_DIV_clk_r_REG45_S3
              608       locationor/u_div_xt/U_DIV_clk_r_REG46_S2
              609       locationor/u_div_xt/U_DIV_clk_r_REG47_S3
              610       locationor/u_div_xt/U_DIV_clk_r_REG49_S2
              611       locationor/u_div_xt/U_DIV_clk_r_REG50_S3
              612       locationor/u_div_xt/U_DIV_clk_r_REG51_S4
              613       locationor/u_div_xt/U_DIV_clk_r_REG54_S2
              614       locationor/u_div_xt/U_DIV_clk_r_REG55_S3
              615       locationor/u_div_xt/U_DIV_clk_r_REG56_S2
              616       locationor/u_div_xt/U_DIV_clk_r_REG57_S3
              617       locationor/u_div_xt/U_DIV_clk_r_REG58_S4
              618       locationor/u_div_xt/U_DIV_clk_r_REG61_S2
              619       locationor/u_div_xt/U_DIV_clk_r_REG62_S3
              620       locationor/u_div_xt/U_DIV_clk_r_REG63_S4
              621       locationor/u_div_xt/U_DIV_clk_r_REG64_S2
              622       locationor/u_div_xt/U_DIV_clk_r_REG65_S3
              623       locationor/u_div_xt/U_DIV_clk_r_REG66_S2
              624       locationor/u_div_xt/U_DIV_clk_r_REG67_S3
              625       locationor/u_div_xt/U_DIV_clk_r_REG70_S2
              626       locationor/u_div_xt/U_DIV_clk_r_REG71_S3
              627       locationor/u_div_xt/U_DIV_clk_r_REG72_S4
              628       locationor/u_div_xt/U_DIV_clk_r_REG73_S2
              629       locationor/u_div_xt/U_DIV_clk_r_REG74_S3
              630       locationor/u_div_xt/U_DIV_clk_r_REG75_S4
              631       locationor/u_div_xt/U_DIV_clk_r_REG77_S2
              632       locationor/u_div_xt/U_DIV_clk_r_REG78_S3
              633       locationor/u_div_xt/U_DIV_clk_r_REG108_S2
              634       locationor/u_div_xt/U_DIV_clk_r_REG109_S3
              635       locationor/u_div_xt/U_DIV_clk_r_REG111_S2
              636       locationor/u_div_xt/U_DIV_clk_r_REG112_S3
              637       locationor/u_div_xt/U_DIV_clk_r_REG116_S2
              638       locationor/u_div_xt/U_DIV_clk_r_REG117_S3
              639       locationor/u_div_xt/U_DIV_clk_r_REG118_S3
              640       locationor/u_div_xt/U_DIV_clk_r_REG119_S4
              641       locationor/u_div_xt/U_DIV_clk_r_REG122_S2
              642       locationor/u_div_xt/U_DIV_clk_r_REG123_S3
              643       locationor/u_div_xt/U_DIV_clk_r_REG124_S2
              644       locationor/u_div_xt/U_DIV_clk_r_REG125_S3
              645       locationor/u_div_xt/U_DIV_clk_r_REG126_S4
              646       locationor/u_div_xt/U_DIV_clk_r_REG127_S2
              647       locationor/u_div_xt/U_DIV_clk_r_REG128_S3
              648       locationor/u_div_xt/U_DIV_clk_r_REG129_S2
              649       locationor/u_div_xt/U_DIV_u_add_PartRem_1_4_clk_r_REG169_S3
              650       locationor/u_div_xt/U_DIV_u_add_PartRem_1_4_clk_r_REG170_S4
              651       locationor/u_div_xt/U_DIV_clk_r_REG130_S2
              652       locationor/u_div_xt/U_DIV_clk_r_REG131_S3
              653       locationor/u_div_xt/U_DIV_clk_r_REG132_S4
              654       locationor/u_div_xt/U_DIV_clk_r_REG133_S2
              655       locationor/u_div_xt/U_DIV_clk_r_REG134_S3
              656       locationor/u_div_xt/U_DIV_clk_r_REG135_S4
              657       locationor/u_div_xt/U_DIV_clk_r_REG136_S2
              658       locationor/u_div_xt/U_DIV_clk_r_REG137_S3
              659       locationor/u_div_xt/U_DIV_clk_r_REG138_S4
              660       locationor/u_div_xt/U_DIV_clk_r_REG139_S2
              661       locationor/u_div_xt/U_DIV_clk_r_REG140_S3
              662       locationor/u_div_xt/U_DIV_clk_r_REG141_S4
              663       locationor/u_div_xt/U_DIV_clk_r_REG142_S2
              664       locationor/u_div_xt/U_DIV_clk_r_REG143_S3
              665       locationor/u_div_xt/U_DIV_clk_r_REG144_S4
              666       locationor/u_div_xt/U_DIV_clk_r_REG145_S2
              667       locationor/u_div_xt/U_DIV_clk_r_REG146_S3
              668       locationor/u_div_xt/U_DIV_clk_r_REG147_S4
              669       locationor/u_div_xt/U_DIV_clk_r_REG148_S2
              670       locationor/u_div_xt/U_DIV_clk_r_REG149_S3
              671       locationor/u_div_xt/U_DIV_clk_r_REG150_S4
              672       locationor/u_div_xt/U_DIV_clk_r_REG151_S2
              673       locationor/u_div_xt/U_DIV_clk_r_REG152_S3
              674       locationor/u_div_xt/U_DIV_clk_r_REG153_S4
              675       locationor/u_div_xt/U_DIV_clk_r_REG154_S2
              676       locationor/u_div_xt/U_DIV_clk_r_REG155_S3
              677       locationor/u_div_xt/U_DIV_clk_r_REG156_S4
              678       locationor/u_div_xt/U_DIV_clk_r_REG157_S2
              679       locationor/u_div_xt/U_DIV_clk_r_REG158_S3
              680       locationor/u_div_xt/U_DIV_clk_r_REG159_S4
              681       locationor/u_div_xt/U_DIV_clk_r_REG160_S2
              682       locationor/u_div_xt/U_DIV_clk_r_REG161_S3
              683       locationor/u_div_xt/U_DIV_clk_r_REG162_S4
              684       locationor/u_div_xt/U_DIV_clk_r_REG163_S2
              685       locationor/u_div_xt/U_DIV_clk_r_REG164_S3
              686       locationor/u_div_xt/U_DIV_clk_r_REG165_S4
              687       locationor/u_div_xt/U_DIV_clk_r_REG166_S2
              688       locationor/u_div_xt/U_DIV_clk_r_REG167_S3
              689       locationor/u_div_xt/U_DIV_clk_r_REG168_S4
              690       locationor/u_div_xt/U_DIV_clk_r_REG171_S2
              691       locationor/u_div_xt/U_DIV_clk_r_REG172_S3
              692       locationor/u_div_xt/U_DIV_clk_r_REG173_S4
              693       locationor/u_div_xt/U_DIV_clk_r_REG174_S2
              694       locationor/u_div_xt/U_DIV_clk_r_REG175_S3
              695       locationor/u_div_xt/U_DIV_clk_r_REG176_S4
              696       locationor/u_div_xt/U_DIV_clk_r_REG177_S2
              697       locationor/u_div_xt/U_DIV_clk_r_REG178_S3
              698       locationor/u_div_xt/U_DIV_clk_r_REG179_S4
              699       locationor/u_div_xt/U_DIV_clk_r_REG180_S2
              700       locationor/u_div_xt/U_DIV_clk_r_REG181_S3
              701       locationor/u_div_xt/U_DIV_clk_r_REG182_S4
              702       locationor/u_div_xt/U_DIV_clk_r_REG183_S2
              703       locationor/u_div_xt/U_DIV_clk_r_REG184_S3
              704       locationor/u_div_xt/U_DIV_clk_r_REG185_S4
              705       locationor/u_div_xt/U_DIV_clk_r_REG186_S2
              706       locationor/u_div_xt/U_DIV_clk_r_REG187_S3
              707       locationor/u_div_xt/U_DIV_clk_r_REG188_S4
              708       locationor/u_div_xt/U_DIV_clk_r_REG189_S2
              709       locationor/u_div_xt/U_DIV_clk_r_REG190_S3
              710       locationor/u_div_xt/U_DIV_clk_r_REG191_S4
              711       locationor/u_div_xt/U_DIV_clk_r_REG192_S2
              712       locationor/u_div_xt/U_DIV_clk_r_REG193_S3
              713       locationor/u_div_xt/U_DIV_clk_r_REG194_S4
              714       locationor/u_div_xt/U_DIV_clk_r_REG195_S2
              715       locationor/u_div_xt/U_DIV_clk_r_REG196_S3
              716       locationor/u_div_xt/U_DIV_clk_r_REG197_S4
              717       locationor/u_div_xt/U_DIV_clk_r_REG198_S2
              718       locationor/u_div_xt/U_DIV_clk_r_REG199_S3
              719       locationor/u_div_xt/U_DIV_clk_r_REG200_S4
              720       locationor/u_div_xt/U_DIV_clk_r_REG201_S2
              721       locationor/u_div_xt/U_DIV_clk_r_REG202_S3
              722       locationor/u_div_xt/U_DIV_clk_r_REG203_S4
              723       locationor/u_div_xt/U_DIV_clk_r_REG204_S2
              724       locationor/u_div_xt/U_DIV_clk_r_REG205_S3
              725       locationor/u_div_xt/U_DIV_clk_r_REG206_S4
              726       locationor/u_div_xt/U_DIV_clk_r_REG207_S2
              727       locationor/u_div_xt/U_DIV_clk_r_REG208_S3
              728       locationor/u_div_xt/U_DIV_clk_r_REG209_S4
              729       locationor/u_div_xt/U_DIV_clk_r_REG210_S2
              730       locationor/u_div_xt/U_DIV_clk_r_REG211_S3
              731       locationor/u_div_xt/U_DIV_clk_r_REG212_S4
              732       locationor/u_div_xt/U_DIV_clk_r_REG213_S2
              733       locationor/u_div_xt/U_DIV_clk_r_REG214_S3
              734       locationor/u_div_xt/U_DIV_clk_r_REG215_S4
              735       locationor/u_div_xt/U_DIV_clk_r_REG216_S2
              736       locationor/u_div_xt/U_DIV_clk_r_REG217_S3
              737       locationor/u_div_xt/U_DIV_clk_r_REG218_S4
              738       locationor/u_div_xt/U_DIV_clk_r_REG219_S2
              739       locationor/u_div_xt/U_DIV_clk_r_REG220_S3
              740       locationor/u_div_xt/U_DIV_clk_r_REG221_S4
              741       locationor/u_div_xt/U_DIV_clk_r_REG222_S2
              742       locationor/u_div_xt/U_DIV_clk_r_REG223_S3
              743       locationor/u_div_xt/U_DIV_clk_r_REG224_S4
              744       locationor/u_div_xt/U_DIV_clk_r_REG225_S2
              745       locationor/u_div_xt/U_DIV_clk_r_REG226_S3
              746       locationor/u_div_xt/U_DIV_clk_r_REG227_S4
              747       locationor/u_div_xt/U_DIV_clk_r_REG228_S2
              748       locationor/u_div_xt/U_DIV_clk_r_REG229_S3
              749       locationor/u_div_xt/U_DIV_clk_r_REG230_S4
              750       locationor/u_div_xt/U_DIV_clk_r_REG231_S2
              751       locationor/u_div_xt/U_DIV_clk_r_REG232_S3
              752       locationor/u_div_xt/U_DIV_clk_r_REG233_S4
              753       locationor/u_div_xt/U_DIV_clk_r_REG234_S2
              754       locationor/u_div_xt/U_DIV_clk_r_REG235_S3
              755       locationor/u_div_xt/U_DIV_clk_r_REG236_S4
              756       locationor/u_div_xt/U_DIV_clk_r_REG237_S2
              757       locationor/u_div_xt/U_DIV_clk_r_REG238_S3
              758       locationor/u_div_xt/U_DIV_clk_r_REG239_S4
              759       locationor/u_div_xt/U_DIV_clk_r_REG240_S2
              760       locationor/u_div_xt/U_DIV_clk_r_REG241_S3
              761       locationor/u_div_xt/U_DIV_clk_r_REG242_S4
              762       locationor/u_div_xt/U_DIV_clk_r_REG243_S2
              763       locationor/u_div_xt/U_DIV_clk_r_REG244_S3
              764       locationor/u_div_xt/U_DIV_clk_r_REG245_S4
              765       locationor/u_div_xt/U_DIV_clk_r_REG246_S2
              766       locationor/u_div_xt/U_DIV_clk_r_REG247_S3
              767       locationor/u_div_xt/U_DIV_clk_r_REG248_S4
              768       locationor/u_div_xt/U_DIV_clk_r_REG249_S2
              769       locationor/u_div_xt/U_DIV_clk_r_REG250_S3
              770       locationor/u_div_xt/U_DIV_clk_r_REG251_S4
              771       locationor/u_div_xt/U_DIV_clk_r_REG252_S2
              772       locationor/u_div_xt/U_DIV_clk_r_REG253_S3
              773       locationor/u_div_xt/U_DIV_clk_r_REG254_S4
              774       locationor/u_div_xt/U_DIV_clk_r_REG255_S2
              775       locationor/u_div_xt/U_DIV_clk_r_REG256_S3
              776       locationor/u_div_xt/U_DIV_clk_r_REG257_S4
              777       locationor/u_div_xt/U_DIV_clk_r_REG258_S2
              778       locationor/u_div_xt/U_DIV_clk_r_REG259_S3
              779       locationor/u_div_xt/U_DIV_clk_r_REG260_S4
              780       locationor/u_div_xt/U_DIV_clk_r_REG261_S2
              781       locationor/u_div_xt/U_DIV_clk_r_REG262_S3
              782       locationor/u_div_xt/U_DIV_clk_r_REG263_S4
              783       locationor/u_div_xt/U_DIV_clk_r_REG264_S2
              784       locationor/u_div_xt/U_DIV_clk_r_REG265_S3
              785       locationor/u_div_xt/U_DIV_u_add_PartRem_1_6_clk_r_REG266_S4
              786       locationor/u_div_xt/U_DIV_clk_r_REG267_S2
              787       locationor/u_div_xt/U_DIV_clk_r_REG268_S3
              788       locationor/u_div_xt/U_DIV_clk_r_REG269_S4
              789       locationor/u_div_xt/U_DIV_clk_r_REG270_S2
              790       locationor/u_div_xt/U_DIV_clk_r_REG271_S3
              791       locationor/u_div_xt/U_DIV_clk_r_REG272_S4
              792       locationor/u_div_xt/U_DIV_clk_r_REG273_S2
              793       locationor/u_div_xt/U_DIV_clk_r_REG274_S3
              794       locationor/u_div_xt/U_DIV_clk_r_REG275_S4
              795       locationor/u_div_xt/U_DIV_clk_r_REG276_S2
              796       locationor/u_div_xt/U_DIV_clk_r_REG277_S3
              797       locationor/u_div_xt/U_DIV_u_add_PartRem_0_6_clk_r_REG278_S4
              798       locationor/u_div_xt/U_DIV_clk_r_REG279_S2
              799       locationor/u_div_xt/U_DIV_clk_r_REG280_S3
              800       locationor/u_div_xt/U_DIV_u_add_PartRem_1_6_clk_r_REG281_S4
              801       locationor/u_div_xt/U_DIV_clk_r_REG282_S2
              802       locationor/u_div_xt/U_DIV_clk_r_REG283_S3
              803       locationor/u_div_xt/U_DIV_clk_r_REG284_S4
              804       locationor/u_div_xt/U_DIV_clk_r_REG285_S2
              805       locationor/u_div_xt/U_DIV_clk_r_REG286_S3
              806       locationor/u_div_xt/U_DIV_u_add_PartRem_1_6_clk_r_REG287_S4
              807       locationor/u_div_xt/U_DIV_clk_r_REG288_S2
              808       locationor/u_div_xt/U_DIV_clk_r_REG289_S3
              809       locationor/u_div_xt/U_DIV_clk_r_REG290_S4
              810       locationor/u_div_xt/U_DIV_clk_r_REG291_S2
              811       locationor/u_div_xt/U_DIV_clk_r_REG292_S3
              812       locationor/u_div_xt/U_DIV_clk_r_REG293_S4
              813       locationor/u_div_xt/U_DIV_clk_r_REG294_S2
              814       locationor/u_div_xt/U_DIV_clk_r_REG295_S3
              815       locationor/u_div_xt/U_DIV_clk_r_REG296_S4
              816       locationor/u_div_xt/U_DIV_clk_r_REG297_S2
              817       locationor/u_div_xt/U_DIV_clk_r_REG298_S3
              818       locationor/u_div_xt/U_DIV_clk_r_REG299_S4
              819       locationor/u_div_xt/U_DIV_clk_r_REG300_S2
              820       locationor/u_div_xt/U_DIV_clk_r_REG301_S3
              821       locationor/u_div_xt/U_DIV_clk_r_REG302_S4
              822       locationor/u_div_xt/U_DIV_clk_r_REG303_S2
              823       locationor/u_div_xt/U_DIV_clk_r_REG304_S3
              824       locationor/u_div_xt/U_DIV_clk_r_REG305_S4
              825       locationor/u_div_xt/U_DIV_clk_r_REG306_S2
              826       locationor/u_div_xt/U_DIV_clk_r_REG307_S3
              827       locationor/u_div_xt/U_DIV_u_add_PartRem_0_7_clk_r_REG308_S4
              828       locationor/u_div_xt/U_DIV_clk_r_REG309_S2
              829       locationor/u_div_xt/U_DIV_clk_r_REG310_S3
              830       locationor/u_div_xt/U_DIV_u_add_PartRem_1_7_clk_r_REG311_S4
              831       locationor/u_div_xt/U_DIV_clk_r_REG312_S2
              832       locationor/u_div_xt/U_DIV_clk_r_REG313_S3
              833       locationor/u_div_xt/U_DIV_clk_r_REG314_S4
              834       locationor/u_div_xt/U_DIV_clk_r_REG315_S2
              835       locationor/u_div_xt/U_DIV_clk_r_REG316_S3
              836       locationor/u_div_xt/U_DIV_clk_r_REG317_S4
              837       locationor/u_div_xt/U_DIV_clk_r_REG318_S2
              838       locationor/u_div_xt/U_DIV_clk_r_REG319_S3
              839       locationor/u_div_xt/U_DIV_clk_r_REG320_S4
              840       locationor/u_div_xt/U_DIV_clk_r_REG321_S2
              841       locationor/u_div_xt/U_DIV_clk_r_REG322_S3
              842       locationor/u_div_xt/U_DIV_clk_r_REG323_S4
              843       locationor/u_div_xt/U_DIV_clk_r_REG324_S2
              844       locationor/u_div_xt/U_DIV_clk_r_REG325_S3
              845       locationor/u_div_xt/U_DIV_clk_r_REG326_S4
              846       locationor/u_div_xt/U_DIV_clk_r_REG327_S2
              847       locationor/u_div_xt/U_DIV_clk_r_REG328_S3
              848       locationor/u_div_xt/U_DIV_clk_r_REG329_S4
              849       locationor/u_div_xt/U_DIV_clk_r_REG330_S2
              850       locationor/u_div_xt/U_DIV_clk_r_REG331_S3
              851       locationor/u_div_xt/U_DIV_clk_r_REG332_S4
              852       locationor/u_div_xt/U_DIV_clk_r_REG333_S2
              853       locationor/u_div_xt/U_DIV_clk_r_REG334_S3
              854       locationor/u_div_xt/U_DIV_clk_r_REG335_S4
              855       locationor/u_div_xt/U_DIV_clk_r_REG336_S2
              856       locationor/u_div_xt/U_DIV_clk_r_REG337_S3
              857       locationor/u_div_xt/U_DIV_clk_r_REG338_S4
              858       locationor/u_div_xt/U_DIV_clk_r_REG339_S2
              859       locationor/u_div_xt/U_DIV_clk_r_REG340_S3
              860       locationor/u_div_xt/U_DIV_clk_r_REG341_S4
              861       locationor/u_div_xt/U_DIV_clk_r_REG342_S2
              862       locationor/u_div_xt/U_DIV_clk_r_REG343_S3
              863       locationor/u_div_xt/U_DIV_clk_r_REG344_S4
              864       locationor/u_div_xt/U_DIV_clk_r_REG345_S2
              865       locationor/u_div_xt/U_DIV_clk_r_REG346_S3
              866       locationor/u_div_xt/U_DIV_u_add_PartRem_0_7_clk_r_REG347_S4
              867       locationor/u_div_xt/U_DIV_clk_r_REG348_S2
              868       locationor/u_div_xt/U_DIV_clk_r_REG349_S3
              869       locationor/u_div_xt/U_DIV_u_add_PartRem_1_7_clk_r_REG350_S4
              870       locationor/u_div_xt/U_DIV_clk_r_REG351_S2
              871       locationor/u_div_xt/U_DIV_clk_r_REG352_S3
              872       locationor/u_div_xt/U_DIV_clk_r_REG353_S4
              873       locationor/u_div_xt/U_DIV_clk_r_REG356_S2
              874       locationor/u_div_xt/U_DIV_clk_r_REG357_S3
              875       locationor/u_div_xt/U_DIV_clk_r_REG358_S4
              876       locationor/u_div_xt/U_DIV_clk_r_REG359_S2
              877       locationor/u_div_xt/U_DIV_clk_r_REG360_S3
              878       locationor/u_div_xt/U_DIV_clk_r_REG361_S4
              879       locationor/u_div_xt/U_DIV_clk_r_REG362_S2
              880       locationor/u_div_xt/U_DIV_clk_r_REG363_S3
              881       locationor/u_div_xt/U_DIV_clk_r_REG364_S2
              882       locationor/u_div_xt/U_DIV_clk_r_REG365_S3
              883       locationor/u_div_xt/U_DIV_u_add_PartRem_0_1_clk_r_REG366_S4
              884       locationor/u_div_xt/U_DIV_clk_r_REG367_S2
              885       locationor/u_div_xt/U_DIV_clk_r_REG368_S3
              886       locationor/u_div_xt/U_DIV_clk_r_REG369_S4
              887       locationor/u_div_xt/U_DIV_clk_r_REG370_S2
              888       locationor/u_div_xt/U_DIV_clk_r_REG371_S3
              889       locationor/u_div_xt/U_DIV_clk_r_REG372_S4
              890       locationor/u_div_xt/U_DIV_clk_r_REG374_S2
              891       locationor/u_div_xt/U_DIV_clk_r_REG375_S3
              892       locationor/u_div_xt/U_DIV_clk_r_REG376_S4
              893       locationor/u_div_xt/U_DIV_clk_r_REG381_S3
              894       locationor/u_div_xt/U_DIV_clk_r_REG382_S4
              895       locationor/u_div_xt/U_DIV_clk_r_REG383_S3
              896       locationor/u_div_xt/U_DIV_clk_r_REG384_S4
              897       locationor/u_div_xt/U_DIV_clk_r_REG385_S2
              898       locationor/u_div_xt/U_DIV_clk_r_REG388_S3
              899       locationor/u_div_xt/U_DIV_clk_r_REG386_S2
              900       locationor/u_div_xt/U_DIV_clk_r_REG387_S3
              901       locationor/u_div_xt/U_DIV_clk_r_REG393_S2
              902       locationor/u_div_xt/U_DIV_clk_r_REG396_S3
              903       locationor/u_div_xt/U_DIV_clk_r_REG394_S2
              904       locationor/u_div_xt/U_DIV_clk_r_REG395_S3
              905       locationor/u_div_xt/U_DIV_clk_r_REG401_S2
              906       locationor/u_div_xt/U_DIV_u_add_PartRem_1_2_clk_r_REG402_S3
              907       locationor/u_div_xt/U_DIV_u_add_PartRem_1_2_clk_r_REG403_S4
              908       locationor/u_div_xt/U_DIV_clk_r_REG404_S3
              909       locationor/u_div_xt/U_DIV_clk_r_REG405_S4
              910       locationor/u_div_xt/U_DIV_clk_r_REG406_S3
              911       locationor/u_div_xt/U_DIV_clk_r_REG407_S4
              912       locationor/u_div_xt/U_DIV_clk_r_REG409_S2
              913       locationor/u_div_xt/U_DIV_clk_r_REG410_S3
              914       locationor/u_div_xt/U_DIV_u_add_PartRem_1_1_clk_r_REG411_S4
              915       locationor/u_div_xt/U_DIV_clk_r_REG412_S3
              916       locationor/u_div_xt/U_DIV_clk_r_REG413_S4
              917       locationor/u_div_xt/U_DIV_clk_r_REG414_S3
              918       locationor/u_div_xt/U_DIV_clk_r_REG415_S4
              919       locationor/u_div_xt/U_DIV_clk_r_REG419_S2
              920       locationor/u_div_xt/U_DIV_clk_r_REG420_S3
              921       locationor/u_div_xt/U_DIV_clk_r_REG421_S4
              922       locationor/u_div_xt/U_DIV_clk_r_REG422_S2
              923       locationor/u_div_xt/U_DIV_clk_r_REG423_S3
              924       locationor/u_div_xt/U_DIV_u_add_PartRem_1_2_clk_r_REG424_S4
              925       locationor/u_div_xt/U_DIV_clk_r_REG428_S2
              926       locationor/u_div_xt/U_DIV_clk_r_REG429_S3
              927       locationor/u_div_xt/U_DIV_clk_r_REG430_S4
              928       locationor/u_div_xt/U_DIV_clk_r_REG431_S2
              929       locationor/u_div_xt/U_DIV_clk_r_REG432_S3
              930       locationor/u_div_xt/U_DIV_clk_r_REG433_S4
              931       locationor/u_div_xt/U_DIV_clk_r_REG434_S2
              932       locationor/u_div_xt/U_DIV_clk_r_REG435_S3
              933       locationor/u_div_xt/U_DIV_clk_r_REG436_S4
              934       locationor/u_div_xt/U_DIV_clk_r_REG437_S2
              935       locationor/u_div_xt/U_DIV_clk_r_REG438_S3
              936       locationor/u_div_xt/U_DIV_clk_r_REG439_S4
              937       locationor/u_div_xt/U_DIV_clk_r_REG442_S2
              938       locationor/u_div_xt/U_DIV_clk_r_REG443_S3
              939       locationor/u_div_xt/U_DIV_clk_r_REG444_S4
              940       locationor/u_div_xt/U_DIV_clk_r_REG445_S3
              941       locationor/u_div_xt/U_DIV_clk_r_REG446_S4
              942       locationor/u_div_xt/U_DIV_clk_r_REG447_S3
              943       locationor/u_div_xt/U_DIV_clk_r_REG448_S4
              944       locationor/u_div_xt/U_DIV_clk_r_REG450_S3
              945       locationor/u_div_xt/U_DIV_clk_r_REG451_S4
              946       locationor/u_div_xt/U_DIV_clk_r_REG452_S3
              947       locationor/u_div_xt/U_DIV_clk_r_REG453_S4
              948       locationor/u_div_xt/U_DIV_clk_r_REG456_S2
              949       locationor/u_div_xt/U_DIV_clk_r_REG460_S3
              950       locationor/u_div_xt/U_DIV_clk_r_REG457_S2
              951       locationor/u_div_xt/U_DIV_clk_r_REG458_S3
              952       locationor/u_div_xt/U_DIV_clk_r_REG459_S4
              953       locationor/u_div_xt/U_DIV_clk_r_REG464_S2
              954       locationor/u_div_xt/U_DIV_clk_r_REG465_S3
              955       locationor/u_div_xt/U_DIV_clk_r_REG466_S4
              956       locationor/u_div_xt/U_DIV_clk_r_REG467_S2
              957       locationor/u_div_xt/U_DIV_clk_r_REG468_S3
              958       locationor/u_div_xt/U_DIV_clk_r_REG469_S4
              959       locationor/u_div_xt/U_DIV_clk_r_REG470_S2
              960       locationor/u_div_xt/U_DIV_clk_r_REG471_S3
              961       locationor/u_div_xt/U_DIV_clk_r_REG472_S4
              962       locationor/u_div_xt/U_DIV_clk_r_REG473_S2
              963       locationor/u_div_xt/U_DIV_clk_r_REG474_S3
              964       locationor/u_div_xt/U_DIV_clk_r_REG475_S2
              965       locationor/u_div_xt/U_DIV_clk_r_REG476_S3
              966       locationor/u_div_xt/U_DIV_clk_r_REG477_S4
              967       locationor/u_div_xt/U_DIV_clk_r_REG478_S2
              968       locationor/u_div_xt/U_DIV_clk_r_REG479_S3
              969       locationor/u_div_xt/U_DIV_clk_r_REG480_S4
              970       locationor/u_div_xt/U_DIV_clk_r_REG482_S2
              971       locationor/u_div_xt/U_DIV_clk_r_REG483_S3
              972       locationor/u_div_xt/U_DIV_u_add_PartRem_1_6_clk_r_REG484_S4
              973       locationor/u_div_xt/U_DIV_u_add_PartRem_1_5_clk_r_REG113_S3
              974       locationor/u_div_xt/U_DIV_u_add_PartRem_1_5_clk_r_REG114_S4
              975       locationor/u_div_xt/U_DIV_u_add_PartRem_2_4_clk_r_REG425_S2
              976       locationor/u_div_xt/U_DIV_u_add_PartRem_2_4_clk_r_REG426_S3
              977       locationor/u_div_xt/clk_r_REG101_S1
              978       locationor/u_div_xt/U_DIV_clk_r_REG102_S2
              979       locationor/u_div_xt/U_DIV_clk_r_REG103_S3
              980       locationor/u_div_xt/U_DIV_clk_r_REG104_S4
              981       locationor/u_div_xt/clk_r_REG105_S1
              982       locationor/u_div_xt/U_DIV_clk_r_REG106_S2
              983       locationor/u_div_xt/U_DIV_clk_r_REG485_S3
              984       locationor/u_div_yt/U_DIV_clk_r_REG1_S2
              985       locationor/u_div_yt/U_DIV_clk_r_REG2_S3
              986       locationor/u_div_yt/U_DIV_clk_r_REG4_S2
              987       locationor/u_div_yt/U_DIV_clk_r_REG5_S3
              988       locationor/u_div_yt/U_DIV_clk_r_REG46_S2
              989       locationor/u_div_yt/U_DIV_clk_r_REG47_S3
              990       locationor/u_div_yt/U_DIV_clk_r_REG48_S2
              991       locationor/u_div_yt/U_DIV_clk_r_REG49_S3
              992       locationor/u_div_yt/U_DIV_clk_r_REG50_S4
              993       locationor/u_div_yt/U_DIV_clk_r_REG52_S2
              994       locationor/u_div_yt/U_DIV_clk_r_REG53_S3
              995       locationor/u_div_yt/U_DIV_clk_r_REG54_S4
              996       locationor/u_div_yt/U_DIV_clk_r_REG57_S2
              997       locationor/u_div_yt/U_DIV_clk_r_REG58_S3
              998       locationor/u_div_yt/U_DIV_clk_r_REG59_S2
              999       locationor/u_div_yt/U_DIV_clk_r_REG60_S3
              1000      locationor/u_div_yt/U_DIV_clk_r_REG61_S2
              1001      locationor/u_div_yt/U_DIV_clk_r_REG62_S3
              1002      locationor/u_div_yt/U_DIV_clk_r_REG63_S4
              1003      locationor/u_div_yt/U_DIV_clk_r_REG64_S3
              1004      locationor/u_div_yt/U_DIV_clk_r_REG65_S4
              1005      locationor/u_div_yt/U_DIV_clk_r_REG69_S2
              1006      locationor/u_div_yt/U_DIV_clk_r_REG70_S3
              1007      locationor/u_div_yt/U_DIV_clk_r_REG73_S2
              1008      locationor/u_div_yt/U_DIV_clk_r_REG74_S3
              1009      locationor/u_div_yt/U_DIV_clk_r_REG75_S4
              1010      locationor/u_div_yt/U_DIV_clk_r_REG77_S2
              1011      locationor/u_div_yt/U_DIV_clk_r_REG78_S3
              1012      locationor/u_div_yt/U_DIV_clk_r_REG79_S4
              1013      locationor/u_div_yt/U_DIV_clk_r_REG81_S2
              1014      locationor/u_div_yt/U_DIV_clk_r_REG82_S3
              1015      locationor/u_div_yt/U_DIV_clk_r_REG113_S2
              1016      locationor/u_div_yt/U_DIV_clk_r_REG114_S3
              1017      locationor/u_div_yt/U_DIV_u_add_PartRem_1_5_clk_r_REG115_S4
              1018      locationor/u_div_yt/U_DIV_clk_r_REG118_S2
              1019      locationor/u_div_yt/U_DIV_clk_r_REG119_S3
              1020      locationor/u_div_yt/U_DIV_clk_r_REG124_S2
              1021      locationor/u_div_yt/U_DIV_clk_r_REG125_S3
              1022      locationor/u_div_yt/U_DIV_clk_r_REG126_S3
              1023      locationor/u_div_yt/U_DIV_clk_r_REG127_S4
              1024      locationor/u_div_yt/U_DIV_clk_r_REG130_S2
              1025      locationor/u_div_yt/U_DIV_clk_r_REG131_S3
              1026      locationor/u_div_yt/U_DIV_clk_r_REG132_S2
              1027      locationor/u_div_yt/U_DIV_clk_r_REG133_S3
              1028      locationor/u_div_yt/U_DIV_clk_r_REG138_S2
              1029      locationor/u_div_yt/U_DIV_clk_r_REG139_S3
              1030      locationor/u_div_yt/U_DIV_clk_r_REG140_S4
              1031      locationor/u_div_yt/U_DIV_clk_r_REG141_S2
              1032      locationor/u_div_yt/U_DIV_clk_r_REG142_S3
              1033      locationor/u_div_yt/U_DIV_clk_r_REG143_S4
              1034      locationor/u_div_yt/U_DIV_clk_r_REG144_S2
              1035      locationor/u_div_yt/U_DIV_clk_r_REG145_S3
              1036      locationor/u_div_yt/U_DIV_clk_r_REG146_S4
              1037      locationor/u_div_yt/U_DIV_clk_r_REG147_S2
              1038      locationor/u_div_yt/U_DIV_clk_r_REG148_S3
              1039      locationor/u_div_yt/U_DIV_clk_r_REG149_S4
              1040      locationor/u_div_yt/U_DIV_clk_r_REG150_S2
              1041      locationor/u_div_yt/U_DIV_clk_r_REG151_S3
              1042      locationor/u_div_yt/U_DIV_clk_r_REG152_S4
              1043      locationor/u_div_yt/U_DIV_clk_r_REG153_S2
              1044      locationor/u_div_yt/U_DIV_clk_r_REG154_S3
              1045      locationor/u_div_yt/U_DIV_clk_r_REG155_S4
              1046      locationor/u_div_yt/U_DIV_clk_r_REG156_S2
              1047      locationor/u_div_yt/U_DIV_clk_r_REG157_S3
              1048      locationor/u_div_yt/U_DIV_clk_r_REG158_S4
              1049      locationor/u_div_yt/U_DIV_clk_r_REG159_S2
              1050      locationor/u_div_yt/U_DIV_clk_r_REG160_S3
              1051      locationor/u_div_yt/U_DIV_clk_r_REG161_S4
              1052      locationor/u_div_yt/U_DIV_clk_r_REG162_S2
              1053      locationor/u_div_yt/U_DIV_clk_r_REG163_S3
              1054      locationor/u_div_yt/U_DIV_clk_r_REG164_S4
              1055      locationor/u_div_yt/U_DIV_clk_r_REG165_S2
              1056      locationor/u_div_yt/U_DIV_clk_r_REG166_S3
              1057      locationor/u_div_yt/U_DIV_clk_r_REG167_S4
              1058      locationor/u_div_yt/U_DIV_clk_r_REG168_S2
              1059      locationor/u_div_yt/U_DIV_clk_r_REG169_S3
              1060      locationor/u_div_yt/U_DIV_clk_r_REG170_S4
              1061      locationor/u_div_yt/U_DIV_clk_r_REG171_S2
              1062      locationor/u_div_yt/U_DIV_clk_r_REG172_S3
              1063      locationor/u_div_yt/U_DIV_clk_r_REG173_S4
              1064      locationor/u_div_yt/U_DIV_clk_r_REG174_S2
              1065      locationor/u_div_yt/U_DIV_clk_r_REG175_S3
              1066      locationor/u_div_yt/U_DIV_clk_r_REG176_S4
              1067      locationor/u_div_yt/U_DIV_clk_r_REG177_S2
              1068      locationor/u_div_yt/U_DIV_clk_r_REG178_S3
              1069      locationor/u_div_yt/U_DIV_clk_r_REG179_S4
              1070      locationor/u_div_yt/U_DIV_clk_r_REG180_S2
              1071      locationor/u_div_yt/U_DIV_clk_r_REG181_S3
              1072      locationor/u_div_yt/U_DIV_clk_r_REG182_S4
              1073      locationor/u_div_yt/U_DIV_clk_r_REG183_S2
              1074      locationor/u_div_yt/U_DIV_clk_r_REG184_S3
              1075      locationor/u_div_yt/U_DIV_clk_r_REG185_S4
              1076      locationor/u_div_yt/U_DIV_clk_r_REG186_S2
              1077      locationor/u_div_yt/U_DIV_clk_r_REG187_S3
              1078      locationor/u_div_yt/U_DIV_clk_r_REG188_S4
              1079      locationor/u_div_yt/U_DIV_clk_r_REG189_S2
              1080      locationor/u_div_yt/U_DIV_clk_r_REG190_S3
              1081      locationor/u_div_yt/U_DIV_clk_r_REG191_S4
              1082      locationor/u_div_yt/U_DIV_clk_r_REG192_S2
              1083      locationor/u_div_yt/U_DIV_clk_r_REG193_S3
              1084      locationor/u_div_yt/U_DIV_clk_r_REG194_S4
              1085      locationor/u_div_yt/U_DIV_clk_r_REG195_S2
              1086      locationor/u_div_yt/U_DIV_clk_r_REG196_S3
              1087      locationor/u_div_yt/U_DIV_clk_r_REG197_S4
              1088      locationor/u_div_yt/U_DIV_clk_r_REG198_S2
              1089      locationor/u_div_yt/U_DIV_u_add_PartRem_0_5_clk_r_REG199_S3
              1090      locationor/u_div_yt/U_DIV_u_add_PartRem_0_5_clk_r_REG200_S4
              1091      locationor/u_div_yt/U_DIV_clk_r_REG201_S2
              1092      locationor/u_div_yt/U_DIV_clk_r_REG202_S3
              1093      locationor/u_div_yt/U_DIV_u_add_PartRem_1_5_clk_r_REG203_S4
              1094      locationor/u_div_yt/U_DIV_clk_r_REG204_S2
              1095      locationor/u_div_yt/U_DIV_clk_r_REG205_S3
              1096      locationor/u_div_yt/U_DIV_clk_r_REG206_S4
              1097      locationor/u_div_yt/U_DIV_clk_r_REG207_S2
              1098      locationor/u_div_yt/U_DIV_clk_r_REG208_S3
              1099      locationor/u_div_yt/U_DIV_clk_r_REG209_S4
              1100      locationor/u_div_yt/U_DIV_clk_r_REG210_S2
              1101      locationor/u_div_yt/U_DIV_clk_r_REG211_S3
              1102      locationor/u_div_yt/U_DIV_clk_r_REG212_S4
              1103      locationor/u_div_yt/U_DIV_clk_r_REG213_S2
              1104      locationor/u_div_yt/U_DIV_clk_r_REG214_S3
              1105      locationor/u_div_yt/U_DIV_clk_r_REG215_S4
              1106      locationor/u_div_yt/U_DIV_clk_r_REG216_S2
              1107      locationor/u_div_yt/U_DIV_clk_r_REG217_S3
              1108      locationor/u_div_yt/U_DIV_clk_r_REG218_S4
              1109      locationor/u_div_yt/U_DIV_clk_r_REG219_S2
              1110      locationor/u_div_yt/U_DIV_clk_r_REG220_S3
              1111      locationor/u_div_yt/U_DIV_clk_r_REG221_S4
              1112      locationor/u_div_yt/U_DIV_clk_r_REG222_S2
              1113      locationor/u_div_yt/U_DIV_clk_r_REG223_S3
              1114      locationor/u_div_yt/U_DIV_clk_r_REG224_S4
              1115      locationor/u_div_yt/U_DIV_clk_r_REG225_S2
              1116      locationor/u_div_yt/U_DIV_clk_r_REG226_S3
              1117      locationor/u_div_yt/U_DIV_clk_r_REG227_S4
              1118      locationor/u_div_yt/U_DIV_clk_r_REG228_S2
              1119      locationor/u_div_yt/U_DIV_clk_r_REG229_S3
              1120      locationor/u_div_yt/U_DIV_clk_r_REG230_S4
              1121      locationor/u_div_yt/U_DIV_clk_r_REG231_S2
              1122      locationor/u_div_yt/U_DIV_clk_r_REG232_S3
              1123      locationor/u_div_yt/U_DIV_u_add_PartRem_0_5_clk_r_REG233_S4
              1124      locationor/u_div_yt/U_DIV_clk_r_REG234_S2
              1125      locationor/u_div_yt/U_DIV_clk_r_REG235_S3
              1126      locationor/u_div_yt/U_DIV_u_add_PartRem_1_5_clk_r_REG236_S4
              1127      locationor/u_div_yt/U_DIV_clk_r_REG237_S2
              1128      locationor/u_div_yt/U_DIV_clk_r_REG238_S3
              1129      locationor/u_div_yt/U_DIV_clk_r_REG239_S4
              1130      locationor/u_div_yt/U_DIV_clk_r_REG240_S2
              1131      locationor/u_div_yt/U_DIV_clk_r_REG241_S3
              1132      locationor/u_div_yt/U_DIV_clk_r_REG242_S4
              1133      locationor/u_div_yt/U_DIV_clk_r_REG243_S2
              1134      locationor/u_div_yt/U_DIV_clk_r_REG244_S3
              1135      locationor/u_div_yt/U_DIV_clk_r_REG245_S4
              1136      locationor/u_div_yt/U_DIV_clk_r_REG246_S2
              1137      locationor/u_div_yt/U_DIV_clk_r_REG247_S3
              1138      locationor/u_div_yt/U_DIV_clk_r_REG248_S4
              1139      locationor/u_div_yt/U_DIV_clk_r_REG249_S2
              1140      locationor/u_div_yt/U_DIV_clk_r_REG250_S3
              1141      locationor/u_div_yt/U_DIV_clk_r_REG251_S4
              1142      locationor/u_div_yt/U_DIV_clk_r_REG252_S2
              1143      locationor/u_div_yt/U_DIV_clk_r_REG253_S3
              1144      locationor/u_div_yt/U_DIV_clk_r_REG254_S4
              1145      locationor/u_div_yt/U_DIV_clk_r_REG255_S2
              1146      locationor/u_div_yt/U_DIV_clk_r_REG256_S3
              1147      locationor/u_div_yt/U_DIV_clk_r_REG257_S4
              1148      locationor/u_div_yt/U_DIV_clk_r_REG258_S2
              1149      locationor/u_div_yt/U_DIV_clk_r_REG259_S3
              1150      locationor/u_div_yt/U_DIV_clk_r_REG260_S4
              1151      locationor/u_div_yt/U_DIV_clk_r_REG261_S2
              1152      locationor/u_div_yt/U_DIV_clk_r_REG262_S3
              1153      locationor/u_div_yt/U_DIV_clk_r_REG263_S4
              1154      locationor/u_div_yt/U_DIV_clk_r_REG264_S2
              1155      locationor/u_div_yt/U_DIV_clk_r_REG265_S3
              1156      locationor/u_div_yt/U_DIV_clk_r_REG266_S4
              1157      locationor/u_div_yt/U_DIV_clk_r_REG267_S2
              1158      locationor/u_div_yt/U_DIV_clk_r_REG268_S3
              1159      locationor/u_div_yt/U_DIV_clk_r_REG269_S4
              1160      locationor/u_div_yt/U_DIV_clk_r_REG270_S2
              1161      locationor/u_div_yt/U_DIV_clk_r_REG271_S3
              1162      locationor/u_div_yt/U_DIV_clk_r_REG272_S4
              1163      locationor/u_div_yt/U_DIV_clk_r_REG273_S2
              1164      locationor/u_div_yt/U_DIV_clk_r_REG274_S3
              1165      locationor/u_div_yt/U_DIV_clk_r_REG275_S4
              1166      locationor/u_div_yt/U_DIV_clk_r_REG276_S2
              1167      locationor/u_div_yt/U_DIV_clk_r_REG277_S3
              1168      locationor/u_div_yt/U_DIV_u_add_PartRem_1_6_clk_r_REG278_S4
              1169      locationor/u_div_yt/U_DIV_clk_r_REG279_S2
              1170      locationor/u_div_yt/U_DIV_clk_r_REG280_S3
              1171      locationor/u_div_yt/U_DIV_clk_r_REG281_S4
              1172      locationor/u_div_yt/U_DIV_clk_r_REG282_S2
              1173      locationor/u_div_yt/U_DIV_clk_r_REG283_S3
              1174      locationor/u_div_yt/U_DIV_clk_r_REG284_S4
              1175      locationor/u_div_yt/U_DIV_clk_r_REG285_S2
              1176      locationor/u_div_yt/U_DIV_clk_r_REG286_S3
              1177      locationor/u_div_yt/U_DIV_clk_r_REG287_S4
              1178      locationor/u_div_yt/U_DIV_clk_r_REG288_S2
              1179      locationor/u_div_yt/U_DIV_clk_r_REG289_S3
              1180      locationor/u_div_yt/U_DIV_u_add_PartRem_0_6_clk_r_REG290_S4
              1181      locationor/u_div_yt/U_DIV_clk_r_REG291_S2
              1182      locationor/u_div_yt/U_DIV_clk_r_REG292_S3
              1183      locationor/u_div_yt/U_DIV_u_add_PartRem_1_6_clk_r_REG293_S4
              1184      locationor/u_div_yt/U_DIV_clk_r_REG294_S2
              1185      locationor/u_div_yt/U_DIV_clk_r_REG295_S3
              1186      locationor/u_div_yt/U_DIV_clk_r_REG296_S4
              1187      locationor/u_div_yt/U_DIV_clk_r_REG297_S2
              1188      locationor/u_div_yt/U_DIV_clk_r_REG298_S3
              1189      locationor/u_div_yt/U_DIV_u_add_PartRem_1_6_clk_r_REG299_S4
              1190      locationor/u_div_yt/U_DIV_clk_r_REG300_S2
              1191      locationor/u_div_yt/U_DIV_clk_r_REG301_S3
              1192      locationor/u_div_yt/U_DIV_clk_r_REG302_S4
              1193      locationor/u_div_yt/U_DIV_clk_r_REG303_S2
              1194      locationor/u_div_yt/U_DIV_clk_r_REG304_S3
              1195      locationor/u_div_yt/U_DIV_clk_r_REG305_S4
              1196      locationor/u_div_yt/U_DIV_clk_r_REG306_S2
              1197      locationor/u_div_yt/U_DIV_clk_r_REG307_S3
              1198      locationor/u_div_yt/U_DIV_clk_r_REG308_S4
              1199      locationor/u_div_yt/U_DIV_clk_r_REG309_S2
              1200      locationor/u_div_yt/U_DIV_clk_r_REG310_S3
              1201      locationor/u_div_yt/U_DIV_u_add_PartRem_0_7_clk_r_REG311_S4
              1202      locationor/u_div_yt/U_DIV_clk_r_REG312_S2
              1203      locationor/u_div_yt/U_DIV_clk_r_REG313_S3
              1204      locationor/u_div_yt/U_DIV_u_add_PartRem_1_7_clk_r_REG314_S4
              1205      locationor/u_div_yt/U_DIV_clk_r_REG315_S2
              1206      locationor/u_div_yt/U_DIV_clk_r_REG316_S3
              1207      locationor/u_div_yt/U_DIV_clk_r_REG317_S4
              1208      locationor/u_div_yt/U_DIV_clk_r_REG318_S2
              1209      locationor/u_div_yt/U_DIV_clk_r_REG319_S3
              1210      locationor/u_div_yt/U_DIV_u_add_PartRem_0_7_clk_r_REG320_S4
              1211      locationor/u_div_yt/U_DIV_clk_r_REG321_S2
              1212      locationor/u_div_yt/U_DIV_clk_r_REG322_S3
              1213      locationor/u_div_yt/U_DIV_u_add_PartRem_1_7_clk_r_REG323_S4
              1214      locationor/u_div_yt/U_DIV_clk_r_REG324_S2
              1215      locationor/u_div_yt/U_DIV_clk_r_REG325_S3
              1216      locationor/u_div_yt/U_DIV_clk_r_REG326_S4
              1217      locationor/u_div_yt/U_DIV_clk_r_REG327_S2
              1218      locationor/u_div_yt/U_DIV_clk_r_REG328_S3
              1219      locationor/u_div_yt/U_DIV_clk_r_REG329_S4
              1220      locationor/u_div_yt/U_DIV_clk_r_REG330_S2
              1221      locationor/u_div_yt/U_DIV_clk_r_REG331_S3
              1222      locationor/u_div_yt/U_DIV_clk_r_REG332_S4
              1223      locationor/u_div_yt/U_DIV_clk_r_REG333_S2
              1224      locationor/u_div_yt/U_DIV_clk_r_REG334_S3
              1225      locationor/u_div_yt/U_DIV_clk_r_REG335_S4
              1226      locationor/u_div_yt/U_DIV_clk_r_REG336_S2
              1227      locationor/u_div_yt/U_DIV_clk_r_REG337_S3
              1228      locationor/u_div_yt/U_DIV_clk_r_REG338_S4
              1229      locationor/u_div_yt/U_DIV_clk_r_REG339_S2
              1230      locationor/u_div_yt/U_DIV_clk_r_REG340_S3
              1231      locationor/u_div_yt/U_DIV_clk_r_REG341_S4
              1232      locationor/u_div_yt/U_DIV_clk_r_REG342_S2
              1233      locationor/u_div_yt/U_DIV_clk_r_REG343_S3
              1234      locationor/u_div_yt/U_DIV_clk_r_REG344_S4
              1235      locationor/u_div_yt/U_DIV_clk_r_REG345_S2
              1236      locationor/u_div_yt/U_DIV_clk_r_REG346_S3
              1237      locationor/u_div_yt/U_DIV_clk_r_REG347_S4
              1238      locationor/u_div_yt/U_DIV_clk_r_REG348_S2
              1239      locationor/u_div_yt/U_DIV_clk_r_REG349_S3
              1240      locationor/u_div_yt/U_DIV_clk_r_REG350_S4
              1241      locationor/u_div_yt/U_DIV_clk_r_REG351_S2
              1242      locationor/u_div_yt/U_DIV_clk_r_REG352_S3
              1243      locationor/u_div_yt/U_DIV_clk_r_REG353_S4
              1244      locationor/u_div_yt/U_DIV_clk_r_REG354_S2
              1245      locationor/u_div_yt/U_DIV_clk_r_REG355_S3
              1246      locationor/u_div_yt/U_DIV_clk_r_REG356_S4
              1247      locationor/u_div_yt/U_DIV_clk_r_REG357_S2
              1248      locationor/u_div_yt/U_DIV_clk_r_REG358_S3
              1249      locationor/u_div_yt/U_DIV_clk_r_REG359_S4
              1250      locationor/u_div_yt/U_DIV_clk_r_REG360_S2
              1251      locationor/u_div_yt/U_DIV_clk_r_REG361_S3
              1252      locationor/u_div_yt/U_DIV_clk_r_REG362_S4
              1253      locationor/u_div_yt/U_DIV_clk_r_REG363_S2
              1254      locationor/u_div_yt/U_DIV_clk_r_REG364_S3
              1255      locationor/u_div_yt/U_DIV_clk_r_REG365_S4
              1256      locationor/u_div_yt/U_DIV_clk_r_REG367_S2
              1257      locationor/u_div_yt/U_DIV_clk_r_REG368_S3
              1258      locationor/u_div_yt/U_DIV_clk_r_REG369_S4
              1259      locationor/u_div_yt/U_DIV_clk_r_REG370_S2
              1260      locationor/u_div_yt/U_DIV_clk_r_REG371_S3
              1261      locationor/u_div_yt/U_DIV_clk_r_REG372_S4
              1262      locationor/u_div_yt/U_DIV_clk_r_REG374_S2
              1263      locationor/u_div_yt/U_DIV_clk_r_REG375_S3
              1264      locationor/u_div_yt/U_DIV_u_add_PartRem_1_4_clk_r_REG376_S4
              1265      locationor/u_div_yt/U_DIV_clk_r_REG378_S2
              1266      locationor/u_div_yt/U_DIV_clk_r_REG379_S3
              1267      locationor/u_div_yt/U_DIV_clk_r_REG380_S4
              1268      locationor/u_div_yt/U_DIV_clk_r_REG381_S2
              1269      locationor/u_div_yt/U_DIV_clk_r_REG382_S3
              1270      locationor/u_div_yt/U_DIV_clk_r_REG383_S4
              1271      locationor/u_div_yt/U_DIV_clk_r_REG385_S2
              1272      locationor/u_div_yt/U_DIV_clk_r_REG386_S3
              1273      locationor/u_div_yt/U_DIV_clk_r_REG387_S4
              1274      locationor/u_div_yt/U_DIV_clk_r_REG389_S2
              1275      locationor/u_div_yt/U_DIV_clk_r_REG390_S3
              1276      locationor/u_div_yt/U_DIV_clk_r_REG391_S4
              1277      locationor/u_div_yt/U_DIV_clk_r_REG392_S3
              1278      locationor/u_div_yt/U_DIV_clk_r_REG393_S4
              1279      locationor/u_div_yt/U_DIV_clk_r_REG396_S2
              1280      locationor/u_div_yt/U_DIV_clk_r_REG399_S3
              1281      locationor/u_div_yt/U_DIV_clk_r_REG397_S2
              1282      locationor/u_div_yt/U_DIV_clk_r_REG398_S3
              1283      locationor/u_div_yt/U_DIV_clk_r_REG405_S2
              1284      locationor/u_div_yt/U_DIV_clk_r_REG406_S3
              1285      locationor/u_div_yt/U_DIV_u_add_PartRem_1_1_clk_r_REG407_S4
              1286      locationor/u_div_yt/U_DIV_clk_r_REG408_S2
              1287      locationor/u_div_yt/U_DIV_clk_r_REG409_S3
              1288      locationor/u_div_yt/U_DIV_clk_r_REG410_S4
              1289      locationor/u_div_yt/U_DIV_clk_r_REG411_S2
              1290      locationor/u_div_yt/U_DIV_clk_r_REG412_S3
              1291      locationor/u_div_yt/U_DIV_clk_r_REG413_S4
              1292      locationor/u_div_yt/U_DIV_clk_r_REG415_S2
              1293      locationor/u_div_yt/U_DIV_clk_r_REG416_S3
              1294      locationor/u_div_yt/U_DIV_clk_r_REG417_S4
              1295      locationor/u_div_yt/U_DIV_clk_r_REG420_S3
              1296      locationor/u_div_yt/U_DIV_clk_r_REG421_S4
              1297      locationor/u_div_yt/U_DIV_clk_r_REG423_S2
              1298      locationor/u_div_yt/U_DIV_clk_r_REG424_S3
              1299      locationor/u_div_yt/U_DIV_u_add_PartRem_1_1_clk_r_REG425_S4
              1300      locationor/u_div_yt/U_DIV_clk_r_REG426_S3
              1301      locationor/u_div_yt/U_DIV_clk_r_REG427_S4
              1302      locationor/u_div_yt/U_DIV_clk_r_REG428_S3
              1303      locationor/u_div_yt/U_DIV_clk_r_REG429_S4
              1304      locationor/u_div_yt/U_DIV_clk_r_REG433_S2
              1305      locationor/u_div_yt/U_DIV_clk_r_REG434_S3
              1306      locationor/u_div_yt/U_DIV_clk_r_REG435_S4
              1307      locationor/u_div_yt/U_DIV_clk_r_REG436_S2
              1308      locationor/u_div_yt/U_DIV_clk_r_REG437_S3
              1309      locationor/u_div_yt/U_DIV_u_add_PartRem_1_2_clk_r_REG438_S4
              1310      locationor/u_div_yt/U_DIV_clk_r_REG441_S2
              1311      locationor/u_div_yt/U_DIV_clk_r_REG442_S3
              1312      locationor/u_div_yt/U_DIV_clk_r_REG443_S4
              1313      locationor/u_div_yt/U_DIV_clk_r_REG444_S2
              1314      locationor/u_div_yt/U_DIV_clk_r_REG445_S3
              1315      locationor/u_div_yt/U_DIV_clk_r_REG446_S4
              1316      locationor/u_div_yt/U_DIV_clk_r_REG447_S2
              1317      locationor/u_div_yt/U_DIV_clk_r_REG448_S3
              1318      locationor/u_div_yt/U_DIV_clk_r_REG449_S4
              1319      locationor/u_div_yt/U_DIV_clk_r_REG450_S2
              1320      locationor/u_div_yt/U_DIV_clk_r_REG451_S3
              1321      locationor/u_div_yt/U_DIV_clk_r_REG452_S4
              1322      locationor/u_div_yt/U_DIV_clk_r_REG453_S2
              1323      locationor/u_div_yt/U_DIV_clk_r_REG454_S3
              1324      locationor/u_div_yt/U_DIV_u_add_PartRem_0_1_clk_r_REG455_S4
              1325      locationor/u_div_yt/U_DIV_clk_r_REG456_S2
              1326      locationor/u_div_yt/U_DIV_clk_r_REG457_S3
              1327      locationor/u_div_yt/U_DIV_clk_r_REG458_S4
              1328      locationor/u_div_yt/U_DIV_clk_r_REG460_S2
              1329      locationor/u_div_yt/U_DIV_clk_r_REG461_S3
              1330      locationor/u_div_yt/U_DIV_u_add_PartRem_1_1_clk_r_REG462_S4
              1331      locationor/u_div_yt/U_DIV_clk_r_REG463_S2
              1332      locationor/u_div_yt/U_DIV_clk_r_REG464_S3
              1333      locationor/u_div_yt/U_DIV_clk_r_REG465_S4
              1334      locationor/u_div_yt/U_DIV_clk_r_REG466_S2
              1335      locationor/u_div_yt/U_DIV_clk_r_REG467_S3
              1336      locationor/u_div_yt/U_DIV_clk_r_REG468_S4
              1337      locationor/u_div_yt/U_DIV_clk_r_REG472_S3
              1338      locationor/u_div_yt/U_DIV_clk_r_REG473_S4
              1339      locationor/u_div_yt/U_DIV_clk_r_REG474_S3
              1340      locationor/u_div_yt/U_DIV_clk_r_REG475_S4
              1341      locationor/u_div_yt/U_DIV_clk_r_REG476_S2
              1342      locationor/u_div_yt/U_DIV_clk_r_REG480_S3
              1343      locationor/u_div_yt/U_DIV_clk_r_REG477_S2
              1344      locationor/u_div_yt/U_DIV_clk_r_REG478_S3
              1345      locationor/u_div_yt/U_DIV_clk_r_REG479_S4
              1346      locationor/u_div_yt/U_DIV_clk_r_REG484_S2
              1347      locationor/u_div_yt/U_DIV_clk_r_REG485_S3
              1348      locationor/u_div_yt/U_DIV_clk_r_REG486_S4
              1349      locationor/u_div_yt/U_DIV_clk_r_REG487_S2
              1350      locationor/u_div_yt/U_DIV_clk_r_REG488_S3
              1351      locationor/u_div_yt/U_DIV_clk_r_REG489_S4
              1352      locationor/u_div_yt/U_DIV_clk_r_REG490_S2
              1353      locationor/u_div_yt/U_DIV_clk_r_REG491_S3
              1354      locationor/u_div_yt/U_DIV_clk_r_REG492_S4
              1355      locationor/u_div_yt/U_DIV_clk_r_REG494_S2
              1356      locationor/u_div_yt/U_DIV_clk_r_REG495_S3
              1357      locationor/u_div_yt/U_DIV_clk_r_REG496_S4
              1358      locationor/u_div_yt/U_DIV_clk_r_REG497_S3
              1359      locationor/u_div_yt/U_DIV_clk_r_REG498_S4
              1360      locationor/u_div_yt/U_DIV_clk_r_REG501_S2
              1361      locationor/u_div_yt/U_DIV_clk_r_REG502_S3
              1362      locationor/u_div_yt/U_DIV_u_add_PartRem_1_6_clk_r_REG503_S4
              1363      locationor/u_div_yt/U_DIV_u_add_PartRem_1_1_clk_r_REG394_S3
              1364      locationor/u_div_yt/U_DIV_u_add_PartRem_1_1_clk_r_REG395_S4
              1365      locationor/u_div_yt/U_DIV_u_add_PartRem_1_2_clk_r_REG66_S3
              1366      locationor/u_div_yt/U_DIV_u_add_PartRem_1_2_clk_r_REG67_S4
              1367      locationor/u_div_yt/U_DIV_u_add_PartRem_2_4_clk_r_REG439_S2
              1368      locationor/u_div_yt/U_DIV_u_add_PartRem_2_4_clk_r_REG440_S3
              1369      locationor/u_div_yt/clk_r_REG105_S1
              1370      locationor/u_div_yt/U_DIV_clk_r_REG106_S2
              1371      locationor/u_div_yt/U_DIV_clk_r_REG107_S3
              1372      locationor/u_div_yt/U_DIV_clk_r_REG108_S4
              1373      locationor/u_div_yt/clk_r_REG109_S1
              1374      locationor/u_div_yt/U_DIV_clk_r_REG110_S2
              1375      locationor/u_div_yt/U_DIV_clk_r_REG504_S3
              1376      valid_controlor/out_valid_reg

1
