 
****************************************
Report : area
Design : LCD_CTRL
Version: S-2021.06-SP2
Date   : Wed Feb 11 21:22:33 2026
****************************************

Library(s) Used:

    slow (File: /mnt2/CBDK_TSMC_130nm_Arm_v2.5/SynopsysDC/db/slow.db)

Number of ports:                          135
Number of nets:                          6075
Number of cells:                         5484
Number of combinational cells:           4929
Number of sequential cells:               547
Number of macros/black boxes:               0
Number of buf/inv:                        753
Number of references:                     166

Combinational area:              52741.612520
Buf/Inv area:                     6236.247582
Noncombinational area:           17756.500813
Macro/Black Box area:                0.000000
Net Interconnect area:          922371.293427

Total cell area:                 70498.113333
Total area:                     992869.406760
1
