 
****************************************
Report : timing
        -path full
        -delay max
        -max_paths 1
Design : LCD_CTRL
Version: S-2021.06-SP2
Date   : Wed Feb 11 21:22:33 2026
****************************************

Operating Conditions: slow   Library: slow
Wire Load Model Mode: top

  Startpoint: operation_column_index_reg[2]
              (rising edge-triggered flip-flop clocked by clk)
  Endpoint: rom_data_reg[10][2]
            (rising edge-triggered flip-flop clocked by clk)
  Path Group: clk
  Path Type: max

  Des/Clust/Port     Wire Load Model       Library
  ------------------------------------------------
  LCD_CTRL           tsmc13_wl10           slow

  Point                                                   Incr       Path
  --------------------------------------------------------------------------
  clock clk (rise edge)                                   0.00       0.00
  clock network delay (ideal)                             0.50       0.50
  operation_column_index_reg[2]/CK (DFFRX4)               0.00       0.50 r
  operation_column_index_reg[2]/Q (DFFRX4)                0.59       1.09 f
  U2914/Y (CLKAND2X6)                                     0.21       1.30 f
  U3307/Y (OR2X8)                                         0.16       1.46 f
  U4004/Y (NOR2X8)                                        0.18       1.64 r
  U3738/Y (CLKINVX6)                                      0.26       1.90 f
  U2788/Y (NOR2X4)                                        0.24       2.14 r
  U2872/Y (AND2X2)                                        0.25       2.39 r
  U3316/Y (BUFX4)                                         0.32       2.71 r
  U3315/Y (BUFX16)                                        0.22       2.92 r
  U6443/Y (AO22X2)                                        0.21       3.13 r
  U6151/Y (AOI221XL)                                      0.15       3.28 f
  U2962/Y (AND4X1)                                        0.41       3.69 f
  U6433/Y (OAI221X4)                                      0.53       4.22 r
  U7336/Y (NAND2BX4)                                      0.12       4.34 f
  U3829/Y (OA21X4)                                        0.22       4.55 f
  U7323/Y (AOI211X2)                                      0.22       4.78 r
  U2913/Y (INVX3)                                         0.10       4.88 f
  U7359/Y (AOI31X2)                                       0.19       5.07 r
  U2912/Y (INVX3)                                         0.09       5.17 f
  U7361/Y (OAI211X2)                                      0.23       5.40 r
  U7325/Y (AOI32X2)                                       0.20       5.60 f
  U3350/Y (CLKINVX3)                                      0.13       5.73 r
  U4262/Y (AOI21X4)                                       0.14       5.86 f
  U3353/Y (CLKINVX12)                                     0.12       5.99 r
  U2947/Y (INVX12)                                        0.09       6.08 f
  U2958/Y (OAI22X2)                                       0.22       6.30 r
  U2877/Y (CLKINVX1)                                      0.38       6.67 f
  U2875/Y (OA22X1)                                        0.56       7.23 f
  U3385/Y (OAI22X2)                                       0.20       7.44 r
  U2579/Y (OAI221X2)                                      0.21       7.65 f
  U7363/Y (AO22X4)                                        0.31       7.96 f
  U7356/Y (OAI21X4)                                       0.11       8.07 r
  U4641/Y (NOR2X4)                                        0.22       8.30 f
  U7351/Y (AOI222X4)                                      0.57       8.87 r
  U3311/Y (NAND2X6)                                       0.09       8.96 f
  U3644/Y (INVX12)                                        0.08       9.05 r
  U3358/Y (CLKINVX2)                                      0.17       9.21 f
  U3313/Y (BUFX4)                                         0.28       9.49 f
  U3121/Y (AOI211X1)                                      0.31       9.80 r
  U3120/Y (OR2X1)                                         0.24      10.05 r
  U3118/Y (NAND2X1)                                       0.13      10.18 f
  rom_data_reg[10][2]/D (DFFRX1)                          0.00      10.18 f
  data arrival time                                                 10.18

  clock clk (rise edge)                                  10.00      10.00
  clock network delay (ideal)                             0.50      10.50
  clock uncertainty                                      -0.10      10.40
  rom_data_reg[10][2]/CK (DFFRX1)                         0.00      10.40 r
  library setup time                                     -0.22      10.18
  data required time                                                10.18
  --------------------------------------------------------------------------
  data required time                                                10.18
  data arrival time                                                -10.18
  --------------------------------------------------------------------------
  slack (MET)                                                        0.00


1
