In mode: Internal_scan...
  Design has scan chains in this mode
  Design is scan routed
  Post-DFT DRC enabled

Information: Starting test design rule checking. (TEST-222)
  Loading test protocol
  ...basic checks...
  ...basic sequential cell checks...
  ...checking vector rules...
  ...checking clock rules...
  ...checking scan chain rules...
  ...checking scan compression rules...
  ...checking X-state rules...
  ...checking tristate rules...
  ...extracting scan details...

-----------------------------------------------------------------
  DRC Report

  Total violations: 0

-----------------------------------------------------------------


Test Design rule checking did not find violations

-----------------------------------------------------------------
  Sequential Cell Report

  0 out of 838 sequential cells have violations

-----------------------------------------------------------------

SEQUENTIAL CELLS WITHOUT VIOLATIONS
      * 642 cells are valid scan cells
      * 196 cells are non-scan shift-register cells

Information: Test design rule checking completed. (TEST-123)
  Running test coverage estimation...
 65396 faults were added to fault list.
 Begin deterministic ATPG: #uncollapsed_faults=58783, abort_limit=10...
 0           45496  13287         0/0/8    79.67%      0.10
 0            5107   8180        0/0/17    87.48%      0.15
 0            2177   6003        0/0/24    90.82%      0.17
 0            1403   4599        1/0/32    92.96%      0.20
 0             795   3804        1/0/39    94.18%      0.23
 0             736   3068        1/0/51    95.31%      0.26
 0             377   2691        1/0/58    95.88%      0.28
 0             425   2266        1/0/67    96.53%      0.31
 0             327   1939        1/0/80    97.03%      0.33
 0             232   1706        2/0/93    97.39%      0.35
 0             240   1466       2/0/104    97.76%      0.37
 0             201   1262       5/0/125    98.07%      0.40
 0             223   1038       6/0/168    98.41%      0.45
 0             100    938       6/0/205    98.56%      0.49
 0             107    830       7/0/219    98.73%      0.52
 0             179    650       8/0/232    99.01%      0.54
 0              92    556      10/0/252    99.15%      0.56
 0              95    457      14/0/291    99.30%      0.60
 0              59    393      19/0/299    99.40%      0.61
 0              55    330      25/0/305    99.49%      0.63
 0              50    269      35/0/315    99.59%      0.65
 0              14    255      35/0/316    99.61%      0.65
 
            Pattern Summary Report
 -----------------------------------------------
 #internal patterns                           0
 -----------------------------------------------
 

     Uncollapsed Stuck Fault Summary Report
 -----------------------------------------------
 fault class                     code   #faults
 ------------------------------  ----  ---------
 Detected                         DT      65065
 Possibly detected                PT          0
 Undetectable                     UD         76
 ATPG untestable                  AU          0
 Not detected                     ND        255
 -----------------------------------------------
 total faults                             65396
 test coverage                            99.61%
 -----------------------------------------------
  Information: The test coverage above may be inferior
               than the real test coverage with customized
               protocol and test simulation library.
1
