 
****************************************
Report : Scan path
Design : RFILE
Version: Q-2019.12
Date   : Sun Dec 21 18:56:01 2025
****************************************

========================================
TEST MODE: Internal_scan
VIEW     : Existing DFT
========================================

========================================
AS SPECIFIED BY USER
========================================


========================================
AS BUILT BY insert_dft
========================================

Scan_path     Cell_#    Instance_name            Clocks
---------     ------    -------------            ------
I 1           0         busy_controlor/busy_reg  clk 
              1         cal_distancer/distance_square_A_reg_0_
              2         cal_distancer/distance_square_A_reg_1_
              3         cal_distancer/distance_square_A_reg_2_
              4         cal_distancer/distance_square_A_reg_3_
              5         cal_distancer/distance_square_A_reg_4_
              6         cal_distancer/distance_square_A_reg_5_
              7         cal_distancer/distance_square_A_reg_6_
              8         cal_distancer/distance_square_A_reg_7_
              9         cal_distancer/distance_square_A_reg_8_
              10        cal_distancer/distance_square_A_reg_9_
              11        cal_distancer/distance_square_A_reg_10_
              12        cal_distancer/distance_square_A_reg_11_
              13        cal_distancer/distance_square_A_reg_12_
              14        cal_distancer/distance_square_A_reg_13_
              15        cal_distancer/distance_square_A_reg_14_
              16        cal_distancer/distance_square_A_reg_15_
              17        cal_distancer/distance_square_A_reg_16_
              18        cal_distancer/distance_square_A_reg_17_
              19        cal_distancer/distance_square_A_reg_18_
              20        cal_distancer/distance_square_A_reg_19_
              21        cal_distancer/distance_square_A_reg_20_
              22        cal_distancer/distance_square_A_reg_21_
              23        cal_distancer/distance_square_A_reg_22_
              24        cal_distancer/distance_square_A_reg_23_
              25        cal_distancer/distance_square_A_reg_24_
              26        cal_distancer/distance_square_A_reg_25_
              27        cal_distancer/distance_square_B_reg_0_
              28        cal_distancer/distance_square_B_reg_1_
              29        cal_distancer/distance_square_B_reg_2_
              30        cal_distancer/distance_square_B_reg_3_
              31        cal_distancer/distance_square_B_reg_4_
              32        cal_distancer/distance_square_B_reg_5_
              33        cal_distancer/distance_square_B_reg_6_
              34        cal_distancer/distance_square_B_reg_7_
              35        cal_distancer/distance_square_B_reg_8_
              36        cal_distancer/distance_square_B_reg_9_
              37        cal_distancer/distance_square_B_reg_10_
              38        cal_distancer/distance_square_B_reg_11_
              39        cal_distancer/distance_square_B_reg_12_
              40        cal_distancer/distance_square_B_reg_13_
              41        cal_distancer/distance_square_B_reg_14_
              42        cal_distancer/distance_square_B_reg_15_
              43        cal_distancer/distance_square_B_reg_16_
              44        cal_distancer/distance_square_B_reg_17_
              45        cal_distancer/distance_square_B_reg_18_
              46        cal_distancer/distance_square_B_reg_19_
              47        cal_distancer/distance_square_B_reg_20_
              48        cal_distancer/distance_square_B_reg_21_
              49        cal_distancer/distance_square_B_reg_22_
              50        cal_distancer/distance_square_B_reg_23_
              51        cal_distancer/distance_square_B_reg_24_
              52        cal_distancer/distance_square_B_reg_25_
              53        cal_distancer/distance_square_C_reg_0_
              54        cal_distancer/distance_square_C_reg_1_
              55        cal_distancer/distance_square_C_reg_2_
              56        cal_distancer/distance_square_C_reg_3_
              57        cal_distancer/distance_square_C_reg_4_
              58        cal_distancer/distance_square_C_reg_5_
              59        cal_distancer/distance_square_C_reg_6_
              60        cal_distancer/distance_square_C_reg_7_
              61        cal_distancer/distance_square_C_reg_8_
              62        cal_distancer/distance_square_C_reg_9_
              63        cal_distancer/distance_square_C_reg_10_
              64        cal_distancer/distance_square_C_reg_11_
              65        cal_distancer/distance_square_C_reg_12_
              66        cal_distancer/distance_square_C_reg_13_
              67        cal_distancer/distance_square_C_reg_14_
              68        cal_distancer/distance_square_C_reg_15_
              69        cal_distancer/distance_square_C_reg_16_
              70        cal_distancer/distance_square_C_reg_17_
              71        cal_distancer/distance_square_C_reg_18_
              72        cal_distancer/distance_square_C_reg_19_
              73        cal_distancer/distance_square_C_reg_20_
              74        cal_distancer/distance_square_C_reg_21_
              75        cal_distancer/distance_square_C_reg_22_
              76        cal_distancer/distance_square_C_reg_23_
              77        cal_distancer/distance_square_C_reg_24_
              78        cal_distancer/distance_square_C_reg_25_
              79        caler_exp/exp_float_A_reg_0_
              80        caler_exp/exp_float_A_reg_1_
              81        caler_exp/exp_float_A_reg_2_
              82        caler_exp/exp_float_A_reg_3_
              83        caler_exp/exp_float_A_reg_4_
              84        caler_exp/exp_float_A_reg_5_
              85        caler_exp/exp_float_A_reg_6_
              86        caler_exp/exp_float_A_reg_7_
              87        caler_exp/exp_float_A_reg_8_
              88        caler_exp/exp_float_A_reg_9_
              89        caler_exp/exp_float_A_reg_10_
              90        caler_exp/exp_float_A_reg_11_
              91        caler_exp/exp_float_B_reg_0_
              92        caler_exp/exp_float_B_reg_1_
              93        caler_exp/exp_float_B_reg_2_
              94        caler_exp/exp_float_B_reg_3_
              95        caler_exp/exp_float_B_reg_4_
              96        caler_exp/exp_float_B_reg_5_
              97        caler_exp/exp_float_B_reg_6_
              98        caler_exp/exp_float_B_reg_7_
              99        caler_exp/exp_float_B_reg_8_
              100       caler_exp/exp_float_B_reg_9_
              101       caler_exp/exp_float_B_reg_10_
              102       caler_exp/exp_float_B_reg_11_
              103       caler_exp/exp_float_C_reg_0_
              104       caler_exp/exp_float_C_reg_1_
              105       caler_exp/exp_float_C_reg_2_
              106       caler_exp/exp_float_C_reg_3_
              107       caler_exp/exp_float_C_reg_4_
              108       caler_exp/exp_float_C_reg_5_
              109       caler_exp/exp_float_C_reg_6_
              110       caler_exp/exp_float_C_reg_7_
              111       caler_exp/exp_float_C_reg_8_
              112       caler_exp/exp_float_C_reg_9_
              113       caler_exp/exp_float_C_reg_10_
              114       caler_exp/exp_float_C_reg_11_
              115       caler_exp/exp_int_A_reg_0_
              116       caler_exp/exp_int_A_reg_1_
              117       caler_exp/exp_int_B_reg_0_
              118       caler_exp/exp_int_B_reg_1_
              119       caler_exp/exp_int_C_reg_0_
              120       caler_exp/exp_int_C_reg_1_
              121       complementer/ab_com_rssiA_reg_0_
              122       complementer/ab_com_rssiA_reg_1_
              123       complementer/ab_com_rssiA_reg_2_
              124       complementer/ab_com_rssiA_reg_3_
              125       complementer/ab_com_rssiA_reg_4_
              126       complementer/ab_com_rssiA_reg_5_
              127       complementer/ab_com_rssiA_reg_6_
              128       complementer/ab_com_rssiA_reg_7_
              129       complementer/ab_com_rssiA_reg_8_
              130       complementer/ab_com_rssiA_reg_9_
              131       complementer/ab_com_rssiA_reg_10_
              132       complementer/ab_com_rssiA_reg_11_
              133       complementer/ab_com_rssiA_reg_12_
              134       complementer/ab_com_rssiA_reg_13_
              135       complementer/ab_com_rssiA_reg_14_
              136       complementer/ab_com_rssiA_reg_15_
              137       complementer/ab_com_rssiA_reg_16_
              138       complementer/ab_com_rssiA_reg_17_
              139       complementer/ab_com_rssiA_reg_18_
              140       complementer/ab_com_rssiA_reg_19_
              141       complementer/ab_com_rssiB_reg_0_
              142       complementer/ab_com_rssiB_reg_1_
              143       complementer/ab_com_rssiB_reg_2_
              144       complementer/ab_com_rssiB_reg_3_
              145       complementer/ab_com_rssiB_reg_4_
              146       complementer/ab_com_rssiB_reg_5_
              147       complementer/ab_com_rssiB_reg_6_
              148       complementer/ab_com_rssiB_reg_7_
              149       complementer/ab_com_rssiB_reg_8_
              150       complementer/ab_com_rssiB_reg_9_
              151       complementer/ab_com_rssiB_reg_10_
              152       complementer/ab_com_rssiB_reg_11_
              153       complementer/ab_com_rssiB_reg_12_
              154       complementer/ab_com_rssiB_reg_13_
              155       complementer/ab_com_rssiB_reg_14_
              156       complementer/ab_com_rssiB_reg_15_
              157       complementer/ab_com_rssiB_reg_16_
              158       complementer/ab_com_rssiB_reg_17_
              159       complementer/ab_com_rssiB_reg_18_
              160       complementer/ab_com_rssiB_reg_19_
              161       complementer/ab_com_rssiC_reg_0_
              162       complementer/ab_com_rssiC_reg_1_
              163       complementer/ab_com_rssiC_reg_2_
              164       complementer/ab_com_rssiC_reg_3_
              165       complementer/ab_com_rssiC_reg_4_
              166       complementer/ab_com_rssiC_reg_5_
              167       complementer/ab_com_rssiC_reg_6_
              168       complementer/ab_com_rssiC_reg_7_
              169       complementer/ab_com_rssiC_reg_8_
              170       complementer/ab_com_rssiC_reg_9_
              171       complementer/ab_com_rssiC_reg_10_
              172       complementer/ab_com_rssiC_reg_11_
              173       complementer/ab_com_rssiC_reg_12_
              174       complementer/ab_com_rssiC_reg_13_
              175       complementer/ab_com_rssiC_reg_14_
              176       complementer/ab_com_rssiC_reg_15_
              177       complementer/ab_com_rssiC_reg_16_
              178       complementer/ab_com_rssiC_reg_17_
              179       complementer/ab_com_rssiC_reg_18_
              180       complementer/ab_com_rssiC_reg_19_
              181       constant_calculater/half_delta1_reg_0_
              182       constant_calculater/half_delta1_reg_1_
              183       constant_calculater/half_delta1_reg_2_
              184       constant_calculater/half_delta1_reg_3_
              185       constant_calculater/half_delta1_reg_4_
              186       constant_calculater/half_delta1_reg_5_
              187       constant_calculater/half_delta1_reg_6_
              188       constant_calculater/half_delta1_reg_7_
              189       constant_calculater/half_delta1_reg_8_
              190       constant_calculater/half_delta1_reg_9_
              191       constant_calculater/half_delta1_reg_10_
              192       constant_calculater/half_delta1_reg_11_
              193       constant_calculater/half_delta1_reg_12_
              194       constant_calculater/half_delta1_reg_13_
              195       constant_calculater/half_delta1_reg_14_
              196       constant_calculater/half_delta1_reg_15_
              197       constant_calculater/half_delta2_reg_0_
              198       constant_calculater/half_delta2_reg_1_
              199       constant_calculater/half_delta2_reg_2_
              200       constant_calculater/half_delta2_reg_3_
              201       constant_calculater/half_delta2_reg_4_
              202       constant_calculater/half_delta2_reg_5_
              203       constant_calculater/half_delta2_reg_6_
              204       constant_calculater/half_delta2_reg_7_
              205       constant_calculater/half_delta2_reg_8_
              206       constant_calculater/half_delta2_reg_9_
              207       constant_calculater/half_delta2_reg_10_
              208       constant_calculater/half_delta2_reg_11_
              209       constant_calculater/half_delta2_reg_12_
              210       constant_calculater/half_delta2_reg_13_
              211       constant_calculater/half_delta2_reg_14_
              212       constant_calculater/half_delta2_reg_15_
              213       constant_calculater/square_sensor_A_X_reg_0_
              214       constant_calculater/square_sensor_A_X_reg_2_
              215       constant_calculater/square_sensor_A_X_reg_3_
              216       constant_calculater/square_sensor_A_X_reg_4_
              217       constant_calculater/square_sensor_A_X_reg_5_
              218       constant_calculater/square_sensor_A_X_reg_6_
              219       constant_calculater/square_sensor_A_X_reg_7_
              220       constant_calculater/square_sensor_A_X_reg_8_
              221       constant_calculater/square_sensor_A_X_reg_9_
              222       constant_calculater/square_sensor_A_X_reg_10_
              223       constant_calculater/square_sensor_A_X_reg_11_
              224       constant_calculater/square_sensor_A_X_reg_12_
              225       constant_calculater/square_sensor_A_X_reg_13_
              226       constant_calculater/square_sensor_A_X_reg_14_
              227       constant_calculater/square_sensor_A_X_reg_15_
              228       constant_calculater/square_sensor_A_Y_reg_0_
              229       constant_calculater/square_sensor_A_Y_reg_2_
              230       constant_calculater/square_sensor_A_Y_reg_3_
              231       constant_calculater/square_sensor_A_Y_reg_4_
              232       constant_calculater/square_sensor_A_Y_reg_5_
              233       constant_calculater/square_sensor_A_Y_reg_6_
              234       constant_calculater/square_sensor_A_Y_reg_7_
              235       constant_calculater/square_sensor_A_Y_reg_8_
              236       constant_calculater/square_sensor_A_Y_reg_9_
              237       constant_calculater/square_sensor_A_Y_reg_10_
              238       constant_calculater/square_sensor_A_Y_reg_11_
              239       constant_calculater/square_sensor_A_Y_reg_12_
              240       constant_calculater/square_sensor_A_Y_reg_13_
              241       constant_calculater/square_sensor_A_Y_reg_14_
              242       constant_calculater/square_sensor_A_Y_reg_15_
              243       constant_calculater/square_sensor_B_X_reg_0_
              244       constant_calculater/square_sensor_B_X_reg_2_
              245       constant_calculater/square_sensor_B_X_reg_3_
              246       constant_calculater/square_sensor_B_X_reg_4_
              247       constant_calculater/square_sensor_B_X_reg_5_
              248       constant_calculater/square_sensor_B_X_reg_6_
              249       constant_calculater/square_sensor_B_X_reg_7_
              250       constant_calculater/square_sensor_B_X_reg_8_
              251       constant_calculater/square_sensor_B_X_reg_9_
              252       constant_calculater/square_sensor_B_X_reg_10_
              253       constant_calculater/square_sensor_B_X_reg_11_
              254       constant_calculater/square_sensor_B_X_reg_12_
              255       constant_calculater/square_sensor_B_X_reg_13_
              256       constant_calculater/square_sensor_B_X_reg_14_
              257       constant_calculater/square_sensor_B_X_reg_15_
              258       constant_calculater/square_sensor_B_Y_reg_0_
              259       constant_calculater/square_sensor_B_Y_reg_2_
              260       constant_calculater/square_sensor_B_Y_reg_3_
              261       constant_calculater/square_sensor_B_Y_reg_4_
              262       constant_calculater/square_sensor_B_Y_reg_5_
              263       constant_calculater/square_sensor_B_Y_reg_6_
              264       constant_calculater/square_sensor_B_Y_reg_7_
              265       constant_calculater/square_sensor_B_Y_reg_8_
              266       constant_calculater/square_sensor_B_Y_reg_9_
              267       constant_calculater/square_sensor_B_Y_reg_10_
              268       constant_calculater/square_sensor_B_Y_reg_11_
              269       constant_calculater/square_sensor_B_Y_reg_12_
              270       constant_calculater/square_sensor_B_Y_reg_13_
              271       constant_calculater/square_sensor_B_Y_reg_14_
              272       constant_calculater/square_sensor_B_Y_reg_15_
              273       constant_calculater/square_sensor_C_X_reg_0_
              274       constant_calculater/square_sensor_C_X_reg_2_
              275       constant_calculater/square_sensor_C_X_reg_3_
              276       constant_calculater/square_sensor_C_X_reg_4_
              277       constant_calculater/square_sensor_C_X_reg_5_
              278       constant_calculater/square_sensor_C_X_reg_6_
              279       constant_calculater/square_sensor_C_X_reg_7_
              280       constant_calculater/square_sensor_C_X_reg_8_
              281       constant_calculater/square_sensor_C_X_reg_9_
              282       constant_calculater/square_sensor_C_X_reg_10_
              283       constant_calculater/square_sensor_C_X_reg_11_
              284       constant_calculater/square_sensor_C_X_reg_12_
              285       constant_calculater/square_sensor_C_X_reg_13_
              286       constant_calculater/square_sensor_C_X_reg_14_
              287       constant_calculater/square_sensor_C_X_reg_15_
              288       constant_calculater/square_sensor_C_Y_reg_0_
              289       constant_calculater/square_sensor_C_Y_reg_2_
              290       constant_calculater/square_sensor_C_Y_reg_3_
              291       constant_calculater/square_sensor_C_Y_reg_4_
              292       constant_calculater/square_sensor_C_Y_reg_5_
              293       constant_calculater/square_sensor_C_Y_reg_6_
              294       constant_calculater/square_sensor_C_Y_reg_7_
              295       constant_calculater/square_sensor_C_Y_reg_8_
              296       constant_calculater/square_sensor_C_Y_reg_9_
              297       constant_calculater/square_sensor_C_Y_reg_10_
              298       constant_calculater/square_sensor_C_Y_reg_11_
              299       constant_calculater/square_sensor_C_Y_reg_12_
              300       constant_calculater/square_sensor_C_Y_reg_13_
              301       constant_calculater/square_sensor_C_Y_reg_14_
              302       constant_calculater/square_sensor_C_Y_reg_15_
              303       constant_calculater/x_delta_ba_reg_0_
              304       constant_calculater/x_delta_ba_reg_1_
              305       constant_calculater/x_delta_ba_reg_2_
              306       constant_calculater/x_delta_ba_reg_3_
              307       constant_calculater/x_delta_ba_reg_4_
              308       constant_calculater/x_delta_ba_reg_5_
              309       constant_calculater/x_delta_ba_reg_6_
              310       constant_calculater/x_delta_ba_reg_7_
              311       constant_calculater/x_delta_ca_reg_0_
              312       constant_calculater/x_delta_ca_reg_1_
              313       constant_calculater/x_delta_ca_reg_2_
              314       constant_calculater/x_delta_ca_reg_3_
              315       constant_calculater/x_delta_ca_reg_4_
              316       constant_calculater/x_delta_ca_reg_5_
              317       constant_calculater/x_delta_ca_reg_6_
              318       constant_calculater/x_delta_ca_reg_7_
              319       constant_calculater/y_delta_ba_reg_0_
              320       constant_calculater/y_delta_ba_reg_1_
              321       constant_calculater/y_delta_ba_reg_2_
              322       constant_calculater/y_delta_ba_reg_3_
              323       constant_calculater/y_delta_ba_reg_4_
              324       constant_calculater/y_delta_ba_reg_5_
              325       constant_calculater/y_delta_ba_reg_6_
              326       constant_calculater/y_delta_ba_reg_7_
              327       constant_calculater/y_delta_ca_reg_0_
              328       constant_calculater/y_delta_ca_reg_1_
              329       constant_calculater/y_delta_ca_reg_2_
              330       constant_calculater/y_delta_ca_reg_3_
              331       constant_calculater/y_delta_ca_reg_4_
              332       constant_calculater/y_delta_ca_reg_5_
              333       constant_calculater/y_delta_ca_reg_6_
              334       constant_calculater/y_delta_ca_reg_7_
              335       counter_tester/count_reg_0_
              336       counter_tester/count_reg_1_
              337       counter_tester/count_reg_2_
              338       counter_tester/count_reg_3_
              339       locationor/u_div_xt/U_DIV_clk_r_REG1_S2
              340       locationor/u_div_xt/U_DIV_clk_r_REG2_S3
              341       locationor/u_div_xt/U_DIV_clk_r_REG3_S4
              342       locationor/u_div_xt/U_DIV_clk_r_REG4_S4
              343       locationor/u_div_xt/U_DIV_clk_r_REG5_S4
              344       locationor/u_div_xt/U_DIV_clk_r_REG6_S4
              345       locationor/u_div_xt/U_DIV_clk_r_REG7_S4
              346       locationor/u_div_xt/U_DIV_clk_r_REG8_S4
              347       locationor/u_div_xt/U_DIV_clk_r_REG9_S4
              348       locationor/u_div_xt/U_DIV_clk_r_REG10_S4
              349       locationor/u_div_xt/U_DIV_clk_r_REG11_S4
              350       locationor/u_div_xt/U_DIV_clk_r_REG12_S4
              351       locationor/u_div_xt/U_DIV_clk_r_REG13_S4
              352       locationor/u_div_xt/U_DIV_clk_r_REG14_S4
              353       locationor/u_div_xt/U_DIV_clk_r_REG15_S4
              354       locationor/u_div_xt/U_DIV_clk_r_REG16_S4
              355       locationor/u_div_xt/U_DIV_clk_r_REG17_S4
              356       locationor/u_div_xt/U_DIV_clk_r_REG18_S4
              357       locationor/u_div_xt/U_DIV_clk_r_REG19_S4
              358       locationor/u_div_xt/U_DIV_clk_r_REG20_S4
              359       locationor/u_div_xt/U_DIV_clk_r_REG21_S4
              360       locationor/u_div_xt/U_DIV_clk_r_REG22_S4
              361       locationor/u_div_xt/U_DIV_clk_r_REG23_S4
              362       locationor/u_div_xt/U_DIV_clk_r_REG24_S3
              363       locationor/u_div_xt/U_DIV_clk_r_REG25_S3
              364       locationor/u_div_xt/U_DIV_clk_r_REG26_S3
              365       locationor/u_div_xt/U_DIV_clk_r_REG27_S3
              366       locationor/u_div_xt/U_DIV_clk_r_REG28_S3
              367       locationor/u_div_xt/U_DIV_clk_r_REG29_S3
              368       locationor/u_div_xt/U_DIV_clk_r_REG30_S3
              369       locationor/u_div_xt/U_DIV_clk_r_REG31_S3
              370       locationor/u_div_xt/U_DIV_clk_r_REG32_S3
              371       locationor/u_div_xt/U_DIV_clk_r_REG33_S3
              372       locationor/u_div_xt/U_DIV_clk_r_REG34_S3
              373       locationor/u_div_xt/U_DIV_clk_r_REG35_S3
              374       locationor/u_div_xt/U_DIV_clk_r_REG36_S3
              375       locationor/u_div_xt/U_DIV_clk_r_REG37_S3
              376       locationor/u_div_xt/U_DIV_clk_r_REG38_S3
              377       locationor/u_div_xt/U_DIV_clk_r_REG39_S3
              378       locationor/u_div_xt/U_DIV_clk_r_REG40_S3
              379       locationor/u_div_xt/U_DIV_clk_r_REG41_S3
              380       locationor/u_div_xt/U_DIV_clk_r_REG42_S3
              381       locationor/u_div_xt/U_DIV_clk_r_REG43_S3
              382       locationor/u_div_xt/U_DIV_clk_r_REG44_S2
              383       locationor/u_div_xt/U_DIV_clk_r_REG45_S2
              384       locationor/u_div_xt/U_DIV_clk_r_REG46_S2
              385       locationor/u_div_xt/U_DIV_clk_r_REG47_S2
              386       locationor/u_div_xt/U_DIV_clk_r_REG48_S2
              387       locationor/u_div_xt/U_DIV_clk_r_REG49_S2
              388       locationor/u_div_xt/U_DIV_clk_r_REG50_S2
              389       locationor/u_div_xt/U_DIV_clk_r_REG51_S2
              390       locationor/u_div_xt/U_DIV_clk_r_REG52_S2
              391       locationor/u_div_xt/U_DIV_clk_r_REG53_S2
              392       locationor/u_div_xt/U_DIV_clk_r_REG54_S2
              393       locationor/u_div_xt/U_DIV_clk_r_REG55_S2
              394       locationor/u_div_xt/U_DIV_clk_r_REG56_S2
              395       locationor/u_div_xt/U_DIV_clk_r_REG57_S2
              396       locationor/u_div_xt/U_DIV_clk_r_REG60_S2
              397       locationor/u_div_xt/U_DIV_clk_r_REG61_S2
              398       locationor/u_div_xt/U_DIV_clk_r_REG62_S2
              399       locationor/u_div_xt/U_DIV_clk_r_REG63_S2
              400       locationor/u_div_xt/U_DIV_clk_r_REG64_S2
              401       locationor/u_div_xt/U_DIV_clk_r_REG65_S2
              402       locationor/u_div_xt/U_DIV_clk_r_REG66_S2
              403       locationor/u_div_xt/U_DIV_clk_r_REG67_S2
              404       locationor/u_div_xt/U_DIV_clk_r_REG68_S2
              405       locationor/u_div_xt/U_DIV_clk_r_REG69_S2
              406       locationor/u_div_xt/U_DIV_clk_r_REG70_S2
              407       locationor/u_div_xt/U_DIV_clk_r_REG71_S2
              408       locationor/u_div_xt/U_DIV_clk_r_REG72_S2
              409       locationor/u_div_xt/U_DIV_clk_r_REG73_S2
              410       locationor/u_div_xt/U_DIV_clk_r_REG74_S3
              411       locationor/u_div_xt/U_DIV_clk_r_REG75_S3
              412       locationor/u_div_xt/U_DIV_clk_r_REG76_S3
              413       locationor/u_div_xt/U_DIV_clk_r_REG77_S3
              414       locationor/u_div_xt/U_DIV_clk_r_REG78_S3
              415       locationor/u_div_xt/U_DIV_clk_r_REG79_S3
              416       locationor/u_div_xt/U_DIV_clk_r_REG80_S2
              417       locationor/u_div_xt/U_DIV_clk_r_REG81_S3
              418       locationor/u_div_xt/U_DIV_clk_r_REG82_S3
              419       locationor/u_div_xt/U_DIV_clk_r_REG92_S4
              420       locationor/u_div_xt/U_DIV_clk_r_REG96_S4
              421       locationor/u_div_xt/U_DIV_clk_r_REG99_S4
              422       locationor/u_div_xt/U_DIV_clk_r_REG100_S4
              423       locationor/u_div_xt/U_DIV_clk_r_REG101_S4
              424       locationor/u_div_xt/U_DIV_clk_r_REG131_S2
              425       locationor/u_div_xt/U_DIV_clk_r_REG178_S2
              426       locationor/u_div_xt/U_DIV_clk_r_REG249_S3
              427       locationor/u_div_xt/U_DIV_clk_r_REG251_S2
              428       locationor/u_div_xt/U_DIV_clk_r_REG254_S4
              429       locationor/u_div_xt/U_DIV_clk_r_REG257_S3
              430       locationor/u_div_xt/U_DIV_clk_r_REG258_S4
              431       locationor/u_div_xt/U_DIV_clk_r_REG260_S4
              432       locationor/u_div_xt/U_DIV_clk_r_REG261_S4
              433       locationor/u_div_xt/U_DIV_clk_r_REG283_S4
              434       locationor/u_div_xt/U_DIV_clk_r_REG300_S2
              435       locationor/u_div_xt/U_DIV_clk_r_REG314_S2
              436       locationor/u_div_xt/U_DIV_clk_r_REG321_S3
              437       locationor/u_div_xt/U_DIV_clk_r_REG324_S4
              438       locationor/u_div_xt/U_DIV_clk_r_REG325_S4
              439       locationor/u_div_xt/U_DIV_clk_r_REG326_S3
              440       locationor/u_div_xt/U_DIV_clk_r_REG333_S2
              441       locationor/u_div_xt/U_DIV_clk_r_REG355_S2
              442       locationor/u_div_xt/U_DIV_clk_r_REG366_S4
              443       locationor/u_div_xt/U_DIV_clk_r_REG380_S4
              444       locationor/u_div_xt/clk_r_REG0_S1
              445       locationor/u_div_xt/clk_r_REG105_S1
              446       locationor/u_div_xt/clk_r_REG106_S1
              447       locationor/u_div_xt/clk_r_REG107_S1
              448       locationor/u_div_xt/clk_r_REG108_S1
              449       locationor/u_div_xt/clk_r_REG109_S1
              450       locationor/u_div_xt/clk_r_REG110_S1
              451       locationor/u_div_xt/clk_r_REG111_S1
              452       locationor/u_div_xt/clk_r_REG112_S1
              453       locationor/u_div_xt/clk_r_REG113_S1
              454       locationor/u_div_xt/clk_r_REG114_S1
              455       locationor/u_div_xt/clk_r_REG115_S1
              456       locationor/u_div_xt/clk_r_REG116_S1
              457       locationor/u_div_xt/clk_r_REG117_S1
              458       locationor/u_div_xt/clk_r_REG118_S1
              459       locationor/u_div_xt/clk_r_REG119_S1
              460       locationor/u_div_xt/clk_r_REG120_S1
              461       locationor/u_div_xt/clk_r_REG121_S1
              462       locationor/u_div_xt/clk_r_REG122_S1
              463       locationor/u_div_xt/clk_r_REG123_S1
              464       locationor/u_div_xt/clk_r_REG124_S1
              465       locationor/u_div_xt/clk_r_REG125_S1
              466       locationor/u_div_xt/clk_r_REG126_S1
              467       locationor/u_div_xt/clk_r_REG127_S1
              468       locationor/u_div_xt/clk_r_REG130_S1
              469       locationor/u_div_xt/clk_r_REG389_S1
              470       locationor/u_div_xt/clk_r_REG390_S1
              471       locationor/u_div_xt/clk_r_REG391_S1
              472       locationor/u_div_xt/clk_r_REG392_S1
              473       locationor/u_div_xt/clk_r_REG393_S1
              474       locationor/u_div_xt/clk_r_REG394_S1
              475       locationor/u_div_xt/clk_r_REG395_S1
              476       locationor/u_div_xt/clk_r_REG396_S1
              477       locationor/u_div_xt/clk_r_REG397_S1
              478       locationor/u_div_xt/clk_r_REG398_S1
              479       locationor/u_div_xt/clk_r_REG399_S1
              480       locationor/u_div_xt/clk_r_REG400_S1
              481       locationor/u_div_xt/clk_r_REG401_S1
              482       locationor/u_div_xt/clk_r_REG402_S1
              483       locationor/u_div_xt/clk_r_REG403_S1
              484       locationor/u_div_yt/U_DIV_clk_r_REG4_S4
              485       locationor/u_div_yt/U_DIV_clk_r_REG5_S4
              486       locationor/u_div_yt/U_DIV_clk_r_REG6_S4
              487       locationor/u_div_yt/U_DIV_clk_r_REG7_S4
              488       locationor/u_div_yt/U_DIV_clk_r_REG8_S4
              489       locationor/u_div_yt/U_DIV_clk_r_REG9_S4
              490       locationor/u_div_yt/U_DIV_clk_r_REG13_S4
              491       locationor/u_div_yt/U_DIV_clk_r_REG14_S4
              492       locationor/u_div_yt/U_DIV_clk_r_REG15_S4
              493       locationor/u_div_yt/U_DIV_clk_r_REG16_S4
              494       locationor/u_div_yt/U_DIV_clk_r_REG17_S4
              495       locationor/u_div_yt/U_DIV_clk_r_REG20_S4
              496       locationor/u_div_yt/U_DIV_clk_r_REG21_S4
              497       locationor/u_div_yt/U_DIV_clk_r_REG22_S4
              498       locationor/u_div_yt/U_DIV_clk_r_REG23_S4
              499       locationor/u_div_yt/U_DIV_clk_r_REG24_S4
              500       locationor/u_div_yt/U_DIV_clk_r_REG25_S4
              501       locationor/u_div_yt/U_DIV_clk_r_REG26_S4
              502       locationor/u_div_yt/U_DIV_clk_r_REG27_S4
              503       locationor/u_div_yt/U_DIV_clk_r_REG28_S4
              504       locationor/u_div_yt/U_DIV_clk_r_REG29_S4
              505       locationor/u_div_yt/U_DIV_clk_r_REG30_S4
              506       locationor/u_div_yt/U_DIV_clk_r_REG31_S4
              507       locationor/u_div_yt/U_DIV_clk_r_REG32_S4
              508       locationor/u_div_yt/U_DIV_clk_r_REG33_S4
              509       locationor/u_div_yt/U_DIV_clk_r_REG34_S4
              510       locationor/u_div_yt/U_DIV_clk_r_REG35_S4
              511       locationor/u_div_yt/U_DIV_clk_r_REG36_S4
              512       locationor/u_div_yt/U_DIV_clk_r_REG37_S4
              513       locationor/u_div_yt/U_DIV_clk_r_REG38_S4
              514       locationor/u_div_yt/U_DIV_clk_r_REG39_S4
              515       locationor/u_div_yt/U_DIV_clk_r_REG40_S4
              516       locationor/u_div_yt/U_DIV_clk_r_REG41_S4
              517       locationor/u_div_yt/U_DIV_clk_r_REG42_S4
              518       locationor/u_div_yt/U_DIV_clk_r_REG45_S2
              519       locationor/u_div_yt/U_DIV_clk_r_REG46_S3
              520       locationor/u_div_yt/U_DIV_clk_r_REG47_S3
              521       locationor/u_div_yt/U_DIV_clk_r_REG48_S3
              522       locationor/u_div_yt/U_DIV_clk_r_REG49_S3
              523       locationor/u_div_yt/U_DIV_clk_r_REG50_S3
              524       locationor/u_div_yt/U_DIV_clk_r_REG51_S3
              525       locationor/u_div_yt/U_DIV_clk_r_REG52_S3
              526       locationor/u_div_yt/U_DIV_clk_r_REG53_S3
              527       locationor/u_div_yt/U_DIV_clk_r_REG54_S3
              528       locationor/u_div_yt/U_DIV_clk_r_REG55_S3
              529       locationor/u_div_yt/U_DIV_clk_r_REG56_S3
              530       locationor/u_div_yt/U_DIV_clk_r_REG57_S3
              531       locationor/u_div_yt/U_DIV_clk_r_REG58_S3
              532       locationor/u_div_yt/U_DIV_clk_r_REG59_S3
              533       locationor/u_div_yt/U_DIV_clk_r_REG60_S2
              534       locationor/u_div_yt/U_DIV_clk_r_REG61_S2
              535       locationor/u_div_yt/U_DIV_clk_r_REG62_S2
              536       locationor/u_div_yt/U_DIV_clk_r_REG63_S2
              537       locationor/u_div_yt/U_DIV_clk_r_REG64_S2
              538       locationor/u_div_yt/U_DIV_clk_r_REG65_S2
              539       locationor/u_div_yt/U_DIV_clk_r_REG66_S2
              540       locationor/u_div_yt/U_DIV_clk_r_REG67_S2
              541       locationor/u_div_yt/U_DIV_clk_r_REG68_S2
              542       locationor/u_div_yt/U_DIV_clk_r_REG69_S2
              543       locationor/u_div_yt/U_DIV_clk_r_REG72_S2
              544       locationor/u_div_yt/U_DIV_clk_r_REG73_S2
              545       locationor/u_div_yt/U_DIV_clk_r_REG74_S2
              546       locationor/u_div_yt/U_DIV_clk_r_REG75_S2
              547       locationor/u_div_yt/U_DIV_clk_r_REG76_S2
              548       locationor/u_div_yt/U_DIV_clk_r_REG77_S2
              549       locationor/u_div_yt/U_DIV_clk_r_REG83_S4
              550       locationor/u_div_yt/U_DIV_clk_r_REG86_S4
              551       locationor/u_div_yt/U_DIV_clk_r_REG87_S4
              552       locationor/u_div_yt/U_DIV_clk_r_REG90_S4
              553       locationor/u_div_yt/U_DIV_clk_r_REG91_S4
              554       locationor/u_div_yt/U_DIV_clk_r_REG92_S4
              555       locationor/u_div_yt/U_DIV_clk_r_REG138_S2
              556       locationor/u_div_yt/U_DIV_clk_r_REG162_S4
              557       locationor/u_div_yt/U_DIV_clk_r_REG179_S4
              558       locationor/u_div_yt/U_DIV_clk_r_REG180_S4
              559       locationor/u_div_yt/U_DIV_clk_r_REG201_S4
              560       locationor/u_div_yt/U_DIV_clk_r_REG212_S2
              561       locationor/u_div_yt/U_DIV_clk_r_REG240_S2
              562       locationor/u_div_yt/U_DIV_clk_r_REG265_S2
              563       locationor/u_div_yt/U_DIV_clk_r_REG276_S3
              564       locationor/u_div_yt/U_DIV_clk_r_REG278_S2
              565       locationor/u_div_yt/U_DIV_clk_r_REG294_S2
              566       locationor/u_div_yt/U_DIV_clk_r_REG312_S3
              567       locationor/u_div_yt/U_DIV_clk_r_REG319_S4
              568       locationor/u_div_yt/U_DIV_clk_r_REG358_S4
              569       locationor/u_div_yt/clk_r_REG0_S1
              570       locationor/u_div_yt/clk_r_REG96_S1
              571       locationor/u_div_yt/clk_r_REG97_S1
              572       locationor/u_div_yt/clk_r_REG98_S1
              573       locationor/u_div_yt/clk_r_REG99_S1
              574       locationor/u_div_yt/clk_r_REG100_S1
              575       locationor/u_div_yt/clk_r_REG101_S1
              576       locationor/u_div_yt/clk_r_REG102_S1
              577       locationor/u_div_yt/clk_r_REG103_S1
              578       locationor/u_div_yt/clk_r_REG104_S1
              579       locationor/u_div_yt/clk_r_REG105_S1
              580       locationor/u_div_yt/clk_r_REG106_S1
              581       locationor/u_div_yt/clk_r_REG107_S1
              582       locationor/u_div_yt/clk_r_REG108_S1
              583       locationor/u_div_yt/clk_r_REG109_S1
              584       locationor/u_div_yt/clk_r_REG110_S1
              585       locationor/u_div_yt/clk_r_REG111_S1
              586       locationor/u_div_yt/clk_r_REG112_S1
              587       locationor/u_div_yt/clk_r_REG113_S1
              588       locationor/u_div_yt/clk_r_REG114_S1
              589       locationor/u_div_yt/clk_r_REG115_S1
              590       locationor/u_div_yt/clk_r_REG116_S1
              591       locationor/u_div_yt/clk_r_REG117_S1
              592       locationor/u_div_yt/clk_r_REG118_S1
              593       locationor/u_div_yt/clk_r_REG121_S1
              594       locationor/u_div_yt/clk_r_REG359_S1
              595       locationor/u_div_yt/clk_r_REG360_S1
              596       locationor/u_div_yt/clk_r_REG361_S1
              597       locationor/u_div_yt/clk_r_REG362_S1
              598       locationor/u_div_yt/clk_r_REG363_S1
              599       locationor/u_div_yt/clk_r_REG364_S1
              600       locationor/u_div_yt/clk_r_REG365_S1
              601       locationor/u_div_yt/clk_r_REG366_S1
              602       locationor/u_div_yt/clk_r_REG367_S1
              603       locationor/u_div_yt/clk_r_REG368_S1
              604       locationor/u_div_yt/clk_r_REG369_S1
              605       locationor/u_div_yt/clk_r_REG370_S1
              606       locationor/u_div_yt/clk_r_REG371_S1
              607       locationor/u_div_yt/clk_r_REG372_S1
              608       locationor/u_div_yt/clk_r_REG373_S1
              609       locationor/xt_reg_0_
              610       locationor/xt_reg_1_
              611       locationor/xt_reg_2_
              612       locationor/xt_reg_3_
              613       locationor/xt_reg_4_
              614       locationor/xt_reg_5_
              615       locationor/xt_reg_6_
              616       locationor/xt_reg_7_
              617       locationor/yt_reg_0_
              618       locationor/yt_reg_1_
              619       locationor/yt_reg_2_
              620       locationor/yt_reg_3_
              621       locationor/yt_reg_4_
              622       locationor/yt_reg_5_
              623       locationor/yt_reg_6_
              624       locationor/yt_reg_7_
              625       locationor/u_div_xt/U_DIV_clk_r_REG58_S2
              626       locationor/u_div_xt/U_DIV_clk_r_REG59_S3
              627       locationor/u_div_xt/U_DIV_clk_r_REG83_S2
              628       locationor/u_div_xt/U_DIV_clk_r_REG84_S3
              629       locationor/u_div_xt/U_DIV_clk_r_REG85_S2
              630       locationor/u_div_xt/U_DIV_clk_r_REG86_S3
              631       locationor/u_div_xt/U_DIV_clk_r_REG87_S2
              632       locationor/u_div_xt/U_DIV_clk_r_REG88_S3
              633       locationor/u_div_xt/U_DIV_clk_r_REG89_S2
              634       locationor/u_div_xt/U_DIV_clk_r_REG90_S3
              635       locationor/u_div_xt/U_DIV_clk_r_REG91_S4
              636       locationor/u_div_xt/U_DIV_clk_r_REG93_S2
              637       locationor/u_div_xt/U_DIV_clk_r_REG94_S3
              638       locationor/u_div_xt/U_DIV_clk_r_REG95_S4
              639       locationor/u_div_xt/U_DIV_clk_r_REG97_S2
              640       locationor/u_div_xt/U_DIV_clk_r_REG98_S3
              641       locationor/u_div_xt/U_DIV_clk_r_REG102_S2
              642       locationor/u_div_xt/U_DIV_clk_r_REG103_S3
              643       locationor/u_div_xt/U_DIV_clk_r_REG104_S4
              644       locationor/u_div_xt/U_DIV_clk_r_REG128_S2
              645       locationor/u_div_xt/U_DIV_clk_r_REG129_S3
              646       locationor/u_div_xt/U_DIV_clk_r_REG132_S2
              647       locationor/u_div_xt/U_DIV_clk_r_REG133_S3
              648       locationor/u_div_xt/U_DIV_clk_r_REG134_S2
              649       locationor/u_div_xt/U_DIV_clk_r_REG135_S3
              650       locationor/u_div_xt/U_DIV_clk_r_REG136_S2
              651       locationor/u_div_xt/U_DIV_clk_r_REG139_S3
              652       locationor/u_div_xt/U_DIV_clk_r_REG137_S2
              653       locationor/u_div_xt/U_DIV_clk_r_REG138_S3
              654       locationor/u_div_xt/U_DIV_clk_r_REG140_S2
              655       locationor/u_div_xt/U_DIV_clk_r_REG144_S3
              656       locationor/u_div_xt/U_DIV_clk_r_REG145_S4
              657       locationor/u_div_xt/U_DIV_clk_r_REG141_S2
              658       locationor/u_div_xt/U_DIV_clk_r_REG142_S3
              659       locationor/u_div_xt/U_DIV_clk_r_REG143_S4
              660       locationor/u_div_xt/U_DIV_clk_r_REG146_S2
              661       locationor/u_div_xt/U_DIV_clk_r_REG147_S3
              662       locationor/u_div_xt/U_DIV_clk_r_REG148_S4
              663       locationor/u_div_xt/U_DIV_clk_r_REG149_S2
              664       locationor/u_div_xt/U_DIV_clk_r_REG150_S3
              665       locationor/u_div_xt/U_DIV_clk_r_REG151_S4
              666       locationor/u_div_xt/U_DIV_clk_r_REG152_S2
              667       locationor/u_div_xt/U_DIV_clk_r_REG159_S3
              668       locationor/u_div_xt/U_DIV_clk_r_REG160_S4
              669       locationor/u_div_xt/U_DIV_clk_r_REG153_S2
              670       locationor/u_div_xt/U_DIV_clk_r_REG154_S3
              671       locationor/u_div_xt/U_DIV_clk_r_REG155_S4
              672       locationor/u_div_xt/U_DIV_clk_r_REG156_S2
              673       locationor/u_div_xt/U_DIV_clk_r_REG157_S3
              674       locationor/u_div_xt/U_DIV_clk_r_REG158_S4
              675       locationor/u_div_xt/U_DIV_clk_r_REG161_S2
              676       locationor/u_div_xt/U_DIV_clk_r_REG162_S3
              677       locationor/u_div_xt/U_DIV_clk_r_REG163_S4
              678       locationor/u_div_xt/U_DIV_clk_r_REG164_S2
              679       locationor/u_div_xt/U_DIV_clk_r_REG165_S3
              680       locationor/u_div_xt/U_DIV_clk_r_REG166_S2
              681       locationor/u_div_xt/U_DIV_clk_r_REG167_S3
              682       locationor/u_div_xt/U_DIV_clk_r_REG168_S4
              683       locationor/u_div_xt/U_DIV_clk_r_REG169_S2
              684       locationor/u_div_xt/U_DIV_clk_r_REG176_S3
              685       locationor/u_div_xt/U_DIV_clk_r_REG177_S4
              686       locationor/u_div_xt/U_DIV_clk_r_REG170_S2
              687       locationor/u_div_xt/U_DIV_clk_r_REG171_S3
              688       locationor/u_div_xt/U_DIV_clk_r_REG172_S4
              689       locationor/u_div_xt/U_DIV_clk_r_REG173_S2
              690       locationor/u_div_xt/U_DIV_clk_r_REG174_S3
              691       locationor/u_div_xt/U_DIV_clk_r_REG175_S4
              692       locationor/u_div_xt/U_DIV_clk_r_REG179_S2
              693       locationor/u_div_xt/U_DIV_clk_r_REG180_S3
              694       locationor/u_div_xt/U_DIV_clk_r_REG181_S4
              695       locationor/u_div_xt/U_DIV_clk_r_REG182_S2
              696       locationor/u_div_xt/U_DIV_clk_r_REG183_S3
              697       locationor/u_div_xt/U_DIV_clk_r_REG184_S4
              698       locationor/u_div_xt/U_DIV_clk_r_REG185_S2
              699       locationor/u_div_xt/U_DIV_clk_r_REG186_S3
              700       locationor/u_div_xt/U_DIV_clk_r_REG187_S2
              701       locationor/u_div_xt/U_DIV_clk_r_REG188_S3
              702       locationor/u_div_xt/U_DIV_clk_r_REG189_S2
              703       locationor/u_div_xt/U_DIV_clk_r_REG190_S3
              704       locationor/u_div_xt/U_DIV_clk_r_REG191_S4
              705       locationor/u_div_xt/U_DIV_clk_r_REG192_S2
              706       locationor/u_div_xt/U_DIV_clk_r_REG193_S3
              707       locationor/u_div_xt/U_DIV_clk_r_REG194_S4
              708       locationor/u_div_xt/U_DIV_clk_r_REG195_S2
              709       locationor/u_div_xt/U_DIV_clk_r_REG202_S3
              710       locationor/u_div_xt/U_DIV_clk_r_REG203_S4
              711       locationor/u_div_xt/U_DIV_clk_r_REG196_S2
              712       locationor/u_div_xt/U_DIV_clk_r_REG197_S3
              713       locationor/u_div_xt/U_DIV_clk_r_REG198_S4
              714       locationor/u_div_xt/U_DIV_clk_r_REG199_S2
              715       locationor/u_div_xt/U_DIV_clk_r_REG200_S3
              716       locationor/u_div_xt/U_DIV_clk_r_REG201_S4
              717       locationor/u_div_xt/U_DIV_clk_r_REG204_S2
              718       locationor/u_div_xt/U_DIV_clk_r_REG205_S3
              719       locationor/u_div_xt/U_DIV_clk_r_REG206_S4
              720       locationor/u_div_xt/U_DIV_clk_r_REG207_S2
              721       locationor/u_div_xt/U_DIV_clk_r_REG208_S3
              722       locationor/u_div_xt/U_DIV_clk_r_REG209_S2
              723       locationor/u_div_xt/U_DIV_clk_r_REG210_S3
              724       locationor/u_div_xt/U_DIV_clk_r_REG211_S4
              725       locationor/u_div_xt/U_DIV_clk_r_REG212_S2
              726       locationor/u_div_xt/U_DIV_clk_r_REG218_S3
              727       locationor/u_div_xt/U_DIV_clk_r_REG219_S4
              728       locationor/u_div_xt/U_DIV_clk_r_REG213_S2
              729       locationor/u_div_xt/U_DIV_clk_r_REG214_S3
              730       locationor/u_div_xt/U_DIV_clk_r_REG215_S2
              731       locationor/u_div_xt/U_DIV_clk_r_REG216_S3
              732       locationor/u_div_xt/U_DIV_clk_r_REG217_S4
              733       locationor/u_div_xt/U_DIV_clk_r_REG220_S2
              734       locationor/u_div_xt/U_DIV_clk_r_REG224_S3
              735       locationor/u_div_xt/U_DIV_clk_r_REG225_S4
              736       locationor/u_div_xt/U_DIV_clk_r_REG221_S2
              737       locationor/u_div_xt/U_DIV_clk_r_REG222_S3
              738       locationor/u_div_xt/U_DIV_clk_r_REG223_S4
              739       locationor/u_div_xt/U_DIV_clk_r_REG226_S2
              740       locationor/u_div_xt/U_DIV_clk_r_REG230_S3
              741       locationor/u_div_xt/U_DIV_clk_r_REG231_S4
              742       locationor/u_div_xt/U_DIV_clk_r_REG227_S2
              743       locationor/u_div_xt/U_DIV_clk_r_REG228_S3
              744       locationor/u_div_xt/U_DIV_clk_r_REG229_S4
              745       locationor/u_div_xt/U_DIV_clk_r_REG232_S2
              746       locationor/u_div_xt/U_DIV_clk_r_REG233_S3
              747       locationor/u_div_xt/U_DIV_clk_r_REG236_S4
              748       locationor/u_div_xt/U_DIV_clk_r_REG234_S3
              749       locationor/u_div_xt/U_DIV_clk_r_REG235_S4
              750       locationor/u_div_xt/U_DIV_clk_r_REG237_S2
              751       locationor/u_div_xt/U_DIV_clk_r_REG238_S3
              752       locationor/u_div_xt/U_DIV_clk_r_REG241_S4
              753       locationor/u_div_xt/U_DIV_clk_r_REG239_S3
              754       locationor/u_div_xt/U_DIV_clk_r_REG240_S4
              755       locationor/u_div_xt/U_DIV_clk_r_REG242_S2
              756       locationor/u_div_xt/U_DIV_clk_r_REG243_S3
              757       locationor/u_div_xt/U_DIV_clk_r_REG246_S4
              758       locationor/u_div_xt/U_DIV_clk_r_REG244_S3
              759       locationor/u_div_xt/U_DIV_clk_r_REG245_S4
              760       locationor/u_div_xt/U_DIV_clk_r_REG247_S2
              761       locationor/u_div_xt/U_DIV_clk_r_REG248_S3
              762       locationor/u_div_xt/U_DIV_clk_r_REG250_S4
              763       locationor/u_div_xt/U_DIV_clk_r_REG252_S3
              764       locationor/u_div_xt/U_DIV_clk_r_REG253_S4
              765       locationor/u_div_xt/U_DIV_clk_r_REG255_S2
              766       locationor/u_div_xt/U_DIV_clk_r_REG256_S3
              767       locationor/u_div_xt/U_DIV_clk_r_REG259_S4
              768       locationor/u_div_xt/U_DIV_clk_r_REG262_S2
              769       locationor/u_div_xt/U_DIV_clk_r_REG263_S3
              770       locationor/u_div_xt/U_DIV_clk_r_REG266_S4
              771       locationor/u_div_xt/U_DIV_clk_r_REG264_S3
              772       locationor/u_div_xt/U_DIV_clk_r_REG265_S4
              773       locationor/u_div_xt/U_DIV_clk_r_REG267_S2
              774       locationor/u_div_xt/U_DIV_clk_r_REG268_S3
              775       locationor/u_div_xt/U_DIV_clk_r_REG271_S4
              776       locationor/u_div_xt/U_DIV_clk_r_REG269_S3
              777       locationor/u_div_xt/U_DIV_clk_r_REG270_S4
              778       locationor/u_div_xt/U_DIV_clk_r_REG272_S2
              779       locationor/u_div_xt/U_DIV_clk_r_REG273_S3
              780       locationor/u_div_xt/U_DIV_clk_r_REG276_S4
              781       locationor/u_div_xt/U_DIV_clk_r_REG274_S3
              782       locationor/u_div_xt/U_DIV_clk_r_REG275_S4
              783       locationor/u_div_xt/U_DIV_clk_r_REG277_S2
              784       locationor/u_div_xt/U_DIV_clk_r_REG278_S3
              785       locationor/u_div_xt/U_DIV_clk_r_REG279_S4
              786       locationor/u_div_xt/U_DIV_clk_r_REG280_S2
              787       locationor/u_div_xt/U_DIV_clk_r_REG281_S3
              788       locationor/u_div_xt/U_DIV_clk_r_REG282_S4
              789       locationor/u_div_xt/U_DIV_clk_r_REG284_S2
              790       locationor/u_div_xt/U_DIV_clk_r_REG288_S3
              791       locationor/u_div_xt/U_DIV_clk_r_REG289_S4
              792       locationor/u_div_xt/U_DIV_clk_r_REG285_S2
              793       locationor/u_div_xt/U_DIV_clk_r_REG286_S3
              794       locationor/u_div_xt/U_DIV_clk_r_REG287_S4
              795       locationor/u_div_xt/U_DIV_clk_r_REG290_S2
              796       locationor/u_div_xt/U_DIV_clk_r_REG294_S3
              797       locationor/u_div_xt/U_DIV_clk_r_REG291_S2
              798       locationor/u_div_xt/U_DIV_clk_r_REG292_S3
              799       locationor/u_div_xt/U_DIV_clk_r_REG293_S4
              800       locationor/u_div_xt/U_DIV_clk_r_REG295_S2
              801       locationor/u_div_xt/U_DIV_clk_r_REG298_S3
              802       locationor/u_div_xt/U_DIV_clk_r_REG299_S4
              803       locationor/u_div_xt/U_DIV_clk_r_REG296_S2
              804       locationor/u_div_xt/U_DIV_clk_r_REG297_S3
              805       locationor/u_div_xt/U_DIV_clk_r_REG301_S2
              806       locationor/u_div_xt/U_DIV_clk_r_REG308_S3
              807       locationor/u_div_xt/U_DIV_clk_r_REG309_S4
              808       locationor/u_div_xt/U_DIV_clk_r_REG302_S2
              809       locationor/u_div_xt/U_DIV_clk_r_REG303_S3
              810       locationor/u_div_xt/U_DIV_clk_r_REG304_S4
              811       locationor/u_div_xt/U_DIV_clk_r_REG305_S2
              812       locationor/u_div_xt/U_DIV_clk_r_REG306_S3
              813       locationor/u_div_xt/U_DIV_clk_r_REG307_S4
              814       locationor/u_div_xt/U_DIV_clk_r_REG310_S3
              815       locationor/u_div_xt/U_DIV_clk_r_REG311_S4
              816       locationor/u_div_xt/U_DIV_clk_r_REG312_S3
              817       locationor/u_div_xt/U_DIV_clk_r_REG313_S4
              818       locationor/u_div_xt/U_DIV_clk_r_REG315_S2
              819       locationor/u_div_xt/U_DIV_clk_r_REG316_S3
              820       locationor/u_div_xt/U_DIV_clk_r_REG317_S4
              821       locationor/u_div_xt/U_DIV_clk_r_REG318_S2
              822       locationor/u_div_xt/U_DIV_clk_r_REG319_S3
              823       locationor/u_div_xt/U_DIV_clk_r_REG320_S4
              824       locationor/u_div_xt/U_DIV_clk_r_REG322_S3
              825       locationor/u_div_xt/U_DIV_clk_r_REG323_S4
              826       locationor/u_div_xt/U_DIV_clk_r_REG327_S2
              827       locationor/u_div_xt/U_DIV_clk_r_REG328_S3
              828       locationor/u_div_xt/U_DIV_clk_r_REG331_S4
              829       locationor/u_div_xt/U_DIV_clk_r_REG329_S3
              830       locationor/u_div_xt/U_DIV_clk_r_REG330_S4
              831       locationor/u_div_xt/U_DIV_clk_r_REG332_S2
              832       locationor/u_div_xt/U_DIV_clk_r_REG334_S3
              833       locationor/u_div_xt/U_DIV_clk_r_REG335_S4
              834       locationor/u_div_xt/U_DIV_clk_r_REG336_S2
              835       locationor/u_div_xt/U_DIV_clk_r_REG337_S3
              836       locationor/u_div_xt/U_DIV_clk_r_REG340_S4
              837       locationor/u_div_xt/U_DIV_clk_r_REG338_S3
              838       locationor/u_div_xt/U_DIV_clk_r_REG339_S4
              839       locationor/u_div_xt/U_DIV_clk_r_REG341_S2
              840       locationor/u_div_xt/U_DIV_clk_r_REG342_S3
              841       locationor/u_div_xt/U_DIV_clk_r_REG343_S4
              842       locationor/u_div_xt/U_DIV_clk_r_REG344_S2
              843       locationor/u_div_xt/U_DIV_clk_r_REG345_S3
              844       locationor/u_div_xt/U_DIV_clk_r_REG348_S4
              845       locationor/u_div_xt/U_DIV_clk_r_REG346_S3
              846       locationor/u_div_xt/U_DIV_clk_r_REG347_S4
              847       locationor/u_div_xt/U_DIV_clk_r_REG349_S2
              848       locationor/u_div_xt/U_DIV_clk_r_REG350_S3
              849       locationor/u_div_xt/U_DIV_clk_r_REG353_S4
              850       locationor/u_div_xt/U_DIV_clk_r_REG351_S3
              851       locationor/u_div_xt/U_DIV_clk_r_REG352_S4
              852       locationor/u_div_xt/U_DIV_clk_r_REG354_S2
              853       locationor/u_div_xt/U_DIV_clk_r_REG356_S3
              854       locationor/u_div_xt/U_DIV_clk_r_REG357_S4
              855       locationor/u_div_xt/U_DIV_clk_r_REG358_S2
              856       locationor/u_div_xt/U_DIV_clk_r_REG359_S3
              857       locationor/u_div_xt/U_DIV_clk_r_REG362_S4
              858       locationor/u_div_xt/U_DIV_clk_r_REG360_S3
              859       locationor/u_div_xt/U_DIV_clk_r_REG361_S4
              860       locationor/u_div_xt/U_DIV_clk_r_REG363_S2
              861       locationor/u_div_xt/U_DIV_clk_r_REG367_S3
              862       locationor/u_div_xt/U_DIV_clk_r_REG368_S4
              863       locationor/u_div_xt/U_DIV_clk_r_REG364_S2
              864       locationor/u_div_xt/U_DIV_clk_r_REG365_S3
              865       locationor/u_div_xt/U_DIV_clk_r_REG369_S2
              866       locationor/u_div_xt/U_DIV_clk_r_REG373_S3
              867       locationor/u_div_xt/U_DIV_clk_r_REG370_S2
              868       locationor/u_div_xt/U_DIV_clk_r_REG371_S3
              869       locationor/u_div_xt/U_DIV_clk_r_REG372_S4
              870       locationor/u_div_xt/U_DIV_clk_r_REG374_S2
              871       locationor/u_div_xt/U_DIV_clk_r_REG375_S3
              872       locationor/u_div_xt/U_DIV_clk_r_REG376_S4
              873       locationor/u_div_xt/U_DIV_clk_r_REG377_S2
              874       locationor/u_div_xt/U_DIV_clk_r_REG378_S3
              875       locationor/u_div_xt/U_DIV_clk_r_REG379_S4
              876       locationor/u_div_xt/U_DIV_clk_r_REG381_S2
              877       locationor/u_div_xt/U_DIV_clk_r_REG382_S3
              878       locationor/u_div_xt/U_DIV_clk_r_REG383_S4
              879       locationor/u_div_xt/U_DIV_clk_r_REG384_S2
              880       locationor/u_div_xt/U_DIV_clk_r_REG385_S3
              881       locationor/u_div_xt/U_DIV_clk_r_REG386_S2
              882       locationor/u_div_xt/U_DIV_clk_r_REG387_S3
              883       locationor/u_div_xt/U_DIV_clk_r_REG388_S4
              884       locationor/u_div_yt/U_DIV_clk_r_REG1_S2
              885       locationor/u_div_yt/U_DIV_clk_r_REG2_S3
              886       locationor/u_div_yt/U_DIV_clk_r_REG3_S4
              887       locationor/u_div_yt/U_DIV_clk_r_REG10_S2
              888       locationor/u_div_yt/U_DIV_clk_r_REG11_S3
              889       locationor/u_div_yt/U_DIV_clk_r_REG12_S4
              890       locationor/u_div_yt/U_DIV_clk_r_REG18_S2
              891       locationor/u_div_yt/U_DIV_clk_r_REG19_S3
              892       locationor/u_div_yt/U_DIV_clk_r_REG43_S2
              893       locationor/u_div_yt/U_DIV_clk_r_REG44_S3
              894       locationor/u_div_yt/U_DIV_clk_r_REG70_S2
              895       locationor/u_div_yt/U_DIV_clk_r_REG71_S3
              896       locationor/u_div_yt/U_DIV_clk_r_REG78_S2
              897       locationor/u_div_yt/U_DIV_clk_r_REG79_S3
              898       locationor/u_div_yt/U_DIV_clk_r_REG80_S2
              899       locationor/u_div_yt/U_DIV_clk_r_REG81_S3
              900       locationor/u_div_yt/U_DIV_clk_r_REG82_S4
              901       locationor/u_div_yt/U_DIV_clk_r_REG84_S2
              902       locationor/u_div_yt/U_DIV_clk_r_REG85_S3
              903       locationor/u_div_yt/U_DIV_clk_r_REG88_S2
              904       locationor/u_div_yt/U_DIV_clk_r_REG89_S3
              905       locationor/u_div_yt/U_DIV_clk_r_REG93_S2
              906       locationor/u_div_yt/U_DIV_clk_r_REG94_S3
              907       locationor/u_div_yt/U_DIV_clk_r_REG95_S4
              908       locationor/u_div_yt/U_DIV_clk_r_REG119_S2
              909       locationor/u_div_yt/U_DIV_clk_r_REG120_S3
              910       locationor/u_div_yt/U_DIV_clk_r_REG122_S2
              911       locationor/u_div_yt/U_DIV_clk_r_REG126_S3
              912       locationor/u_div_yt/U_DIV_clk_r_REG123_S2
              913       locationor/u_div_yt/U_DIV_clk_r_REG124_S3
              914       locationor/u_div_yt/U_DIV_clk_r_REG125_S4
              915       locationor/u_div_yt/U_DIV_clk_r_REG127_S2
              916       locationor/u_div_yt/U_DIV_clk_r_REG131_S3
              917       locationor/u_div_yt/U_DIV_clk_r_REG128_S2
              918       locationor/u_div_yt/U_DIV_clk_r_REG129_S3
              919       locationor/u_div_yt/U_DIV_clk_r_REG130_S4
              920       locationor/u_div_yt/U_DIV_clk_r_REG132_S2
              921       locationor/u_div_yt/U_DIV_clk_r_REG133_S3
              922       locationor/u_div_yt/U_DIV_clk_r_REG134_S2
              923       locationor/u_div_yt/U_DIV_clk_r_REG137_S3
              924       locationor/u_div_yt/U_DIV_clk_r_REG135_S2
              925       locationor/u_div_yt/U_DIV_clk_r_REG136_S3
              926       locationor/u_div_yt/U_DIV_clk_r_REG139_S2
              927       locationor/u_div_yt/U_DIV_clk_r_REG140_S3
              928       locationor/u_div_yt/U_DIV_clk_r_REG141_S4
              929       locationor/u_div_yt/U_DIV_clk_r_REG142_S2
              930       locationor/u_div_yt/U_DIV_clk_r_REG143_S3
              931       locationor/u_div_yt/U_DIV_clk_r_REG144_S2
              932       locationor/u_div_yt/U_DIV_clk_r_REG145_S3
              933       locationor/u_div_yt/U_DIV_clk_r_REG146_S2
              934       locationor/u_div_yt/U_DIV_clk_r_REG147_S3
              935       locationor/u_div_yt/U_DIV_clk_r_REG148_S4
              936       locationor/u_div_yt/U_DIV_clk_r_REG149_S2
              937       locationor/u_div_yt/U_DIV_clk_r_REG150_S3
              938       locationor/u_div_yt/U_DIV_clk_r_REG153_S4
              939       locationor/u_div_yt/U_DIV_clk_r_REG151_S3
              940       locationor/u_div_yt/U_DIV_clk_r_REG152_S4
              941       locationor/u_div_yt/U_DIV_clk_r_REG154_S2
              942       locationor/u_div_yt/U_DIV_clk_r_REG155_S3
              943       locationor/u_div_yt/U_DIV_clk_r_REG158_S4
              944       locationor/u_div_yt/U_DIV_clk_r_REG156_S3
              945       locationor/u_div_yt/U_DIV_clk_r_REG157_S4
              946       locationor/u_div_yt/U_DIV_clk_r_REG159_S2
              947       locationor/u_div_yt/U_DIV_clk_r_REG160_S3
              948       locationor/u_div_yt/U_DIV_clk_r_REG161_S4
              949       locationor/u_div_yt/U_DIV_clk_r_REG163_S2
              950       locationor/u_div_yt/U_DIV_clk_r_REG164_S3
              951       locationor/u_div_yt/U_DIV_clk_r_REG167_S4
              952       locationor/u_div_yt/U_DIV_clk_r_REG165_S3
              953       locationor/u_div_yt/U_DIV_clk_r_REG166_S4
              954       locationor/u_div_yt/U_DIV_clk_r_REG168_S2
              955       locationor/u_div_yt/U_DIV_clk_r_REG172_S3
              956       locationor/u_div_yt/U_DIV_clk_r_REG173_S4
              957       locationor/u_div_yt/U_DIV_clk_r_REG169_S2
              958       locationor/u_div_yt/U_DIV_clk_r_REG170_S3
              959       locationor/u_div_yt/U_DIV_clk_r_REG171_S4
              960       locationor/u_div_yt/U_DIV_clk_r_REG174_S2
              961       locationor/u_div_yt/U_DIV_clk_r_REG175_S3
              962       locationor/u_div_yt/U_DIV_clk_r_REG178_S4
              963       locationor/u_div_yt/U_DIV_clk_r_REG176_S3
              964       locationor/u_div_yt/U_DIV_clk_r_REG177_S4
              965       locationor/u_div_yt/U_DIV_clk_r_REG181_S2
              966       locationor/u_div_yt/U_DIV_clk_r_REG185_S3
              967       locationor/u_div_yt/U_DIV_clk_r_REG186_S4
              968       locationor/u_div_yt/U_DIV_clk_r_REG182_S2
              969       locationor/u_div_yt/U_DIV_clk_r_REG183_S3
              970       locationor/u_div_yt/U_DIV_clk_r_REG184_S4
              971       locationor/u_div_yt/U_DIV_clk_r_REG187_S2
              972       locationor/u_div_yt/U_DIV_clk_r_REG191_S3
              973       locationor/u_div_yt/U_DIV_clk_r_REG192_S4
              974       locationor/u_div_yt/U_DIV_clk_r_REG188_S2
              975       locationor/u_div_yt/U_DIV_clk_r_REG189_S3
              976       locationor/u_div_yt/U_DIV_clk_r_REG190_S4
              977       locationor/u_div_yt/U_DIV_clk_r_REG193_S2
              978       locationor/u_div_yt/U_DIV_clk_r_REG194_S3
              979       locationor/u_div_yt/U_DIV_clk_r_REG197_S4
              980       locationor/u_div_yt/U_DIV_clk_r_REG195_S3
              981       locationor/u_div_yt/U_DIV_clk_r_REG196_S4
              982       locationor/u_div_yt/U_DIV_clk_r_REG198_S2
              983       locationor/u_div_yt/U_DIV_clk_r_REG199_S3
              984       locationor/u_div_yt/U_DIV_clk_r_REG200_S4
              985       locationor/u_div_yt/U_DIV_clk_r_REG202_S2
              986       locationor/u_div_yt/U_DIV_clk_r_REG203_S3
              987       locationor/u_div_yt/U_DIV_clk_r_REG206_S4
              988       locationor/u_div_yt/U_DIV_clk_r_REG204_S3
              989       locationor/u_div_yt/U_DIV_clk_r_REG205_S4
              990       locationor/u_div_yt/U_DIV_clk_r_REG207_S2
              991       locationor/u_div_yt/U_DIV_clk_r_REG208_S3
              992       locationor/u_div_yt/U_DIV_clk_r_REG211_S4
              993       locationor/u_div_yt/U_DIV_clk_r_REG209_S3
              994       locationor/u_div_yt/U_DIV_clk_r_REG210_S4
              995       locationor/u_div_yt/U_DIV_clk_r_REG213_S2
              996       locationor/u_div_yt/U_DIV_clk_r_REG214_S3
              997       locationor/u_div_yt/U_DIV_clk_r_REG215_S4
              998       locationor/u_div_yt/U_DIV_clk_r_REG216_S2
              999       locationor/u_div_yt/U_DIV_clk_r_REG217_S3
              1000      locationor/u_div_yt/U_DIV_clk_r_REG218_S4
              1001      locationor/u_div_yt/U_DIV_clk_r_REG219_S2
              1002      locationor/u_div_yt/U_DIV_clk_r_REG220_S3
              1003      locationor/u_div_yt/U_DIV_clk_r_REG221_S2
              1004      locationor/u_div_yt/U_DIV_clk_r_REG222_S3
              1005      locationor/u_div_yt/U_DIV_clk_r_REG223_S4
              1006      locationor/u_div_yt/U_DIV_clk_r_REG224_S2
              1007      locationor/u_div_yt/U_DIV_clk_r_REG225_S3
              1008      locationor/u_div_yt/U_DIV_clk_r_REG226_S2
              1009      locationor/u_div_yt/U_DIV_clk_r_REG227_S3
              1010      locationor/u_div_yt/U_DIV_clk_r_REG228_S4
              1011      locationor/u_div_yt/U_DIV_clk_r_REG229_S2
              1012      locationor/u_div_yt/U_DIV_clk_r_REG230_S3
              1013      locationor/u_div_yt/U_DIV_clk_r_REG231_S4
              1014      locationor/u_div_yt/U_DIV_clk_r_REG232_S2
              1015      locationor/u_div_yt/U_DIV_clk_r_REG233_S3
              1016      locationor/u_div_yt/U_DIV_clk_r_REG234_S4
              1017      locationor/u_div_yt/U_DIV_clk_r_REG235_S2
              1018      locationor/u_div_yt/U_DIV_clk_r_REG236_S3
              1019      locationor/u_div_yt/U_DIV_clk_r_REG237_S2
              1020      locationor/u_div_yt/U_DIV_clk_r_REG238_S3
              1021      locationor/u_div_yt/U_DIV_clk_r_REG239_S4
              1022      locationor/u_div_yt/U_DIV_clk_r_REG241_S2
              1023      locationor/u_div_yt/U_DIV_clk_r_REG242_S3
              1024      locationor/u_div_yt/U_DIV_clk_r_REG243_S4
              1025      locationor/u_div_yt/U_DIV_clk_r_REG244_S2
              1026      locationor/u_div_yt/U_DIV_clk_r_REG245_S3
              1027      locationor/u_div_yt/U_DIV_clk_r_REG246_S4
              1028      locationor/u_div_yt/U_DIV_clk_r_REG247_S2
              1029      locationor/u_div_yt/U_DIV_clk_r_REG254_S3
              1030      locationor/u_div_yt/U_DIV_clk_r_REG255_S4
              1031      locationor/u_div_yt/U_DIV_clk_r_REG248_S2
              1032      locationor/u_div_yt/U_DIV_clk_r_REG249_S3
              1033      locationor/u_div_yt/U_DIV_clk_r_REG250_S4
              1034      locationor/u_div_yt/U_DIV_clk_r_REG251_S2
              1035      locationor/u_div_yt/U_DIV_clk_r_REG252_S3
              1036      locationor/u_div_yt/U_DIV_clk_r_REG253_S4
              1037      locationor/u_div_yt/U_DIV_clk_r_REG256_S2
              1038      locationor/u_div_yt/U_DIV_clk_r_REG260_S3
              1039      locationor/u_div_yt/U_DIV_clk_r_REG261_S4
              1040      locationor/u_div_yt/U_DIV_clk_r_REG257_S2
              1041      locationor/u_div_yt/U_DIV_clk_r_REG258_S3
              1042      locationor/u_div_yt/U_DIV_clk_r_REG259_S4
              1043      locationor/u_div_yt/U_DIV_clk_r_REG262_S2
              1044      locationor/u_div_yt/U_DIV_clk_r_REG263_S3
              1045      locationor/u_div_yt/U_DIV_clk_r_REG264_S4
              1046      locationor/u_div_yt/U_DIV_clk_r_REG266_S2
              1047      locationor/u_div_yt/U_DIV_clk_r_REG267_S3
              1048      locationor/u_div_yt/U_DIV_clk_r_REG268_S4
              1049      locationor/u_div_yt/U_DIV_clk_r_REG269_S2
              1050      locationor/u_div_yt/U_DIV_clk_r_REG270_S3
              1051      locationor/u_div_yt/U_DIV_clk_r_REG271_S4
              1052      locationor/u_div_yt/U_DIV_clk_r_REG272_S3
              1053      locationor/u_div_yt/U_DIV_clk_r_REG275_S4
              1054      locationor/u_div_yt/U_DIV_clk_r_REG273_S3
              1055      locationor/u_div_yt/U_DIV_clk_r_REG274_S4
              1056      locationor/u_div_yt/U_DIV_clk_r_REG277_S2
              1057      locationor/u_div_yt/U_DIV_clk_r_REG279_S3
              1058      locationor/u_div_yt/U_DIV_clk_r_REG280_S3
              1059      locationor/u_div_yt/U_DIV_clk_r_REG281_S4
              1060      locationor/u_div_yt/U_DIV_clk_r_REG282_S2
              1061      locationor/u_div_yt/U_DIV_clk_r_REG283_S3
              1062      locationor/u_div_yt/U_DIV_clk_r_REG284_S4
              1063      locationor/u_div_yt/U_DIV_clk_r_REG285_S2
              1064      locationor/u_div_yt/U_DIV_clk_r_REG286_S3
              1065      locationor/u_div_yt/U_DIV_clk_r_REG289_S4
              1066      locationor/u_div_yt/U_DIV_clk_r_REG287_S3
              1067      locationor/u_div_yt/U_DIV_clk_r_REG288_S4
              1068      locationor/u_div_yt/U_DIV_clk_r_REG290_S2
              1069      locationor/u_div_yt/U_DIV_clk_r_REG291_S3
              1070      locationor/u_div_yt/U_DIV_clk_r_REG292_S4
              1071      locationor/u_div_yt/U_DIV_clk_r_REG293_S2
              1072      locationor/u_div_yt/U_DIV_clk_r_REG295_S3
              1073      locationor/u_div_yt/U_DIV_clk_r_REG298_S4
              1074      locationor/u_div_yt/U_DIV_clk_r_REG296_S3
              1075      locationor/u_div_yt/U_DIV_clk_r_REG297_S4
              1076      locationor/u_div_yt/U_DIV_clk_r_REG299_S2
              1077      locationor/u_div_yt/U_DIV_clk_r_REG300_S3
              1078      locationor/u_div_yt/U_DIV_clk_r_REG303_S4
              1079      locationor/u_div_yt/U_DIV_clk_r_REG301_S3
              1080      locationor/u_div_yt/U_DIV_clk_r_REG302_S4
              1081      locationor/u_div_yt/U_DIV_clk_r_REG304_S2
              1082      locationor/u_div_yt/U_DIV_clk_r_REG305_S3
              1083      locationor/u_div_yt/U_DIV_clk_r_REG308_S4
              1084      locationor/u_div_yt/U_DIV_clk_r_REG306_S3
              1085      locationor/u_div_yt/U_DIV_clk_r_REG307_S4
              1086      locationor/u_div_yt/U_DIV_clk_r_REG309_S2
              1087      locationor/u_div_yt/U_DIV_clk_r_REG314_S3
              1088      locationor/u_div_yt/U_DIV_clk_r_REG315_S4
              1089      locationor/u_div_yt/U_DIV_clk_r_REG310_S2
              1090      locationor/u_div_yt/U_DIV_clk_r_REG311_S3
              1091      locationor/u_div_yt/U_DIV_clk_r_REG313_S4
              1092      locationor/u_div_yt/U_DIV_clk_r_REG316_S2
              1093      locationor/u_div_yt/U_DIV_clk_r_REG317_S3
              1094      locationor/u_div_yt/U_DIV_clk_r_REG318_S4
              1095      locationor/u_div_yt/U_DIV_clk_r_REG320_S2
              1096      locationor/u_div_yt/U_DIV_clk_r_REG324_S3
              1097      locationor/u_div_yt/U_DIV_clk_r_REG325_S4
              1098      locationor/u_div_yt/U_DIV_clk_r_REG321_S2
              1099      locationor/u_div_yt/U_DIV_clk_r_REG322_S3
              1100      locationor/u_div_yt/U_DIV_clk_r_REG323_S4
              1101      locationor/u_div_yt/U_DIV_clk_r_REG326_S2
              1102      locationor/u_div_yt/U_DIV_clk_r_REG327_S3
              1103      locationor/u_div_yt/U_DIV_clk_r_REG328_S4
              1104      locationor/u_div_yt/U_DIV_clk_r_REG329_S2
              1105      locationor/u_div_yt/U_DIV_clk_r_REG330_S3
              1106      locationor/u_div_yt/U_DIV_clk_r_REG331_S4
              1107      locationor/u_div_yt/U_DIV_clk_r_REG332_S2
              1108      locationor/u_div_yt/U_DIV_clk_r_REG333_S3
              1109      locationor/u_div_yt/U_DIV_clk_r_REG334_S4
              1110      locationor/u_div_yt/U_DIV_clk_r_REG335_S2
              1111      locationor/u_div_yt/U_DIV_clk_r_REG342_S3
              1112      locationor/u_div_yt/U_DIV_clk_r_REG343_S4
              1113      locationor/u_div_yt/U_DIV_clk_r_REG336_S2
              1114      locationor/u_div_yt/U_DIV_clk_r_REG337_S3
              1115      locationor/u_div_yt/U_DIV_clk_r_REG338_S4
              1116      locationor/u_div_yt/U_DIV_clk_r_REG339_S2
              1117      locationor/u_div_yt/U_DIV_clk_r_REG340_S3
              1118      locationor/u_div_yt/U_DIV_clk_r_REG341_S4
              1119      locationor/u_div_yt/U_DIV_clk_r_REG344_S2
              1120      locationor/u_div_yt/U_DIV_clk_r_REG345_S3
              1121      locationor/u_div_yt/U_DIV_clk_r_REG348_S4
              1122      locationor/u_div_yt/U_DIV_clk_r_REG346_S3
              1123      locationor/u_div_yt/U_DIV_clk_r_REG347_S4
              1124      locationor/u_div_yt/U_DIV_clk_r_REG349_S2
              1125      locationor/u_div_yt/U_DIV_clk_r_REG353_S3
              1126      locationor/u_div_yt/U_DIV_clk_r_REG354_S4
              1127      locationor/u_div_yt/U_DIV_clk_r_REG350_S2
              1128      locationor/u_div_yt/U_DIV_clk_r_REG351_S3
              1129      locationor/u_div_yt/U_DIV_clk_r_REG352_S4
              1130      locationor/u_div_yt/U_DIV_clk_r_REG355_S2
              1131      locationor/u_div_yt/U_DIV_clk_r_REG356_S3
              1132      locationor/u_div_yt/U_DIV_clk_r_REG357_S4
              1133      valid_controlor/out_valid_reg

1
