Information: Propagating switching activity (low effort zero delay simulation). (PWR-6)
Warning: Design has unannotated primary inputs. (PWR-414)
Warning: Design has unannotated sequential cell outputs. (PWR-415)
 
****************************************
Report : power
        -analysis_effort low
Design : RFILE
Version: Q-2019.12
Date   : Sun Dec 21 22:08:18 2025
****************************************


Library(s) Used:

    slow (File: /usr/cad/CBDK/CBDK_IC_Contest_v2.5/SynopsysDC/db/slow.db)


Operating Conditions: slow   Library: slow
Wire Load Model Mode: top


Global Operating Voltage = 1.08 
Power-specific unit information :
    Voltage Units = 1V
    Capacitance Units = 1.000000pf
    Time Units = 1ns
    Dynamic Power Units = 1mW    (derived from V,C,T units)
    Leakage Power Units = 1pW


  Cell Internal Power  =  17.0711 mW   (80%)
  Net Switching Power  =   4.2770 mW   (20%)
                         ---------
Total Dynamic Power    =  21.3481 mW  (100%)

Cell Leakage Power     = 223.3021 uW


                 Internal         Switching           Leakage            Total
Power Group      Power            Power               Power              Power   (   %    )  Attrs
--------------------------------------------------------------------------------------------------
io_pad             0.0000            0.0000            0.0000            0.0000  (   0.00%)
memory             0.0000            0.0000            0.0000            0.0000  (   0.00%)
black_box          0.0000            0.0000            0.0000            0.0000  (   0.00%)
clock_network      0.0000            0.0000            0.0000            0.0000  (   0.00%)
register          11.3581            0.4809        5.7240e+07           11.8962  (  55.15%)
sequential         0.0000            0.0000            0.0000            0.0000  (   0.00%)
combinational      5.7131            3.7961        1.6606e+08            9.6752  (  44.85%)
--------------------------------------------------------------------------------------------------
Total             17.0711 mW         4.2770 mW     2.2330e+08 pW        21.5713 mW
1
