 
****************************************
Report : area
Design : RFILE
Version: Q-2019.12
Date   : Sun Dec 21 22:08:16 2025
****************************************

Library(s) Used:

    slow (File: /usr/cad/CBDK/CBDK_IC_Contest_v2.5/SynopsysDC/db/slow.db)

Number of ports:                         1150
Number of nets:                         24151
Number of cells:                        21871
Number of combinational cells:          20480
Number of sequential cells:              1377
Number of macros/black boxes:               0
Number of buf/inv:                       3518
Number of references:                      12

Combinational area:             194605.210358
Buf/Inv area:                    14677.417603
Noncombinational area:           58023.921154
Macro/Black Box area:                0.000000
Net Interconnect area:      undefined  (No wire load specified)

Total cell area:                252629.131512
Total area:                 undefined

Hierarchical area distribution
------------------------------

                                  Global cell area              Local cell area
                                  --------------------  ------------------------------- 
Hierarchical cell                 Absolute     Percent  Combi-       Noncombi-   Black-
                                  Total        Total    national     national    boxes   Design
--------------------------------  -----------  -------  -----------  ----------  ------  --------------------------------
RFILE                             252629.1315    100.0      30.5532      0.0000  0.0000  RFILE
busy_controlor                        42.4350      0.0       3.3948     39.0402  0.0000  busy_control_test_1
cal_distancer                      19582.9037      7.8   14908.2641   4674.6396  0.0000  cal_distance_test_1
caler_exp                           7466.8625      3.0    5733.8172   1733.0453  0.0000  cal_exp_test_1
complementer                        2352.5964      0.9      10.1844   2342.4120  0.0000  complement_test_1
constant_calculater                16298.4346      6.5    8249.3639   8049.0707  0.0000  constant_calculate_test_1
counter_tester                       286.8606      0.1      56.0142    230.8464  0.0000  counter_test_test_1
locationor                        206510.7740     81.7   83610.5285    921.6882  0.0000  location_test_1
locationor/u_div_xt                60807.6569     24.1   41180.6208  19627.0361  0.0000  location_DW_div_pipe_J1_1_test_1
locationor/u_div_yt                61170.9004     24.2   40805.4953  20365.4051  0.0000  location_DW_div_pipe_J1_0_test_1
valid_controlor                       57.7116      0.0      16.9740     40.7376  0.0000  valid_control_test_1
--------------------------------  -----------  -------  -----------  ----------  ------  --------------------------------
Total                                                   194605.2104  58023.9212  0.0000

1
