 
****************************************
Report : area
Design : RFILE
Version: Q-2019.12
Date   : Sun Dec 21 18:13:41 2025
****************************************

Library(s) Used:

    slow (File: /usr/cad/CBDK/CBDK_IC_Contest_v2.5/SynopsysDC/db/slow.db)

Number of ports:                         1150
Number of nets:                         13657
Number of cells:                        10795
Number of combinational cells:           9909
Number of sequential cells:               874
Number of macros/black boxes:               0
Number of buf/inv:                       1408
Number of references:                       9

Combinational area:             104274.676409
Buf/Inv area:                     4942.828723
Noncombinational area:           34034.566280
Macro/Black Box area:                0.000000
Net Interconnect area:      undefined  (No wire load specified)

Total cell area:                138309.242689
Total area:                 undefined

Hierarchical area distribution
------------------------------

                                  Global cell area              Local cell area
                                  --------------------  ------------------------------- 
Hierarchical cell                 Absolute     Percent  Combi-       Noncombi-   Black-
                                  Total        Total    national     national    boxes   Design
--------------------------------  -----------  -------  -----------  ----------  ------  --------------------------------
RFILE                             138309.2427    100.0      13.5792      0.0000  0.0000  RFILE
busy_controlor                        42.4350      0.0       3.3948     39.0402  0.0000  busy_control_test_1
cal_distancer                      16678.6523     12.1   13501.1197   3177.5327  0.0000  cal_distance_test_1
caler_exp                           6716.6118      4.9    5005.6327   1710.9791  0.0000  cal_exp_test_1
complementer                        2658.1283      1.9     213.8724   2444.2559  0.0000  complement_test_1
constant_calculater                12969.8332      9.4    6696.2430   6273.5902  0.0000  constant_calculate_test_1
counter_tester                       215.5698      0.2      52.6194    162.9504  0.0000  counter_test_test_1
locationor                         98956.7215     71.5   35463.7783    651.8016  0.0000  location_test_1
locationor/u_div_xt                31440.9396     22.7   21679.1925   9761.7471  0.0000  location_DW_div_pipe_J1_1_test_1
locationor/u_div_yt                31400.2020     22.7   21628.2705   9771.9315  0.0000  location_DW_div_pipe_J1_0_test_1
valid_controlor                       57.7116      0.0      16.9740     40.7376  0.0000  valid_control_test_1
--------------------------------  -----------  -------  -----------  ----------  ------  --------------------------------
Total                                                   104274.6764  34034.5663  0.0000

1
