 
****************************************
Report : timing
        -path full
        -delay max
        -max_paths 1
Design : IOTDF
Version: S-2021.06-SP2
Date   : Thu Feb  5 23:13:22 2026
****************************************

Operating Conditions: slow   Library: slow
Wire Load Model Mode: top

  Startpoint: u_IOT_DATA_STORAGE/iot_data_reg[1]
              (rising edge-triggered flip-flop clocked by clk)
  Endpoint: u_ave_value/ave_value_reg[130]
            (rising edge-triggered flip-flop clocked by clk)
  Path Group: clk
  Path Type: max

  Point                                                   Incr       Path
  --------------------------------------------------------------------------
  clock clk (rise edge)                                   0.00       0.00
  clock network delay (ideal)                             1.00       1.00
  u_IOT_DATA_STORAGE/iot_data_reg[1]/CK (DFFRX1)          0.00       1.00 r
  u_IOT_DATA_STORAGE/iot_data_reg[1]/Q (DFFRX1)           0.47       1.47 r
  u_ave_value/add_509/B[1] (IOTDF_DW01_add_1)             0.00       1.47 r
  u_ave_value/add_509/U1245/Y (NOR2XL)                    0.12       1.58 f
  u_ave_value/add_509/U1053/Y (OAI21X2)                   0.13       1.71 r
  u_ave_value/add_509/U1337/Y (AOI21X1)                   0.09       1.80 f
  u_ave_value/add_509/U958/Y (OAI21XL)                    0.27       2.07 r
  u_ave_value/add_509/U1319/Y (AOI21X1)                   0.13       2.20 f
  u_ave_value/add_509/U1313/Y (CLKINVX1)                  0.06       2.26 r
  u_ave_value/add_509/U1311/Y (NAND2X1)                   0.05       2.31 f
  u_ave_value/add_509/U1312/Y (NAND2X1)                   0.08       2.40 r
  u_ave_value/add_509/U1372/Y (AOI21X1)                   0.10       2.50 f
  u_ave_value/add_509/U1063/Y (CLKINVX1)                  0.06       2.55 r
  u_ave_value/add_509/U1061/Y (NAND2X1)                   0.05       2.60 f
  u_ave_value/add_509/U1062/Y (NAND2X1)                   0.08       2.69 r
  u_ave_value/add_509/U1056/Y (AOI21X1)                   0.11       2.80 f
  u_ave_value/add_509/U963/Y (OAI21X1)                    0.14       2.94 r
  u_ave_value/add_509/U1010/Y (AOI21X1)                   0.09       3.03 f
  u_ave_value/add_509/U962/Y (OAI21X1)                    0.11       3.14 r
  u_ave_value/add_509/U975/Y (AO21X1)                     0.17       3.32 r
  u_ave_value/add_509/U1036/Y (NAND2X1)                   0.06       3.37 f
  u_ave_value/add_509/U1037/Y (NAND2X1)                   0.09       3.46 r
  u_ave_value/add_509/U1043/Y (AOI21X1)                   0.10       3.56 f
  u_ave_value/add_509/U987/Y (CLKINVX1)                   0.06       3.62 r
  u_ave_value/add_509/U998/Y (NAND2X1)                    0.05       3.66 f
  u_ave_value/add_509/U988/Y (NAND2X1)                    0.08       3.75 r
  u_ave_value/add_509/U1002/Y (AOI21X1)                   0.09       3.84 f
  u_ave_value/add_509/U1341/Y (OAI21XL)                   0.23       4.08 r
  u_ave_value/add_509/U1097/Y (AOI21XL)                   0.16       4.24 f
  u_ave_value/add_509/U992/Y (CLKINVX1)                   0.07       4.31 r
  u_ave_value/add_509/U990/Y (NAND2X1)                    0.05       4.36 f
  u_ave_value/add_509/U991/Y (NAND2X1)                    0.09       4.45 r
  u_ave_value/add_509/U996/Y (AOI21X1)                    0.09       4.54 f
  u_ave_value/add_509/U1342/Y (OAI21XL)                   0.23       4.77 r
  u_ave_value/add_509/U1087/Y (AOI21XL)                   0.16       4.93 f
  u_ave_value/add_509/U1343/Y (OAI21XL)                   0.25       5.18 r
  u_ave_value/add_509/U1088/Y (AOI21XL)                   0.16       5.33 f
  u_ave_value/add_509/U1344/Y (OAI21XL)                   0.25       5.58 r
  u_ave_value/add_509/U1089/Y (AOI21XL)                   0.16       5.74 f
  u_ave_value/add_509/U1345/Y (OAI21XL)                   0.25       5.98 r
  u_ave_value/add_509/U1090/Y (AOI21XL)                   0.16       6.14 f
  u_ave_value/add_509/U1346/Y (OAI21XL)                   0.25       6.39 r
  u_ave_value/add_509/U1091/Y (AOI21XL)                   0.16       6.54 f
  u_ave_value/add_509/U1347/Y (OAI21XL)                   0.25       6.79 r
  u_ave_value/add_509/U1092/Y (AOI21XL)                   0.16       6.95 f
  u_ave_value/add_509/U1348/Y (OAI21XL)                   0.25       7.19 r
  u_ave_value/add_509/U1093/Y (AOI21XL)                   0.16       7.35 f
  u_ave_value/add_509/U1349/Y (OAI21XL)                   0.25       7.60 r
  u_ave_value/add_509/U1094/Y (AOI21XL)                   0.16       7.75 f
  u_ave_value/add_509/U1350/Y (OAI21XL)                   0.25       8.00 r
  u_ave_value/add_509/U1095/Y (AOI21XL)                   0.16       8.15 f
  u_ave_value/add_509/U1351/Y (OAI21XL)                   0.25       8.40 r
  u_ave_value/add_509/U1096/Y (AOI21XL)                   0.16       8.56 f
  u_ave_value/add_509/U1352/Y (OAI21XL)                   0.25       8.81 r
  u_ave_value/add_509/U1098/Y (AOI21XL)                   0.16       8.96 f
  u_ave_value/add_509/U1353/Y (OAI21XL)                   0.25       9.21 r
  u_ave_value/add_509/U1099/Y (AOI21XL)                   0.16       9.36 f
  u_ave_value/add_509/U1354/Y (OAI21XL)                   0.25       9.61 r
  u_ave_value/add_509/U1100/Y (AOI21XL)                   0.16       9.77 f
  u_ave_value/add_509/U1355/Y (OAI21XL)                   0.25      10.02 r
  u_ave_value/add_509/U1101/Y (AOI21XL)                   0.16      10.17 f
  u_ave_value/add_509/U1356/Y (OAI21XL)                   0.25      10.42 r
  u_ave_value/add_509/U1102/Y (AOI21XL)                   0.16      10.57 f
  u_ave_value/add_509/U1357/Y (OAI21XL)                   0.25      10.82 r
  u_ave_value/add_509/U1103/Y (AOI21XL)                   0.16      10.98 f
  u_ave_value/add_509/U1358/Y (OAI21XL)                   0.25      11.23 r
  u_ave_value/add_509/U1104/Y (AOI21XL)                   0.16      11.38 f
  u_ave_value/add_509/U1359/Y (OAI21XL)                   0.25      11.63 r
  u_ave_value/add_509/U1105/Y (AOI21XL)                   0.16      11.78 f
  u_ave_value/add_509/U1360/Y (OAI21XL)                   0.25      12.03 r
  u_ave_value/add_509/U1106/Y (AOI21XL)                   0.16      12.19 f
  u_ave_value/add_509/U1361/Y (OAI21XL)                   0.25      12.43 r
  u_ave_value/add_509/U1107/Y (AOI21XL)                   0.16      12.59 f
  u_ave_value/add_509/U1362/Y (OAI21XL)                   0.25      12.84 r
  u_ave_value/add_509/U1108/Y (AOI21XL)                   0.16      12.99 f
  u_ave_value/add_509/U1363/Y (OAI21XL)                   0.25      13.24 r
  u_ave_value/add_509/U1109/Y (AOI21XL)                   0.16      13.40 f
  u_ave_value/add_509/U1364/Y (OAI21XL)                   0.25      13.64 r
  u_ave_value/add_509/U1110/Y (AOI21XL)                   0.16      13.80 f
  u_ave_value/add_509/U1365/Y (OAI21XL)                   0.25      14.05 r
  u_ave_value/add_509/U1111/Y (AOI21XL)                   0.16      14.20 f
  u_ave_value/add_509/U1366/Y (OAI21XL)                   0.25      14.45 r
  u_ave_value/add_509/U1112/Y (AOI21XL)                   0.16      14.61 f
  u_ave_value/add_509/U1367/Y (OAI21XL)                   0.25      14.85 r
  u_ave_value/add_509/U1113/Y (AOI21XL)                   0.16      15.01 f
  u_ave_value/add_509/U1368/Y (OAI21XL)                   0.25      15.26 r
  u_ave_value/add_509/U1114/Y (AOI21XL)                   0.16      15.41 f
  u_ave_value/add_509/U1369/Y (OAI21XL)                   0.25      15.66 r
  u_ave_value/add_509/U1115/Y (AOI21XL)                   0.16      15.82 f
  u_ave_value/add_509/U1370/Y (OAI21XL)                   0.25      16.06 r
  u_ave_value/add_509/U1116/Y (AOI21XL)                   0.16      16.22 f
  u_ave_value/add_509/U1371/Y (OAI21XL)                   0.25      16.47 r
  u_ave_value/add_509/U1117/Y (AOI21XL)                   0.17      16.64 f
  u_ave_value/add_509/U973/Y (OAI21X1)                    0.18      16.82 r
  u_ave_value/add_509/U972/Y (AOI21X1)                    0.14      16.95 f
  u_ave_value/add_509/U981/Y (OAI21X2)                    0.13      17.09 r
  u_ave_value/add_509/U980/Y (AOI21X1)                    0.10      17.19 f
  u_ave_value/add_509/U967/Y (CLKINVX1)                   0.06      17.25 r
  u_ave_value/add_509/U966/Y (NAND2X1)                    0.06      17.31 f
  u_ave_value/add_509/U984/Y (NAND2X2)                    0.07      17.37 r
  u_ave_value/add_509/U997/Y (AOI21X1)                    0.07      17.45 f
  u_ave_value/add_509/U982/Y (OAI21X1)                    0.18      17.63 r
  u_ave_value/add_509/U1003/Y (AOI21X1)                   0.11      17.73 f
  u_ave_value/add_509/U957/Y (OAI21X1)                    0.18      17.92 r
  u_ave_value/add_509/U1008/Y (AOI21X1)                   0.11      18.02 f
  u_ave_value/add_509/U968/Y (OAI21X1)                    0.18      18.20 r
  u_ave_value/add_509/U1005/Y (AOI21X1)                   0.11      18.32 f
  u_ave_value/add_509/U989/Y (OAI21XL)                    0.21      18.53 r
  u_ave_value/add_509/U1030/Y (AOI21X1)                   0.11      18.64 f
  u_ave_value/add_509/U977/Y (OAI21X1)                    0.18      18.82 r
  u_ave_value/add_509/U1045/Y (AOI21X1)                   0.10      18.93 f
  u_ave_value/add_509/U970/Y (CLKINVX1)                   0.06      18.98 r
  u_ave_value/add_509/U969/Y (NAND2X1)                    0.06      19.04 f
  u_ave_value/add_509/U1019/Y (NAND2X2)                   0.06      19.10 r
  u_ave_value/add_509/U1060/Y (AOI21X1)                   0.09      19.19 f
  u_ave_value/add_509/U971/Y (OAI21X1)                    0.16      19.36 r
  u_ave_value/add_509/U974/Y (AO21X1)                     0.19      19.55 r
  u_ave_value/add_509/U1241/Y (NAND2X1)                   0.06      19.60 f
  u_ave_value/add_509/U1242/Y (NAND2X1)                   0.09      19.69 r
  u_ave_value/add_509/U1421/Y (AOI21X1)                   0.09      19.79 f
  u_ave_value/add_509/U1339/Y (OAI21XL)                   0.23      20.01 r
  u_ave_value/add_509/U1243/Y (NAND2XL)                   0.14      20.15 f
  u_ave_value/add_509/U1519/Y (NOR2X1)                    0.10      20.25 r
  u_ave_value/add_509/U1244/Y (XNOR2XL)                   0.14      20.39 f
  u_ave_value/add_509/SUM[130] (IOTDF_DW01_add_1)         0.00      20.39 f
  U1517/Y (AO22XL)                                        0.29      20.68 f
  u_ave_value/ave_value_reg[130]/D (DFFRX1)               0.00      20.68 f
  data arrival time                                                 20.68

  clock clk (rise edge)                                  20.00      20.00
  clock network delay (ideal)                             1.00      21.00
  clock uncertainty                                      -0.10      20.90
  u_ave_value/ave_value_reg[130]/CK (DFFRX1)              0.00      20.90 r
  library setup time                                     -0.21      20.69
  data required time                                                20.69
  --------------------------------------------------------------------------
  data required time                                                20.69
  data arrival time                                                -20.68
  --------------------------------------------------------------------------
  slack (MET)                                                        0.01


1
