In mode: Internal_scan...
  Design has scan chains in this mode
  Design is scan routed
  Post-DFT DRC enabled

Information: Starting test design rule checking. (TEST-222)
  Loading test protocol
  ...basic checks...
  ...basic sequential cell checks...
  ...checking vector rules...
  ...checking clock rules...
  ...checking scan chain rules...
  ...checking scan compression rules...
  ...checking X-state rules...
  ...checking tristate rules...
  ...extracting scan details...

-----------------------------------------------------------------
  DRC Report

  Total violations: 0

-----------------------------------------------------------------


Test Design rule checking did not find violations

-----------------------------------------------------------------
  Sequential Cell Report

  0 out of 874 sequential cells have violations

-----------------------------------------------------------------

SEQUENTIAL CELLS WITHOUT VIOLATIONS
      * 724 cells are valid scan cells
         busy_controlor/busy_reg
         valid_controlor/out_valid_reg
         counter_tester/count_reg_0_
         counter_tester/count_reg_1_
         counter_tester/count_reg_2_
         counter_tester/count_reg_3_
         complementer/ab_com_rssiB_reg_19_
         complementer/ab_com_rssiB_reg_18_
         complementer/ab_com_rssiB_reg_17_
         complementer/ab_com_rssiB_reg_16_
         complementer/ab_com_rssiB_reg_15_
         complementer/ab_com_rssiB_reg_14_
         complementer/ab_com_rssiB_reg_13_
         complementer/ab_com_rssiB_reg_12_
         complementer/ab_com_rssiB_reg_11_
         complementer/ab_com_rssiB_reg_10_
         complementer/ab_com_rssiB_reg_9_
         complementer/ab_com_rssiB_reg_8_
         complementer/ab_com_rssiB_reg_7_
         complementer/ab_com_rssiB_reg_6_
         complementer/ab_com_rssiB_reg_5_
         complementer/ab_com_rssiB_reg_4_
         complementer/ab_com_rssiB_reg_3_
         complementer/ab_com_rssiB_reg_2_
         complementer/ab_com_rssiB_reg_1_
         complementer/ab_com_rssiB_reg_0_
         complementer/ab_com_rssiC_reg_19_
         complementer/ab_com_rssiC_reg_18_
         complementer/ab_com_rssiC_reg_17_
         complementer/ab_com_rssiC_reg_16_
         complementer/ab_com_rssiC_reg_15_
         complementer/ab_com_rssiC_reg_14_
         complementer/ab_com_rssiC_reg_13_
         complementer/ab_com_rssiC_reg_12_
         complementer/ab_com_rssiC_reg_11_
         complementer/ab_com_rssiC_reg_10_
         complementer/ab_com_rssiC_reg_9_
         complementer/ab_com_rssiC_reg_8_
         complementer/ab_com_rssiC_reg_7_
         complementer/ab_com_rssiC_reg_6_
         complementer/ab_com_rssiC_reg_5_
         complementer/ab_com_rssiC_reg_4_
         complementer/ab_com_rssiC_reg_3_
         complementer/ab_com_rssiC_reg_2_
         complementer/ab_com_rssiC_reg_1_
         complementer/ab_com_rssiC_reg_0_
         complementer/ab_com_rssiA_reg_19_
         complementer/ab_com_rssiA_reg_18_
         complementer/ab_com_rssiA_reg_17_
         complementer/ab_com_rssiA_reg_16_
         complementer/ab_com_rssiA_reg_15_
         complementer/ab_com_rssiA_reg_14_
         complementer/ab_com_rssiA_reg_13_
         complementer/ab_com_rssiA_reg_12_
         complementer/ab_com_rssiA_reg_11_
         complementer/ab_com_rssiA_reg_10_
         complementer/ab_com_rssiA_reg_9_
         complementer/ab_com_rssiA_reg_8_
         complementer/ab_com_rssiA_reg_7_
         complementer/ab_com_rssiA_reg_6_
         complementer/ab_com_rssiA_reg_5_
         complementer/ab_com_rssiA_reg_4_
         complementer/ab_com_rssiA_reg_3_
         complementer/ab_com_rssiA_reg_2_
         complementer/ab_com_rssiA_reg_1_
         complementer/ab_com_rssiA_reg_0_
         caler_exp/exp_int_B_reg_1_
         caler_exp/exp_int_B_reg_0_
         caler_exp/exp_int_A_reg_1_
         caler_exp/exp_int_A_reg_0_
         caler_exp/exp_int_C_reg_1_
         caler_exp/exp_int_C_reg_0_
         caler_exp/exp_float_B_reg_11_
         caler_exp/exp_float_B_reg_10_
         caler_exp/exp_float_B_reg_9_
         caler_exp/exp_float_B_reg_8_
         caler_exp/exp_float_B_reg_7_
         caler_exp/exp_float_B_reg_6_
         caler_exp/exp_float_B_reg_5_
         caler_exp/exp_float_B_reg_4_
         caler_exp/exp_float_B_reg_3_
         caler_exp/exp_float_B_reg_2_
         caler_exp/exp_float_B_reg_1_
         caler_exp/exp_float_B_reg_0_
         caler_exp/exp_float_C_reg_11_
         caler_exp/exp_float_C_reg_10_
         caler_exp/exp_float_C_reg_9_
         caler_exp/exp_float_C_reg_8_
         caler_exp/exp_float_C_reg_7_
         caler_exp/exp_float_C_reg_6_
         caler_exp/exp_float_C_reg_5_
         caler_exp/exp_float_C_reg_4_
         caler_exp/exp_float_C_reg_3_
         caler_exp/exp_float_C_reg_2_
         caler_exp/exp_float_C_reg_1_
         caler_exp/exp_float_C_reg_0_
         caler_exp/exp_float_A_reg_11_
         caler_exp/exp_float_A_reg_10_
         caler_exp/exp_float_A_reg_9_
         caler_exp/exp_float_A_reg_8_
         caler_exp/exp_float_A_reg_7_
         caler_exp/exp_float_A_reg_6_
         caler_exp/exp_float_A_reg_5_
         caler_exp/exp_float_A_reg_4_
         caler_exp/exp_float_A_reg_3_
         caler_exp/exp_float_A_reg_2_
         caler_exp/exp_float_A_reg_1_
         caler_exp/exp_float_A_reg_0_
         cal_distancer/distance_square_B_reg_25_
         cal_distancer/distance_square_B_reg_24_
         cal_distancer/distance_square_B_reg_23_
         cal_distancer/distance_square_B_reg_22_
         cal_distancer/distance_square_B_reg_21_
         cal_distancer/distance_square_B_reg_20_
         cal_distancer/distance_square_B_reg_19_
         cal_distancer/distance_square_B_reg_18_
         cal_distancer/distance_square_B_reg_17_
         cal_distancer/distance_square_B_reg_16_
         cal_distancer/distance_square_B_reg_15_
         cal_distancer/distance_square_B_reg_14_
         cal_distancer/distance_square_B_reg_13_
         cal_distancer/distance_square_B_reg_12_
         cal_distancer/distance_square_B_reg_11_
         cal_distancer/distance_square_B_reg_10_
         cal_distancer/distance_square_B_reg_9_
         cal_distancer/distance_square_B_reg_8_
         cal_distancer/distance_square_B_reg_7_
         cal_distancer/distance_square_B_reg_6_
         cal_distancer/distance_square_B_reg_5_
         cal_distancer/distance_square_B_reg_4_
         cal_distancer/distance_square_B_reg_3_
         cal_distancer/distance_square_B_reg_2_
         cal_distancer/distance_square_B_reg_1_
         cal_distancer/distance_square_B_reg_0_
         cal_distancer/distance_square_C_reg_25_
         cal_distancer/distance_square_C_reg_24_
         cal_distancer/distance_square_C_reg_23_
         cal_distancer/distance_square_C_reg_22_
         cal_distancer/distance_square_C_reg_21_
         cal_distancer/distance_square_C_reg_20_
         cal_distancer/distance_square_C_reg_19_
         cal_distancer/distance_square_C_reg_18_
         cal_distancer/distance_square_C_reg_17_
         cal_distancer/distance_square_C_reg_16_
         cal_distancer/distance_square_C_reg_15_
         cal_distancer/distance_square_C_reg_14_
         cal_distancer/distance_square_C_reg_13_
         cal_distancer/distance_square_C_reg_12_
         cal_distancer/distance_square_C_reg_10_
         cal_distancer/distance_square_C_reg_9_
         cal_distancer/distance_square_C_reg_8_
         cal_distancer/distance_square_C_reg_7_
         cal_distancer/distance_square_C_reg_6_
         cal_distancer/distance_square_C_reg_5_
         cal_distancer/distance_square_C_reg_4_
         cal_distancer/distance_square_C_reg_3_
         cal_distancer/distance_square_C_reg_2_
         cal_distancer/distance_square_C_reg_1_
         cal_distancer/distance_square_C_reg_0_
         cal_distancer/distance_square_A_reg_25_
         cal_distancer/distance_square_A_reg_24_
         cal_distancer/distance_square_A_reg_23_
         cal_distancer/distance_square_A_reg_22_
         cal_distancer/distance_square_A_reg_21_
         cal_distancer/distance_square_A_reg_20_
         cal_distancer/distance_square_A_reg_19_
         cal_distancer/distance_square_A_reg_18_
         cal_distancer/distance_square_A_reg_17_
         cal_distancer/distance_square_A_reg_16_
         cal_distancer/distance_square_A_reg_15_
         cal_distancer/distance_square_A_reg_14_
         cal_distancer/distance_square_A_reg_13_
         cal_distancer/distance_square_A_reg_12_
         cal_distancer/distance_square_A_reg_11_
         cal_distancer/distance_square_A_reg_9_
         cal_distancer/distance_square_A_reg_8_
         cal_distancer/distance_square_A_reg_7_
         cal_distancer/distance_square_A_reg_6_
         cal_distancer/distance_square_A_reg_5_
         cal_distancer/distance_square_A_reg_4_
         cal_distancer/distance_square_A_reg_3_
         cal_distancer/distance_square_A_reg_2_
         cal_distancer/distance_square_A_reg_1_
         cal_distancer/distance_square_A_reg_0_
         cal_distancer/distance_square_C_reg_11_
         cal_distancer/distance_square_A_reg_10_
         locationor/xt_reg_7_
         locationor/xt_reg_6_
         locationor/xt_reg_5_
         locationor/xt_reg_4_
         locationor/xt_reg_3_
         locationor/xt_reg_2_
         locationor/xt_reg_1_
         locationor/xt_reg_0_
         locationor/yt_reg_7_
         locationor/yt_reg_6_
         locationor/yt_reg_5_
         locationor/yt_reg_4_
         locationor/yt_reg_3_
         locationor/yt_reg_2_
         locationor/yt_reg_1_
         locationor/yt_reg_0_
         constant_calculater/square_sensor_A_X_reg_15_
         constant_calculater/square_sensor_A_X_reg_14_
         constant_calculater/square_sensor_A_X_reg_13_
         constant_calculater/square_sensor_A_X_reg_12_
         constant_calculater/square_sensor_A_X_reg_11_
         constant_calculater/square_sensor_A_X_reg_10_
         constant_calculater/square_sensor_A_X_reg_9_
         constant_calculater/square_sensor_A_X_reg_8_
         constant_calculater/square_sensor_A_X_reg_7_
         constant_calculater/square_sensor_A_X_reg_6_
         constant_calculater/square_sensor_A_X_reg_5_
         constant_calculater/square_sensor_A_X_reg_4_
         constant_calculater/square_sensor_A_X_reg_3_
         constant_calculater/square_sensor_A_X_reg_2_
         constant_calculater/square_sensor_A_X_reg_0_
         constant_calculater/square_sensor_B_X_reg_15_
         constant_calculater/square_sensor_B_X_reg_14_
         constant_calculater/square_sensor_B_X_reg_13_
         constant_calculater/square_sensor_B_X_reg_12_
         constant_calculater/square_sensor_B_X_reg_11_
         constant_calculater/square_sensor_B_X_reg_10_
         constant_calculater/square_sensor_B_X_reg_9_
         constant_calculater/square_sensor_B_X_reg_8_
         constant_calculater/square_sensor_B_X_reg_7_
         constant_calculater/square_sensor_B_X_reg_6_
         constant_calculater/square_sensor_B_X_reg_5_
         constant_calculater/square_sensor_B_X_reg_4_
         constant_calculater/square_sensor_B_X_reg_3_
         constant_calculater/square_sensor_B_X_reg_2_
         constant_calculater/square_sensor_B_X_reg_0_
         constant_calculater/square_sensor_C_X_reg_15_
         constant_calculater/square_sensor_C_X_reg_14_
         constant_calculater/square_sensor_C_X_reg_13_
         constant_calculater/square_sensor_C_X_reg_12_
         constant_calculater/square_sensor_C_X_reg_11_
         constant_calculater/square_sensor_C_X_reg_10_
         constant_calculater/square_sensor_C_X_reg_9_
         constant_calculater/square_sensor_C_X_reg_8_
         constant_calculater/square_sensor_C_X_reg_7_
         constant_calculater/square_sensor_C_X_reg_6_
         constant_calculater/square_sensor_C_X_reg_5_
         constant_calculater/square_sensor_C_X_reg_4_
         constant_calculater/square_sensor_C_X_reg_3_
         constant_calculater/square_sensor_C_X_reg_2_
         constant_calculater/square_sensor_C_X_reg_0_
         constant_calculater/square_sensor_B_Y_reg_15_
         constant_calculater/square_sensor_B_Y_reg_14_
         constant_calculater/square_sensor_B_Y_reg_13_
         constant_calculater/square_sensor_B_Y_reg_12_
         constant_calculater/square_sensor_B_Y_reg_11_
         constant_calculater/square_sensor_B_Y_reg_10_
         constant_calculater/square_sensor_B_Y_reg_9_
         constant_calculater/square_sensor_B_Y_reg_8_
         constant_calculater/square_sensor_B_Y_reg_7_
         constant_calculater/square_sensor_B_Y_reg_6_
         constant_calculater/square_sensor_B_Y_reg_5_
         constant_calculater/square_sensor_B_Y_reg_4_
         constant_calculater/square_sensor_B_Y_reg_3_
         constant_calculater/square_sensor_B_Y_reg_2_
         constant_calculater/square_sensor_B_Y_reg_0_
         constant_calculater/square_sensor_A_Y_reg_15_
         constant_calculater/square_sensor_A_Y_reg_14_
         constant_calculater/square_sensor_A_Y_reg_13_
         constant_calculater/square_sensor_A_Y_reg_12_
         constant_calculater/square_sensor_A_Y_reg_11_
         constant_calculater/square_sensor_A_Y_reg_10_
         constant_calculater/square_sensor_A_Y_reg_9_
         constant_calculater/square_sensor_A_Y_reg_8_
         constant_calculater/square_sensor_A_Y_reg_7_
         constant_calculater/square_sensor_A_Y_reg_6_
         constant_calculater/square_sensor_A_Y_reg_5_
         constant_calculater/square_sensor_A_Y_reg_4_
         constant_calculater/square_sensor_A_Y_reg_3_
         constant_calculater/square_sensor_A_Y_reg_2_
         constant_calculater/square_sensor_A_Y_reg_0_
         constant_calculater/square_sensor_C_Y_reg_15_
         constant_calculater/square_sensor_C_Y_reg_14_
         constant_calculater/square_sensor_C_Y_reg_13_
         constant_calculater/square_sensor_C_Y_reg_12_
         constant_calculater/square_sensor_C_Y_reg_11_
         constant_calculater/square_sensor_C_Y_reg_10_
         constant_calculater/square_sensor_C_Y_reg_9_
         constant_calculater/square_sensor_C_Y_reg_8_
         constant_calculater/square_sensor_C_Y_reg_7_
         constant_calculater/square_sensor_C_Y_reg_6_
         constant_calculater/square_sensor_C_Y_reg_5_
         constant_calculater/square_sensor_C_Y_reg_4_
         constant_calculater/square_sensor_C_Y_reg_3_
         constant_calculater/square_sensor_C_Y_reg_2_
         constant_calculater/square_sensor_C_Y_reg_0_
         constant_calculater/x_delta_ca_reg_7_
         constant_calculater/x_delta_ca_reg_6_
         constant_calculater/x_delta_ca_reg_5_
         constant_calculater/x_delta_ca_reg_4_
         constant_calculater/x_delta_ca_reg_3_
         constant_calculater/x_delta_ca_reg_2_
         constant_calculater/x_delta_ca_reg_1_
         constant_calculater/x_delta_ca_reg_0_
         constant_calculater/y_delta_ca_reg_7_
         constant_calculater/y_delta_ca_reg_6_
         constant_calculater/y_delta_ca_reg_5_
         constant_calculater/y_delta_ca_reg_4_
         constant_calculater/y_delta_ca_reg_3_
         constant_calculater/y_delta_ca_reg_2_
         constant_calculater/y_delta_ca_reg_1_
         constant_calculater/y_delta_ca_reg_0_
         constant_calculater/x_delta_ba_reg_7_
         constant_calculater/x_delta_ba_reg_6_
         constant_calculater/x_delta_ba_reg_5_
         constant_calculater/x_delta_ba_reg_4_
         constant_calculater/x_delta_ba_reg_3_
         constant_calculater/x_delta_ba_reg_2_
         constant_calculater/x_delta_ba_reg_1_
         constant_calculater/x_delta_ba_reg_0_
         constant_calculater/y_delta_ba_reg_7_
         constant_calculater/y_delta_ba_reg_6_
         constant_calculater/y_delta_ba_reg_5_
         constant_calculater/y_delta_ba_reg_4_
         constant_calculater/y_delta_ba_reg_3_
         constant_calculater/y_delta_ba_reg_2_
         constant_calculater/y_delta_ba_reg_1_
         constant_calculater/y_delta_ba_reg_0_
         constant_calculater/half_delta2_reg_15_
         constant_calculater/half_delta2_reg_14_
         constant_calculater/half_delta2_reg_13_
         constant_calculater/half_delta2_reg_12_
         constant_calculater/half_delta2_reg_11_
         constant_calculater/half_delta2_reg_10_
         constant_calculater/half_delta2_reg_9_
         constant_calculater/half_delta2_reg_8_
         constant_calculater/half_delta2_reg_7_
         constant_calculater/half_delta2_reg_6_
         constant_calculater/half_delta2_reg_5_
         constant_calculater/half_delta2_reg_4_
         constant_calculater/half_delta2_reg_3_
         constant_calculater/half_delta2_reg_2_
         constant_calculater/half_delta2_reg_1_
         constant_calculater/half_delta2_reg_0_
         constant_calculater/half_delta1_reg_15_
         constant_calculater/half_delta1_reg_14_
         constant_calculater/half_delta1_reg_13_
         constant_calculater/half_delta1_reg_12_
         constant_calculater/half_delta1_reg_11_
         constant_calculater/half_delta1_reg_10_
         constant_calculater/half_delta1_reg_9_
         constant_calculater/half_delta1_reg_8_
         constant_calculater/half_delta1_reg_7_
         constant_calculater/half_delta1_reg_6_
         constant_calculater/half_delta1_reg_5_
         constant_calculater/half_delta1_reg_4_
         constant_calculater/half_delta1_reg_3_
         constant_calculater/half_delta1_reg_2_
         constant_calculater/half_delta1_reg_1_
         constant_calculater/half_delta1_reg_0_
         locationor/u_div_yt/clk_r_REG70_S1
         locationor/u_div_yt/clk_r_REG72_S1
         locationor/u_div_yt/clk_r_REG73_S1
         locationor/u_div_yt/clk_r_REG74_S1
         locationor/u_div_yt/clk_r_REG75_S1
         locationor/u_div_yt/clk_r_REG76_S1
         locationor/u_div_yt/clk_r_REG77_S1
         locationor/u_div_yt/clk_r_REG78_S1
         locationor/u_div_yt/clk_r_REG79_S1
         locationor/u_div_yt/clk_r_REG80_S1
         locationor/u_div_yt/clk_r_REG81_S1
         locationor/u_div_yt/clk_r_REG82_S1
         locationor/u_div_yt/clk_r_REG83_S1
         locationor/u_div_yt/clk_r_REG84_S1
         locationor/u_div_yt/clk_r_REG85_S1
         locationor/u_div_yt/clk_r_REG86_S1
         locationor/u_div_yt/clk_r_REG87_S1
         locationor/u_div_yt/clk_r_REG88_S1
         locationor/u_div_yt/clk_r_REG244_S1
         locationor/u_div_yt/clk_r_REG245_S1
         locationor/u_div_yt/clk_r_REG246_S1
         locationor/u_div_yt/clk_r_REG247_S1
         locationor/u_div_yt/clk_r_REG248_S1
         locationor/u_div_yt/clk_r_REG249_S1
         locationor/u_div_yt/clk_r_REG250_S1
         locationor/u_div_yt/clk_r_REG251_S1
         locationor/u_div_yt/clk_r_REG252_S1
         locationor/u_div_yt/clk_r_REG253_S1
         locationor/u_div_yt/clk_r_REG254_S1
         locationor/u_div_yt/clk_r_REG255_S1
         locationor/u_div_yt/clk_r_REG256_S1
         locationor/u_div_yt/clk_r_REG257_S1
         locationor/u_div_yt/clk_r_REG258_S1
         locationor/u_div_yt/U_DIV_clk_r_REG16_S3
         locationor/u_div_yt/U_DIV_clk_r_REG13_S3
         locationor/u_div_yt/U_DIV_clk_r_REG11_S3
         locationor/u_div_yt/U_DIV_clk_r_REG56_S2
         locationor/u_div_yt/U_DIV_clk_r_REG2_S3
         locationor/u_div_yt/U_DIV_clk_r_REG58_S2
         locationor/u_div_yt/U_DIV_clk_r_REG199_S3
         locationor/u_div_yt/U_DIV_clk_r_REG20_S3
         locationor/u_div_yt/U_DIV_clk_r_REG55_S2
         locationor/u_div_yt/U_DIV_clk_r_REG15_S3
         locationor/u_div_yt/U_DIV_clk_r_REG23_S3
         locationor/u_div_yt/U_DIV_clk_r_REG59_S2
         locationor/u_div_yt/U_DIV_clk_r_REG64_S2
         locationor/u_div_yt/U_DIV_clk_r_REG61_S2
         locationor/u_div_yt/U_DIV_clk_r_REG62_S2
         locationor/u_div_yt/U_DIV_clk_r_REG17_S3
         locationor/u_div_yt/U_DIV_clk_r_REG49_S3
         locationor/u_div_yt/U_DIV_clk_r_REG45_S2
         locationor/u_div_yt/U_DIV_clk_r_REG12_S3
         locationor/u_div_yt/U_DIV_clk_r_REG14_S3
         locationor/u_div_yt/U_DIV_clk_r_REG63_S2
         locationor/u_div_yt/U_DIV_clk_r_REG207_S2
         locationor/u_div_yt/U_DIV_clk_r_REG99_S2
         locationor/u_div_yt/U_DIV_clk_r_REG100_S2
         locationor/u_div_yt/U_DIV_clk_r_REG47_S2
         locationor/u_div_yt/U_DIV_clk_r_REG40_S2
         locationor/u_div_yt/U_DIV_clk_r_REG38_S2
         locationor/u_div_yt/U_DIV_clk_r_REG34_S2
         locationor/u_div_yt/U_DIV_clk_r_REG31_S2
         locationor/u_div_yt/U_DIV_clk_r_REG30_S2
         locationor/u_div_yt/U_DIV_clk_r_REG29_S2
         locationor/u_div_yt/U_DIV_clk_r_REG140_S2
         locationor/u_div_yt/U_DIV_clk_r_REG28_S2
         locationor/u_div_yt/U_DIV_clk_r_REG27_S2
         locationor/u_div_yt/U_DIV_clk_r_REG141_S2
         locationor/u_div_yt/U_DIV_clk_r_REG57_S2
         locationor/u_div_yt/U_DIV_clk_r_REG1_S2
         locationor/u_div_yt/U_DIV_clk_r_REG67_S2
         locationor/u_div_yt/U_DIV_clk_r_REG155_S2
         locationor/u_div_yt/U_DIV_clk_r_REG159_S2
         locationor/u_div_yt/U_DIV_clk_r_REG143_S2
         locationor/u_div_yt/U_DIV_clk_r_REG139_S2
         locationor/u_div_yt/U_DIV_clk_r_REG123_S2
         locationor/u_div_yt/U_DIV_clk_r_REG52_S2
         locationor/u_div_yt/U_DIV_clk_r_REG98_S2
         locationor/u_div_yt/U_DIV_clk_r_REG65_S2
         locationor/u_div_yt/U_DIV_clk_r_REG43_S2
         locationor/u_div_yt/U_DIV_clk_r_REG214_S3
         locationor/u_div_yt/U_DIV_clk_r_REG165_S3
         locationor/u_div_yt/U_DIV_clk_r_REG211_S3
         locationor/u_div_yt/U_DIV_clk_r_REG203_S3
         locationor/u_div_yt/U_DIV_clk_r_REG171_S2
         locationor/u_div_yt/U_DIV_clk_r_REG131_S2
         locationor/u_div_yt/U_DIV_clk_r_REG92_S2
         locationor/u_div_yt/U_DIV_clk_r_REG96_S2
         locationor/u_div_yt/U_DIV_clk_r_REG127_S2
         locationor/u_div_yt/U_DIV_clk_r_REG119_S2
         locationor/u_div_yt/U_DIV_clk_r_REG115_S2
         locationor/u_div_yt/U_DIV_clk_r_REG217_S2
         locationor/u_div_yt/U_DIV_clk_r_REG103_S2
         locationor/u_div_yt/U_DIV_clk_r_REG243_S3
         locationor/u_div_yt/U_DIV_clk_r_REG195_S2
         locationor/u_div_yt/U_DIV_clk_r_REG200_S2
         locationor/u_div_yt/U_DIV_clk_r_REG236_S2
         locationor/u_div_yt/U_DIV_clk_r_REG234_S2
         locationor/u_div_yt/U_DIV_clk_r_REG232_S2
         locationor/u_div_yt/U_DIV_clk_r_REG226_S2
         locationor/u_div_yt/U_DIV_clk_r_REG224_S2
         locationor/u_div_yt/U_DIV_clk_r_REG222_S2
         locationor/u_div_yt/U_DIV_clk_r_REG220_S2
         locationor/u_div_yt/U_DIV_clk_r_REG108_S2
         locationor/u_div_yt/U_DIV_clk_r_REG106_S2
         locationor/u_div_yt/U_DIV_clk_r_REG189_S2
         locationor/u_div_yt/U_DIV_clk_r_REG187_S2
         locationor/u_div_yt/U_DIV_clk_r_REG185_S2
         locationor/u_div_yt/U_DIV_clk_r_REG183_S2
         locationor/u_div_yt/U_DIV_clk_r_REG177_S2
         locationor/u_div_yt/U_DIV_clk_r_REG175_S2
         locationor/u_div_yt/U_DIV_clk_r_REG170_S3
         locationor/u_div_yt/U_DIV_clk_r_REG136_S2
         locationor/u_div_yt/U_DIV_clk_r_REG114_S3
         locationor/u_div_yt/U_DIV_clk_r_REG37_S3
         locationor/u_div_yt/U_DIV_clk_r_REG42_S3
         locationor/u_div_yt/U_DIV_clk_r_REG54_S3
         locationor/u_div_yt/U_DIV_clk_r_REG125_S3
         locationor/u_div_yt/U_DIV_clk_r_REG153_S2
         locationor/u_div_yt/U_DIV_clk_r_REG149_S2
         locationor/u_div_yt/U_DIV_clk_r_REG147_S2
         locationor/u_div_yt/U_DIV_clk_r_REG163_S2
         locationor/u_div_yt/U_DIV_clk_r_REG168_S2
         locationor/u_div_yt/U_DIV_clk_r_REG201_S2
         locationor/u_div_yt/U_DIV_clk_r_REG206_S2
         locationor/u_div_yt/U_DIV_clk_r_REG212_S2
         locationor/u_div_yt/U_DIV_clk_r_REG105_S2
         locationor/u_div_yt/U_DIV_clk_r_REG241_S2
         locationor/u_div_yt/U_DIV_clk_r_REG53_S3
         locationor/u_div_yt/U_DIV_clk_r_REG32_S3
         locationor/u_div_yt/U_DIV_clk_r_REG36_S3
         locationor/u_div_yt/U_DIV_clk_r_REG218_S2
         locationor/u_div_yt/clk_r_REG0_S1
         locationor/u_div_yt/U_DIV_clk_r_REG60_S2
         locationor/u_div_yt/clk_r_REG89_S1
         locationor/u_div_yt/clk_r_REG90_S1
         locationor/u_div_yt/clk_r_REG91_S1
         locationor/u_div_yt/U_DIV_clk_r_REG21_S3
         locationor/u_div_yt/U_DIV_clk_r_REG227_S2
         locationor/u_div_yt/U_DIV_clk_r_REG172_S2
         locationor/u_div_yt/U_DIV_clk_r_REG102_S2
         locationor/u_div_yt/U_DIV_clk_r_REG150_S2
         locationor/u_div_yt/U_DIV_clk_r_REG3_S4
         locationor/u_div_yt/clk_r_REG69_S1
         locationor/u_div_yt/clk_r_REG71_S1
         locationor/u_div_yt/clk_r_REG8_S4
         locationor/u_div_yt/U_DIV_clk_r_REG22_S3
         locationor/u_div_yt/U_DIV_clk_r_REG24_S3
         locationor/u_div_yt/U_DIV_clk_r_REG25_S3
         locationor/u_div_yt/U_DIV_clk_r_REG126_S3
         locationor/u_div_yt/U_DIV_clk_r_REG120_S2
         locationor/u_div_yt/U_DIV_clk_r_REG128_S2
         locationor/u_div_yt/U_DIV_clk_r_REG18_S3
         locationor/u_div_yt/U_DIV_clk_r_REG33_S3
         locationor/u_div_yt/U_DIV_clk_r_REG192_S2
         locationor/u_div_yt/U_DIV_clk_r_REG190_S2
         locationor/u_div_yt/U_DIV_clk_r_REG181_S2
         locationor/u_div_yt/U_DIV_clk_r_REG209_S3
         locationor/u_div_yt/U_DIV_clk_r_REG93_S2
         locationor/u_div_yt/clk_r_REG4_S4
         locationor/u_div_yt/clk_r_REG68_S1
         locationor/u_div_yt/clk_r_REG10_S4
         locationor/u_div_yt/clk_r_REG7_S4
         locationor/u_div_yt/U_DIV_clk_r_REG110_S2
         locationor/u_div_yt/clk_r_REG5_S4
         locationor/u_div_yt/U_DIV_clk_r_REG196_S2
         locationor/u_div_yt/U_DIV_clk_r_REG204_S2
         locationor/u_div_yt/U_DIV_clk_r_REG215_S2
         locationor/u_div_yt/U_DIV_clk_r_REG179_S2
         locationor/u_div_yt/U_DIV_clk_r_REG229_S2
         locationor/u_div_yt/U_DIV_clk_r_REG116_S2
         locationor/u_div_yt/U_DIV_clk_r_REG135_S2
         locationor/u_div_yt/U_DIV_clk_r_REG156_S2
         locationor/u_div_yt/U_DIV_clk_r_REG132_S2
         locationor/u_div_yt/U_DIV_clk_r_REG160_S2
         locationor/u_div_yt/U_DIV_clk_r_REG239_S2
         locationor/u_div_yt/U_DIV_clk_r_REG237_S2
         locationor/u_div_yt/U_DIV_clk_r_REG145_S2
         locationor/u_div_yt/U_DIV_clk_r_REG50_S2
         locationor/u_div_yt/U_DIV_clk_r_REG166_S2
         locationor/u_div_yt/U_DIV_clk_r_REG19_S3
         locationor/u_div_yt/clk_r_REG9_S4
         locationor/u_div_yt/clk_r_REG6_S4
         locationor/u_div_yt/U_DIV_clk_r_REG112_S2
         locationor/u_div_xt/clk_r_REG6_S4
         locationor/u_div_xt/clk_r_REG7_S4
         locationor/u_div_xt/clk_r_REG8_S4
         locationor/u_div_xt/clk_r_REG70_S1
         locationor/u_div_xt/clk_r_REG71_S1
         locationor/u_div_xt/clk_r_REG72_S1
         locationor/u_div_xt/clk_r_REG73_S1
         locationor/u_div_xt/clk_r_REG74_S1
         locationor/u_div_xt/clk_r_REG75_S1
         locationor/u_div_xt/clk_r_REG76_S1
         locationor/u_div_xt/clk_r_REG77_S1
         locationor/u_div_xt/clk_r_REG78_S1
         locationor/u_div_xt/clk_r_REG79_S1
         locationor/u_div_xt/clk_r_REG80_S1
         locationor/u_div_xt/clk_r_REG81_S1
         locationor/u_div_xt/clk_r_REG82_S1
         locationor/u_div_xt/clk_r_REG83_S1
         locationor/u_div_xt/clk_r_REG84_S1
         locationor/u_div_xt/clk_r_REG85_S1
         locationor/u_div_xt/clk_r_REG86_S1
         locationor/u_div_xt/clk_r_REG87_S1
         locationor/u_div_xt/clk_r_REG88_S1
         locationor/u_div_xt/clk_r_REG244_S1
         locationor/u_div_xt/clk_r_REG245_S1
         locationor/u_div_xt/clk_r_REG246_S1
         locationor/u_div_xt/clk_r_REG247_S1
         locationor/u_div_xt/clk_r_REG248_S1
         locationor/u_div_xt/clk_r_REG249_S1
         locationor/u_div_xt/clk_r_REG250_S1
         locationor/u_div_xt/clk_r_REG251_S1
         locationor/u_div_xt/clk_r_REG252_S1
         locationor/u_div_xt/clk_r_REG253_S1
         locationor/u_div_xt/clk_r_REG254_S1
         locationor/u_div_xt/clk_r_REG255_S1
         locationor/u_div_xt/clk_r_REG256_S1
         locationor/u_div_xt/clk_r_REG257_S1
         locationor/u_div_xt/clk_r_REG258_S1
         locationor/u_div_xt/U_DIV_clk_r_REG243_S3
         locationor/u_div_xt/U_DIV_clk_r_REG16_S3
         locationor/u_div_xt/U_DIV_clk_r_REG56_S2
         locationor/u_div_xt/U_DIV_clk_r_REG58_S2
         locationor/u_div_xt/U_DIV_clk_r_REG20_S3
         locationor/u_div_xt/U_DIV_clk_r_REG2_S3
         locationor/u_div_xt/U_DIV_clk_r_REG55_S2
         locationor/u_div_xt/U_DIV_clk_r_REG15_S3
         locationor/u_div_xt/U_DIV_clk_r_REG23_S3
         locationor/u_div_xt/U_DIV_clk_r_REG59_S2
         locationor/u_div_xt/U_DIV_clk_r_REG64_S2
         locationor/u_div_xt/U_DIV_clk_r_REG61_S2
         locationor/u_div_xt/U_DIV_clk_r_REG62_S2
         locationor/u_div_xt/U_DIV_clk_r_REG18_S3
         locationor/u_div_xt/U_DIV_clk_r_REG17_S3
         locationor/u_div_xt/U_DIV_clk_r_REG49_S3
         locationor/u_div_xt/U_DIV_clk_r_REG45_S2
         locationor/u_div_xt/U_DIV_clk_r_REG12_S3
         locationor/u_div_xt/U_DIV_clk_r_REG13_S3
         locationor/u_div_xt/U_DIV_clk_r_REG14_S3
         locationor/u_div_xt/U_DIV_clk_r_REG63_S2
         locationor/u_div_xt/U_DIV_clk_r_REG207_S2
         locationor/u_div_xt/U_DIV_clk_r_REG99_S2
         locationor/u_div_xt/U_DIV_clk_r_REG100_S2
         locationor/u_div_xt/U_DIV_clk_r_REG47_S2
         locationor/u_div_xt/U_DIV_clk_r_REG40_S2
         locationor/u_div_xt/U_DIV_clk_r_REG38_S2
         locationor/u_div_xt/U_DIV_clk_r_REG34_S2
         locationor/u_div_xt/U_DIV_clk_r_REG31_S2
         locationor/u_div_xt/U_DIV_clk_r_REG30_S2
         locationor/u_div_xt/U_DIV_clk_r_REG29_S2
         locationor/u_div_xt/U_DIV_clk_r_REG140_S2
         locationor/u_div_xt/U_DIV_clk_r_REG28_S2
         locationor/u_div_xt/U_DIV_clk_r_REG27_S2
         locationor/u_div_xt/U_DIV_clk_r_REG141_S2
         locationor/u_div_xt/U_DIV_clk_r_REG57_S2
         locationor/u_div_xt/U_DIV_clk_r_REG1_S2
         locationor/u_div_xt/U_DIV_clk_r_REG67_S2
         locationor/u_div_xt/U_DIV_clk_r_REG155_S2
         locationor/u_div_xt/U_DIV_clk_r_REG159_S2
         locationor/u_div_xt/U_DIV_clk_r_REG143_S2
         locationor/u_div_xt/U_DIV_clk_r_REG139_S2
         locationor/u_div_xt/U_DIV_clk_r_REG123_S2
         locationor/u_div_xt/U_DIV_clk_r_REG52_S2
         locationor/u_div_xt/U_DIV_clk_r_REG98_S2
         locationor/u_div_xt/U_DIV_clk_r_REG65_S2
         locationor/u_div_xt/U_DIV_clk_r_REG43_S2
         locationor/u_div_xt/U_DIV_clk_r_REG214_S3
         locationor/u_div_xt/U_DIV_clk_r_REG165_S3
         locationor/u_div_xt/U_DIV_clk_r_REG211_S3
         locationor/u_div_xt/U_DIV_clk_r_REG203_S3
         locationor/u_div_xt/U_DIV_clk_r_REG171_S2
         locationor/u_div_xt/U_DIV_clk_r_REG131_S2
         locationor/u_div_xt/U_DIV_clk_r_REG92_S2
         locationor/u_div_xt/U_DIV_clk_r_REG96_S2
         locationor/u_div_xt/U_DIV_clk_r_REG127_S2
         locationor/u_div_xt/U_DIV_clk_r_REG119_S2
         locationor/u_div_xt/U_DIV_clk_r_REG115_S2
         locationor/u_div_xt/U_DIV_clk_r_REG217_S2
         locationor/u_div_xt/U_DIV_clk_r_REG103_S2
         locationor/u_div_xt/U_DIV_clk_r_REG195_S2
         locationor/u_div_xt/U_DIV_clk_r_REG200_S2
         locationor/u_div_xt/U_DIV_clk_r_REG236_S2
         locationor/u_div_xt/U_DIV_clk_r_REG234_S2
         locationor/u_div_xt/U_DIV_clk_r_REG232_S2
         locationor/u_div_xt/U_DIV_clk_r_REG226_S2
         locationor/u_div_xt/U_DIV_clk_r_REG224_S2
         locationor/u_div_xt/U_DIV_clk_r_REG222_S2
         locationor/u_div_xt/U_DIV_clk_r_REG220_S2
         locationor/u_div_xt/U_DIV_clk_r_REG108_S2
         locationor/u_div_xt/U_DIV_clk_r_REG106_S2
         locationor/u_div_xt/U_DIV_clk_r_REG189_S2
         locationor/u_div_xt/U_DIV_clk_r_REG187_S2
         locationor/u_div_xt/U_DIV_clk_r_REG185_S2
         locationor/u_div_xt/U_DIV_clk_r_REG183_S2
         locationor/u_div_xt/U_DIV_clk_r_REG177_S2
         locationor/u_div_xt/U_DIV_clk_r_REG175_S2
         locationor/u_div_xt/U_DIV_clk_r_REG170_S3
         locationor/u_div_xt/U_DIV_clk_r_REG136_S2
         locationor/u_div_xt/U_DIV_clk_r_REG114_S3
         locationor/u_div_xt/U_DIV_clk_r_REG168_S2
         locationor/u_div_xt/U_DIV_clk_r_REG126_S3
         locationor/u_div_xt/U_DIV_clk_r_REG212_S2
         locationor/u_div_xt/clk_r_REG0_S1
         locationor/u_div_xt/clk_r_REG68_S1
         locationor/u_div_xt/clk_r_REG69_S1
         locationor/u_div_xt/clk_r_REG90_S1
         locationor/u_div_xt/clk_r_REG91_S1
         locationor/u_div_xt/U_DIV_clk_r_REG11_S3
         locationor/u_div_xt/U_DIV_clk_r_REG227_S2
         locationor/u_div_xt/U_DIV_clk_r_REG50_S2
         locationor/u_div_xt/U_DIV_clk_r_REG163_S2
         locationor/u_div_xt/U_DIV_clk_r_REG110_S2
         locationor/u_div_xt/U_DIV_clk_r_REG60_S2
         locationor/u_div_xt/clk_r_REG89_S1
         locationor/u_div_xt/U_DIV_clk_r_REG199_S3
         locationor/u_div_xt/U_DIV_clk_r_REG22_S3
         locationor/u_div_xt/U_DIV_clk_r_REG24_S3
         locationor/u_div_xt/U_DIV_clk_r_REG21_S3
         locationor/u_div_xt/U_DIV_clk_r_REG25_S3
         locationor/u_div_xt/U_DIV_clk_r_REG3_S4
         locationor/u_div_xt/U_DIV_clk_r_REG37_S3
         locationor/u_div_xt/U_DIV_clk_r_REG42_S3
         locationor/u_div_xt/U_DIV_clk_r_REG33_S3
         locationor/u_div_xt/U_DIV_clk_r_REG54_S3
         locationor/u_div_xt/U_DIV_clk_r_REG19_S3
         locationor/u_div_xt/U_DIV_clk_r_REG166_S2
         locationor/u_div_xt/U_DIV_clk_r_REG125_S3
         locationor/u_div_xt/U_DIV_clk_r_REG156_S2
         locationor/u_div_xt/U_DIV_clk_r_REG132_S2
         locationor/u_div_xt/U_DIV_clk_r_REG160_S2
         locationor/u_div_xt/U_DIV_clk_r_REG172_S2
         locationor/u_div_xt/U_DIV_clk_r_REG116_S2
         locationor/u_div_xt/U_DIV_clk_r_REG153_S2
         locationor/u_div_xt/U_DIV_clk_r_REG149_S2
         locationor/u_div_xt/U_DIV_clk_r_REG147_S2
         locationor/u_div_xt/U_DIV_clk_r_REG145_S2
         locationor/u_div_xt/U_DIV_clk_r_REG135_S2
         locationor/u_div_xt/U_DIV_clk_r_REG204_S2
         locationor/u_div_xt/U_DIV_clk_r_REG206_S2
         locationor/u_div_xt/U_DIV_clk_r_REG215_S2
         locationor/u_div_xt/U_DIV_clk_r_REG112_S2
         locationor/u_div_xt/U_DIV_clk_r_REG102_S2
         locationor/u_div_xt/U_DIV_clk_r_REG105_S2
         locationor/u_div_xt/U_DIV_clk_r_REG241_S2
         locationor/u_div_xt/U_DIV_clk_r_REG196_S2
         locationor/u_div_xt/U_DIV_clk_r_REG239_S2
         locationor/u_div_xt/U_DIV_clk_r_REG237_S2
         locationor/u_div_xt/U_DIV_clk_r_REG229_S2
         locationor/u_div_xt/U_DIV_clk_r_REG192_S2
         locationor/u_div_xt/U_DIV_clk_r_REG190_S2
         locationor/u_div_xt/U_DIV_clk_r_REG179_S2
         locationor/u_div_xt/U_DIV_clk_r_REG181_S2
         locationor/u_div_xt/U_DIV_clk_r_REG53_S3
         locationor/u_div_xt/U_DIV_clk_r_REG32_S3
         locationor/u_div_xt/U_DIV_clk_r_REG36_S3
         locationor/u_div_xt/U_DIV_clk_r_REG150_S2
         locationor/u_div_xt/U_DIV_clk_r_REG209_S3
         locationor/u_div_xt/U_DIV_clk_r_REG218_S2
         locationor/u_div_xt/U_DIV_clk_r_REG93_S2
         locationor/u_div_xt/clk_r_REG4_S4
         locationor/u_div_xt/clk_r_REG5_S4
         locationor/u_div_xt/clk_r_REG10_S4
         locationor/u_div_xt/U_DIV_clk_r_REG128_S2
         locationor/u_div_xt/U_DIV_clk_r_REG120_S2
         locationor/u_div_xt/clk_r_REG9_S4
         locationor/u_div_xt/U_DIV_clk_r_REG201_S2
      * 150 cells are non-scan shift-register cells
         locationor/u_div_yt/U_DIV_clk_r_REG121_S3
         locationor/u_div_yt/U_DIV_clk_r_REG210_S3
         locationor/u_div_yt/U_DIV_clk_r_REG129_S3
         locationor/u_div_yt/U_DIV_clk_r_REG242_S3
         locationor/u_div_yt/U_DIV_clk_r_REG230_S3
         locationor/u_div_yt/U_DIV_clk_r_REG205_S3
         locationor/u_div_yt/U_DIV_clk_r_REG213_S3
         locationor/u_div_yt/U_DIV_clk_r_REG240_S3
         locationor/u_div_yt/U_DIV_clk_r_REG152_S3
         locationor/u_div_yt/U_DIV_clk_r_REG44_S3
         locationor/u_div_yt/U_DIV_clk_r_REG122_S3
         locationor/u_div_yt/U_DIV_clk_r_REG169_S3
         locationor/u_div_yt/U_DIV_clk_r_REG146_S3
         locationor/u_div_yt/U_DIV_clk_r_REG164_S3
         locationor/u_div_yt/U_DIV_clk_r_REG148_S3
         locationor/u_div_yt/U_DIV_clk_r_REG154_S3
         locationor/u_div_yt/U_DIV_clk_r_REG117_S3
         locationor/u_div_yt/U_DIV_clk_r_REG173_S3
         locationor/u_div_yt/U_DIV_clk_r_REG161_S3
         locationor/u_div_yt/U_DIV_clk_r_REG133_S3
         locationor/u_div_yt/U_DIV_clk_r_REG66_S3
         locationor/u_div_yt/U_DIV_clk_r_REG142_S3
         locationor/u_div_yt/U_DIV_clk_r_REG144_S3
         locationor/u_div_yt/U_DIV_clk_r_REG39_S3
         locationor/u_div_yt/U_DIV_clk_r_REG35_S3
         locationor/u_div_yt/U_DIV_clk_r_REG178_S3
         locationor/u_div_yt/U_DIV_clk_r_REG235_S3
         locationor/u_div_yt/U_DIV_clk_r_REG231_S3
         locationor/u_div_yt/U_DIV_clk_r_REG221_S3
         locationor/u_div_yt/U_DIV_clk_r_REG208_S3
         locationor/u_div_yt/U_DIV_clk_r_REG194_S3
         locationor/u_div_yt/U_DIV_clk_r_REG184_S3
         locationor/u_div_yt/U_DIV_clk_r_REG176_S3
         locationor/u_div_yt/U_DIV_clk_r_REG158_S3
         locationor/u_div_yt/U_DIV_clk_r_REG95_S3
         locationor/u_div_yt/U_DIV_clk_r_REG46_S3
         locationor/u_div_yt/U_DIV_clk_r_REG124_S3
         locationor/u_div_yt/U_DIV_clk_r_REG41_S3
         locationor/u_div_yt/U_DIV_clk_r_REG48_S3
         locationor/u_div_yt/U_DIV_clk_r_REG107_S3
         locationor/u_div_yt/U_DIV_clk_r_REG198_S3
         locationor/u_div_yt/U_DIV_clk_r_REG174_S3
         locationor/u_div_yt/U_DIV_clk_r_REG137_S3
         locationor/u_div_yt/U_DIV_clk_r_REG101_S3
         locationor/u_div_yt/U_DIV_clk_r_REG188_S3
         locationor/u_div_yt/U_DIV_clk_r_REG162_S3
         locationor/u_div_yt/U_DIV_clk_r_REG186_S3
         locationor/u_div_yt/U_DIV_clk_r_REG109_S3
         locationor/u_div_yt/U_DIV_clk_r_REG104_S3
         locationor/u_div_yt/U_DIV_clk_r_REG225_S3
         locationor/u_div_yt/U_DIV_clk_r_REG219_S3
         locationor/u_div_yt/U_DIV_clk_r_REG130_S3
         locationor/u_div_yt/U_DIV_clk_r_REG233_S3
         locationor/u_div_yt/U_DIV_clk_r_REG134_S3
         locationor/u_div_yt/U_DIV_clk_r_REG223_S3
         locationor/u_div_yt/U_DIV_clk_r_REG97_S3
         locationor/u_div_yt/U_DIV_clk_r_REG118_S3
         locationor/u_div_yt/U_DIV_clk_r_REG228_S3
         locationor/u_div_yt/U_DIV_clk_r_REG138_S3
         locationor/u_div_yt/U_DIV_clk_r_REG26_S4
         locationor/u_div_yt/U_DIV_clk_r_REG94_S3
         locationor/u_div_yt/U_DIV_clk_r_REG151_S3
         locationor/u_div_yt/U_DIV_clk_r_REG182_S3
         locationor/u_div_yt/U_DIV_clk_r_REG180_S3
         locationor/u_div_yt/U_DIV_clk_r_REG191_S3
         locationor/u_div_yt/U_DIV_clk_r_REG193_S3
         locationor/u_div_yt/U_DIV_clk_r_REG238_S3
         locationor/u_div_yt/U_DIV_clk_r_REG197_S3
         locationor/u_div_yt/U_DIV_clk_r_REG113_S3
         locationor/u_div_yt/U_DIV_clk_r_REG216_S3
         locationor/u_div_yt/U_DIV_clk_r_REG202_S3
         locationor/u_div_yt/U_DIV_clk_r_REG111_S3
         locationor/u_div_yt/U_DIV_clk_r_REG157_S3
         locationor/u_div_yt/U_DIV_clk_r_REG51_S3
         locationor/u_div_yt/U_DIV_clk_r_REG167_S3
         locationor/u_div_xt/U_DIV_clk_r_REG242_S3
         locationor/u_div_xt/U_DIV_clk_r_REG210_S3
         locationor/u_div_xt/U_DIV_clk_r_REG129_S3
         locationor/u_div_xt/U_DIV_clk_r_REG111_S3
         locationor/u_div_xt/U_DIV_clk_r_REG240_S3
         locationor/u_div_xt/U_DIV_clk_r_REG152_S3
         locationor/u_div_xt/U_DIV_clk_r_REG44_S3
         locationor/u_div_xt/U_DIV_clk_r_REG118_S3
         locationor/u_div_xt/U_DIV_clk_r_REG122_S3
         locationor/u_div_xt/U_DIV_clk_r_REG66_S3
         locationor/u_div_xt/U_DIV_clk_r_REG142_S3
         locationor/u_div_xt/U_DIV_clk_r_REG144_S3
         locationor/u_div_xt/U_DIV_clk_r_REG39_S3
         locationor/u_div_xt/U_DIV_clk_r_REG178_S3
         locationor/u_div_xt/U_DIV_clk_r_REG235_S3
         locationor/u_div_xt/U_DIV_clk_r_REG231_S3
         locationor/u_div_xt/U_DIV_clk_r_REG221_S3
         locationor/u_div_xt/U_DIV_clk_r_REG208_S3
         locationor/u_div_xt/U_DIV_clk_r_REG194_S3
         locationor/u_div_xt/U_DIV_clk_r_REG184_S3
         locationor/u_div_xt/U_DIV_clk_r_REG176_S3
         locationor/u_div_xt/U_DIV_clk_r_REG158_S3
         locationor/u_div_xt/U_DIV_clk_r_REG95_S3
         locationor/u_div_xt/U_DIV_clk_r_REG46_S3
         locationor/u_div_xt/U_DIV_clk_r_REG35_S3
         locationor/u_div_xt/U_DIV_clk_r_REG124_S3
         locationor/u_div_xt/U_DIV_clk_r_REG41_S3
         locationor/u_div_xt/U_DIV_clk_r_REG48_S3
         locationor/u_div_xt/U_DIV_clk_r_REG107_S3
         locationor/u_div_xt/U_DIV_clk_r_REG198_S3
         locationor/u_div_xt/U_DIV_clk_r_REG174_S3
         locationor/u_div_xt/U_DIV_clk_r_REG137_S3
         locationor/u_div_xt/U_DIV_clk_r_REG101_S3
         locationor/u_div_xt/U_DIV_clk_r_REG188_S3
         locationor/u_div_xt/U_DIV_clk_r_REG162_S3
         locationor/u_div_xt/U_DIV_clk_r_REG186_S3
         locationor/u_div_xt/U_DIV_clk_r_REG109_S3
         locationor/u_div_xt/U_DIV_clk_r_REG104_S3
         locationor/u_div_xt/U_DIV_clk_r_REG225_S3
         locationor/u_div_xt/U_DIV_clk_r_REG219_S3
         locationor/u_div_xt/U_DIV_clk_r_REG130_S3
         locationor/u_div_xt/U_DIV_clk_r_REG233_S3
         locationor/u_div_xt/U_DIV_clk_r_REG134_S3
         locationor/u_div_xt/U_DIV_clk_r_REG223_S3
         locationor/u_div_xt/U_DIV_clk_r_REG97_S3
         locationor/u_div_xt/U_DIV_clk_r_REG191_S3
         locationor/u_div_xt/U_DIV_clk_r_REG154_S3
         locationor/u_div_xt/U_DIV_clk_r_REG121_S3
         locationor/u_div_xt/U_DIV_clk_r_REG169_S3
         locationor/u_div_xt/U_DIV_clk_r_REG213_S3
         locationor/u_div_xt/U_DIV_clk_r_REG202_S3
         locationor/u_div_xt/U_DIV_clk_r_REG94_S3
         locationor/u_div_xt/U_DIV_clk_r_REG151_S3
         locationor/u_div_xt/U_DIV_clk_r_REG182_S3
         locationor/u_div_xt/U_DIV_clk_r_REG180_S3
         locationor/u_div_xt/U_DIV_clk_r_REG193_S3
         locationor/u_div_xt/U_DIV_clk_r_REG228_S3
         locationor/u_div_xt/U_DIV_clk_r_REG230_S3
         locationor/u_div_xt/U_DIV_clk_r_REG238_S3
         locationor/u_div_xt/U_DIV_clk_r_REG197_S3
         locationor/u_div_xt/U_DIV_clk_r_REG113_S3
         locationor/u_div_xt/U_DIV_clk_r_REG216_S3
         locationor/u_div_xt/U_DIV_clk_r_REG205_S3
         locationor/u_div_xt/U_DIV_clk_r_REG138_S3
         locationor/u_div_xt/U_DIV_clk_r_REG146_S3
         locationor/u_div_xt/U_DIV_clk_r_REG164_S3
         locationor/u_div_xt/U_DIV_clk_r_REG148_S3
         locationor/u_div_xt/U_DIV_clk_r_REG117_S3
         locationor/u_div_xt/U_DIV_clk_r_REG173_S3
         locationor/u_div_xt/U_DIV_clk_r_REG161_S3
         locationor/u_div_xt/U_DIV_clk_r_REG133_S3
         locationor/u_div_xt/U_DIV_clk_r_REG157_S3
         locationor/u_div_xt/U_DIV_clk_r_REG167_S3
         locationor/u_div_xt/U_DIV_clk_r_REG26_S4
         locationor/u_div_xt/U_DIV_clk_r_REG51_S3

....Inferring feed-through connections....
Information: Test design rule checking completed. (TEST-123)
1
