 
****************************************
Report : Scan path
Design : RFILE
Version: Q-2019.12
Date   : Sun Dec 21 18:13:55 2025
****************************************

========================================
TEST MODE: Internal_scan
VIEW     : Existing DFT
========================================

========================================
AS SPECIFIED BY USER
========================================


========================================
AS BUILT BY insert_dft
========================================

Scan_path     Cell_#    Instance_name            Clocks
---------     ------    -------------            ------
I 1           0         busy_controlor/busy_reg  clk 
              1         cal_distancer/distance_square_A_reg_0_
              2         cal_distancer/distance_square_A_reg_1_
              3         cal_distancer/distance_square_A_reg_2_
              4         cal_distancer/distance_square_A_reg_3_
              5         cal_distancer/distance_square_A_reg_4_
              6         cal_distancer/distance_square_A_reg_5_
              7         cal_distancer/distance_square_A_reg_6_
              8         cal_distancer/distance_square_A_reg_7_
              9         cal_distancer/distance_square_A_reg_8_
              10        cal_distancer/distance_square_A_reg_9_
              11        cal_distancer/distance_square_A_reg_10_
              12        cal_distancer/distance_square_A_reg_11_
              13        cal_distancer/distance_square_A_reg_12_
              14        cal_distancer/distance_square_A_reg_13_
              15        cal_distancer/distance_square_A_reg_14_
              16        cal_distancer/distance_square_A_reg_15_
              17        cal_distancer/distance_square_A_reg_16_
              18        cal_distancer/distance_square_A_reg_17_
              19        cal_distancer/distance_square_A_reg_18_
              20        cal_distancer/distance_square_A_reg_19_
              21        cal_distancer/distance_square_A_reg_20_
              22        cal_distancer/distance_square_A_reg_21_
              23        cal_distancer/distance_square_A_reg_22_
              24        cal_distancer/distance_square_A_reg_23_
              25        cal_distancer/distance_square_A_reg_24_
              26        cal_distancer/distance_square_A_reg_25_
              27        cal_distancer/distance_square_B_reg_0_
              28        cal_distancer/distance_square_B_reg_1_
              29        cal_distancer/distance_square_B_reg_2_
              30        cal_distancer/distance_square_B_reg_3_
              31        cal_distancer/distance_square_B_reg_4_
              32        cal_distancer/distance_square_B_reg_5_
              33        cal_distancer/distance_square_B_reg_6_
              34        cal_distancer/distance_square_B_reg_7_
              35        cal_distancer/distance_square_B_reg_8_
              36        cal_distancer/distance_square_B_reg_9_
              37        cal_distancer/distance_square_B_reg_10_
              38        cal_distancer/distance_square_B_reg_11_
              39        cal_distancer/distance_square_B_reg_12_
              40        cal_distancer/distance_square_B_reg_13_
              41        cal_distancer/distance_square_B_reg_14_
              42        cal_distancer/distance_square_B_reg_15_
              43        cal_distancer/distance_square_B_reg_16_
              44        cal_distancer/distance_square_B_reg_17_
              45        cal_distancer/distance_square_B_reg_18_
              46        cal_distancer/distance_square_B_reg_19_
              47        cal_distancer/distance_square_B_reg_20_
              48        cal_distancer/distance_square_B_reg_21_
              49        cal_distancer/distance_square_B_reg_22_
              50        cal_distancer/distance_square_B_reg_23_
              51        cal_distancer/distance_square_B_reg_24_
              52        cal_distancer/distance_square_B_reg_25_
              53        cal_distancer/distance_square_C_reg_0_
              54        cal_distancer/distance_square_C_reg_1_
              55        cal_distancer/distance_square_C_reg_2_
              56        cal_distancer/distance_square_C_reg_3_
              57        cal_distancer/distance_square_C_reg_4_
              58        cal_distancer/distance_square_C_reg_5_
              59        cal_distancer/distance_square_C_reg_6_
              60        cal_distancer/distance_square_C_reg_7_
              61        cal_distancer/distance_square_C_reg_8_
              62        cal_distancer/distance_square_C_reg_9_
              63        cal_distancer/distance_square_C_reg_10_
              64        cal_distancer/distance_square_C_reg_11_
              65        cal_distancer/distance_square_C_reg_12_
              66        cal_distancer/distance_square_C_reg_13_
              67        cal_distancer/distance_square_C_reg_14_
              68        cal_distancer/distance_square_C_reg_15_
              69        cal_distancer/distance_square_C_reg_16_
              70        cal_distancer/distance_square_C_reg_17_
              71        cal_distancer/distance_square_C_reg_18_
              72        cal_distancer/distance_square_C_reg_19_
              73        cal_distancer/distance_square_C_reg_20_
              74        cal_distancer/distance_square_C_reg_21_
              75        cal_distancer/distance_square_C_reg_22_
              76        cal_distancer/distance_square_C_reg_23_
              77        cal_distancer/distance_square_C_reg_24_
              78        cal_distancer/distance_square_C_reg_25_
              79        caler_exp/exp_float_A_reg_0_
              80        caler_exp/exp_float_A_reg_1_
              81        caler_exp/exp_float_A_reg_2_
              82        caler_exp/exp_float_A_reg_3_
              83        caler_exp/exp_float_A_reg_4_
              84        caler_exp/exp_float_A_reg_5_
              85        caler_exp/exp_float_A_reg_6_
              86        caler_exp/exp_float_A_reg_7_
              87        caler_exp/exp_float_A_reg_8_
              88        caler_exp/exp_float_A_reg_9_
              89        caler_exp/exp_float_A_reg_10_
              90        caler_exp/exp_float_A_reg_11_
              91        caler_exp/exp_float_B_reg_0_
              92        caler_exp/exp_float_B_reg_1_
              93        caler_exp/exp_float_B_reg_2_
              94        caler_exp/exp_float_B_reg_3_
              95        caler_exp/exp_float_B_reg_4_
              96        caler_exp/exp_float_B_reg_5_
              97        caler_exp/exp_float_B_reg_6_
              98        caler_exp/exp_float_B_reg_7_
              99        caler_exp/exp_float_B_reg_8_
              100       caler_exp/exp_float_B_reg_9_
              101       caler_exp/exp_float_B_reg_10_
              102       caler_exp/exp_float_B_reg_11_
              103       caler_exp/exp_float_C_reg_0_
              104       caler_exp/exp_float_C_reg_1_
              105       caler_exp/exp_float_C_reg_2_
              106       caler_exp/exp_float_C_reg_3_
              107       caler_exp/exp_float_C_reg_4_
              108       caler_exp/exp_float_C_reg_5_
              109       caler_exp/exp_float_C_reg_6_
              110       caler_exp/exp_float_C_reg_7_
              111       caler_exp/exp_float_C_reg_8_
              112       caler_exp/exp_float_C_reg_9_
              113       caler_exp/exp_float_C_reg_10_
              114       caler_exp/exp_float_C_reg_11_
              115       caler_exp/exp_int_A_reg_0_
              116       caler_exp/exp_int_A_reg_1_
              117       caler_exp/exp_int_B_reg_0_
              118       caler_exp/exp_int_B_reg_1_
              119       caler_exp/exp_int_C_reg_0_
              120       caler_exp/exp_int_C_reg_1_
              121       complementer/ab_com_rssiA_reg_0_
              122       complementer/ab_com_rssiA_reg_1_
              123       complementer/ab_com_rssiA_reg_2_
              124       complementer/ab_com_rssiA_reg_3_
              125       complementer/ab_com_rssiA_reg_4_
              126       complementer/ab_com_rssiA_reg_5_
              127       complementer/ab_com_rssiA_reg_6_
              128       complementer/ab_com_rssiA_reg_7_
              129       complementer/ab_com_rssiA_reg_8_
              130       complementer/ab_com_rssiA_reg_9_
              131       complementer/ab_com_rssiA_reg_10_
              132       complementer/ab_com_rssiA_reg_11_
              133       complementer/ab_com_rssiA_reg_12_
              134       complementer/ab_com_rssiA_reg_13_
              135       complementer/ab_com_rssiA_reg_14_
              136       complementer/ab_com_rssiA_reg_15_
              137       complementer/ab_com_rssiA_reg_16_
              138       complementer/ab_com_rssiA_reg_17_
              139       complementer/ab_com_rssiA_reg_18_
              140       complementer/ab_com_rssiA_reg_19_
              141       complementer/ab_com_rssiB_reg_0_
              142       complementer/ab_com_rssiB_reg_1_
              143       complementer/ab_com_rssiB_reg_2_
              144       complementer/ab_com_rssiB_reg_3_
              145       complementer/ab_com_rssiB_reg_4_
              146       complementer/ab_com_rssiB_reg_5_
              147       complementer/ab_com_rssiB_reg_6_
              148       complementer/ab_com_rssiB_reg_7_
              149       complementer/ab_com_rssiB_reg_8_
              150       complementer/ab_com_rssiB_reg_9_
              151       complementer/ab_com_rssiB_reg_10_
              152       complementer/ab_com_rssiB_reg_11_
              153       complementer/ab_com_rssiB_reg_12_
              154       complementer/ab_com_rssiB_reg_13_
              155       complementer/ab_com_rssiB_reg_14_
              156       complementer/ab_com_rssiB_reg_15_
              157       complementer/ab_com_rssiB_reg_16_
              158       complementer/ab_com_rssiB_reg_17_
              159       complementer/ab_com_rssiB_reg_18_
              160       complementer/ab_com_rssiB_reg_19_
              161       complementer/ab_com_rssiC_reg_0_
              162       complementer/ab_com_rssiC_reg_1_
              163       complementer/ab_com_rssiC_reg_2_
              164       complementer/ab_com_rssiC_reg_3_
              165       complementer/ab_com_rssiC_reg_4_
              166       complementer/ab_com_rssiC_reg_5_
              167       complementer/ab_com_rssiC_reg_6_
              168       complementer/ab_com_rssiC_reg_7_
              169       complementer/ab_com_rssiC_reg_8_
              170       complementer/ab_com_rssiC_reg_9_
              171       complementer/ab_com_rssiC_reg_10_
              172       complementer/ab_com_rssiC_reg_11_
              173       complementer/ab_com_rssiC_reg_12_
              174       complementer/ab_com_rssiC_reg_13_
              175       complementer/ab_com_rssiC_reg_14_
              176       complementer/ab_com_rssiC_reg_15_
              177       complementer/ab_com_rssiC_reg_16_
              178       complementer/ab_com_rssiC_reg_17_
              179       complementer/ab_com_rssiC_reg_18_
              180       complementer/ab_com_rssiC_reg_19_
              181       constant_calculater/half_delta1_reg_0_
              182       constant_calculater/half_delta1_reg_1_
              183       constant_calculater/half_delta1_reg_2_
              184       constant_calculater/half_delta1_reg_3_
              185       constant_calculater/half_delta1_reg_4_
              186       constant_calculater/half_delta1_reg_5_
              187       constant_calculater/half_delta1_reg_6_
              188       constant_calculater/half_delta1_reg_7_
              189       constant_calculater/half_delta1_reg_8_
              190       constant_calculater/half_delta1_reg_9_
              191       constant_calculater/half_delta1_reg_10_
              192       constant_calculater/half_delta1_reg_11_
              193       constant_calculater/half_delta1_reg_12_
              194       constant_calculater/half_delta1_reg_13_
              195       constant_calculater/half_delta1_reg_14_
              196       constant_calculater/half_delta1_reg_15_
              197       constant_calculater/half_delta2_reg_0_
              198       constant_calculater/half_delta2_reg_1_
              199       constant_calculater/half_delta2_reg_2_
              200       constant_calculater/half_delta2_reg_3_
              201       constant_calculater/half_delta2_reg_4_
              202       constant_calculater/half_delta2_reg_5_
              203       constant_calculater/half_delta2_reg_6_
              204       constant_calculater/half_delta2_reg_7_
              205       constant_calculater/half_delta2_reg_8_
              206       constant_calculater/half_delta2_reg_9_
              207       constant_calculater/half_delta2_reg_10_
              208       constant_calculater/half_delta2_reg_11_
              209       constant_calculater/half_delta2_reg_12_
              210       constant_calculater/half_delta2_reg_13_
              211       constant_calculater/half_delta2_reg_14_
              212       constant_calculater/half_delta2_reg_15_
              213       constant_calculater/square_sensor_A_X_reg_0_
              214       constant_calculater/square_sensor_A_X_reg_2_
              215       constant_calculater/square_sensor_A_X_reg_3_
              216       constant_calculater/square_sensor_A_X_reg_4_
              217       constant_calculater/square_sensor_A_X_reg_5_
              218       constant_calculater/square_sensor_A_X_reg_6_
              219       constant_calculater/square_sensor_A_X_reg_7_
              220       constant_calculater/square_sensor_A_X_reg_8_
              221       constant_calculater/square_sensor_A_X_reg_9_
              222       constant_calculater/square_sensor_A_X_reg_10_
              223       constant_calculater/square_sensor_A_X_reg_11_
              224       constant_calculater/square_sensor_A_X_reg_12_
              225       constant_calculater/square_sensor_A_X_reg_13_
              226       constant_calculater/square_sensor_A_X_reg_14_
              227       constant_calculater/square_sensor_A_X_reg_15_
              228       constant_calculater/square_sensor_A_Y_reg_0_
              229       constant_calculater/square_sensor_A_Y_reg_2_
              230       constant_calculater/square_sensor_A_Y_reg_3_
              231       constant_calculater/square_sensor_A_Y_reg_4_
              232       constant_calculater/square_sensor_A_Y_reg_5_
              233       constant_calculater/square_sensor_A_Y_reg_6_
              234       constant_calculater/square_sensor_A_Y_reg_7_
              235       constant_calculater/square_sensor_A_Y_reg_8_
              236       constant_calculater/square_sensor_A_Y_reg_9_
              237       constant_calculater/square_sensor_A_Y_reg_10_
              238       constant_calculater/square_sensor_A_Y_reg_11_
              239       constant_calculater/square_sensor_A_Y_reg_12_
              240       constant_calculater/square_sensor_A_Y_reg_13_
              241       constant_calculater/square_sensor_A_Y_reg_14_
              242       constant_calculater/square_sensor_A_Y_reg_15_
              243       constant_calculater/square_sensor_B_X_reg_0_
              244       constant_calculater/square_sensor_B_X_reg_2_
              245       constant_calculater/square_sensor_B_X_reg_3_
              246       constant_calculater/square_sensor_B_X_reg_4_
              247       constant_calculater/square_sensor_B_X_reg_5_
              248       constant_calculater/square_sensor_B_X_reg_6_
              249       constant_calculater/square_sensor_B_X_reg_7_
              250       constant_calculater/square_sensor_B_X_reg_8_
              251       constant_calculater/square_sensor_B_X_reg_9_
              252       constant_calculater/square_sensor_B_X_reg_10_
              253       constant_calculater/square_sensor_B_X_reg_11_
              254       constant_calculater/square_sensor_B_X_reg_12_
              255       constant_calculater/square_sensor_B_X_reg_13_
              256       constant_calculater/square_sensor_B_X_reg_14_
              257       constant_calculater/square_sensor_B_X_reg_15_
              258       constant_calculater/square_sensor_B_Y_reg_0_
              259       constant_calculater/square_sensor_B_Y_reg_2_
              260       constant_calculater/square_sensor_B_Y_reg_3_
              261       constant_calculater/square_sensor_B_Y_reg_4_
              262       constant_calculater/square_sensor_B_Y_reg_5_
              263       constant_calculater/square_sensor_B_Y_reg_6_
              264       constant_calculater/square_sensor_B_Y_reg_7_
              265       constant_calculater/square_sensor_B_Y_reg_8_
              266       constant_calculater/square_sensor_B_Y_reg_9_
              267       constant_calculater/square_sensor_B_Y_reg_10_
              268       constant_calculater/square_sensor_B_Y_reg_11_
              269       constant_calculater/square_sensor_B_Y_reg_12_
              270       constant_calculater/square_sensor_B_Y_reg_13_
              271       constant_calculater/square_sensor_B_Y_reg_14_
              272       constant_calculater/square_sensor_B_Y_reg_15_
              273       constant_calculater/square_sensor_C_X_reg_0_
              274       constant_calculater/square_sensor_C_X_reg_2_
              275       constant_calculater/square_sensor_C_X_reg_3_
              276       constant_calculater/square_sensor_C_X_reg_4_
              277       constant_calculater/square_sensor_C_X_reg_5_
              278       constant_calculater/square_sensor_C_X_reg_6_
              279       constant_calculater/square_sensor_C_X_reg_7_
              280       constant_calculater/square_sensor_C_X_reg_8_
              281       constant_calculater/square_sensor_C_X_reg_9_
              282       constant_calculater/square_sensor_C_X_reg_10_
              283       constant_calculater/square_sensor_C_X_reg_11_
              284       constant_calculater/square_sensor_C_X_reg_12_
              285       constant_calculater/square_sensor_C_X_reg_13_
              286       constant_calculater/square_sensor_C_X_reg_14_
              287       constant_calculater/square_sensor_C_X_reg_15_
              288       constant_calculater/square_sensor_C_Y_reg_0_
              289       constant_calculater/square_sensor_C_Y_reg_2_
              290       constant_calculater/square_sensor_C_Y_reg_3_
              291       constant_calculater/square_sensor_C_Y_reg_4_
              292       constant_calculater/square_sensor_C_Y_reg_5_
              293       constant_calculater/square_sensor_C_Y_reg_6_
              294       constant_calculater/square_sensor_C_Y_reg_7_
              295       constant_calculater/square_sensor_C_Y_reg_8_
              296       constant_calculater/square_sensor_C_Y_reg_9_
              297       constant_calculater/square_sensor_C_Y_reg_10_
              298       constant_calculater/square_sensor_C_Y_reg_11_
              299       constant_calculater/square_sensor_C_Y_reg_12_
              300       constant_calculater/square_sensor_C_Y_reg_13_
              301       constant_calculater/square_sensor_C_Y_reg_14_
              302       constant_calculater/square_sensor_C_Y_reg_15_
              303       constant_calculater/x_delta_ba_reg_0_
              304       constant_calculater/x_delta_ba_reg_1_
              305       constant_calculater/x_delta_ba_reg_2_
              306       constant_calculater/x_delta_ba_reg_3_
              307       constant_calculater/x_delta_ba_reg_4_
              308       constant_calculater/x_delta_ba_reg_5_
              309       constant_calculater/x_delta_ba_reg_6_
              310       constant_calculater/x_delta_ba_reg_7_
              311       constant_calculater/x_delta_ca_reg_0_
              312       constant_calculater/x_delta_ca_reg_1_
              313       constant_calculater/x_delta_ca_reg_2_
              314       constant_calculater/x_delta_ca_reg_3_
              315       constant_calculater/x_delta_ca_reg_4_
              316       constant_calculater/x_delta_ca_reg_5_
              317       constant_calculater/x_delta_ca_reg_6_
              318       constant_calculater/x_delta_ca_reg_7_
              319       constant_calculater/y_delta_ba_reg_0_
              320       constant_calculater/y_delta_ba_reg_1_
              321       constant_calculater/y_delta_ba_reg_2_
              322       constant_calculater/y_delta_ba_reg_3_
              323       constant_calculater/y_delta_ba_reg_4_
              324       constant_calculater/y_delta_ba_reg_5_
              325       constant_calculater/y_delta_ba_reg_6_
              326       constant_calculater/y_delta_ba_reg_7_
              327       constant_calculater/y_delta_ca_reg_0_
              328       constant_calculater/y_delta_ca_reg_1_
              329       constant_calculater/y_delta_ca_reg_2_
              330       constant_calculater/y_delta_ca_reg_3_
              331       constant_calculater/y_delta_ca_reg_4_
              332       constant_calculater/y_delta_ca_reg_5_
              333       constant_calculater/y_delta_ca_reg_6_
              334       constant_calculater/y_delta_ca_reg_7_
              335       counter_tester/count_reg_0_
              336       counter_tester/count_reg_1_
              337       counter_tester/count_reg_2_
              338       counter_tester/count_reg_3_
              339       locationor/u_div_xt/U_DIV_clk_r_REG1_S2
              340       locationor/u_div_xt/U_DIV_clk_r_REG2_S3
              341       locationor/u_div_xt/U_DIV_clk_r_REG3_S4
              342       locationor/u_div_xt/U_DIV_clk_r_REG11_S3
              343       locationor/u_div_xt/U_DIV_clk_r_REG12_S3
              344       locationor/u_div_xt/U_DIV_clk_r_REG13_S3
              345       locationor/u_div_xt/U_DIV_clk_r_REG14_S3
              346       locationor/u_div_xt/U_DIV_clk_r_REG15_S3
              347       locationor/u_div_xt/U_DIV_clk_r_REG16_S3
              348       locationor/u_div_xt/U_DIV_clk_r_REG17_S3
              349       locationor/u_div_xt/U_DIV_clk_r_REG18_S3
              350       locationor/u_div_xt/U_DIV_clk_r_REG20_S3
              351       locationor/u_div_xt/U_DIV_clk_r_REG21_S3
              352       locationor/u_div_xt/U_DIV_clk_r_REG22_S3
              353       locationor/u_div_xt/U_DIV_clk_r_REG23_S3
              354       locationor/u_div_xt/U_DIV_clk_r_REG24_S3
              355       locationor/u_div_xt/U_DIV_clk_r_REG25_S3
              356       locationor/u_div_xt/U_DIV_clk_r_REG27_S2
              357       locationor/u_div_xt/U_DIV_clk_r_REG28_S2
              358       locationor/u_div_xt/U_DIV_clk_r_REG29_S2
              359       locationor/u_div_xt/U_DIV_clk_r_REG30_S2
              360       locationor/u_div_xt/U_DIV_clk_r_REG31_S2
              361       locationor/u_div_xt/U_DIV_clk_r_REG32_S3
              362       locationor/u_div_xt/U_DIV_clk_r_REG33_S3
              363       locationor/u_div_xt/U_DIV_clk_r_REG36_S3
              364       locationor/u_div_xt/U_DIV_clk_r_REG37_S3
              365       locationor/u_div_xt/U_DIV_clk_r_REG42_S3
              366       locationor/u_div_xt/U_DIV_clk_r_REG49_S3
              367       locationor/u_div_xt/U_DIV_clk_r_REG52_S2
              368       locationor/u_div_xt/U_DIV_clk_r_REG53_S3
              369       locationor/u_div_xt/U_DIV_clk_r_REG54_S3
              370       locationor/u_div_xt/U_DIV_clk_r_REG55_S2
              371       locationor/u_div_xt/U_DIV_clk_r_REG56_S2
              372       locationor/u_div_xt/U_DIV_clk_r_REG57_S2
              373       locationor/u_div_xt/U_DIV_clk_r_REG58_S2
              374       locationor/u_div_xt/U_DIV_clk_r_REG59_S2
              375       locationor/u_div_xt/U_DIV_clk_r_REG60_S2
              376       locationor/u_div_xt/U_DIV_clk_r_REG61_S2
              377       locationor/u_div_xt/U_DIV_clk_r_REG62_S2
              378       locationor/u_div_xt/U_DIV_clk_r_REG63_S2
              379       locationor/u_div_xt/U_DIV_clk_r_REG64_S2
              380       locationor/u_div_xt/U_DIV_clk_r_REG67_S2
              381       locationor/u_div_xt/U_DIV_clk_r_REG98_S2
              382       locationor/u_div_xt/U_DIV_clk_r_REG99_S2
              383       locationor/u_div_xt/U_DIV_clk_r_REG102_S2
              384       locationor/u_div_xt/U_DIV_clk_r_REG105_S2
              385       locationor/u_div_xt/U_DIV_clk_r_REG114_S3
              386       locationor/u_div_xt/U_DIV_clk_r_REG125_S3
              387       locationor/u_div_xt/U_DIV_clk_r_REG126_S3
              388       locationor/u_div_xt/U_DIV_clk_r_REG140_S2
              389       locationor/u_div_xt/U_DIV_clk_r_REG141_S2
              390       locationor/u_div_xt/U_DIV_clk_r_REG165_S3
              391       locationor/u_div_xt/U_DIV_clk_r_REG170_S3
              392       locationor/u_div_xt/U_DIV_clk_r_REG199_S3
              393       locationor/u_div_xt/U_DIV_clk_r_REG200_S2
              394       locationor/u_div_xt/U_DIV_clk_r_REG203_S3
              395       locationor/u_div_xt/U_DIV_clk_r_REG209_S3
              396       locationor/u_div_xt/U_DIV_clk_r_REG211_S3
              397       locationor/u_div_xt/U_DIV_clk_r_REG214_S3
              398       locationor/u_div_xt/U_DIV_clk_r_REG218_S2
              399       locationor/u_div_xt/U_DIV_clk_r_REG236_S2
              400       locationor/u_div_xt/U_DIV_clk_r_REG243_S3
              401       locationor/u_div_xt/clk_r_REG0_S1
              402       locationor/u_div_xt/clk_r_REG4_S4
              403       locationor/u_div_xt/clk_r_REG5_S4
              404       locationor/u_div_xt/clk_r_REG6_S4
              405       locationor/u_div_xt/clk_r_REG7_S4
              406       locationor/u_div_xt/clk_r_REG8_S4
              407       locationor/u_div_xt/clk_r_REG9_S4
              408       locationor/u_div_xt/clk_r_REG10_S4
              409       locationor/u_div_xt/clk_r_REG68_S1
              410       locationor/u_div_xt/clk_r_REG69_S1
              411       locationor/u_div_xt/clk_r_REG70_S1
              412       locationor/u_div_xt/clk_r_REG71_S1
              413       locationor/u_div_xt/clk_r_REG72_S1
              414       locationor/u_div_xt/clk_r_REG73_S1
              415       locationor/u_div_xt/clk_r_REG74_S1
              416       locationor/u_div_xt/clk_r_REG75_S1
              417       locationor/u_div_xt/clk_r_REG76_S1
              418       locationor/u_div_xt/clk_r_REG77_S1
              419       locationor/u_div_xt/clk_r_REG78_S1
              420       locationor/u_div_xt/clk_r_REG79_S1
              421       locationor/u_div_xt/clk_r_REG80_S1
              422       locationor/u_div_xt/clk_r_REG81_S1
              423       locationor/u_div_xt/clk_r_REG82_S1
              424       locationor/u_div_xt/clk_r_REG83_S1
              425       locationor/u_div_xt/clk_r_REG84_S1
              426       locationor/u_div_xt/clk_r_REG85_S1
              427       locationor/u_div_xt/clk_r_REG86_S1
              428       locationor/u_div_xt/clk_r_REG87_S1
              429       locationor/u_div_xt/clk_r_REG88_S1
              430       locationor/u_div_xt/clk_r_REG89_S1
              431       locationor/u_div_xt/clk_r_REG90_S1
              432       locationor/u_div_xt/clk_r_REG91_S1
              433       locationor/u_div_xt/clk_r_REG244_S1
              434       locationor/u_div_xt/clk_r_REG245_S1
              435       locationor/u_div_xt/clk_r_REG246_S1
              436       locationor/u_div_xt/clk_r_REG247_S1
              437       locationor/u_div_xt/clk_r_REG248_S1
              438       locationor/u_div_xt/clk_r_REG249_S1
              439       locationor/u_div_xt/clk_r_REG250_S1
              440       locationor/u_div_xt/clk_r_REG251_S1
              441       locationor/u_div_xt/clk_r_REG252_S1
              442       locationor/u_div_xt/clk_r_REG253_S1
              443       locationor/u_div_xt/clk_r_REG254_S1
              444       locationor/u_div_xt/clk_r_REG255_S1
              445       locationor/u_div_xt/clk_r_REG256_S1
              446       locationor/u_div_xt/clk_r_REG257_S1
              447       locationor/u_div_xt/clk_r_REG258_S1
              448       locationor/u_div_yt/U_DIV_clk_r_REG1_S2
              449       locationor/u_div_yt/U_DIV_clk_r_REG2_S3
              450       locationor/u_div_yt/U_DIV_clk_r_REG3_S4
              451       locationor/u_div_yt/U_DIV_clk_r_REG11_S3
              452       locationor/u_div_yt/U_DIV_clk_r_REG12_S3
              453       locationor/u_div_yt/U_DIV_clk_r_REG13_S3
              454       locationor/u_div_yt/U_DIV_clk_r_REG14_S3
              455       locationor/u_div_yt/U_DIV_clk_r_REG15_S3
              456       locationor/u_div_yt/U_DIV_clk_r_REG16_S3
              457       locationor/u_div_yt/U_DIV_clk_r_REG17_S3
              458       locationor/u_div_yt/U_DIV_clk_r_REG18_S3
              459       locationor/u_div_yt/U_DIV_clk_r_REG20_S3
              460       locationor/u_div_yt/U_DIV_clk_r_REG21_S3
              461       locationor/u_div_yt/U_DIV_clk_r_REG22_S3
              462       locationor/u_div_yt/U_DIV_clk_r_REG23_S3
              463       locationor/u_div_yt/U_DIV_clk_r_REG24_S3
              464       locationor/u_div_yt/U_DIV_clk_r_REG25_S3
              465       locationor/u_div_yt/U_DIV_clk_r_REG27_S2
              466       locationor/u_div_yt/U_DIV_clk_r_REG28_S2
              467       locationor/u_div_yt/U_DIV_clk_r_REG29_S2
              468       locationor/u_div_yt/U_DIV_clk_r_REG30_S2
              469       locationor/u_div_yt/U_DIV_clk_r_REG31_S2
              470       locationor/u_div_yt/U_DIV_clk_r_REG32_S3
              471       locationor/u_div_yt/U_DIV_clk_r_REG33_S3
              472       locationor/u_div_yt/U_DIV_clk_r_REG36_S3
              473       locationor/u_div_yt/U_DIV_clk_r_REG37_S3
              474       locationor/u_div_yt/U_DIV_clk_r_REG42_S3
              475       locationor/u_div_yt/U_DIV_clk_r_REG49_S3
              476       locationor/u_div_yt/U_DIV_clk_r_REG52_S2
              477       locationor/u_div_yt/U_DIV_clk_r_REG53_S3
              478       locationor/u_div_yt/U_DIV_clk_r_REG54_S3
              479       locationor/u_div_yt/U_DIV_clk_r_REG55_S2
              480       locationor/u_div_yt/U_DIV_clk_r_REG56_S2
              481       locationor/u_div_yt/U_DIV_clk_r_REG57_S2
              482       locationor/u_div_yt/U_DIV_clk_r_REG58_S2
              483       locationor/u_div_yt/U_DIV_clk_r_REG59_S2
              484       locationor/u_div_yt/U_DIV_clk_r_REG60_S2
              485       locationor/u_div_yt/U_DIV_clk_r_REG61_S2
              486       locationor/u_div_yt/U_DIV_clk_r_REG62_S2
              487       locationor/u_div_yt/U_DIV_clk_r_REG63_S2
              488       locationor/u_div_yt/U_DIV_clk_r_REG64_S2
              489       locationor/u_div_yt/U_DIV_clk_r_REG67_S2
              490       locationor/u_div_yt/U_DIV_clk_r_REG98_S2
              491       locationor/u_div_yt/U_DIV_clk_r_REG99_S2
              492       locationor/u_div_yt/U_DIV_clk_r_REG102_S2
              493       locationor/u_div_yt/U_DIV_clk_r_REG105_S2
              494       locationor/u_div_yt/U_DIV_clk_r_REG114_S3
              495       locationor/u_div_yt/U_DIV_clk_r_REG125_S3
              496       locationor/u_div_yt/U_DIV_clk_r_REG126_S3
              497       locationor/u_div_yt/U_DIV_clk_r_REG140_S2
              498       locationor/u_div_yt/U_DIV_clk_r_REG141_S2
              499       locationor/u_div_yt/U_DIV_clk_r_REG165_S3
              500       locationor/u_div_yt/U_DIV_clk_r_REG170_S3
              501       locationor/u_div_yt/U_DIV_clk_r_REG199_S3
              502       locationor/u_div_yt/U_DIV_clk_r_REG200_S2
              503       locationor/u_div_yt/U_DIV_clk_r_REG203_S3
              504       locationor/u_div_yt/U_DIV_clk_r_REG209_S3
              505       locationor/u_div_yt/U_DIV_clk_r_REG211_S3
              506       locationor/u_div_yt/U_DIV_clk_r_REG214_S3
              507       locationor/u_div_yt/U_DIV_clk_r_REG218_S2
              508       locationor/u_div_yt/U_DIV_clk_r_REG236_S2
              509       locationor/u_div_yt/U_DIV_clk_r_REG243_S3
              510       locationor/u_div_yt/clk_r_REG0_S1
              511       locationor/u_div_yt/clk_r_REG4_S4
              512       locationor/u_div_yt/clk_r_REG5_S4
              513       locationor/u_div_yt/clk_r_REG6_S4
              514       locationor/u_div_yt/clk_r_REG7_S4
              515       locationor/u_div_yt/clk_r_REG8_S4
              516       locationor/u_div_yt/clk_r_REG9_S4
              517       locationor/u_div_yt/clk_r_REG10_S4
              518       locationor/u_div_yt/clk_r_REG68_S1
              519       locationor/u_div_yt/clk_r_REG69_S1
              520       locationor/u_div_yt/clk_r_REG70_S1
              521       locationor/u_div_yt/clk_r_REG71_S1
              522       locationor/u_div_yt/clk_r_REG72_S1
              523       locationor/u_div_yt/clk_r_REG73_S1
              524       locationor/u_div_yt/clk_r_REG74_S1
              525       locationor/u_div_yt/clk_r_REG75_S1
              526       locationor/u_div_yt/clk_r_REG76_S1
              527       locationor/u_div_yt/clk_r_REG77_S1
              528       locationor/u_div_yt/clk_r_REG78_S1
              529       locationor/u_div_yt/clk_r_REG79_S1
              530       locationor/u_div_yt/clk_r_REG80_S1
              531       locationor/u_div_yt/clk_r_REG81_S1
              532       locationor/u_div_yt/clk_r_REG82_S1
              533       locationor/u_div_yt/clk_r_REG83_S1
              534       locationor/u_div_yt/clk_r_REG84_S1
              535       locationor/u_div_yt/clk_r_REG85_S1
              536       locationor/u_div_yt/clk_r_REG86_S1
              537       locationor/u_div_yt/clk_r_REG87_S1
              538       locationor/u_div_yt/clk_r_REG88_S1
              539       locationor/u_div_yt/clk_r_REG89_S1
              540       locationor/u_div_yt/clk_r_REG90_S1
              541       locationor/u_div_yt/clk_r_REG91_S1
              542       locationor/u_div_yt/clk_r_REG244_S1
              543       locationor/u_div_yt/clk_r_REG245_S1
              544       locationor/u_div_yt/clk_r_REG246_S1
              545       locationor/u_div_yt/clk_r_REG247_S1
              546       locationor/u_div_yt/clk_r_REG248_S1
              547       locationor/u_div_yt/clk_r_REG249_S1
              548       locationor/u_div_yt/clk_r_REG250_S1
              549       locationor/u_div_yt/clk_r_REG251_S1
              550       locationor/u_div_yt/clk_r_REG252_S1
              551       locationor/u_div_yt/clk_r_REG253_S1
              552       locationor/u_div_yt/clk_r_REG254_S1
              553       locationor/u_div_yt/clk_r_REG255_S1
              554       locationor/u_div_yt/clk_r_REG256_S1
              555       locationor/u_div_yt/clk_r_REG257_S1
              556       locationor/u_div_yt/clk_r_REG258_S1
              557       locationor/xt_reg_0_
              558       locationor/xt_reg_1_
              559       locationor/xt_reg_2_
              560       locationor/xt_reg_3_
              561       locationor/xt_reg_4_
              562       locationor/xt_reg_5_
              563       locationor/xt_reg_6_
              564       locationor/xt_reg_7_
              565       locationor/yt_reg_0_
              566       locationor/yt_reg_1_
              567       locationor/yt_reg_2_
              568       locationor/yt_reg_3_
              569       locationor/yt_reg_4_
              570       locationor/yt_reg_5_
              571       locationor/yt_reg_6_
              572       locationor/yt_reg_7_
              573       locationor/u_div_xt/U_DIV_clk_r_REG19_S3
              574       locationor/u_div_xt/U_DIV_clk_r_REG26_S4
              575       locationor/u_div_xt/U_DIV_clk_r_REG34_S2
              576       locationor/u_div_xt/U_DIV_clk_r_REG35_S3
              577       locationor/u_div_xt/U_DIV_clk_r_REG38_S2
              578       locationor/u_div_xt/U_DIV_clk_r_REG39_S3
              579       locationor/u_div_xt/U_DIV_clk_r_REG40_S2
              580       locationor/u_div_xt/U_DIV_clk_r_REG41_S3
              581       locationor/u_div_xt/U_DIV_clk_r_REG43_S2
              582       locationor/u_div_xt/U_DIV_clk_r_REG44_S3
              583       locationor/u_div_xt/U_DIV_clk_r_REG45_S2
              584       locationor/u_div_xt/U_DIV_clk_r_REG46_S3
              585       locationor/u_div_xt/U_DIV_clk_r_REG47_S2
              586       locationor/u_div_xt/U_DIV_clk_r_REG48_S3
              587       locationor/u_div_xt/U_DIV_clk_r_REG50_S2
              588       locationor/u_div_xt/U_DIV_clk_r_REG51_S3
              589       locationor/u_div_xt/U_DIV_clk_r_REG65_S2
              590       locationor/u_div_xt/U_DIV_clk_r_REG66_S3
              591       locationor/u_div_xt/U_DIV_clk_r_REG92_S2
              592       locationor/u_div_xt/U_DIV_clk_r_REG95_S3
              593       locationor/u_div_xt/U_DIV_clk_r_REG93_S2
              594       locationor/u_div_xt/U_DIV_clk_r_REG94_S3
              595       locationor/u_div_xt/U_DIV_clk_r_REG96_S2
              596       locationor/u_div_xt/U_DIV_clk_r_REG97_S3
              597       locationor/u_div_xt/U_DIV_clk_r_REG100_S2
              598       locationor/u_div_xt/U_DIV_clk_r_REG101_S3
              599       locationor/u_div_xt/U_DIV_clk_r_REG103_S2
              600       locationor/u_div_xt/U_DIV_clk_r_REG104_S3
              601       locationor/u_div_xt/U_DIV_clk_r_REG106_S2
              602       locationor/u_div_xt/U_DIV_clk_r_REG107_S3
              603       locationor/u_div_xt/U_DIV_clk_r_REG108_S2
              604       locationor/u_div_xt/U_DIV_clk_r_REG109_S3
              605       locationor/u_div_xt/U_DIV_clk_r_REG110_S2
              606       locationor/u_div_xt/U_DIV_clk_r_REG111_S3
              607       locationor/u_div_xt/U_DIV_clk_r_REG112_S2
              608       locationor/u_div_xt/U_DIV_clk_r_REG113_S3
              609       locationor/u_div_xt/U_DIV_clk_r_REG115_S2
              610       locationor/u_div_xt/U_DIV_clk_r_REG118_S3
              611       locationor/u_div_xt/U_DIV_clk_r_REG116_S2
              612       locationor/u_div_xt/U_DIV_clk_r_REG117_S3
              613       locationor/u_div_xt/U_DIV_clk_r_REG119_S2
              614       locationor/u_div_xt/U_DIV_clk_r_REG122_S3
              615       locationor/u_div_xt/U_DIV_clk_r_REG120_S2
              616       locationor/u_div_xt/U_DIV_clk_r_REG121_S3
              617       locationor/u_div_xt/U_DIV_clk_r_REG123_S2
              618       locationor/u_div_xt/U_DIV_clk_r_REG124_S3
              619       locationor/u_div_xt/U_DIV_clk_r_REG127_S2
              620       locationor/u_div_xt/U_DIV_clk_r_REG130_S3
              621       locationor/u_div_xt/U_DIV_clk_r_REG128_S2
              622       locationor/u_div_xt/U_DIV_clk_r_REG129_S3
              623       locationor/u_div_xt/U_DIV_clk_r_REG131_S2
              624       locationor/u_div_xt/U_DIV_clk_r_REG134_S3
              625       locationor/u_div_xt/U_DIV_clk_r_REG132_S2
              626       locationor/u_div_xt/U_DIV_clk_r_REG133_S3
              627       locationor/u_div_xt/U_DIV_clk_r_REG135_S2
              628       locationor/u_div_xt/U_DIV_clk_r_REG138_S3
              629       locationor/u_div_xt/U_DIV_clk_r_REG136_S2
              630       locationor/u_div_xt/U_DIV_clk_r_REG137_S3
              631       locationor/u_div_xt/U_DIV_clk_r_REG139_S2
              632       locationor/u_div_xt/U_DIV_clk_r_REG142_S3
              633       locationor/u_div_xt/U_DIV_clk_r_REG143_S2
              634       locationor/u_div_xt/U_DIV_clk_r_REG144_S3
              635       locationor/u_div_xt/U_DIV_clk_r_REG145_S2
              636       locationor/u_div_xt/U_DIV_clk_r_REG146_S3
              637       locationor/u_div_xt/U_DIV_clk_r_REG147_S2
              638       locationor/u_div_xt/U_DIV_clk_r_REG148_S3
              639       locationor/u_div_xt/U_DIV_clk_r_REG149_S2
              640       locationor/u_div_xt/U_DIV_clk_r_REG152_S3
              641       locationor/u_div_xt/U_DIV_clk_r_REG150_S2
              642       locationor/u_div_xt/U_DIV_clk_r_REG151_S3
              643       locationor/u_div_xt/U_DIV_clk_r_REG153_S2
              644       locationor/u_div_xt/U_DIV_clk_r_REG154_S3
              645       locationor/u_div_xt/U_DIV_clk_r_REG155_S2
              646       locationor/u_div_xt/U_DIV_clk_r_REG158_S3
              647       locationor/u_div_xt/U_DIV_clk_r_REG156_S2
              648       locationor/u_div_xt/U_DIV_clk_r_REG157_S3
              649       locationor/u_div_xt/U_DIV_clk_r_REG159_S2
              650       locationor/u_div_xt/U_DIV_clk_r_REG162_S3
              651       locationor/u_div_xt/U_DIV_clk_r_REG160_S2
              652       locationor/u_div_xt/U_DIV_clk_r_REG161_S3
              653       locationor/u_div_xt/U_DIV_clk_r_REG163_S2
              654       locationor/u_div_xt/U_DIV_clk_r_REG164_S3
              655       locationor/u_div_xt/U_DIV_clk_r_REG166_S2
              656       locationor/u_div_xt/U_DIV_clk_r_REG167_S3
              657       locationor/u_div_xt/U_DIV_clk_r_REG168_S2
              658       locationor/u_div_xt/U_DIV_clk_r_REG169_S3
              659       locationor/u_div_xt/U_DIV_clk_r_REG171_S2
              660       locationor/u_div_xt/U_DIV_clk_r_REG174_S3
              661       locationor/u_div_xt/U_DIV_clk_r_REG172_S2
              662       locationor/u_div_xt/U_DIV_clk_r_REG173_S3
              663       locationor/u_div_xt/U_DIV_clk_r_REG175_S2
              664       locationor/u_div_xt/U_DIV_clk_r_REG176_S3
              665       locationor/u_div_xt/U_DIV_clk_r_REG177_S2
              666       locationor/u_div_xt/U_DIV_clk_r_REG178_S3
              667       locationor/u_div_xt/U_DIV_clk_r_REG179_S2
              668       locationor/u_div_xt/U_DIV_clk_r_REG180_S3
              669       locationor/u_div_xt/U_DIV_clk_r_REG181_S2
              670       locationor/u_div_xt/U_DIV_clk_r_REG182_S3
              671       locationor/u_div_xt/U_DIV_clk_r_REG183_S2
              672       locationor/u_div_xt/U_DIV_clk_r_REG184_S3
              673       locationor/u_div_xt/U_DIV_clk_r_REG185_S2
              674       locationor/u_div_xt/U_DIV_clk_r_REG186_S3
              675       locationor/u_div_xt/U_DIV_clk_r_REG187_S2
              676       locationor/u_div_xt/U_DIV_clk_r_REG188_S3
              677       locationor/u_div_xt/U_DIV_clk_r_REG189_S2
              678       locationor/u_div_xt/U_DIV_clk_r_REG194_S3
              679       locationor/u_div_xt/U_DIV_clk_r_REG190_S2
              680       locationor/u_div_xt/U_DIV_clk_r_REG191_S3
              681       locationor/u_div_xt/U_DIV_clk_r_REG192_S2
              682       locationor/u_div_xt/U_DIV_clk_r_REG193_S3
              683       locationor/u_div_xt/U_DIV_clk_r_REG195_S2
              684       locationor/u_div_xt/U_DIV_clk_r_REG198_S3
              685       locationor/u_div_xt/U_DIV_clk_r_REG196_S2
              686       locationor/u_div_xt/U_DIV_clk_r_REG197_S3
              687       locationor/u_div_xt/U_DIV_clk_r_REG201_S2
              688       locationor/u_div_xt/U_DIV_clk_r_REG202_S3
              689       locationor/u_div_xt/U_DIV_clk_r_REG204_S2
              690       locationor/u_div_xt/U_DIV_clk_r_REG205_S3
              691       locationor/u_div_xt/U_DIV_clk_r_REG206_S2
              692       locationor/u_div_xt/U_DIV_clk_r_REG210_S3
              693       locationor/u_div_xt/U_DIV_clk_r_REG207_S2
              694       locationor/u_div_xt/U_DIV_clk_r_REG208_S3
              695       locationor/u_div_xt/U_DIV_clk_r_REG212_S2
              696       locationor/u_div_xt/U_DIV_clk_r_REG213_S3
              697       locationor/u_div_xt/U_DIV_clk_r_REG215_S2
              698       locationor/u_div_xt/U_DIV_clk_r_REG216_S3
              699       locationor/u_div_xt/U_DIV_clk_r_REG217_S2
              700       locationor/u_div_xt/U_DIV_clk_r_REG219_S3
              701       locationor/u_div_xt/U_DIV_clk_r_REG220_S2
              702       locationor/u_div_xt/U_DIV_clk_r_REG221_S3
              703       locationor/u_div_xt/U_DIV_clk_r_REG222_S2
              704       locationor/u_div_xt/U_DIV_clk_r_REG223_S3
              705       locationor/u_div_xt/U_DIV_clk_r_REG224_S2
              706       locationor/u_div_xt/U_DIV_clk_r_REG225_S3
              707       locationor/u_div_xt/U_DIV_clk_r_REG226_S2
              708       locationor/u_div_xt/U_DIV_clk_r_REG231_S3
              709       locationor/u_div_xt/U_DIV_clk_r_REG227_S2
              710       locationor/u_div_xt/U_DIV_clk_r_REG228_S3
              711       locationor/u_div_xt/U_DIV_clk_r_REG229_S2
              712       locationor/u_div_xt/U_DIV_clk_r_REG230_S3
              713       locationor/u_div_xt/U_DIV_clk_r_REG232_S2
              714       locationor/u_div_xt/U_DIV_clk_r_REG233_S3
              715       locationor/u_div_xt/U_DIV_clk_r_REG234_S2
              716       locationor/u_div_xt/U_DIV_clk_r_REG235_S3
              717       locationor/u_div_xt/U_DIV_clk_r_REG237_S2
              718       locationor/u_div_xt/U_DIV_clk_r_REG238_S3
              719       locationor/u_div_xt/U_DIV_clk_r_REG239_S2
              720       locationor/u_div_xt/U_DIV_clk_r_REG240_S3
              721       locationor/u_div_xt/U_DIV_clk_r_REG241_S2
              722       locationor/u_div_xt/U_DIV_clk_r_REG242_S3
              723       locationor/u_div_yt/U_DIV_clk_r_REG19_S3
              724       locationor/u_div_yt/U_DIV_clk_r_REG26_S4
              725       locationor/u_div_yt/U_DIV_clk_r_REG34_S2
              726       locationor/u_div_yt/U_DIV_clk_r_REG35_S3
              727       locationor/u_div_yt/U_DIV_clk_r_REG38_S2
              728       locationor/u_div_yt/U_DIV_clk_r_REG39_S3
              729       locationor/u_div_yt/U_DIV_clk_r_REG40_S2
              730       locationor/u_div_yt/U_DIV_clk_r_REG41_S3
              731       locationor/u_div_yt/U_DIV_clk_r_REG43_S2
              732       locationor/u_div_yt/U_DIV_clk_r_REG44_S3
              733       locationor/u_div_yt/U_DIV_clk_r_REG45_S2
              734       locationor/u_div_yt/U_DIV_clk_r_REG46_S3
              735       locationor/u_div_yt/U_DIV_clk_r_REG47_S2
              736       locationor/u_div_yt/U_DIV_clk_r_REG48_S3
              737       locationor/u_div_yt/U_DIV_clk_r_REG50_S2
              738       locationor/u_div_yt/U_DIV_clk_r_REG51_S3
              739       locationor/u_div_yt/U_DIV_clk_r_REG65_S2
              740       locationor/u_div_yt/U_DIV_clk_r_REG66_S3
              741       locationor/u_div_yt/U_DIV_clk_r_REG92_S2
              742       locationor/u_div_yt/U_DIV_clk_r_REG95_S3
              743       locationor/u_div_yt/U_DIV_clk_r_REG93_S2
              744       locationor/u_div_yt/U_DIV_clk_r_REG94_S3
              745       locationor/u_div_yt/U_DIV_clk_r_REG96_S2
              746       locationor/u_div_yt/U_DIV_clk_r_REG97_S3
              747       locationor/u_div_yt/U_DIV_clk_r_REG100_S2
              748       locationor/u_div_yt/U_DIV_clk_r_REG101_S3
              749       locationor/u_div_yt/U_DIV_clk_r_REG103_S2
              750       locationor/u_div_yt/U_DIV_clk_r_REG104_S3
              751       locationor/u_div_yt/U_DIV_clk_r_REG106_S2
              752       locationor/u_div_yt/U_DIV_clk_r_REG107_S3
              753       locationor/u_div_yt/U_DIV_clk_r_REG108_S2
              754       locationor/u_div_yt/U_DIV_clk_r_REG109_S3
              755       locationor/u_div_yt/U_DIV_clk_r_REG110_S2
              756       locationor/u_div_yt/U_DIV_clk_r_REG111_S3
              757       locationor/u_div_yt/U_DIV_clk_r_REG112_S2
              758       locationor/u_div_yt/U_DIV_clk_r_REG113_S3
              759       locationor/u_div_yt/U_DIV_clk_r_REG115_S2
              760       locationor/u_div_yt/U_DIV_clk_r_REG118_S3
              761       locationor/u_div_yt/U_DIV_clk_r_REG116_S2
              762       locationor/u_div_yt/U_DIV_clk_r_REG117_S3
              763       locationor/u_div_yt/U_DIV_clk_r_REG119_S2
              764       locationor/u_div_yt/U_DIV_clk_r_REG122_S3
              765       locationor/u_div_yt/U_DIV_clk_r_REG120_S2
              766       locationor/u_div_yt/U_DIV_clk_r_REG121_S3
              767       locationor/u_div_yt/U_DIV_clk_r_REG123_S2
              768       locationor/u_div_yt/U_DIV_clk_r_REG124_S3
              769       locationor/u_div_yt/U_DIV_clk_r_REG127_S2
              770       locationor/u_div_yt/U_DIV_clk_r_REG130_S3
              771       locationor/u_div_yt/U_DIV_clk_r_REG128_S2
              772       locationor/u_div_yt/U_DIV_clk_r_REG129_S3
              773       locationor/u_div_yt/U_DIV_clk_r_REG131_S2
              774       locationor/u_div_yt/U_DIV_clk_r_REG134_S3
              775       locationor/u_div_yt/U_DIV_clk_r_REG132_S2
              776       locationor/u_div_yt/U_DIV_clk_r_REG133_S3
              777       locationor/u_div_yt/U_DIV_clk_r_REG135_S2
              778       locationor/u_div_yt/U_DIV_clk_r_REG138_S3
              779       locationor/u_div_yt/U_DIV_clk_r_REG136_S2
              780       locationor/u_div_yt/U_DIV_clk_r_REG137_S3
              781       locationor/u_div_yt/U_DIV_clk_r_REG139_S2
              782       locationor/u_div_yt/U_DIV_clk_r_REG142_S3
              783       locationor/u_div_yt/U_DIV_clk_r_REG143_S2
              784       locationor/u_div_yt/U_DIV_clk_r_REG144_S3
              785       locationor/u_div_yt/U_DIV_clk_r_REG145_S2
              786       locationor/u_div_yt/U_DIV_clk_r_REG146_S3
              787       locationor/u_div_yt/U_DIV_clk_r_REG147_S2
              788       locationor/u_div_yt/U_DIV_clk_r_REG148_S3
              789       locationor/u_div_yt/U_DIV_clk_r_REG149_S2
              790       locationor/u_div_yt/U_DIV_clk_r_REG152_S3
              791       locationor/u_div_yt/U_DIV_clk_r_REG150_S2
              792       locationor/u_div_yt/U_DIV_clk_r_REG151_S3
              793       locationor/u_div_yt/U_DIV_clk_r_REG153_S2
              794       locationor/u_div_yt/U_DIV_clk_r_REG154_S3
              795       locationor/u_div_yt/U_DIV_clk_r_REG155_S2
              796       locationor/u_div_yt/U_DIV_clk_r_REG158_S3
              797       locationor/u_div_yt/U_DIV_clk_r_REG156_S2
              798       locationor/u_div_yt/U_DIV_clk_r_REG157_S3
              799       locationor/u_div_yt/U_DIV_clk_r_REG159_S2
              800       locationor/u_div_yt/U_DIV_clk_r_REG162_S3
              801       locationor/u_div_yt/U_DIV_clk_r_REG160_S2
              802       locationor/u_div_yt/U_DIV_clk_r_REG161_S3
              803       locationor/u_div_yt/U_DIV_clk_r_REG163_S2
              804       locationor/u_div_yt/U_DIV_clk_r_REG164_S3
              805       locationor/u_div_yt/U_DIV_clk_r_REG166_S2
              806       locationor/u_div_yt/U_DIV_clk_r_REG167_S3
              807       locationor/u_div_yt/U_DIV_clk_r_REG168_S2
              808       locationor/u_div_yt/U_DIV_clk_r_REG169_S3
              809       locationor/u_div_yt/U_DIV_clk_r_REG171_S2
              810       locationor/u_div_yt/U_DIV_clk_r_REG174_S3
              811       locationor/u_div_yt/U_DIV_clk_r_REG172_S2
              812       locationor/u_div_yt/U_DIV_clk_r_REG173_S3
              813       locationor/u_div_yt/U_DIV_clk_r_REG175_S2
              814       locationor/u_div_yt/U_DIV_clk_r_REG176_S3
              815       locationor/u_div_yt/U_DIV_clk_r_REG177_S2
              816       locationor/u_div_yt/U_DIV_clk_r_REG178_S3
              817       locationor/u_div_yt/U_DIV_clk_r_REG179_S2
              818       locationor/u_div_yt/U_DIV_clk_r_REG180_S3
              819       locationor/u_div_yt/U_DIV_clk_r_REG181_S2
              820       locationor/u_div_yt/U_DIV_clk_r_REG182_S3
              821       locationor/u_div_yt/U_DIV_clk_r_REG183_S2
              822       locationor/u_div_yt/U_DIV_clk_r_REG184_S3
              823       locationor/u_div_yt/U_DIV_clk_r_REG185_S2
              824       locationor/u_div_yt/U_DIV_clk_r_REG186_S3
              825       locationor/u_div_yt/U_DIV_clk_r_REG187_S2
              826       locationor/u_div_yt/U_DIV_clk_r_REG188_S3
              827       locationor/u_div_yt/U_DIV_clk_r_REG189_S2
              828       locationor/u_div_yt/U_DIV_clk_r_REG194_S3
              829       locationor/u_div_yt/U_DIV_clk_r_REG190_S2
              830       locationor/u_div_yt/U_DIV_clk_r_REG191_S3
              831       locationor/u_div_yt/U_DIV_clk_r_REG192_S2
              832       locationor/u_div_yt/U_DIV_clk_r_REG193_S3
              833       locationor/u_div_yt/U_DIV_clk_r_REG195_S2
              834       locationor/u_div_yt/U_DIV_clk_r_REG198_S3
              835       locationor/u_div_yt/U_DIV_clk_r_REG196_S2
              836       locationor/u_div_yt/U_DIV_clk_r_REG197_S3
              837       locationor/u_div_yt/U_DIV_clk_r_REG201_S2
              838       locationor/u_div_yt/U_DIV_clk_r_REG202_S3
              839       locationor/u_div_yt/U_DIV_clk_r_REG204_S2
              840       locationor/u_div_yt/U_DIV_clk_r_REG205_S3
              841       locationor/u_div_yt/U_DIV_clk_r_REG206_S2
              842       locationor/u_div_yt/U_DIV_clk_r_REG210_S3
              843       locationor/u_div_yt/U_DIV_clk_r_REG207_S2
              844       locationor/u_div_yt/U_DIV_clk_r_REG208_S3
              845       locationor/u_div_yt/U_DIV_clk_r_REG212_S2
              846       locationor/u_div_yt/U_DIV_clk_r_REG213_S3
              847       locationor/u_div_yt/U_DIV_clk_r_REG215_S2
              848       locationor/u_div_yt/U_DIV_clk_r_REG216_S3
              849       locationor/u_div_yt/U_DIV_clk_r_REG217_S2
              850       locationor/u_div_yt/U_DIV_clk_r_REG219_S3
              851       locationor/u_div_yt/U_DIV_clk_r_REG220_S2
              852       locationor/u_div_yt/U_DIV_clk_r_REG221_S3
              853       locationor/u_div_yt/U_DIV_clk_r_REG222_S2
              854       locationor/u_div_yt/U_DIV_clk_r_REG223_S3
              855       locationor/u_div_yt/U_DIV_clk_r_REG224_S2
              856       locationor/u_div_yt/U_DIV_clk_r_REG225_S3
              857       locationor/u_div_yt/U_DIV_clk_r_REG226_S2
              858       locationor/u_div_yt/U_DIV_clk_r_REG231_S3
              859       locationor/u_div_yt/U_DIV_clk_r_REG227_S2
              860       locationor/u_div_yt/U_DIV_clk_r_REG228_S3
              861       locationor/u_div_yt/U_DIV_clk_r_REG229_S2
              862       locationor/u_div_yt/U_DIV_clk_r_REG230_S3
              863       locationor/u_div_yt/U_DIV_clk_r_REG232_S2
              864       locationor/u_div_yt/U_DIV_clk_r_REG233_S3
              865       locationor/u_div_yt/U_DIV_clk_r_REG234_S2
              866       locationor/u_div_yt/U_DIV_clk_r_REG235_S3
              867       locationor/u_div_yt/U_DIV_clk_r_REG237_S2
              868       locationor/u_div_yt/U_DIV_clk_r_REG238_S3
              869       locationor/u_div_yt/U_DIV_clk_r_REG239_S2
              870       locationor/u_div_yt/U_DIV_clk_r_REG240_S3
              871       locationor/u_div_yt/U_DIV_clk_r_REG241_S2
              872       locationor/u_div_yt/U_DIV_clk_r_REG242_S3
              873       valid_controlor/out_valid_reg

1
