 
****************************************
Report : Scan path
Design : RFILE
Version: Q-2019.12
Date   : Sun Dec 21 18:13:55 2025
****************************************

========================================
TEST MODE: Internal_scan
VIEW     : Existing DFT
========================================

========================================
AS SPECIFIED BY USER
========================================


========================================
AS BUILT BY insert_dft
========================================

Scan_path    Len   ScanDataIn  ScanDataOut ScanEnable  MasterClock SlaveClock
-----------  ----- ----------- ----------- ----------- ----------- -----------
I 1          874   test_si     test_so     test_se     clk         -

1
