 
****************************************
Report : area
Design : RFILE
Version: Q-2019.12
Date   : Sun Dec 21 18:08:41 2025
****************************************

Library(s) Used:

    slow (File: /usr/cad/CBDK/CBDK_IC_Contest_v2.5/SynopsysDC/db/slow.db)

Number of ports:                         1150
Number of nets:                         10002
Number of cells:                         7215
Number of combinational cells:           6365
Number of sequential cells:               838
Number of macros/black boxes:               0
Number of buf/inv:                        640
Number of references:                       9

Combinational area:              81342.802994
Buf/Inv area:                     2291.489969
Noncombinational area:           32165.728943
Macro/Black Box area:                0.000000
Net Interconnect area:      undefined  (No wire load specified)

Total cell area:                113508.531936
Total area:                 undefined

Hierarchical area distribution
------------------------------

                                  Global cell area             Local cell area
                                  --------------------  ------------------------------ 
Hierarchical cell                 Absolute     Percent  Combi-      Noncombi-   Black-
                                  Total        Total    national    national    boxes   Design
--------------------------------  -----------  -------  ----------  ----------  ------  --------------------------------
RFILE                             113508.5319    100.0     13.5792      0.0000  0.0000  RFILE
busy_controlor                        42.4350      0.0      3.3948     39.0402  0.0000  busy_control_test_1
cal_distancer                      15578.7371     13.7  12401.2044   3177.5327  0.0000  cal_distance_test_1
caler_exp                           6716.6118      5.9   5005.6327   1710.9791  0.0000  cal_exp_test_1
complementer                        2658.1283      2.3    213.8724   2444.2559  0.0000  complement_test_1
constant_calculater                12744.0790     11.2   6460.3045   6283.7746  0.0000  constant_calculate_test_1
counter_tester                       215.5698      0.2     52.6194    162.9504  0.0000  counter_test_test_1
locationor                         75481.6802     66.5  28945.7625    651.8016  0.0000  location_test_1
locationor/u_div_xt                22699.3298     20.0  14100.3017   8599.0282  0.0000  location_DW_div_pipe_J1_1_test_1
locationor/u_div_yt                23184.7862     20.4  14129.1575   9055.6287  0.0000  location_DW_div_pipe_J1_0_test_1
valid_controlor                       57.7116      0.1     16.9740     40.7376  0.0000  valid_control_test_1
--------------------------------  -----------  -------  ----------  ----------  ------  --------------------------------
Total                                                   81342.8030  32165.7289  0.0000

1
