 
****************************************
Report : timing
        -path full
        -delay min
        -max_paths 1
Design : huffman
Version: S-2021.06-SP2
Date   : Thu Oct 30 17:31:05 2025
****************************************

Operating Conditions: WCCOM   Library: fsa0m_a_generic_core_ss1p62v125c
Wire Load Model Mode: enclosed

  Startpoint: sorter/sorted_data_reg[1][2]
              (rising edge-triggered flip-flop clocked by clk)
  Endpoint: sorter/sorted_data_reg[1][3]
            (rising edge-triggered flip-flop clocked by clk)
  Path Group: clk
  Path Type: min

  Des/Clust/Port     Wire Load Model       Library
  ------------------------------------------------
  huffman            enG50K                fsa0m_a_generic_core_ss1p62v125c
  sort_test_1        enG5K                 fsa0m_a_generic_core_ss1p62v125c

  Point                                                   Incr       Path
  --------------------------------------------------------------------------
  clock clk (rise edge)                                 0.0000     0.0000
  clock network delay (ideal)                           0.5000     0.5000
  sorter/sorted_data_reg[1][2]/CK (QDFZRBS)             0.0000     0.5000 r
  sorter/sorted_data_reg[1][2]/Q (QDFZRBS)              0.5355     1.0355 r
  sorter/sorted_data_reg[1][3]/TD (QDFZRBS)             0.0000     1.0355 r
  data arrival time                                                1.0355

  clock clk (rise edge)                                 0.0000     0.0000
  clock network delay (ideal)                           0.5000     0.5000
  clock uncertainty                                     0.1000     0.6000
  sorter/sorted_data_reg[1][3]/CK (QDFZRBS)             0.0000     0.6000 r
  library hold time                                    -0.2923     0.3077
  data required time                                               0.3077
  --------------------------------------------------------------------------
  data required time                                               0.3077
  data arrival time                                               -1.0355
  --------------------------------------------------------------------------
  slack (MET)                                                      0.7278


1
