In mode: Internal_scan...
  Design has scan chains in this mode
  Design is scan routed
  Post-DFT DRC enabled

Information: Starting test design rule checking. (TEST-222)
  Loading test protocol
  ...basic checks...
  ...basic sequential cell checks...
  ...checking vector rules...
  ...checking clock rules...
  ...checking scan chain rules...
  ...checking scan compression rules...
  ...checking X-state rules...
  ...checking tristate rules...
  ...extracting scan details...

-----------------------------------------------------------------
  DRC Report

  Total violations: 0

-----------------------------------------------------------------


Test Design rule checking did not find violations

-----------------------------------------------------------------
  Sequential Cell Report

  0 out of 213 sequential cells have violations

-----------------------------------------------------------------

SEQUENTIAL CELLS WITHOUT VIOLATIONS
      * 213 cells are valid scan cells
         cnt/C3_reg[6]
         cnt/C3_reg[5]
         cnt/C3_reg[4]
         cnt/C3_reg[3]
         cnt/C3_reg[2]
         cnt/C3_reg[1]
         cnt/C3_reg[0]
         cnt/C5_reg[6]
         cnt/C5_reg[5]
         cnt/C5_reg[4]
         cnt/C5_reg[3]
         cnt/C5_reg[2]
         cnt/C5_reg[1]
         cnt/C5_reg[0]
         cnt/C4_reg[6]
         cnt/C4_reg[5]
         cnt/C4_reg[4]
         cnt/C4_reg[3]
         cnt/C4_reg[2]
         cnt/C4_reg[1]
         cnt/C4_reg[0]
         cnt/C6_reg[6]
         cnt/C6_reg[5]
         cnt/C6_reg[4]
         cnt/C6_reg[3]
         cnt/C6_reg[2]
         cnt/C6_reg[1]
         cnt/C6_reg[0]
         cnt/C1_reg[6]
         cnt/C1_reg[5]
         cnt/C1_reg[4]
         cnt/C1_reg[3]
         cnt/C1_reg[2]
         cnt/C1_reg[1]
         cnt/C1_reg[0]
         cnt/C2_reg[6]
         cnt/C2_reg[5]
         cnt/C2_reg[4]
         cnt/C2_reg[3]
         cnt/C2_reg[2]
         cnt/C2_reg[1]
         cnt/C2_reg[0]
         group_devider/group_id_reg[1][0]
         group_devider/group_id_reg[5][2]
         group_devider/group_id_reg[3][1]
         group_devider/group_id_reg[2][0]
         group_devider/group_id_reg[3][0]
         group_devider/group_id_reg[1][1]
         group_devider/group_id_reg[1][2]
         group_devider/code_len_reg[1][0]
         group_devider/code_len_reg[1][1]
         group_devider/code_len_reg[1][2]
         group_devider/mask_1_reg[0]
         group_devider/mask_1_reg[1]
         group_devider/mask_1_reg[2]
         group_devider/mask_1_reg[3]
         group_devider/mask_1_reg[4]
         group_devider/code_reg[1][2]
         group_devider/code_reg[1][4]
         group_devider/code_reg[1][3]
         group_devider/code_reg[1][1]
         group_devider/code_reg[1][5]
         group_devider/group_id_reg[2][1]
         group_devider/group_id_reg[2][2]
         group_devider/code_len_reg[2][0]
         group_devider/code_len_reg[2][1]
         group_devider/code_len_reg[2][2]
         group_devider/mask_2_reg[0]
         group_devider/mask_2_reg[1]
         group_devider/mask_2_reg[2]
         group_devider/mask_2_reg[3]
         group_devider/mask_2_reg[4]
         group_devider/code_reg[2][2]
         group_devider/code_reg[2][4]
         group_devider/code_reg[2][3]
         group_devider/code_reg[2][1]
         group_devider/code_reg[2][5]
         group_devider/group_id_reg[3][2]
         group_devider/code_len_reg[3][0]
         group_devider/code_len_reg[3][1]
         group_devider/code_len_reg[3][2]
         group_devider/mask_3_reg[0]
         group_devider/mask_3_reg[1]
         group_devider/mask_3_reg[2]
         group_devider/mask_3_reg[3]
         group_devider/mask_3_reg[4]
         group_devider/code_reg[3][2]
         group_devider/code_reg[3][4]
         group_devider/code_reg[3][3]
         group_devider/code_reg[3][1]
         group_devider/code_reg[3][5]
         group_devider/code_len_reg[4][0]
         group_devider/code_len_reg[4][1]
         group_devider/code_len_reg[4][2]
         group_devider/mask_4_reg[0]
         group_devider/mask_4_reg[1]
         group_devider/mask_4_reg[2]
         group_devider/mask_4_reg[3]
         group_devider/mask_4_reg[4]
         group_devider/code_reg[4][2]
         group_devider/code_reg[4][4]
         group_devider/code_reg[4][3]
         group_devider/code_reg[4][1]
         group_devider/code_reg[4][5]
         group_devider/code_len_reg[5][0]
         group_devider/code_len_reg[5][1]
         group_devider/code_len_reg[5][2]
         group_devider/mask_5_reg[0]
         group_devider/mask_5_reg[1]
         group_devider/mask_5_reg[2]
         group_devider/mask_5_reg[3]
         group_devider/mask_5_reg[4]
         group_devider/code_reg[5][2]
         group_devider/code_reg[5][4]
         group_devider/code_reg[5][3]
         group_devider/code_reg[5][1]
         group_devider/code_reg[5][5]
         group_devider/code_len_reg[6][0]
         group_devider/code_len_reg[6][1]
         group_devider/code_len_reg[6][2]
         group_devider/mask_6_reg[0]
         group_devider/mask_6_reg[1]
         group_devider/mask_6_reg[2]
         group_devider/mask_6_reg[3]
         group_devider/mask_6_reg[4]
         group_devider/code_reg[6][2]
         group_devider/code_reg[6][4]
         group_devider/code_reg[6][3]
         group_devider/code_reg[6][1]
         group_devider/code_reg[6][5]
         group_devider/group_id_reg[6][1]
         group_devider/group_id_reg[4][2]
         group_devider/group_id_reg[6][2]
         group_devider/group_id_reg[4][1]
         group_devider/group_id_reg[5][1]
         group_devider/group_id_reg[5][0]
         group_devider/group_id_reg[4][0]
         group_devider/group_id_reg[6][0]
         pointer/sum_pointer_reg[0]
         pointer/sum_pointer_reg[1]
         serial_counter/serial_count_reg[0]
         serial_counter/serial_count_reg[1]
         serial_counter/serial_count_reg[2]
         sort_counter/sort_count_reg[0]
         sort_counter/sort_count_reg[2]
         sort_counter/sort_count_reg[1]
         sorter/sorted_index_reg[0][2]
         sorter/sorted_index_reg[1][2]
         sorter/sorted_index_reg[2][2]
         sorter/sorted_index_reg[3][2]
         sorter/sorted_index_reg[4][2]
         sorter/sorted_index_reg[5][2]
         sorter/sorted_index_reg[0][1]
         sorter/sorted_index_reg[1][1]
         sorter/sorted_index_reg[2][1]
         sorter/sorted_index_reg[3][1]
         sorter/sorted_index_reg[4][1]
         sorter/sorted_index_reg[5][1]
         sorter/sorted_index_reg[0][0]
         sorter/sorted_index_reg[1][0]
         sorter/sorted_index_reg[2][0]
         sorter/sorted_index_reg[3][0]
         sorter/sorted_index_reg[4][0]
         sorter/sorted_index_reg[5][0]
         sorter/sorted_data_reg[0][6]
         sorter/sorted_data_reg[1][6]
         sorter/sorted_data_reg[2][6]
         sorter/sorted_data_reg[3][6]
         sorter/sorted_data_reg[4][6]
         sorter/sorted_data_reg[5][6]
         sorter/sorted_data_reg[0][5]
         sorter/sorted_data_reg[1][5]
         sorter/sorted_data_reg[2][5]
         sorter/sorted_data_reg[3][5]
         sorter/sorted_data_reg[4][5]
         sorter/sorted_data_reg[5][5]
         sorter/sorted_data_reg[0][4]
         sorter/sorted_data_reg[1][4]
         sorter/sorted_data_reg[2][4]
         sorter/sorted_data_reg[3][4]
         sorter/sorted_data_reg[4][4]
         sorter/sorted_data_reg[5][4]
         sorter/sorted_data_reg[0][3]
         sorter/sorted_data_reg[1][3]
         sorter/sorted_data_reg[2][3]
         sorter/sorted_data_reg[3][3]
         sorter/sorted_data_reg[4][3]
         sorter/sorted_data_reg[5][3]
         sorter/sorted_data_reg[0][2]
         sorter/sorted_data_reg[1][2]
         sorter/sorted_data_reg[2][2]
         sorter/sorted_data_reg[3][2]
         sorter/sorted_data_reg[4][2]
         sorter/sorted_data_reg[5][2]
         sorter/sorted_data_reg[0][1]
         sorter/sorted_data_reg[1][1]
         sorter/sorted_data_reg[2][1]
         sorter/sorted_data_reg[3][1]
         sorter/sorted_data_reg[4][1]
         sorter/sorted_data_reg[5][1]
         sorter/sorted_data_reg[0][0]
         sorter/sorted_data_reg[1][0]
         sorter/sorted_data_reg[2][0]
         sorter/sorted_data_reg[3][0]
         sorter/sorted_data_reg[4][0]
         sorter/sorted_data_reg[5][0]
         FSM1/stage_counter_reg[0]
         FSM1/cur_state_reg[2]
         FSM1/stage_counter_reg[1]
         FSM1/stage_counter_reg[2]
         FSM1/cur_state_reg[3]
         FSM1/cur_state_reg[0]
         FSM1/cur_state_reg[1]

....Inferring feed-through connections....
Information: Test design rule checking completed. (TEST-123)
1
